#
# There is insufficient memory for the Java Runtime Environment to continue.
# Native memory allocation (malloc) failed to allocate 1567376 bytes. Error detail: Chunk::new
# Possible reasons:
#   The system is out of physical RAM or swap space
#   This process is running with CompressedOops enabled, and the Java Heap may be blocking the growth of the native heap
# Possible solutions:
#   Reduce memory load on the system
#   Increase physical memory or swap space
#   Check if swap backing store is full
#   Decrease Java heap size (-Xmx/-Xms)
#   Decrease number of Java threads
#   Decrease Java thread stack sizes (-Xss)
#   Set larger code cache with -XX:ReservedCodeCacheSize=
#   JVM is running with Unscaled Compressed Oops mode in which the Java heap is
#     placed in the first 4GB address space. The Java Heap base address is the
#     maximum limit for the native heap growth. Please use -XX:HeapBaseMinAddress
#     to set the Java Heap base and to place the Java Heap above 4GB virtual address.
# This output file may be truncated or incomplete.
#
#  Out of Memory Error (arena.cpp:168), pid=11064, tid=21204
#
# JRE version: OpenJDK Runtime Environment Temurin-21.0.8+9 (21.0.8+9) (build 21.0.8+9-LTS)
# Java VM: OpenJDK 64-Bit Server VM Temurin-21.0.8+9 (21.0.8+9-LTS, mixed mode, sharing, tiered, compressed oops, compressed class ptrs, parallel gc, windows-amd64)
# No core dump will be written. Minidumps are not enabled by default on client versions of Windows
#

---------------  S U M M A R Y ------------

Command Line: --add-modules=ALL-SYSTEM --add-opens=java.base/java.util=ALL-UNNAMED --add-opens=java.base/java.lang=ALL-UNNAMED --add-opens=java.base/sun.nio.fs=ALL-UNNAMED -Declipse.application=org.eclipse.jdt.ls.core.id1 -Dosgi.bundles.defaultStartLevel=4 -Declipse.product=org.eclipse.jdt.ls.core.product -Djava.import.generatesMetadataFilesAtProjectRoot=false -DDetectVMInstallationsJob.disabled=true -Dfile.encoding=utf8 -XX:+UseParallelGC -XX:GCTimeRatio=4 -XX:AdaptiveSizePolicyWeight=90 -Dsun.zip.disableMemoryMapping=true -Xmx2G -Xms100m -Xlog:disable -javaagent:c:\Users\nguye\.cursor\extensions\redhat.java-1.45.0-win32-x64\lombok\lombok-1.18.39-4050.jar -XX:+HeapDumpOnOutOfMemoryError -XX:HeapDumpPath=c:\Users\nguye\AppData\Roaming\Cursor\User\workspaceStorage\11c61106e31d4dec7f53613e41bec7bf\redhat.java -Daether.dependencyCollector.impl=bf c:\Users\nguye\.cursor\extensions\redhat.java-1.45.0-win32-x64\server\plugins\org.eclipse.equinox.launcher_1.7.0.v20250519-0528.jar -configuration c:\Users\nguye\AppData\Roaming\Cursor\User\globalStorage\redhat.java\1.45.0\config_win -data c:\Users\nguye\AppData\Roaming\Cursor\User\workspaceStorage\11c61106e31d4dec7f53613e41bec7bf\redhat.java\jdt_ws --pipe=\\.\pipe\lsp-519e4ec2145e3587fd1d5614c1a0bc1f-sock

Host: AMD Ryzen 5 5600H with Radeon Graphics         , 12 cores, 23G,  Windows 11 , 64 bit Build 26100 (10.0.26100.1591)
Time: Sat Sep 20 10:52:57 2025 SE Asia Standard Time elapsed time: 3.650407 seconds (0d 0h 0m 3s)

---------------  T H R E A D  ---------------

Current thread (0x0000020298582550):  JavaThread "C2 CompilerThread2" daemon [_thread_in_native, id=21204, stack(0x00000026ec700000,0x00000026ec800000) (1024K)]


Current CompileTask:
C2:3650 4030       4       org.lombokweb.asm.ClassReader::readMethod (1070 bytes)

Stack: [0x00000026ec700000,0x00000026ec800000]
Native frames: (J=compiled Java code, j=interpreted, Vv=VM code, C=native code)
V  [jvm.dll+0x6d2449]
V  [jvm.dll+0x8ae341]
V  [jvm.dll+0x8b08be]
V  [jvm.dll+0x8b0fa3]
V  [jvm.dll+0x280c96]
V  [jvm.dll+0xc581d]
V  [jvm.dll+0xc5d53]
V  [jvm.dll+0x3b9162]
V  [jvm.dll+0x385315]
V  [jvm.dll+0x38477a]
V  [jvm.dll+0x248ed0]
V  [jvm.dll+0x2484af]
V  [jvm.dll+0x1c89ee]
V  [jvm.dll+0x257d4d]
V  [jvm.dll+0x2562ea]
V  [jvm.dll+0x3f2d16]
V  [jvm.dll+0x857e6b]
V  [jvm.dll+0x6d0b0d]
C  [ucrtbase.dll+0x14ea0]
C  [KERNEL32.DLL+0x2dbe7]
C  [ntdll.dll+0x85a6c]


---------------  P R O C E S S  ---------------

Threads class SMR info:
_java_thread_list=0x000002029e1c25e0, length=25, elements={
0x000002023c7fa8b0, 0x0000020298540290, 0x0000020298542150, 0x0000020298548570,
0x00000202985471c0, 0x0000020298547ee0, 0x000002029854a640, 0x000002029855d0a0,
0x000002029857fc70, 0x0000020298549920, 0x0000020298580340, 0x0000020298548c00,
0x0000020298582550, 0x0000020298547850, 0x0000020298549290, 0x000002029d9d0230,
0x000002029d9cf510, 0x000002029d9ccdb0, 0x000002029d9cee80, 0x000002029d9cdad0,
0x000002029d9ce160, 0x000002029d9d08c0, 0x000002029d9cfba0, 0x000002029d9cd440,
0x000002029d9d0f50
}

Java Threads: ( => current thread )
  0x000002023c7fa8b0 JavaThread "main"                              [_thread_blocked, id=23748, stack(0x00000026eb800000,0x00000026eb900000) (1024K)]
  0x0000020298540290 JavaThread "Reference Handler"          daemon [_thread_blocked, id=20896, stack(0x00000026ebc00000,0x00000026ebd00000) (1024K)]
  0x0000020298542150 JavaThread "Finalizer"                  daemon [_thread_blocked, id=2008, stack(0x00000026ebd00000,0x00000026ebe00000) (1024K)]
  0x0000020298548570 JavaThread "Signal Dispatcher"          daemon [_thread_blocked, id=17964, stack(0x00000026ebe00000,0x00000026ebf00000) (1024K)]
  0x00000202985471c0 JavaThread "Attach Listener"            daemon [_thread_blocked, id=24356, stack(0x00000026ebf00000,0x00000026ec000000) (1024K)]
  0x0000020298547ee0 JavaThread "Service Thread"             daemon [_thread_blocked, id=15348, stack(0x00000026ec000000,0x00000026ec100000) (1024K)]
  0x000002029854a640 JavaThread "Monitor Deflation Thread"   daemon [_thread_blocked, id=9932, stack(0x00000026ec100000,0x00000026ec200000) (1024K)]
  0x000002029855d0a0 JavaThread "C2 CompilerThread0"         daemon [_thread_in_native, id=15000, stack(0x00000026ec200000,0x00000026ec300000) (1024K)]
  0x000002029857fc70 JavaThread "C1 CompilerThread0"         daemon [_thread_blocked, id=13576, stack(0x00000026ec300000,0x00000026ec400000) (1024K)]
  0x0000020298549920 JavaThread "Common-Cleaner"             daemon [_thread_blocked, id=22332, stack(0x00000026ec400000,0x00000026ec500000) (1024K)]
  0x0000020298580340 JavaThread "C2 CompilerThread1"         daemon [_thread_in_native, id=22268, stack(0x00000026ec500000,0x00000026ec600000) (1024K)]
  0x0000020298548c00 JavaThread "Notification Thread"        daemon [_thread_blocked, id=17084, stack(0x00000026ec600000,0x00000026ec700000) (1024K)]
=>0x0000020298582550 JavaThread "C2 CompilerThread2"         daemon [_thread_in_native, id=21204, stack(0x00000026ec700000,0x00000026ec800000) (1024K)]
  0x0000020298547850 JavaThread "Active Thread: Equinox Container: 92ba8f4a-55d2-4345-9313-9ecd0b481f90"        [_thread_blocked, id=15472, stack(0x00000026ece00000,0x00000026ecf00000) (1024K)]
  0x0000020298549290 JavaThread "Refresh Thread: Equinox Container: 92ba8f4a-55d2-4345-9313-9ecd0b481f90" daemon [_thread_blocked, id=2976, stack(0x00000026ed000000,0x00000026ed100000) (1024K)]
  0x000002029d9d0230 JavaThread "Framework Event Dispatcher: Equinox Container: 92ba8f4a-55d2-4345-9313-9ecd0b481f90" daemon [_thread_blocked, id=19124, stack(0x00000026ed100000,0x00000026ed200000) (1024K)]
  0x000002029d9cf510 JavaThread "Start Level: Equinox Container: 92ba8f4a-55d2-4345-9313-9ecd0b481f90" daemon [_thread_in_vm, id=15664, stack(0x00000026ed200000,0x00000026ed300000) (1024K)]
  0x000002029d9ccdb0 JavaThread "Bundle File Closer"         daemon [_thread_blocked, id=23872, stack(0x00000026ed500000,0x00000026ed600000) (1024K)]
  0x000002029d9cee80 JavaThread "SCR Component Actor"        daemon [_thread_blocked, id=10972, stack(0x00000026ed600000,0x00000026ed700000) (1024K)]
  0x000002029d9cdad0 JavaThread "SCR Component Registry"     daemon [_thread_blocked, id=20384, stack(0x00000026ed700000,0x00000026ed800000) (1024K)]
  0x000002029d9ce160 JavaThread "Worker-JM"                         [_thread_blocked, id=22488, stack(0x00000026ed800000,0x00000026ed900000) (1024K)]
  0x000002029d9d08c0 JavaThread "JNA Cleaner"                daemon [_thread_blocked, id=21652, stack(0x00000026ed900000,0x00000026eda00000) (1024K)]
  0x000002029d9cfba0 JavaThread "Worker-0: Repository registry initialization"        [_thread_in_Java, id=17024, stack(0x00000026eda00000,0x00000026edb00000) (1024K)]
  0x000002029d9cd440 JavaThread "Worker-1: Updating Maven Dependencies"        [_thread_blocked, id=13460, stack(0x00000026edb00000,0x00000026edc00000) (1024K)]
  0x000002029d9d0f50 JavaThread "Worker-2"                          [_thread_blocked, id=23452, stack(0x00000026edc00000,0x00000026edd00000) (1024K)]
Total: 25

Other Threads:
  0x000002023eccebc0 VMThread "VM Thread"                           [id=8484, stack(0x00000026ebb00000,0x00000026ebc00000) (1024K)]
  0x000002023ea9cb20 WatcherThread "VM Periodic Task Thread"        [id=13724, stack(0x00000026eba00000,0x00000026ebb00000) (1024K)]
  0x000002023ec2abf0 WorkerThread "GC Thread#0"                     [id=3100, stack(0x00000026eb900000,0x00000026eba00000) (1024K)]
  0x00000202988d0eb0 WorkerThread "GC Thread#1"                     [id=19352, stack(0x00000026ec800000,0x00000026ec900000) (1024K)]
  0x00000202988d1d30 WorkerThread "GC Thread#2"                     [id=22400, stack(0x00000026ec900000,0x00000026eca00000) (1024K)]
  0x00000202988d03d0 WorkerThread "GC Thread#3"                     [id=1676, stack(0x00000026eca00000,0x00000026ecb00000) (1024K)]
  0x00000202988d1250 WorkerThread "GC Thread#4"                     [id=18712, stack(0x00000026ecb00000,0x00000026ecc00000) (1024K)]
  0x00000202988d0770 WorkerThread "GC Thread#5"                     [id=17748, stack(0x00000026ecc00000,0x00000026ecd00000) (1024K)]
  0x00000202988d15f0 WorkerThread "GC Thread#6"                     [id=23880, stack(0x00000026ecd00000,0x00000026ece00000) (1024K)]
  0x00000202988d0b10 WorkerThread "GC Thread#7"                     [id=22140, stack(0x00000026ecf00000,0x00000026ed000000) (1024K)]
  0x000002029dbeed10 WorkerThread "GC Thread#8"                     [id=23232, stack(0x00000026ed300000,0x00000026ed400000) (1024K)]
  0x000002029dbef0b0 WorkerThread "GC Thread#9"                     [id=15196, stack(0x00000026ed400000,0x00000026ed500000) (1024K)]
Total: 12

Threads with active compile tasks:
C2 CompilerThread0  3672 4090       4       lombok.patcher.PatchScript$MethodPatcher::visitMethod (158 bytes)
C2 CompilerThread1  3672 4151       4       java.util.Collections$UnmodifiableMap::getOrDefault (12 bytes)
C2 CompilerThread2  3672 4030       4       org.lombokweb.asm.ClassReader::readMethod (1070 bytes)
Total: 3

VM state: not at safepoint (normal execution)

VM Mutex/Monitor currently owned by a thread: None

Heap address: 0x0000000080000000, size: 2048 MB, Compressed Oops mode: 32-bit

CDS archive(s) mapped at: [0x0000020256000000-0x0000020256ba0000-0x0000020256ba0000), size 12189696, SharedBaseAddress: 0x0000020256000000, ArchiveRelocationMode: 1.
Compressed class space mapped at: 0x0000020257000000-0x0000020297000000, reserved size: 1073741824
Narrow klass base: 0x0000020256000000, Narrow klass shift: 0, Narrow klass range: 0x100000000

GC Precious Log:
 CardTable entry size: 512
 CPUs: 12 total, 12 available
 Memory: 23916M
 Large Page Support: Disabled
 NUMA Support: Disabled
 Compressed Oops: Enabled (32-bit)
 Alignments: Space 512K, Generation 512K, Heap 2M
 Heap Min Capacity: 100M
 Heap Initial Capacity: 100M
 Heap Max Capacity: 2G
 Pre-touch: Disabled
 Parallel Workers: 10

Heap:
 PSYoungGen      total 26112K, used 22247K [0x00000000d5580000, 0x00000000d7300000, 0x0000000100000000)
  eden space 23552K, 85% used [0x00000000d5580000,0x00000000d6920330,0x00000000d6c80000)
  from space 2560K, 84% used [0x00000000d6f00000,0x00000000d7119a88,0x00000000d7180000)
  to   space 1536K, 0% used [0x00000000d7180000,0x00000000d7180000,0x00000000d7300000)
 ParOldGen       total 68608K, used 13623K [0x0000000080000000, 0x0000000084300000, 0x00000000d5580000)
  object space 68608K, 19% used [0x0000000080000000,0x0000000080d4ddb8,0x0000000084300000)
 Metaspace       used 27578K, committed 28480K, reserved 1114112K
  class space    used 2694K, committed 3072K, reserved 1048576K

Card table byte_map: [0x000002023e5b0000,0x000002023e9c0000] _byte_map_base: 0x000002023e1b0000

Marking Bits: (ParMarkBitMap*) 0x00007fffbb9ea340
 Begin Bits: [0x00000202510b0000, 0x00000202530b0000)
 End Bits:   [0x00000202530b0000, 0x00000202550b0000)

Polling page: 0x000002023ca20000

Metaspace:

Usage:
  Non-class:     24.30 MB used.
      Class:      2.63 MB used.
       Both:     26.93 MB used.

Virtual space:
  Non-class space:       64.00 MB reserved,      24.81 MB ( 39%) committed,  1 nodes.
      Class space:        1.00 GB reserved,       3.00 MB ( <1%) committed,  1 nodes.
             Both:        1.06 GB reserved,      27.81 MB (  3%) committed. 

Chunk freelists:
   Non-Class:  7.22 MB
       Class:  13.00 MB
        Both:  20.22 MB

MaxMetaspaceSize: unlimited
CompressedClassSpaceSize: 1.00 GB
Initial GC threshold: 21.00 MB
Current GC threshold: 35.00 MB
CDS: on
 - commit_granule_bytes: 65536.
 - commit_granule_words: 8192.
 - virtual_space_node_default_size: 8388608.
 - enlarge_chunks_in_place: 1.
 - use_allocation_guard: 0.


Internal statistics:

num_allocs_failed_limit: 3.
num_arena_births: 702.
num_arena_deaths: 14.
num_vsnodes_births: 2.
num_vsnodes_deaths: 0.
num_space_committed: 445.
num_space_uncommitted: 0.
num_chunks_returned_to_freelist: 17.
num_chunks_taken_from_freelist: 1824.
num_chunk_merges: 7.
num_chunk_splits: 1168.
num_chunks_enlarged: 746.
num_inconsistent_stats: 0.

CodeHeap 'non-profiled nmethods': size=120000Kb used=1925Kb max_used=1925Kb free=118075Kb
 bounds [0x00000202498d0000, 0x0000020249b40000, 0x0000020250e00000]
CodeHeap 'profiled nmethods': size=120000Kb used=8573Kb max_used=8573Kb free=111427Kb
 bounds [0x0000020241e00000, 0x0000020242660000, 0x0000020249330000]
CodeHeap 'non-nmethods': size=5760Kb used=1334Kb max_used=1351Kb free=4425Kb
 bounds [0x0000020249330000, 0x00000202495a0000, 0x00000202498d0000]
CodeCache: size=245760Kb, used=11832Kb, max_used=11849Kb, free=233927Kb
 total_blobs=4773, nmethods=4148, adapters=531, full_count=0
Compilation: enabled, stopped_count=0, restarted_count=0

Compilation events (20 events):
Event: 2.630 Thread 0x000002029857fc70 nmethod 4102% 0x0000020242637b90 code [0x0000020242637e00, 0x0000020242638c70]
Event: 2.631 Thread 0x000002029857fc70 4103       3       jdk.internal.misc.Unsafe::weakCompareAndSetReference (11 bytes)
Event: 2.631 Thread 0x000002029857fc70 nmethod 4103 0x0000020242639410 code [0x00000202426395a0, 0x00000202426396e0]
Event: 2.632 Thread 0x0000020298580340 nmethod 4101 0x0000020249aaa790 code [0x0000020249aaa960, 0x0000020249aaace0]
Event: 2.637 Thread 0x000002029857fc70 4104 %     3       lombok.launch.PackageShader::apply @ 35 (252 bytes)
Event: 2.638 Thread 0x000002029857fc70 nmethod 4104% 0x0000020242639790 code [0x00000202426399e0, 0x000002024263a6c8]
Event: 2.638 Thread 0x000002029857fc70 4105       3       java.io.File::getCanonicalPath (31 bytes)
Event: 2.638 Thread 0x000002029857fc70 nmethod 4105 0x000002024263ad90 code [0x000002024263af80, 0x000002024263b258]
Event: 2.639 Thread 0x000002029857fc70 4106   !   3       java.io.WinNTFileSystem::canonicalize (199 bytes)
Event: 2.640 Thread 0x000002029857fc70 nmethod 4106 0x000002024263b390 code [0x000002024263b980, 0x000002024263ea68]
Event: 2.640 Thread 0x000002029857fc70 4107       3       lombok.launch.PackageShader::apply (252 bytes)
Event: 2.641 Thread 0x000002029857fc70 nmethod 4107 0x000002024263fb90 code [0x000002024263fde0, 0x0000020242640890]
Event: 2.644 Thread 0x000002029857fc70 4108       3       java.lang.Class::searchMethods (104 bytes)
Event: 2.645 Thread 0x000002029857fc70 nmethod 4108 0x0000020242640e90 code [0x0000020242641120, 0x0000020242641ba0]
Event: 2.682 Thread 0x000002029857fc70 4109       3       java.util.concurrent.Semaphore$NonfairSync::tryAcquireShared (6 bytes)
Event: 2.682 Thread 0x000002029857fc70 nmethod 4109 0x0000020242642090 code [0x0000020242642240, 0x0000020242642378]
Event: 2.682 Thread 0x000002029857fc70 4110       3       java.util.concurrent.Semaphore$Sync::nonfairTryAcquireShared (27 bytes)
Event: 2.682 Thread 0x000002029857fc70 nmethod 4110 0x0000020242642410 code [0x00000202426425c0, 0x0000020242642810]
Event: 3.240 Thread 0x000002029857fc70 4111       1       org.eclipse.core.internal.jobs.InternalJob::previous (5 bytes)
Event: 3.240 Thread 0x000002029857fc70 nmethod 4111 0x0000020249aab090 code [0x0000020249aab220, 0x0000020249aab2e8]

GC Heap History (20 events):
Event: 0.572 GC heap before
{Heap before GC invocations=1 (full 0):
 PSYoungGen      total 29696K, used 25600K [0x00000000d5580000, 0x00000000d7680000, 0x0000000100000000)
  eden space 25600K, 100% used [0x00000000d5580000,0x00000000d6e80000,0x00000000d6e80000)
  from space 4096K, 0% used [0x00000000d7280000,0x00000000d7280000,0x00000000d7680000)
  to   space 4096K, 0% used [0x00000000d6e80000,0x00000000d6e80000,0x00000000d7280000)
 ParOldGen       total 68608K, used 0K [0x0000000080000000, 0x0000000084300000, 0x00000000d5580000)
  object space 68608K, 0% used [0x0000000080000000,0x0000000080000000,0x0000000084300000)
 Metaspace       used 4275K, committed 4544K, reserved 1114112K
  class space    used 469K, committed 576K, reserved 1048576K
}
Event: 0.577 GC heap after
{Heap after GC invocations=1 (full 0):
 PSYoungGen      total 29696K, used 3328K [0x00000000d5580000, 0x00000000d7680000, 0x0000000100000000)
  eden space 25600K, 0% used [0x00000000d5580000,0x00000000d5580000,0x00000000d6e80000)
  from space 4096K, 81% used [0x00000000d6e80000,0x00000000d71c00d8,0x00000000d7280000)
  to   space 4096K, 0% used [0x00000000d7280000,0x00000000d7280000,0x00000000d7680000)
 ParOldGen       total 68608K, used 16K [0x0000000080000000, 0x0000000084300000, 0x00000000d5580000)
  object space 68608K, 0% used [0x0000000080000000,0x0000000080004000,0x0000000084300000)
 Metaspace       used 4275K, committed 4544K, reserved 1114112K
  class space    used 469K, committed 576K, reserved 1048576K
}
Event: 0.929 GC heap before
{Heap before GC invocations=2 (full 0):
 PSYoungGen      total 29696K, used 28928K [0x00000000d5580000, 0x00000000d7680000, 0x0000000100000000)
  eden space 25600K, 100% used [0x00000000d5580000,0x00000000d6e80000,0x00000000d6e80000)
  from space 4096K, 81% used [0x00000000d6e80000,0x00000000d71c00d8,0x00000000d7280000)
  to   space 4096K, 0% used [0x00000000d7280000,0x00000000d7280000,0x00000000d7680000)
 ParOldGen       total 68608K, used 16K [0x0000000080000000, 0x0000000084300000, 0x00000000d5580000)
  object space 68608K, 0% used [0x0000000080000000,0x0000000080004000,0x0000000084300000)
 Metaspace       used 7955K, committed 8192K, reserved 1114112K
  class space    used 837K, committed 960K, reserved 1048576K
}
Event: 0.933 GC heap after
{Heap after GC invocations=2 (full 0):
 PSYoungGen      total 29696K, used 4069K [0x00000000d5580000, 0x00000000d7680000, 0x0000000100000000)
  eden space 25600K, 0% used [0x00000000d5580000,0x00000000d5580000,0x00000000d6e80000)
  from space 4096K, 99% used [0x00000000d7280000,0x00000000d7679780,0x00000000d7680000)
  to   space 4096K, 0% used [0x00000000d6e80000,0x00000000d6e80000,0x00000000d7280000)
 ParOldGen       total 68608K, used 1797K [0x0000000080000000, 0x0000000084300000, 0x00000000d5580000)
  object space 68608K, 2% used [0x0000000080000000,0x00000000801c16b8,0x0000000084300000)
 Metaspace       used 7955K, committed 8192K, reserved 1114112K
  class space    used 837K, committed 960K, reserved 1048576K
}
Event: 1.187 GC heap before
{Heap before GC invocations=3 (full 0):
 PSYoungGen      total 29696K, used 29669K [0x00000000d5580000, 0x00000000d7680000, 0x0000000100000000)
  eden space 25600K, 100% used [0x00000000d5580000,0x00000000d6e80000,0x00000000d6e80000)
  from space 4096K, 99% used [0x00000000d7280000,0x00000000d7679780,0x00000000d7680000)
  to   space 4096K, 0% used [0x00000000d6e80000,0x00000000d6e80000,0x00000000d7280000)
 ParOldGen       total 68608K, used 1797K [0x0000000080000000, 0x0000000084300000, 0x00000000d5580000)
  object space 68608K, 2% used [0x0000000080000000,0x00000000801c16b8,0x0000000084300000)
 Metaspace       used 9364K, committed 9664K, reserved 1114112K
  class space    used 1002K, committed 1152K, reserved 1048576K
}
Event: 1.189 GC heap after
{Heap after GC invocations=3 (full 0):
 PSYoungGen      total 29696K, used 4070K [0x00000000d5580000, 0x00000000d7680000, 0x0000000100000000)
  eden space 25600K, 0% used [0x00000000d5580000,0x00000000d5580000,0x00000000d6e80000)
  from space 4096K, 99% used [0x00000000d6e80000,0x00000000d7279a30,0x00000000d7280000)
  to   space 4096K, 0% used [0x00000000d7280000,0x00000000d7280000,0x00000000d7680000)
 ParOldGen       total 68608K, used 5143K [0x0000000080000000, 0x0000000084300000, 0x00000000d5580000)
  object space 68608K, 7% used [0x0000000080000000,0x0000000080505df8,0x0000000084300000)
 Metaspace       used 9364K, committed 9664K, reserved 1114112K
  class space    used 1002K, committed 1152K, reserved 1048576K
}
Event: 1.499 GC heap before
{Heap before GC invocations=4 (full 0):
 PSYoungGen      total 29696K, used 29670K [0x00000000d5580000, 0x00000000d7680000, 0x0000000100000000)
  eden space 25600K, 100% used [0x00000000d5580000,0x00000000d6e80000,0x00000000d6e80000)
  from space 4096K, 99% used [0x00000000d6e80000,0x00000000d7279a30,0x00000000d7280000)
  to   space 4096K, 0% used [0x00000000d7280000,0x00000000d7280000,0x00000000d7680000)
 ParOldGen       total 68608K, used 5143K [0x0000000080000000, 0x0000000084300000, 0x00000000d5580000)
  object space 68608K, 7% used [0x0000000080000000,0x0000000080505df8,0x0000000084300000)
 Metaspace       used 12100K, committed 12544K, reserved 1114112K
  class space    used 1295K, committed 1472K, reserved 1048576K
}
Event: 1.503 GC heap after
{Heap after GC invocations=4 (full 0):
 PSYoungGen      total 29696K, used 4074K [0x00000000d5580000, 0x00000000d7680000, 0x0000000100000000)
  eden space 25600K, 0% used [0x00000000d5580000,0x00000000d5580000,0x00000000d6e80000)
  from space 4096K, 99% used [0x00000000d7280000,0x00000000d767a958,0x00000000d7680000)
  to   space 4096K, 0% used [0x00000000d6e80000,0x00000000d6e80000,0x00000000d7280000)
 ParOldGen       total 68608K, used 6874K [0x0000000080000000, 0x0000000084300000, 0x00000000d5580000)
  object space 68608K, 10% used [0x0000000080000000,0x00000000806b6920,0x0000000084300000)
 Metaspace       used 12100K, committed 12544K, reserved 1114112K
  class space    used 1295K, committed 1472K, reserved 1048576K
}
Event: 1.803 GC heap before
{Heap before GC invocations=5 (full 0):
 PSYoungGen      total 29696K, used 29674K [0x00000000d5580000, 0x00000000d7680000, 0x0000000100000000)
  eden space 25600K, 100% used [0x00000000d5580000,0x00000000d6e80000,0x00000000d6e80000)
  from space 4096K, 99% used [0x00000000d7280000,0x00000000d767a958,0x00000000d7680000)
  to   space 4096K, 0% used [0x00000000d6e80000,0x00000000d6e80000,0x00000000d7280000)
 ParOldGen       total 68608K, used 6874K [0x0000000080000000, 0x0000000084300000, 0x00000000d5580000)
  object space 68608K, 10% used [0x0000000080000000,0x00000000806b6920,0x0000000084300000)
 Metaspace       used 15282K, committed 15808K, reserved 1114112K
  class space    used 1578K, committed 1792K, reserved 1048576K
}
Event: 1.805 GC heap after
{Heap after GC invocations=5 (full 0):
 PSYoungGen      total 29184K, used 4082K [0x00000000d5580000, 0x00000000d7900000, 0x0000000100000000)
  eden space 25088K, 0% used [0x00000000d5580000,0x00000000d5580000,0x00000000d6e00000)
  from space 4096K, 99% used [0x00000000d6e80000,0x00000000d727cb30,0x00000000d7280000)
  to   space 5632K, 0% used [0x00000000d7380000,0x00000000d7380000,0x00000000d7900000)
 ParOldGen       total 68608K, used 7902K [0x0000000080000000, 0x0000000084300000, 0x00000000d5580000)
  object space 68608K, 11% used [0x0000000080000000,0x00000000807b7988,0x0000000084300000)
 Metaspace       used 15282K, committed 15808K, reserved 1114112K
  class space    used 1578K, committed 1792K, reserved 1048576K
}
Event: 2.054 GC heap before
{Heap before GC invocations=6 (full 0):
 PSYoungGen      total 29184K, used 29170K [0x00000000d5580000, 0x00000000d7900000, 0x0000000100000000)
  eden space 25088K, 100% used [0x00000000d5580000,0x00000000d6e00000,0x00000000d6e00000)
  from space 4096K, 99% used [0x00000000d6e80000,0x00000000d727cb30,0x00000000d7280000)
  to   space 5632K, 0% used [0x00000000d7380000,0x00000000d7380000,0x00000000d7900000)
 ParOldGen       total 68608K, used 7902K [0x0000000080000000, 0x0000000084300000, 0x00000000d5580000)
  object space 68608K, 11% used [0x0000000080000000,0x00000000807b7988,0x0000000084300000)
 Metaspace       used 18430K, committed 19136K, reserved 1114112K
  class space    used 1935K, committed 2240K, reserved 1048576K
}
Event: 2.057 GC heap after
{Heap after GC invocations=6 (full 0):
 PSYoungGen      total 30208K, used 5218K [0x00000000d5580000, 0x00000000d7900000, 0x0000000100000000)
  eden space 24576K, 0% used [0x00000000d5580000,0x00000000d5580000,0x00000000d6d80000)
  from space 5632K, 92% used [0x00000000d7380000,0x00000000d7898ab0,0x00000000d7900000)
  to   space 5632K, 0% used [0x00000000d6e00000,0x00000000d6e00000,0x00000000d7380000)
 ParOldGen       total 68608K, used 7910K [0x0000000080000000, 0x0000000084300000, 0x00000000d5580000)
  object space 68608K, 11% used [0x0000000080000000,0x00000000807b9988,0x0000000084300000)
 Metaspace       used 18430K, committed 19136K, reserved 1114112K
  class space    used 1935K, committed 2240K, reserved 1048576K
}
Event: 2.251 GC heap before
{Heap before GC invocations=7 (full 0):
 PSYoungGen      total 30208K, used 26925K [0x00000000d5580000, 0x00000000d7900000, 0x0000000100000000)
  eden space 24576K, 88% used [0x00000000d5580000,0x00000000d6ab2968,0x00000000d6d80000)
  from space 5632K, 92% used [0x00000000d7380000,0x00000000d7898ab0,0x00000000d7900000)
  to   space 5632K, 0% used [0x00000000d6e00000,0x00000000d6e00000,0x00000000d7380000)
 ParOldGen       total 68608K, used 7910K [0x0000000080000000, 0x0000000084300000, 0x00000000d5580000)
  object space 68608K, 11% used [0x0000000080000000,0x00000000807b9988,0x0000000084300000)
 Metaspace       used 20643K, committed 21504K, reserved 1114112K
  class space    used 2182K, committed 2560K, reserved 1048576K
}
Event: 2.254 GC heap after
{Heap after GC invocations=7 (full 0):
 PSYoungGen      total 29184K, used 4187K [0x00000000d5580000, 0x00000000d7680000, 0x0000000100000000)
  eden space 24576K, 0% used [0x00000000d5580000,0x00000000d5580000,0x00000000d6d80000)
  from space 4608K, 90% used [0x00000000d6e00000,0x00000000d7216e88,0x00000000d7280000)
  to   space 4096K, 0% used [0x00000000d7280000,0x00000000d7280000,0x00000000d7680000)
 ParOldGen       total 68608K, used 9328K [0x0000000080000000, 0x0000000084300000, 0x00000000d5580000)
  object space 68608K, 13% used [0x0000000080000000,0x000000008091c198,0x0000000084300000)
 Metaspace       used 20643K, committed 21504K, reserved 1114112K
  class space    used 2182K, committed 2560K, reserved 1048576K
}
Event: 2.254 GC heap before
{Heap before GC invocations=8 (full 1):
 PSYoungGen      total 29184K, used 4187K [0x00000000d5580000, 0x00000000d7680000, 0x0000000100000000)
  eden space 24576K, 0% used [0x00000000d5580000,0x00000000d5580000,0x00000000d6d80000)
  from space 4608K, 90% used [0x00000000d6e00000,0x00000000d7216e88,0x00000000d7280000)
  to   space 4096K, 0% used [0x00000000d7280000,0x00000000d7280000,0x00000000d7680000)
 ParOldGen       total 68608K, used 9328K [0x0000000080000000, 0x0000000084300000, 0x00000000d5580000)
  object space 68608K, 13% used [0x0000000080000000,0x000000008091c198,0x0000000084300000)
 Metaspace       used 20643K, committed 21504K, reserved 1114112K
  class space    used 2182K, committed 2560K, reserved 1048576K
}
Event: 2.277 GC heap after
{Heap after GC invocations=8 (full 1):
 PSYoungGen      total 29184K, used 0K [0x00000000d5580000, 0x00000000d7680000, 0x0000000100000000)
  eden space 24576K, 0% used [0x00000000d5580000,0x00000000d5580000,0x00000000d6d80000)
  from space 4608K, 0% used [0x00000000d6e00000,0x00000000d6e00000,0x00000000d7280000)
  to   space 4096K, 0% used [0x00000000d7280000,0x00000000d7280000,0x00000000d7680000)
 ParOldGen       total 68608K, used 12834K [0x0000000080000000, 0x0000000084300000, 0x00000000d5580000)
  object space 68608K, 18% used [0x0000000080000000,0x0000000080c888a8,0x0000000084300000)
 Metaspace       used 20630K, committed 21504K, reserved 1114112K
  class space    used 2178K, committed 2560K, reserved 1048576K
}
Event: 2.425 GC heap before
{Heap before GC invocations=9 (full 1):
 PSYoungGen      total 29184K, used 24576K [0x00000000d5580000, 0x00000000d7680000, 0x0000000100000000)
  eden space 24576K, 100% used [0x00000000d5580000,0x00000000d6d80000,0x00000000d6d80000)
  from space 4608K, 0% used [0x00000000d6e00000,0x00000000d6e00000,0x00000000d7280000)
  to   space 4096K, 0% used [0x00000000d7280000,0x00000000d7280000,0x00000000d7680000)
 ParOldGen       total 68608K, used 12834K [0x0000000080000000, 0x0000000084300000, 0x00000000d5580000)
  object space 68608K, 18% used [0x0000000080000000,0x0000000080c888a8,0x0000000084300000)
 Metaspace       used 23010K, committed 23936K, reserved 1114112K
  class space    used 2338K, committed 2752K, reserved 1048576K
}
Event: 2.426 GC heap after
{Heap after GC invocations=9 (full 1):
 PSYoungGen      total 25600K, used 1156K [0x00000000d5580000, 0x00000000d7400000, 0x0000000100000000)
  eden space 24064K, 0% used [0x00000000d5580000,0x00000000d5580000,0x00000000d6d00000)
  from space 1536K, 75% used [0x00000000d7280000,0x00000000d73a1010,0x00000000d7400000)
  to   space 2560K, 0% used [0x00000000d6f00000,0x00000000d6f00000,0x00000000d7180000)
 ParOldGen       total 68608K, used 12842K [0x0000000080000000, 0x0000000084300000, 0x00000000d5580000)
  object space 68608K, 18% used [0x0000000080000000,0x0000000080c8a8a8,0x0000000084300000)
 Metaspace       used 23010K, committed 23936K, reserved 1114112K
  class space    used 2338K, committed 2752K, reserved 1048576K
}
Event: 2.575 GC heap before
{Heap before GC invocations=10 (full 1):
 PSYoungGen      total 25600K, used 25220K [0x00000000d5580000, 0x00000000d7400000, 0x0000000100000000)
  eden space 24064K, 100% used [0x00000000d5580000,0x00000000d6d00000,0x00000000d6d00000)
  from space 1536K, 75% used [0x00000000d7280000,0x00000000d73a1010,0x00000000d7400000)
  to   space 2560K, 0% used [0x00000000d6f00000,0x00000000d6f00000,0x00000000d7180000)
 ParOldGen       total 68608K, used 12842K [0x0000000080000000, 0x0000000084300000, 0x00000000d5580000)
  object space 68608K, 18% used [0x0000000080000000,0x0000000080c8a8a8,0x0000000084300000)
 Metaspace       used 26468K, committed 27392K, reserved 1114112K
  class space    used 2594K, committed 3008K, reserved 1048576K
}
Event: 2.576 GC heap after
{Heap after GC invocations=10 (full 1):
 PSYoungGen      total 26112K, used 2150K [0x00000000d5580000, 0x00000000d7300000, 0x0000000100000000)
  eden space 23552K, 0% used [0x00000000d5580000,0x00000000d5580000,0x00000000d6c80000)
  from space 2560K, 84% used [0x00000000d6f00000,0x00000000d7119a88,0x00000000d7180000)
  to   space 1536K, 0% used [0x00000000d7180000,0x00000000d7180000,0x00000000d7300000)
 ParOldGen       total 68608K, used 13623K [0x0000000080000000, 0x0000000084300000, 0x00000000d5580000)
  object space 68608K, 19% used [0x0000000080000000,0x0000000080d4ddb8,0x0000000084300000)
 Metaspace       used 26468K, committed 27392K, reserved 1114112K
  class space    used 2594K, committed 3008K, reserved 1048576K
}

Dll operation events (10 events):
Event: 0.042 Loaded shared library c:\Users\nguye\.cursor\extensions\redhat.java-1.45.0-win32-x64\jre\21.0.8-win32-x86_64\bin\java.dll
Event: 0.143 Loaded shared library c:\Users\nguye\.cursor\extensions\redhat.java-1.45.0-win32-x64\jre\21.0.8-win32-x86_64\bin\zip.dll
Event: 0.158 Loaded shared library C:\Users\nguye\.cursor\extensions\redhat.java-1.45.0-win32-x64\jre\21.0.8-win32-x86_64\bin\instrument.dll
Event: 0.161 Loaded shared library C:\Users\nguye\.cursor\extensions\redhat.java-1.45.0-win32-x64\jre\21.0.8-win32-x86_64\bin\net.dll
Event: 0.163 Loaded shared library C:\Users\nguye\.cursor\extensions\redhat.java-1.45.0-win32-x64\jre\21.0.8-win32-x86_64\bin\nio.dll
Event: 0.166 Loaded shared library C:\Users\nguye\.cursor\extensions\redhat.java-1.45.0-win32-x64\jre\21.0.8-win32-x86_64\bin\zip.dll
Event: 0.178 Loaded shared library C:\Users\nguye\.cursor\extensions\redhat.java-1.45.0-win32-x64\jre\21.0.8-win32-x86_64\bin\jimage.dll
Event: 0.224 Loaded shared library c:\Users\nguye\.cursor\extensions\redhat.java-1.45.0-win32-x64\jre\21.0.8-win32-x86_64\bin\verify.dll
Event: 0.941 Loaded shared library C:\Users\nguye\AppData\Roaming\Cursor\User\globalStorage\redhat.java\1.45.0\config_win\org.eclipse.equinox.launcher\org.eclipse.equinox.launcher.win32.win32.x86_64_1.2.1400.v20250801-0854\eclipse_11916.dll
Event: 1.893 Loaded shared library C:\Users\nguye\AppData\Local\Temp\jna-104772072\jna3924861537912628144.dll

Deoptimization events (20 events):
Event: 2.306 Thread 0x000002029d9cf510 Uncommon trap: trap_request=0xffffff45 fr.pc=0x0000020249a73f14 relative=0x0000000000000074
Event: 2.306 Thread 0x000002029d9cf510 Uncommon trap: reason=unstable_if action=reinterpret pc=0x0000020249a73f14 method=java.lang.invoke.LambdaForm$BasicType.basicType(C)Ljava/lang/invoke/LambdaForm$BasicType; @ 1 c2
Event: 2.306 Thread 0x000002029d9cf510 DEOPT PACKING pc=0x0000020249a73f14 sp=0x00000026ed2f8070
Event: 2.306 Thread 0x000002029d9cf510 DEOPT UNPACKING pc=0x0000020249383aa2 sp=0x00000026ed2f8008 mode 2
Event: 2.307 Thread 0x000002029d9cf510 Uncommon trap: trap_request=0xffffff45 fr.pc=0x0000020249a380a8 relative=0x0000000000000ae8
Event: 2.307 Thread 0x000002029d9cf510 Uncommon trap: reason=unstable_if action=reinterpret pc=0x0000020249a380a8 method=jdk.internal.org.objectweb.asm.Frame.execute(IILjdk/internal/org/objectweb/asm/Symbol;Ljdk/internal/org/objectweb/asm/SymbolTable;)V @ 1 c2
Event: 2.307 Thread 0x000002029d9cf510 DEOPT PACKING pc=0x0000020249a380a8 sp=0x00000026ed2f7de0
Event: 2.307 Thread 0x000002029d9cf510 DEOPT UNPACKING pc=0x0000020249383aa2 sp=0x00000026ed2f7d68 mode 2
Event: 2.353 Thread 0x000002029d9cf510 Uncommon trap: trap_request=0xffffff45 fr.pc=0x0000020249a93f1c relative=0x000000000000079c
Event: 2.353 Thread 0x000002029d9cf510 Uncommon trap: reason=unstable_if action=reinterpret pc=0x0000020249a93f1c method=org.lombokweb.asm.ClassReader.readUTF8(I[C)Ljava/lang/String; @ 11 c2
Event: 2.353 Thread 0x000002029d9cf510 DEOPT PACKING pc=0x0000020249a93f1c sp=0x00000026ed2ef500
Event: 2.353 Thread 0x000002029d9cf510 DEOPT UNPACKING pc=0x0000020249383aa2 sp=0x00000026ed2ef4e8 mode 2
Event: 2.506 Thread 0x000002029d9cf510 Uncommon trap: trap_request=0xffffff45 fr.pc=0x0000020249a9fcec relative=0x000000000000014c
Event: 2.506 Thread 0x000002029d9cf510 Uncommon trap: reason=unstable_if action=reinterpret pc=0x0000020249a9fcec method=org.lombokweb.asm.ByteVector.putByteArray([BII)Lorg/lombokweb/asm/ByteVector; @ 20 c2
Event: 2.506 Thread 0x000002029d9cf510 DEOPT PACKING pc=0x0000020249a9fcec sp=0x00000026ed2eeaa0
Event: 2.506 Thread 0x000002029d9cf510 DEOPT UNPACKING pc=0x0000020249383aa2 sp=0x00000026ed2eea70 mode 2
Event: 2.506 Thread 0x000002029d9cf510 Uncommon trap: trap_request=0xffffff45 fr.pc=0x0000020249a9f224 relative=0x0000000000000364
Event: 2.506 Thread 0x000002029d9cf510 Uncommon trap: reason=unstable_if action=reinterpret pc=0x0000020249a9f224 method=org.lombokweb.asm.Label.resolve([BLorg/lombokweb/asm/ByteVector;I)Z @ 81 c2
Event: 2.506 Thread 0x000002029d9cf510 DEOPT PACKING pc=0x0000020249a9f224 sp=0x00000026ed2eeb30
Event: 2.506 Thread 0x000002029d9cf510 DEOPT UNPACKING pc=0x0000020249383aa2 sp=0x00000026ed2eea38 mode 2

Classes loaded (20 events):
Event: 2.314 Loading class java/io/StringReader
Event: 2.314 Loading class java/io/StringReader done
Event: 2.329 Loading class java/net/SocketTimeoutException
Event: 2.329 Loading class java/io/InterruptedIOException
Event: 2.329 Loading class java/io/InterruptedIOException done
Event: 2.329 Loading class java/net/SocketTimeoutException done
Event: 2.329 Loading class java/net/SocketException
Event: 2.329 Loading class java/net/SocketException done
Event: 2.329 Loading class java/net/UnknownHostException
Event: 2.329 Loading class java/net/UnknownHostException done
Event: 2.329 Loading class java/net/ProtocolException
Event: 2.329 Loading class java/net/ProtocolException done
Event: 2.340 Loading class java/lang/ThreadLocal$SuppliedThreadLocal
Event: 2.340 Loading class java/lang/ThreadLocal$SuppliedThreadLocal done
Event: 2.347 Loading class java/io/FileWriter
Event: 2.347 Loading class java/io/FileWriter done
Event: 2.347 Loading class java/lang/NegativeArraySizeException
Event: 2.347 Loading class java/lang/NegativeArraySizeException done
Event: 2.587 Loading class org/w3c/dom/DOMException
Event: 2.587 Loading class org/w3c/dom/DOMException done

Classes unloaded (7 events):
Event: 2.258 Thread 0x000002023eccebc0 Unloading class 0x00000202571aa800 'java/lang/invoke/LambdaForm$MH+0x00000202571aa800'
Event: 2.258 Thread 0x000002023eccebc0 Unloading class 0x00000202571aa400 'java/lang/invoke/LambdaForm$MH+0x00000202571aa400'
Event: 2.258 Thread 0x000002023eccebc0 Unloading class 0x00000202571aa000 'java/lang/invoke/LambdaForm$MH+0x00000202571aa000'
Event: 2.258 Thread 0x000002023eccebc0 Unloading class 0x00000202571a9c00 'java/lang/invoke/LambdaForm$MH+0x00000202571a9c00'
Event: 2.258 Thread 0x000002023eccebc0 Unloading class 0x00000202571a9800 'java/lang/invoke/LambdaForm$BMH+0x00000202571a9800'
Event: 2.258 Thread 0x000002023eccebc0 Unloading class 0x00000202571a9400 'java/lang/invoke/LambdaForm$DMH+0x00000202571a9400'
Event: 2.258 Thread 0x000002023eccebc0 Unloading class 0x00000202571a8000 'java/lang/invoke/LambdaForm$DMH+0x00000202571a8000'

Classes redefined (0 events):
No events

Internal exceptions (20 events):
Event: 1.925 Thread 0x000002029d9cf510 Exception <a 'java/lang/NoSuchMethodError'{0x00000000d60c8ba8}: 'java.lang.Object java.lang.invoke.DirectMethodHandle$Holder.newInvokeSpecial(java.lang.Object, java.lang.Object, java.lang.Object, long)'> (0x00000000d60c8ba8) 
thrown [s\src\hotspot\share\interpreter\linkResolver.cpp, line 773]
Event: 1.925 Thread 0x000002029d9cf510 Exception <a 'java/lang/NoSuchMethodError'{0x00000000d60ccf98}: 'java.lang.Object java.lang.invoke.DirectMethodHandle$Holder.invokeSpecial(java.lang.Object, java.lang.Object, java.lang.Object, java.lang.Object, long)'> (0x00000000d60ccf98) 
thrown [s\src\hotspot\share\interpreter\linkResolver.cpp, line 773]
Event: 1.925 Thread 0x000002029d9cf510 Exception <a 'java/lang/NoSuchMethodError'{0x00000000d60d0bb8}: 'java.lang.Object java.lang.invoke.Invokers$Holder.linkToTargetMethod(java.lang.Object, java.lang.Object, long, java.lang.Object)'> (0x00000000d60d0bb8) 
thrown [s\src\hotspot\share\interpreter\linkResolver.cpp, line 773]
Event: 1.929 Thread 0x000002029d9cf510 Exception <a 'java/lang/NoSuchMethodError'{0x00000000d61469c8}: 'int java.lang.invoke.DirectMethodHandle$Holder.invokeStaticInit(java.lang.Object, java.lang.Object, java.lang.Object)'> (0x00000000d61469c8) 
thrown [s\src\hotspot\share\interpreter\linkResolver.cpp, line 773]
Event: 1.935 Thread 0x000002029d9cf510 Exception <a 'java/lang/IncompatibleClassChangeError'{0x00000000d61e61d8}: Found class java.lang.Object, but interface was expected> (0x00000000d61e61d8) 
thrown [s\src\hotspot\share\interpreter\linkResolver.cpp, line 840]
Event: 1.937 Thread 0x000002029d9cf510 Exception <a 'java/lang/NoSuchMethodError'{0x00000000d61f56a0}: 'java.lang.Object java.lang.invoke.DirectMethodHandle$Holder.invokeSpecial(java.lang.Object, java.lang.Object, java.lang.Object, int, java.lang.Object, java.lang.Object)'> (0x00000000d61f56a0) 
thrown [s\src\hotspot\share\interpreter\linkResolver.cpp, line 773]
Event: 1.938 Thread 0x000002029d9cf510 Exception <a 'java/lang/NoSuchMethodError'{0x00000000d61fd0b8}: 'java.lang.Object java.lang.invoke.DirectMethodHandle$Holder.newInvokeSpecial(java.lang.Object, java.lang.Object, java.lang.Object, int, java.lang.Object)'> (0x00000000d61fd0b8) 
thrown [s\src\hotspot\share\interpreter\linkResolver.cpp, line 773]
Event: 1.938 Thread 0x000002029d9cf510 Exception <a 'java/lang/NoSuchMethodError'{0x00000000d6201078}: 'java.lang.Object java.lang.invoke.DirectMethodHandle$Holder.invokeSpecial(java.lang.Object, java.lang.Object, java.lang.Object, java.lang.Object, int, java.lang.Object)'> (0x00000000d6201078) 
thrown [s\src\hotspot\share\interpreter\linkResolver.cpp, line 773]
Event: 1.938 Thread 0x000002029d9cf510 Exception <a 'java/lang/NoSuchMethodError'{0x00000000d6204bb8}: 'java.lang.Object java.lang.invoke.Invokers$Holder.linkToTargetMethod(java.lang.Object, java.lang.Object, int, java.lang.Object, java.lang.Object)'> (0x00000000d6204bb8) 
thrown [s\src\hotspot\share\interpreter\linkResolver.cpp, line 773]
Event: 1.938 Thread 0x000002029d9cfba0 Exception <a 'java/lang/NoSuchMethodError'{0x00000000d612c150}: 'java.lang.Object java.lang.invoke.DirectMethodHandle$Holder.invokeSpecial(java.lang.Object, java.lang.Object, int, java.lang.Object, java.lang.Object)'> (0x00000000d612c150) 
thrown [s\src\hotspot\share\interpreter\linkResolver.cpp, line 773]
Event: 1.946 Thread 0x000002029d9cf510 Exception <a 'java/lang/NoSuchMethodError'{0x00000000d6307ea0}: 'void java.lang.invoke.DirectMethodHandle$Holder.invokeSpecial(java.lang.Object, java.lang.Object, java.lang.Object, java.lang.Object, java.lang.Object)'> (0x00000000d6307ea0) 
thrown [s\src\hotspot\share\interpreter\linkResolver.cpp, line 773]
Event: 2.019 Thread 0x000002029d9cf510 Exception <a 'java/lang/NoSuchMethodError'{0x00000000d6aade38}: 'java.lang.Object java.lang.invoke.DirectMethodHandle$Holder.invokeInterface(java.lang.Object, java.lang.Object, java.lang.Object)'> (0x00000000d6aade38) 
thrown [s\src\hotspot\share\interpreter\linkResolver.cpp, line 773]
Event: 2.066 Thread 0x000002029d9cf510 Exception <a 'java/lang/NoSuchMethodError'{0x00000000d56ab070}: 'java.lang.Object java.lang.invoke.Invokers$Holder.linkToTargetMethod(java.lang.Object, long, java.lang.Object, java.lang.Object)'> (0x00000000d56ab070) 
thrown [s\src\hotspot\share\interpreter\linkResolver.cpp, line 773]
Event: 2.143 Thread 0x000002029d9cf510 Exception <a 'java/io/FileNotFoundException'{0x00000000d5e41f58}> (0x00000000d5e41f58) 
thrown [s\src\hotspot\share\prims\jni.cpp, line 520]
Event: 2.144 Thread 0x000002029d9cf510 Exception <a 'java/lang/NoSuchMethodError'{0x00000000d5e4a518}: 'java.lang.Object java.lang.invoke.DirectMethodHandle$Holder.newInvokeSpecial(java.lang.Object, int, java.lang.Object, java.lang.Object)'> (0x00000000d5e4a518) 
thrown [s\src\hotspot\share\interpreter\linkResolver.cpp, line 773]
Event: 2.216 Thread 0x000002029d9cf510 Exception <a 'java/lang/NoSuchMethodError'{0x00000000d6688ed8}: 'long java.lang.invoke.DirectMethodHandle$Holder.invokeSpecial(java.lang.Object, java.lang.Object)'> (0x00000000d6688ed8) 
thrown [s\src\hotspot\share\interpreter\linkResolver.cpp, line 773]
Event: 2.216 Thread 0x000002029d9cf510 Exception <a 'java/lang/NoSuchMethodError'{0x00000000d668d070}: 'long java.lang.invoke.Invokers$Holder.invokeExact_MT(java.lang.Object, java.lang.Object)'> (0x00000000d668d070) 
thrown [s\src\hotspot\share\interpreter\linkResolver.cpp, line 773]
Event: 2.306 Thread 0x000002029d9cf510 Exception <a 'java/lang/NoSuchMethodError'{0x00000000d587df50}: 'double java.lang.invoke.DirectMethodHandle$Holder.invokeStatic(java.lang.Object, java.lang.Object)'> (0x00000000d587df50) 
thrown [s\src\hotspot\share\interpreter\linkResolver.cpp, line 773]
Event: 2.307 Thread 0x000002029d9cf510 Exception <a 'java/lang/NoSuchMethodError'{0x00000000d58815e0}: 'double java.lang.invoke.DirectMethodHandle$Holder.invokeStaticInit(java.lang.Object, java.lang.Object)'> (0x00000000d58815e0) 
thrown [s\src\hotspot\share\interpreter\linkResolver.cpp, line 773]
Event: 2.506 Thread 0x000002029d9cf510 Implicit null exception at 0x0000020249a9fbf5 to 0x0000020249a9fcd0

ZGC Phase Switch (0 events):
No events

VM Operations (20 events):
Event: 1.882 Executing VM operation: HandshakeAllThreads (Deoptimize) done
Event: 1.898 Executing VM operation: HandshakeAllThreads (Deoptimize)
Event: 1.898 Executing VM operation: HandshakeAllThreads (Deoptimize) done
Event: 1.979 Executing VM operation: HandshakeAllThreads (Deoptimize)
Event: 1.979 Executing VM operation: HandshakeAllThreads (Deoptimize) done
Event: 1.999 Executing VM operation: HandshakeAllThreads (Deoptimize)
Event: 1.999 Executing VM operation: HandshakeAllThreads (Deoptimize) done
Event: 2.002 Executing VM operation: HandshakeAllThreads (Deoptimize)
Event: 2.002 Executing VM operation: HandshakeAllThreads (Deoptimize) done
Event: 2.044 Executing VM operation: ICBufferFull
Event: 2.044 Executing VM operation: ICBufferFull done
Event: 2.054 Executing VM operation: ParallelGCFailedAllocation (Allocation Failure)
Event: 2.057 Executing VM operation: ParallelGCFailedAllocation (Allocation Failure) done
Event: 2.251 Executing VM operation: CollectForMetadataAllocation (Metadata GC Threshold)
Event: 2.277 Executing VM operation: CollectForMetadataAllocation (Metadata GC Threshold) done
Event: 2.425 Executing VM operation: ParallelGCFailedAllocation (Allocation Failure)
Event: 2.426 Executing VM operation: ParallelGCFailedAllocation (Allocation Failure) done
Event: 2.575 Executing VM operation: ParallelGCFailedAllocation (Allocation Failure)
Event: 2.576 Executing VM operation: ParallelGCFailedAllocation (Allocation Failure) done
Event: 3.577 Executing VM operation: Cleanup

Memory protections (0 events):
No events

Nmethod flushes (0 events):
No events

Events (20 events):
Event: 0.119 Thread 0x000002023c7fa8b0 Thread added: 0x00000202985471c0
Event: 0.119 Thread 0x000002023c7fa8b0 Thread added: 0x0000020298547ee0
Event: 0.119 Thread 0x000002023c7fa8b0 Thread added: 0x000002029854a640
Event: 0.119 Thread 0x000002023c7fa8b0 Thread added: 0x000002029855d0a0
Event: 0.119 Thread 0x000002023c7fa8b0 Thread added: 0x000002029857fc70
Event: 0.136 Thread 0x000002023c7fa8b0 Thread added: 0x0000020298549920
Event: 0.147 Thread 0x000002029857fc70 Thread added: 0x0000020298580340
Event: 0.297 Thread 0x000002023c7fa8b0 Thread added: 0x0000020298548c00
Event: 0.395 Thread 0x000002029857fc70 Thread added: 0x0000020298582550
Event: 0.806 Thread 0x000002023c7fa8b0 Thread added: 0x0000020298547850
Event: 0.934 Thread 0x000002023c7fa8b0 Thread added: 0x0000020298549290
Event: 0.963 Thread 0x0000020298549290 Thread added: 0x000002029d9d0230
Event: 0.966 Thread 0x000002023c7fa8b0 Thread added: 0x000002029d9cf510
Event: 1.215 Thread 0x000002029d9cf510 Thread added: 0x000002029d9ccdb0
Event: 1.380 Thread 0x000002029d9cf510 Thread added: 0x000002029d9cee80
Event: 1.438 Thread 0x000002029d9cf510 Thread added: 0x000002029d9cdad0
Event: 1.703 Thread 0x000002029d9cf510 Thread added: 0x000002029d9ce160
Event: 1.910 Thread 0x000002029d9cf510 Thread added: 0x000002029d9d08c0
Event: 1.927 Thread 0x000002029d9cf510 Thread added: 0x000002029d9cfba0
Event: 1.939 Thread 0x000002029d9cf510 Thread added: 0x000002029d9cd440


Dynamic libraries:
0x00007ff7efc00000 - 0x00007ff7efc0e000 	c:\Users\nguye\.cursor\extensions\redhat.java-1.45.0-win32-x64\jre\21.0.8-win32-x86_64\bin\java.exe
0x00007ff8413a0000 - 0x00007ff841603000 	C:\WINDOWS\SYSTEM32\ntdll.dll
0x00007ff840010000 - 0x00007ff8400d7000 	C:\WINDOWS\System32\KERNEL32.DLL
0x00007ff83e910000 - 0x00007ff83ecb1000 	C:\WINDOWS\System32\KERNELBASE.dll
0x00007ff83ed70000 - 0x00007ff83eebb000 	C:\WINDOWS\System32\ucrtbase.dll
0x00007ff834880000 - 0x00007ff83489e000 	c:\Users\nguye\.cursor\extensions\redhat.java-1.45.0-win32-x64\jre\21.0.8-win32-x86_64\bin\VCRUNTIME140.dll
0x00007ff816e10000 - 0x00007ff816e28000 	c:\Users\nguye\.cursor\extensions\redhat.java-1.45.0-win32-x64\jre\21.0.8-win32-x86_64\bin\jli.dll
0x00007ff840780000 - 0x00007ff840943000 	C:\WINDOWS\System32\USER32.dll
0x00007ff8298b0000 - 0x00007ff829b40000 	C:\WINDOWS\WinSxS\amd64_microsoft.windows.common-controls_6595b64144ccf1df_6.0.26100.1591_none_3e0fac18e32dc903\COMCTL32.dll
0x00007ff83eec0000 - 0x00007ff83eee7000 	C:\WINDOWS\System32\win32u.dll
0x00007ff841240000 - 0x00007ff84126a000 	C:\WINDOWS\System32\GDI32.dll
0x00007ff83f2a0000 - 0x00007ff83f349000 	C:\WINDOWS\System32\msvcrt.dll
0x00007ff83ef70000 - 0x00007ff83f091000 	C:\WINDOWS\System32\gdi32full.dll
0x00007ff83ecc0000 - 0x00007ff83ed63000 	C:\WINDOWS\System32\msvcp_win.dll
0x00007ff8401c0000 - 0x00007ff8401ef000 	C:\WINDOWS\System32\IMM32.DLL
0x00007ff81ad50000 - 0x00007ff81ad5c000 	c:\Users\nguye\.cursor\extensions\redhat.java-1.45.0-win32-x64\jre\21.0.8-win32-x86_64\bin\vcruntime140_1.dll
0x00007fffc6390000 - 0x00007fffc641d000 	c:\Users\nguye\.cursor\extensions\redhat.java-1.45.0-win32-x64\jre\21.0.8-win32-x86_64\bin\msvcp140.dll
0x00007fffbad30000 - 0x00007fffbbac7000 	c:\Users\nguye\.cursor\extensions\redhat.java-1.45.0-win32-x64\jre\21.0.8-win32-x86_64\bin\server\jvm.dll
0x00007ff841160000 - 0x00007ff841212000 	C:\WINDOWS\System32\ADVAPI32.dll
0x00007ff83fd90000 - 0x00007ff83fe37000 	C:\WINDOWS\System32\sechost.dll
0x00007ff841020000 - 0x00007ff841136000 	C:\WINDOWS\System32\RPCRT4.dll
0x00007ff83f220000 - 0x00007ff83f294000 	C:\WINDOWS\System32\WS2_32.dll
0x00007ff83dc30000 - 0x00007ff83dc7e000 	C:\WINDOWS\SYSTEM32\POWRPROF.dll
0x00007ff8318f0000 - 0x00007ff831926000 	C:\WINDOWS\SYSTEM32\WINMM.dll
0x00007ff8368a0000 - 0x00007ff8368ab000 	C:\WINDOWS\SYSTEM32\VERSION.dll
0x00007ff83dc10000 - 0x00007ff83dc24000 	C:\WINDOWS\SYSTEM32\UMPDC.dll
0x00007ff83d640000 - 0x00007ff83d65a000 	C:\WINDOWS\SYSTEM32\kernel.appcore.dll
0x00007ff816e00000 - 0x00007ff816e0a000 	c:\Users\nguye\.cursor\extensions\redhat.java-1.45.0-win32-x64\jre\21.0.8-win32-x86_64\bin\jimage.dll
0x00007ff8356e0000 - 0x00007ff835921000 	C:\WINDOWS\SYSTEM32\DBGHELP.DLL
0x00007ff840960000 - 0x00007ff840cdc000 	C:\WINDOWS\System32\combase.dll
0x00007ff840200000 - 0x00007ff8402d6000 	C:\WINDOWS\System32\OLEAUT32.dll
0x00007ff82aa50000 - 0x00007ff82aa89000 	C:\WINDOWS\SYSTEM32\dbgcore.DLL
0x00007ff83e7b0000 - 0x00007ff83e849000 	C:\WINDOWS\System32\bcryptPrimitives.dll
0x00007ff83b7c0000 - 0x00007ff83b7cf000 	c:\Users\nguye\.cursor\extensions\redhat.java-1.45.0-win32-x64\jre\21.0.8-win32-x86_64\bin\instrument.dll
0x00007ff823950000 - 0x00007ff82396f000 	c:\Users\nguye\.cursor\extensions\redhat.java-1.45.0-win32-x64\jre\21.0.8-win32-x86_64\bin\java.dll
0x00007ff83f690000 - 0x00007ff83fd86000 	C:\WINDOWS\System32\SHELL32.dll
0x00007ff83c540000 - 0x00007ff83cd6a000 	C:\WINDOWS\SYSTEM32\windows.storage.dll
0x00007ff8400e0000 - 0x00007ff8401b3000 	C:\WINDOWS\System32\SHCORE.dll
0x00007ff83f5e0000 - 0x00007ff83f63d000 	C:\WINDOWS\System32\shlwapi.dll
0x00007ff83e6d0000 - 0x00007ff83e6f9000 	C:\WINDOWS\SYSTEM32\profapi.dll
0x00007ff8166a0000 - 0x00007ff8166b8000 	c:\Users\nguye\.cursor\extensions\redhat.java-1.45.0-win32-x64\jre\21.0.8-win32-x86_64\bin\zip.dll
0x00007ff83b7b0000 - 0x00007ff83b7c0000 	C:\Users\nguye\.cursor\extensions\redhat.java-1.45.0-win32-x64\jre\21.0.8-win32-x86_64\bin\net.dll
0x00007ff8398f0000 - 0x00007ff839a16000 	C:\WINDOWS\SYSTEM32\WINHTTP.dll
0x00007ff83db20000 - 0x00007ff83db88000 	C:\WINDOWS\system32\mswsock.dll
0x00007fffe0450000 - 0x00007fffe0466000 	C:\Users\nguye\.cursor\extensions\redhat.java-1.45.0-win32-x64\jre\21.0.8-win32-x86_64\bin\nio.dll
0x00007ff823940000 - 0x00007ff823950000 	c:\Users\nguye\.cursor\extensions\redhat.java-1.45.0-win32-x64\jre\21.0.8-win32-x86_64\bin\verify.dll
0x00007fffce7e0000 - 0x00007fffce824000 	C:\Users\nguye\AppData\Roaming\Cursor\User\globalStorage\redhat.java\1.45.0\config_win\org.eclipse.equinox.launcher\org.eclipse.equinox.launcher.win32.win32.x86_64_1.2.1400.v20250801-0854\eclipse_11916.dll
0x00007ff840e20000 - 0x00007ff840fb9000 	C:\WINDOWS\System32\ole32.dll
0x00007ff83df80000 - 0x00007ff83df9c000 	C:\WINDOWS\SYSTEM32\CRYPTSP.dll
0x00007ff83d5a0000 - 0x00007ff83d5d8000 	C:\WINDOWS\system32\rsaenh.dll
0x00007ff83dbc0000 - 0x00007ff83dbeb000 	C:\WINDOWS\SYSTEM32\USERENV.dll
0x00007ff83e110000 - 0x00007ff83e136000 	C:\WINDOWS\SYSTEM32\bcrypt.dll
0x00007ff83ddf0000 - 0x00007ff83ddfc000 	C:\WINDOWS\SYSTEM32\CRYPTBASE.dll
0x00007ff83d060000 - 0x00007ff83d092000 	C:\WINDOWS\SYSTEM32\IPHLPAPI.DLL
0x00007ff841220000 - 0x00007ff84122a000 	C:\WINDOWS\System32\NSI.dll
0x00007fffce270000 - 0x00007fffce2b9000 	C:\Users\nguye\AppData\Local\Temp\jna-104772072\jna3924861537912628144.dll
0x00007ff840950000 - 0x00007ff840958000 	C:\WINDOWS\System32\PSAPI.DLL

JVMTI agents:
c:\Users\nguye\.cursor\extensions\redhat.java-1.45.0-win32-x64\lombok\lombok-1.18.39-4050.jar path:c:\Users\nguye\.cursor\extensions\redhat.java-1.45.0-win32-x64\jre\21.0.8-win32-x86_64\bin\instrument.dll, loaded, initialized, instrumentlib options:none

dbghelp: loaded successfully - version: 4.0.5 - missing functions: none
symbol engine: initialized successfully - sym options: 0x614 - pdb path: .;c:\Users\nguye\.cursor\extensions\redhat.java-1.45.0-win32-x64\jre\21.0.8-win32-x86_64\bin;C:\WINDOWS\SYSTEM32;C:\WINDOWS\WinSxS\amd64_microsoft.windows.common-controls_6595b64144ccf1df_6.0.26100.1591_none_3e0fac18e32dc903;c:\Users\nguye\.cursor\extensions\redhat.java-1.45.0-win32-x64\jre\21.0.8-win32-x86_64\bin\server;C:\Users\nguye\AppData\Roaming\Cursor\User\globalStorage\redhat.java\1.45.0\config_win\org.eclipse.equinox.launcher\org.eclipse.equinox.launcher.win32.win32.x86_64_1.2.1400.v20250801-0854;C:\Users\nguye\AppData\Local\Temp\jna-104772072

VM Arguments:
jvm_args: --add-modules=ALL-SYSTEM --add-opens=java.base/java.util=ALL-UNNAMED --add-opens=java.base/java.lang=ALL-UNNAMED --add-opens=java.base/sun.nio.fs=ALL-UNNAMED -Declipse.application=org.eclipse.jdt.ls.core.id1 -Dosgi.bundles.defaultStartLevel=4 -Declipse.product=org.eclipse.jdt.ls.core.product -Djava.import.generatesMetadataFilesAtProjectRoot=false -DDetectVMInstallationsJob.disabled=true -Dfile.encoding=utf8 -XX:+UseParallelGC -XX:GCTimeRatio=4 -XX:AdaptiveSizePolicyWeight=90 -Dsun.zip.disableMemoryMapping=true -Xmx2G -Xms100m -Xlog:disable -javaagent:c:\Users\nguye\.cursor\extensions\redhat.java-1.45.0-win32-x64\lombok\lombok-1.18.39-4050.jar -XX:+HeapDumpOnOutOfMemoryError -XX:HeapDumpPath=c:\Users\nguye\AppData\Roaming\Cursor\User\workspaceStorage\11c61106e31d4dec7f53613e41bec7bf\redhat.java -Daether.dependencyCollector.impl=bf 
java_command: c:\Users\nguye\.cursor\extensions\redhat.java-1.45.0-win32-x64\server\plugins\org.eclipse.equinox.launcher_1.7.0.v20250519-0528.jar -configuration c:\Users\nguye\AppData\Roaming\Cursor\User\globalStorage\redhat.java\1.45.0\config_win -data c:\Users\nguye\AppData\Roaming\Cursor\User\workspaceStorage\11c61106e31d4dec7f53613e41bec7bf\redhat.java\jdt_ws --pipe=\\.\pipe\lsp-519e4ec2145e3587fd1d5614c1a0bc1f-sock
java_class_path (initial): c:\Users\nguye\.cursor\extensions\redhat.java-1.45.0-win32-x64\server\plugins\org.eclipse.equinox.launcher_1.7.0.v20250519-0528.jar
Launcher Type: SUN_STANDARD

[Global flags]
    uintx AdaptiveSizePolicyWeight                 = 90                                        {product} {command line}
     intx CICompilerCount                          = 4                                         {product} {ergonomic}
    uintx GCTimeRatio                              = 4                                         {product} {command line}
     bool HeapDumpOnOutOfMemoryError               = true                                   {manageable} {command line}
    ccstr HeapDumpPath                             = c:\Users\nguye\AppData\Roaming\Cursor\User\workspaceStorage\11c61106e31d4dec7f53613e41bec7bf\redhat.java         {manageable} {command line}
   size_t InitialHeapSize                          = 104857600                                 {product} {command line}
   size_t MaxHeapSize                              = 2147483648                                {product} {command line}
   size_t MaxNewSize                               = 715653120                                 {product} {ergonomic}
   size_t MinHeapDeltaBytes                        = 524288                                    {product} {ergonomic}
   size_t MinHeapSize                              = 104857600                                 {product} {command line}
   size_t NewSize                                  = 34603008                                  {product} {ergonomic}
    uintx NonNMethodCodeHeapSize                   = 5839372                                {pd product} {ergonomic}
    uintx NonProfiledCodeHeapSize                  = 122909434                              {pd product} {ergonomic}
   size_t OldSize                                  = 70254592                                  {product} {ergonomic}
    uintx ProfiledCodeHeapSize                     = 122909434                              {pd product} {ergonomic}
    uintx ReservedCodeCacheSize                    = 251658240                              {pd product} {ergonomic}
     bool SegmentedCodeCache                       = true                                      {product} {ergonomic}
   size_t SoftMaxHeapSize                          = 2147483648                             {manageable} {ergonomic}
     bool UseCompressedOops                        = true                           {product lp64_product} {ergonomic}
     bool UseLargePagesIndividualAllocation        = false                                  {pd product} {ergonomic}
     bool UseParallelGC                            = true                                      {product} {command line}

Logging:
Log output configuration:
 #0: stdout all=off uptime,level,tags foldmultilines=false
 #1: stderr all=off uptime,level,tags foldmultilines=false

Environment Variables:
PATH=C:\Program Files\Common Files\Oracle\Java\javapath;C:\Python313\Scripts\;C:\Python313\;C:\xampp\php;C:\Program Files\Python312\Scripts\;C:\Program Files\Python312\;C:\Windows\system32;C:\Windows;C:\Windows\System32\Wbem;C:\Windows\System32\WindowsPowerShell\v1.0\;C:\Windows\System32\OpenSSH\;C:\Program Files (x86)\NVIDIA Corporation\PhysX\Common;C:\Program Files\NVIDIA Corporation\NVIDIA NvDLISR;C:\WINDOWS\system32;C:\WINDOWS;C:\WINDOWS\System32\Wbem;C:\WINDOWS\System32\WindowsPowerShell\v1.0\;C:\WINDOWS\System32\OpenSSH\;C:\MinGW\bin;C:\Program Files\Git\cmd;C:\Program Files (x86)\Microsoft SQL Server\160\Tools\Binn\;C:\Program Files\Microsoft SQL Server\160\Tools\Binn\;C:\Program Files\Microsoft SQL Server\Client SDK\ODBC\170\Tools\Binn\;C:\Program Files\Microsoft SQL Server\160\DTS\Binn\;C:\Program Files (x86)\Microsoft SQL Server\160\DTS\Binn\;C:\Program Files\Microsoft SQL Server\150\Tools\Binn\;C:\Program Files\Java\apache-maven-3.6.0\bin;C:\Program Files\Docker\Docker\resources\bin;C:\Gradle\bin;C:\ProgramData\chocolatey\bin;C:\Program Files\Java\jdk-17\bin;C:\Tools;C:\Program Files\nodejs\;C:\Program Files\MySQL\MySQL Shell 8.0\bin\;C:\Users\nguye\AppData\Local\Programs\Python\Launcher\;C:\Users\nguye\AppData\Local\Microsoft\WindowsApps;D:\Microsoft VS Code\bin;C:\Users\nguye\AppData\Roaming\Composer\vendor\bin;C:\Users\nguye\AppData\Local\Programs\cursor\resources\app\bin;C:\dart-sdk\bin;C:\flutter\bin;C:\Program Files\Java\jdk-17\bin;C:\Tools;C:\Users\nguye\AppData\Roaming\npm
USERNAME=nguye
OS=Windows_NT
PROCESSOR_IDENTIFIER=AMD64 Family 25 Model 80 Stepping 0, AuthenticAMD
TMP=C:\Users\nguye\AppData\Local\Temp
TEMP=C:\Users\nguye\AppData\Local\Temp




Periodic native trim disabled

---------------  S Y S T E M  ---------------

OS:
 Windows 11 , 64 bit Build 26100 (10.0.26100.1591)
OS uptime: 0 days 2:16 hours
Hyper-V role detected

CPU: total 12 (initial active 12) (12 cores per cpu, 2 threads per core) family 25 model 80 stepping 0 microcode 0xa50000c, cx8, cmov, fxsr, ht, mmx, 3dnowpref, sse, sse2, sse3, ssse3, sse4a, sse4.1, sse4.2, popcnt, lzcnt, tsc, tscinvbit, avx, avx2, aes, erms, clmul, bmi1, bmi2, adx, sha, fma, vzeroupper, clflush, clflushopt, hv, rdtscp, rdpid, fsrm, f16c, cet_ss
Processor Information for processor 0
  Max Mhz: 3301, Current Mhz: 2011, Mhz Limit: 3301
Processor Information for processor 1
  Max Mhz: 3301, Current Mhz: 3301, Mhz Limit: 3301
Processor Information for processor 2
  Max Mhz: 3301, Current Mhz: 2011, Mhz Limit: 3301
Processor Information for processor 3
  Max Mhz: 3301, Current Mhz: 3301, Mhz Limit: 3301
Processor Information for processor 4
  Max Mhz: 3301, Current Mhz: 3301, Mhz Limit: 3301
Processor Information for processor 5
  Max Mhz: 3301, Current Mhz: 2011, Mhz Limit: 3301
Processor Information for processor 6
  Max Mhz: 3301, Current Mhz: 2011, Mhz Limit: 3301
Processor Information for processor 7
  Max Mhz: 3301, Current Mhz: 3301, Mhz Limit: 3301
Processor Information for processor 8
  Max Mhz: 3301, Current Mhz: 3301, Mhz Limit: 3301
Processor Information for processor 9
  Max Mhz: 3301, Current Mhz: 2011, Mhz Limit: 3301
Processor Information for processor 10
  Max Mhz: 3301, Current Mhz: 3301, Mhz Limit: 3301
Processor Information for processor 11
  Max Mhz: 3301, Current Mhz: 2011, Mhz Limit: 3301

Memory: 4k page, system-wide physical 23916M (7678M free)
TotalPageFile size 23916M (AvailPageFile size 43M)
current process WorkingSet (physical memory assigned to process): 170M, peak: 170M
current process commit charge ("private bytes"): 306M, peak: 306M

vm_info: OpenJDK 64-Bit Server VM (21.0.8+9-LTS) for windows-amd64 JRE (21.0.8+9-LTS), built on 2025-07-15T00:00:00Z by "admin" with MS VC++ 17.7 (VS2022)

END.
