#
# There is insufficient memory for the Java Runtime Environment to continue.
# Native memory allocation (malloc) failed to allocate 1110752 bytes. Error detail: Chunk::new
# Possible reasons:
#   The system is out of physical RAM or swap space
#   This process is running with CompressedOops enabled, and the Java Heap may be blocking the growth of the native heap
# Possible solutions:
#   Reduce memory load on the system
#   Increase physical memory or swap space
#   Check if swap backing store is full
#   Decrease Java heap size (-Xmx/-Xms)
#   Decrease number of Java threads
#   Decrease Java thread stack sizes (-Xss)
#   Set larger code cache with -XX:ReservedCodeCacheSize=
#   JVM is running with Unscaled Compressed Oops mode in which the Java heap is
#     placed in the first 4GB address space. The Java Heap base address is the
#     maximum limit for the native heap growth. Please use -XX:HeapBaseMinAddress
#     to set the Java Heap base and to place the Java Heap above 4GB virtual address.
# This output file may be truncated or incomplete.
#
#  Out of Memory Error (arena.cpp:168), pid=11400, tid=22236
#
# JRE version: OpenJDK Runtime Environment Temurin-21.0.8+9 (21.0.8+9) (build 21.0.8+9-LTS)
# Java VM: OpenJDK 64-Bit Server VM Temurin-21.0.8+9 (21.0.8+9-LTS, mixed mode, sharing, tiered, compressed oops, compressed class ptrs, parallel gc, windows-amd64)
# No core dump will be written. Minidumps are not enabled by default on client versions of Windows
#

---------------  S U M M A R Y ------------

Command Line: --add-modules=ALL-SYSTEM --add-opens=java.base/java.util=ALL-UNNAMED --add-opens=java.base/java.lang=ALL-UNNAMED --add-opens=java.base/sun.nio.fs=ALL-UNNAMED -Declipse.application=org.eclipse.jdt.ls.core.id1 -Dosgi.bundles.defaultStartLevel=4 -Declipse.product=org.eclipse.jdt.ls.core.product -Djava.import.generatesMetadataFilesAtProjectRoot=false -DDetectVMInstallationsJob.disabled=true -Dfile.encoding=utf8 -XX:+UseParallelGC -XX:GCTimeRatio=4 -XX:AdaptiveSizePolicyWeight=90 -Dsun.zip.disableMemoryMapping=true -Xmx2G -Xms100m -Xlog:disable -javaagent:c:\Users\nguye\.cursor\extensions\redhat.java-1.45.0-win32-x64\lombok\lombok-1.18.39-4050.jar c:\Users\nguye\.cursor\extensions\redhat.java-1.45.0-win32-x64\server\plugins\org.eclipse.equinox.launcher_1.7.0.v20250519-0528.jar -configuration c:\Users\nguye\AppData\Roaming\Cursor\User\globalStorage\redhat.java\1.45.0\config_ss_win -data c:\Users\nguye\AppData\Roaming\Cursor\User\workspaceStorage\11c61106e31d4dec7f53613e41bec7bf\redhat.java\ss_ws --pipe=\\.\pipe\lsp-c5f7a085cea229c7be9f5ec0e94cda34-sock

Host: AMD Ryzen 5 5600H with Radeon Graphics         , 12 cores, 23G,  Windows 11 , 64 bit Build 26100 (10.0.26100.1591)
Time: Sat Sep 20 10:52:37 2025 SE Asia Standard Time elapsed time: 5.274345 seconds (0d 0h 0m 5s)

---------------  T H R E A D  ---------------

Current thread (0x00000188f253a9d0):  JavaThread "C2 CompilerThread0" daemon [_thread_in_native, id=22236, stack(0x0000003f36400000,0x0000003f36500000) (1024K)]


Current CompileTask:
C2:5274 2616       4       java.lang.invoke.MethodType::makeImpl (109 bytes)

Stack: [0x0000003f36400000,0x0000003f36500000]
Native frames: (J=compiled Java code, j=interpreted, Vv=VM code, C=native code)
V  [jvm.dll+0x6d2449]
V  [jvm.dll+0x8ae341]
V  [jvm.dll+0x8b08be]
V  [jvm.dll+0x8b0fa3]
V  [jvm.dll+0x280c96]
V  [jvm.dll+0xc581d]
V  [jvm.dll+0xc5d53]
V  [jvm.dll+0x3b919c]
V  [jvm.dll+0x1e1213]
V  [jvm.dll+0x249022]
V  [jvm.dll+0x2484af]
V  [jvm.dll+0x1c89ee]
V  [jvm.dll+0x257d4d]
V  [jvm.dll+0x2562ea]
V  [jvm.dll+0x3f2d16]
V  [jvm.dll+0x857e6b]
V  [jvm.dll+0x6d0b0d]
C  [ucrtbase.dll+0x14ea0]
C  [KERNEL32.DLL+0x2dbe7]
C  [ntdll.dll+0x85a6c]


---------------  P R O C E S S  ---------------

Threads class SMR info:
_java_thread_list=0x00000188f8584410, length=20, elements={
0x00000188d9c5f4b0, 0x00000188d9c0e030, 0x00000188f252a3d0, 0x00000188f252d2b0,
0x00000188f252dfd0, 0x00000188f252fa10, 0x00000188f252ecf0, 0x00000188f253a9d0,
0x00000188f2569cc0, 0x00000188f252d940, 0x00000188f252e660, 0x00000188f252f380,
0x00000188f25300a0, 0x00000188f252cc20, 0x00000188f788a340, 0x00000188f7889cb0,
0x00000188f788a9d0, 0x00000188f7887be0, 0x00000188f7888900, 0x00000188f788b6f0
}

Java Threads: ( => current thread )
  0x00000188d9c5f4b0 JavaThread "main"                              [_thread_blocked, id=23232, stack(0x0000003f35a00000,0x0000003f35b00000) (1024K)]
  0x00000188d9c0e030 JavaThread "Reference Handler"          daemon [_thread_blocked, id=17084, stack(0x0000003f35e00000,0x0000003f35f00000) (1024K)]
  0x00000188f252a3d0 JavaThread "Finalizer"                  daemon [_thread_blocked, id=11204, stack(0x0000003f35f00000,0x0000003f36000000) (1024K)]
  0x00000188f252d2b0 JavaThread "Signal Dispatcher"          daemon [_thread_blocked, id=10912, stack(0x0000003f36000000,0x0000003f36100000) (1024K)]
  0x00000188f252dfd0 JavaThread "Attach Listener"            daemon [_thread_blocked, id=13064, stack(0x0000003f36100000,0x0000003f36200000) (1024K)]
  0x00000188f252fa10 JavaThread "Service Thread"             daemon [_thread_blocked, id=5724, stack(0x0000003f36200000,0x0000003f36300000) (1024K)]
  0x00000188f252ecf0 JavaThread "Monitor Deflation Thread"   daemon [_thread_blocked, id=12188, stack(0x0000003f36300000,0x0000003f36400000) (1024K)]
=>0x00000188f253a9d0 JavaThread "C2 CompilerThread0"         daemon [_thread_in_native, id=22236, stack(0x0000003f36400000,0x0000003f36500000) (1024K)]
  0x00000188f2569cc0 JavaThread "C1 CompilerThread0"         daemon [_thread_blocked, id=12184, stack(0x0000003f36500000,0x0000003f36600000) (1024K)]
  0x00000188f252d940 JavaThread "Common-Cleaner"             daemon [_thread_blocked, id=13052, stack(0x0000003f36600000,0x0000003f36700000) (1024K)]
  0x00000188f252e660 JavaThread "Notification Thread"        daemon [_thread_blocked, id=21664, stack(0x0000003f36800000,0x0000003f36900000) (1024K)]
  0x00000188f252f380 JavaThread "Active Thread: Equinox Container: 4ec6096e-80f6-4768-8e44-3f772d185505"        [_thread_blocked, id=12916, stack(0x0000003f37000000,0x0000003f37100000) (1024K)]
  0x00000188f25300a0 JavaThread "Framework Event Dispatcher: Equinox Container: 4ec6096e-80f6-4768-8e44-3f772d185505" daemon [_thread_blocked, id=20872, stack(0x0000003f37100000,0x0000003f37200000) (1024K)]
  0x00000188f252cc20 JavaThread "Start Level: Equinox Container: 4ec6096e-80f6-4768-8e44-3f772d185505" daemon [_thread_in_Java, id=1764, stack(0x0000003f37200000,0x0000003f37300000) (1024K)]
  0x00000188f788a340 JavaThread "SCR Component Actor"        daemon [_thread_blocked, id=19964, stack(0x0000003f37400000,0x0000003f37500000) (1024K)]
  0x00000188f7889cb0 JavaThread "SCR Component Registry"     daemon [_thread_blocked, id=13196, stack(0x0000003f37500000,0x0000003f37600000) (1024K)]
  0x00000188f788a9d0 JavaThread "Worker-JM"                         [_thread_blocked, id=10580, stack(0x0000003f37600000,0x0000003f37700000) (1024K)]
  0x00000188f7887be0 JavaThread "JNA Cleaner"                daemon [_thread_blocked, id=9232, stack(0x0000003f36900000,0x0000003f36a00000) (1024K)]
  0x00000188f7888900 JavaThread "Worker-0"                          [_thread_blocked, id=23452, stack(0x0000003f37900000,0x0000003f37a00000) (1024K)]
  0x00000188f788b6f0 JavaThread "Worker-1"                          [_thread_blocked, id=15540, stack(0x0000003f37a00000,0x0000003f37b00000) (1024K)]
Total: 20

Other Threads:
  0x00000188d77324a0 VMThread "VM Thread"                           [id=21204, stack(0x0000003f35d00000,0x0000003f35e00000) (1024K)]
  0x00000188d9aeca00 WatcherThread "VM Periodic Task Thread"        [id=11316, stack(0x0000003f35c00000,0x0000003f35d00000) (1024K)]
  0x00000188d7731d60 WorkerThread "GC Thread#0"                     [id=14984, stack(0x0000003f35b00000,0x0000003f35c00000) (1024K)]
  0x00000188d7732100 WorkerThread "GC Thread#1"                     [id=7640, stack(0x0000003f36a00000,0x0000003f36b00000) (1024K)]
  0x00000188d7732840 WorkerThread "GC Thread#2"                     [id=7632, stack(0x0000003f36b00000,0x0000003f36c00000) (1024K)]
  0x00000188f79b1810 WorkerThread "GC Thread#3"                     [id=11016, stack(0x0000003f36c00000,0x0000003f36d00000) (1024K)]
  0x00000188f79b1f50 WorkerThread "GC Thread#4"                     [id=13368, stack(0x0000003f36d00000,0x0000003f36e00000) (1024K)]
  0x00000188f79b0d30 WorkerThread "GC Thread#5"                     [id=13364, stack(0x0000003f36e00000,0x0000003f36f00000) (1024K)]
  0x00000188f79b1bb0 WorkerThread "GC Thread#6"                     [id=13372, stack(0x0000003f36f00000,0x0000003f37000000) (1024K)]
  0x00000188f79b10d0 WorkerThread "GC Thread#7"                     [id=13744, stack(0x0000003f37300000,0x0000003f37400000) (1024K)]
  0x00000188f79b05f0 WorkerThread "GC Thread#8"                     [id=21972, stack(0x0000003f37700000,0x0000003f37800000) (1024K)]
  0x00000188f79afb10 WorkerThread "GC Thread#9"                     [id=15228, stack(0x0000003f37800000,0x0000003f37900000) (1024K)]
Total: 12

Threads with active compile tasks:
C2 CompilerThread0  5295 2616       4       java.lang.invoke.MethodType::makeImpl (109 bytes)
C1 CompilerThread0  5295 2704       3       org.lombokweb.asm.ByteVector::putUTF8 (144 bytes)
Total: 2

VM state: not at safepoint (normal execution)

VM Mutex/Monitor currently owned by a thread: None

Heap address: 0x0000000080000000, size: 2048 MB, Compressed Oops mode: 32-bit

CDS archive(s) mapped at: [0x0000018880000000-0x0000018880ba0000-0x0000018880ba0000), size 12189696, SharedBaseAddress: 0x0000018880000000, ArchiveRelocationMode: 1.
Compressed class space mapped at: 0x0000018881000000-0x00000188c1000000, reserved size: 1073741824
Narrow klass base: 0x0000018880000000, Narrow klass shift: 0, Narrow klass range: 0x100000000

GC Precious Log:
 CardTable entry size: 512
 CPUs: 12 total, 12 available
 Memory: 23916M
 Large Page Support: Disabled
 NUMA Support: Disabled
 Compressed Oops: Enabled (32-bit)
 Alignments: Space 512K, Generation 512K, Heap 2M
 Heap Min Capacity: 100M
 Heap Initial Capacity: 100M
 Heap Max Capacity: 2G
 Pre-touch: Disabled
 Parallel Workers: 10

Heap:
 PSYoungGen      total 29696K, used 25514K [0x00000000d5580000, 0x00000000d7680000, 0x0000000100000000)
  eden space 25600K, 84% used [0x00000000d5580000,0x00000000d6abdce0,0x00000000d6e80000)
  from space 4096K, 99% used [0x00000000d7280000,0x00000000d767c820,0x00000000d7680000)
  to   space 4096K, 0% used [0x00000000d6e80000,0x00000000d6e80000,0x00000000d7280000)
 ParOldGen       total 68608K, used 5935K [0x0000000080000000, 0x0000000084300000, 0x00000000d5580000)
  object space 68608K, 8% used [0x0000000080000000,0x00000000805cbf18,0x0000000084300000)
 Metaspace       used 18905K, committed 19584K, reserved 1114112K
  class space    used 1875K, committed 2176K, reserved 1048576K

Card table byte_map: [0x00000188d9600000,0x00000188d9a10000] _byte_map_base: 0x00000188d9200000

Marking Bits: (ParMarkBitMap*) 0x00007fffbb9ea340
 Begin Bits: [0x00000188ec100000, 0x00000188ee100000)
 End Bits:   [0x00000188ee100000, 0x00000188f0100000)

Polling page: 0x00000188d7a80000

Metaspace:

Usage:
  Non-class:     16.63 MB used.
      Class:      1.83 MB used.
       Both:     18.46 MB used.

Virtual space:
  Non-class space:       64.00 MB reserved,      17.00 MB ( 27%) committed,  1 nodes.
      Class space:        1.00 GB reserved,       2.12 MB ( <1%) committed,  1 nodes.
             Both:        1.06 GB reserved,      19.12 MB (  2%) committed. 

Chunk freelists:
   Non-Class:  14.50 MB
       Class:  13.69 MB
        Both:  28.19 MB

MaxMetaspaceSize: unlimited
CompressedClassSpaceSize: 1.00 GB
Initial GC threshold: 21.00 MB
Current GC threshold: 21.00 MB
CDS: on
 - commit_granule_bytes: 65536.
 - commit_granule_words: 8192.
 - virtual_space_node_default_size: 8388608.
 - enlarge_chunks_in_place: 1.
 - use_allocation_guard: 0.


Internal statistics:

num_allocs_failed_limit: 0.
num_arena_births: 504.
num_arena_deaths: 0.
num_vsnodes_births: 2.
num_vsnodes_deaths: 0.
num_space_committed: 306.
num_space_uncommitted: 0.
num_chunks_returned_to_freelist: 0.
num_chunks_taken_from_freelist: 1210.
num_chunk_merges: 0.
num_chunk_splits: 774.
num_chunks_enlarged: 493.
num_inconsistent_stats: 0.

CodeHeap 'non-profiled nmethods': size=120000Kb used=1118Kb max_used=1118Kb free=118881Kb
 bounds [0x00000188e4920000, 0x00000188e4b90000, 0x00000188ebe50000]
CodeHeap 'profiled nmethods': size=120000Kb used=5260Kb max_used=5260Kb free=114739Kb
 bounds [0x00000188dce50000, 0x00000188dd380000, 0x00000188e4380000]
CodeHeap 'non-nmethods': size=5760Kb used=1271Kb max_used=1299Kb free=4488Kb
 bounds [0x00000188e4380000, 0x00000188e45f0000, 0x00000188e4920000]
CodeCache: size=245760Kb, used=7649Kb, max_used=7677Kb, free=238108Kb
 total_blobs=3248, nmethods=2699, adapters=455, full_count=0
Compilation: enabled, stopped_count=0, restarted_count=0

Compilation events (20 events):
Event: 3.183 Thread 0x00000188f82bbc40 nmethod 2690 0x00000188e4a36910 code [0x00000188e4a36ae0, 0x00000188e4a36eb0]
Event: 3.183 Thread 0x00000188f7b2b050 nmethod 2670 0x00000188e4a37210 code [0x00000188e4a373c0, 0x00000188e4a37548]
Event: 3.189 Thread 0x00000188f2569cc0 2695       3       jdk.internal.misc.CDS::isDumpingArchive (4 bytes)
Event: 3.189 Thread 0x00000188f2569cc0 nmethod 2695 0x00000188dd36ce90 code [0x00000188dd36d020, 0x00000188dd36d110]
Event: 3.207 Thread 0x00000188f2569cc0 2696       3       java.util.ArrayDeque::circularClear (43 bytes)
Event: 3.207 Thread 0x00000188f2569cc0 nmethod 2696 0x00000188dd36d190 code [0x00000188dd36d360, 0x00000188dd36d760]
Event: 3.208 Thread 0x00000188f2569cc0 2697       3       org.lombokweb.asm.SymbolTable::addConstantIntegerOrFloat (21 bytes)
Event: 3.208 Thread 0x00000188f2569cc0 nmethod 2697 0x00000188dd36d910 code [0x00000188dd36dae0, 0x00000188dd36dd48]
Event: 3.208 Thread 0x00000188f2569cc0 2698       3       org.lombokweb.asm.SymbolTable::addConstant (317 bytes)
Event: 4.223 Thread 0x00000188f2569cc0 nmethod 2698 0x00000188dd36de90 code [0x00000188dd36e440, 0x00000188dd371590]
Event: 4.223 Thread 0x00000188f2569cc0 2701       3       java.util.concurrent.TimeUnit::toNanos (45 bytes)
Event: 4.223 Thread 0x00000188f2569cc0 nmethod 2701 0x00000188dd372010 code [0x00000188dd3721c0, 0x00000188dd372410]
Event: 4.223 Thread 0x00000188f2569cc0 2700       3       org.lombokweb.asm.SymbolTable::addConstantInteger (7 bytes)
Event: 4.223 Thread 0x00000188f2569cc0 nmethod 2700 0x00000188dd372490 code [0x00000188dd372640, 0x00000188dd372788]
Event: 4.223 Thread 0x00000188f2569cc0 2699       1       lombok.patcher.scripts.AddFieldScript::access$0 (5 bytes)
Event: 4.224 Thread 0x00000188f2569cc0 nmethod 2699 0x00000188e4a37790 code [0x00000188e4a37920, 0x00000188e4a379d0]
Event: 4.804 Thread 0x00000188f2569cc0 2702       3       java.util.concurrent.Semaphore$NonfairSync::tryAcquireShared (6 bytes)
Event: 4.804 Thread 0x00000188f2569cc0 nmethod 2702 0x00000188dd372810 code [0x00000188dd3729c0, 0x00000188dd372af8]
Event: 4.804 Thread 0x00000188f2569cc0 2703       3       java.util.concurrent.Semaphore$Sync::nonfairTryAcquireShared (27 bytes)
Event: 4.804 Thread 0x00000188f2569cc0 nmethod 2703 0x00000188dd372b90 code [0x00000188dd372d40, 0x00000188dd372f90]

GC Heap History (8 events):
Event: 1.545 GC heap before
{Heap before GC invocations=1 (full 0):
 PSYoungGen      total 29696K, used 25600K [0x00000000d5580000, 0x00000000d7680000, 0x0000000100000000)
  eden space 25600K, 100% used [0x00000000d5580000,0x00000000d6e80000,0x00000000d6e80000)
  from space 4096K, 0% used [0x00000000d7280000,0x00000000d7280000,0x00000000d7680000)
  to   space 4096K, 0% used [0x00000000d6e80000,0x00000000d6e80000,0x00000000d7280000)
 ParOldGen       total 68608K, used 0K [0x0000000080000000, 0x0000000084300000, 0x00000000d5580000)
  object space 68608K, 0% used [0x0000000080000000,0x0000000080000000,0x0000000084300000)
 Metaspace       used 4263K, committed 4544K, reserved 1114112K
  class space    used 469K, committed 576K, reserved 1048576K
}
Event: 1.549 GC heap after
{Heap after GC invocations=1 (full 0):
 PSYoungGen      total 29696K, used 3328K [0x00000000d5580000, 0x00000000d7680000, 0x0000000100000000)
  eden space 25600K, 0% used [0x00000000d5580000,0x00000000d5580000,0x00000000d6e80000)
  from space 4096K, 81% used [0x00000000d6e80000,0x00000000d71c00d8,0x00000000d7280000)
  to   space 4096K, 0% used [0x00000000d7280000,0x00000000d7280000,0x00000000d7680000)
 ParOldGen       total 68608K, used 16K [0x0000000080000000, 0x0000000084300000, 0x00000000d5580000)
  object space 68608K, 0% used [0x0000000080000000,0x0000000080004000,0x0000000084300000)
 Metaspace       used 4263K, committed 4544K, reserved 1114112K
  class space    used 469K, committed 576K, reserved 1048576K
}
Event: 1.882 GC heap before
{Heap before GC invocations=2 (full 0):
 PSYoungGen      total 29696K, used 28928K [0x00000000d5580000, 0x00000000d7680000, 0x0000000100000000)
  eden space 25600K, 100% used [0x00000000d5580000,0x00000000d6e80000,0x00000000d6e80000)
  from space 4096K, 81% used [0x00000000d6e80000,0x00000000d71c00d8,0x00000000d7280000)
  to   space 4096K, 0% used [0x00000000d7280000,0x00000000d7280000,0x00000000d7680000)
 ParOldGen       total 68608K, used 16K [0x0000000080000000, 0x0000000084300000, 0x00000000d5580000)
  object space 68608K, 0% used [0x0000000080000000,0x0000000080004000,0x0000000084300000)
 Metaspace       used 8114K, committed 8448K, reserved 1114112K
  class space    used 867K, committed 1024K, reserved 1048576K
}
Event: 1.885 GC heap after
{Heap after GC invocations=2 (full 0):
 PSYoungGen      total 29696K, used 4077K [0x00000000d5580000, 0x00000000d7680000, 0x0000000100000000)
  eden space 25600K, 0% used [0x00000000d5580000,0x00000000d5580000,0x00000000d6e80000)
  from space 4096K, 99% used [0x00000000d7280000,0x00000000d767b5e8,0x00000000d7680000)
  to   space 4096K, 0% used [0x00000000d6e80000,0x00000000d6e80000,0x00000000d7280000)
 ParOldGen       total 68608K, used 930K [0x0000000080000000, 0x0000000084300000, 0x00000000d5580000)
  object space 68608K, 1% used [0x0000000080000000,0x00000000800e8880,0x0000000084300000)
 Metaspace       used 8114K, committed 8448K, reserved 1114112K
  class space    used 867K, committed 1024K, reserved 1048576K
}
Event: 2.242 GC heap before
{Heap before GC invocations=3 (full 0):
 PSYoungGen      total 29696K, used 29677K [0x00000000d5580000, 0x00000000d7680000, 0x0000000100000000)
  eden space 25600K, 100% used [0x00000000d5580000,0x00000000d6e80000,0x00000000d6e80000)
  from space 4096K, 99% used [0x00000000d7280000,0x00000000d767b5e8,0x00000000d7680000)
  to   space 4096K, 0% used [0x00000000d6e80000,0x00000000d6e80000,0x00000000d7280000)
 ParOldGen       total 68608K, used 930K [0x0000000080000000, 0x0000000084300000, 0x00000000d5580000)
  object space 68608K, 1% used [0x0000000080000000,0x00000000800e8880,0x0000000084300000)
 Metaspace       used 12915K, committed 13440K, reserved 1114112K
  class space    used 1370K, committed 1600K, reserved 1048576K
}
Event: 2.245 GC heap after
{Heap after GC invocations=3 (full 0):
 PSYoungGen      total 29696K, used 4090K [0x00000000d5580000, 0x00000000d7680000, 0x0000000100000000)
  eden space 25600K, 0% used [0x00000000d5580000,0x00000000d5580000,0x00000000d6e80000)
  from space 4096K, 99% used [0x00000000d6e80000,0x00000000d727e810,0x00000000d7280000)
  to   space 4096K, 0% used [0x00000000d7280000,0x00000000d7280000,0x00000000d7680000)
 ParOldGen       total 68608K, used 2775K [0x0000000080000000, 0x0000000084300000, 0x00000000d5580000)
  object space 68608K, 4% used [0x0000000080000000,0x00000000802b5c98,0x0000000084300000)
 Metaspace       used 12915K, committed 13440K, reserved 1114112K
  class space    used 1370K, committed 1600K, reserved 1048576K
}
Event: 3.092 GC heap before
{Heap before GC invocations=4 (full 0):
 PSYoungGen      total 29696K, used 29690K [0x00000000d5580000, 0x00000000d7680000, 0x0000000100000000)
  eden space 25600K, 100% used [0x00000000d5580000,0x00000000d6e80000,0x00000000d6e80000)
  from space 4096K, 99% used [0x00000000d6e80000,0x00000000d727e810,0x00000000d7280000)
  to   space 4096K, 0% used [0x00000000d7280000,0x00000000d7280000,0x00000000d7680000)
 ParOldGen       total 68608K, used 2775K [0x0000000080000000, 0x0000000084300000, 0x00000000d5580000)
  object space 68608K, 4% used [0x0000000080000000,0x00000000802b5c98,0x0000000084300000)
 Metaspace       used 16395K, committed 17088K, reserved 1114112K
  class space    used 1725K, committed 2048K, reserved 1048576K
}
Event: 3.096 GC heap after
{Heap after GC invocations=4 (full 0):
 PSYoungGen      total 29696K, used 4082K [0x00000000d5580000, 0x00000000d7680000, 0x0000000100000000)
  eden space 25600K, 0% used [0x00000000d5580000,0x00000000d5580000,0x00000000d6e80000)
  from space 4096K, 99% used [0x00000000d7280000,0x00000000d767c820,0x00000000d7680000)
  to   space 4096K, 0% used [0x00000000d6e80000,0x00000000d6e80000,0x00000000d7280000)
 ParOldGen       total 68608K, used 5935K [0x0000000080000000, 0x0000000084300000, 0x00000000d5580000)
  object space 68608K, 8% used [0x0000000080000000,0x00000000805cbf18,0x0000000084300000)
 Metaspace       used 16395K, committed 17088K, reserved 1114112K
  class space    used 1725K, committed 2048K, reserved 1048576K
}

Dll operation events (10 events):
Event: 0.007 Loaded shared library c:\Users\nguye\.cursor\extensions\redhat.java-1.45.0-win32-x64\jre\21.0.8-win32-x86_64\bin\java.dll
Event: 1.093 Loaded shared library c:\Users\nguye\.cursor\extensions\redhat.java-1.45.0-win32-x64\jre\21.0.8-win32-x86_64\bin\zip.dll
Event: 1.109 Loaded shared library C:\Users\nguye\.cursor\extensions\redhat.java-1.45.0-win32-x64\jre\21.0.8-win32-x86_64\bin\instrument.dll
Event: 1.113 Loaded shared library C:\Users\nguye\.cursor\extensions\redhat.java-1.45.0-win32-x64\jre\21.0.8-win32-x86_64\bin\net.dll
Event: 1.114 Loaded shared library C:\Users\nguye\.cursor\extensions\redhat.java-1.45.0-win32-x64\jre\21.0.8-win32-x86_64\bin\nio.dll
Event: 1.117 Loaded shared library C:\Users\nguye\.cursor\extensions\redhat.java-1.45.0-win32-x64\jre\21.0.8-win32-x86_64\bin\zip.dll
Event: 1.129 Loaded shared library C:\Users\nguye\.cursor\extensions\redhat.java-1.45.0-win32-x64\jre\21.0.8-win32-x86_64\bin\jimage.dll
Event: 1.190 Loaded shared library c:\Users\nguye\.cursor\extensions\redhat.java-1.45.0-win32-x64\jre\21.0.8-win32-x86_64\bin\verify.dll
Event: 1.871 Loaded shared library C:\Users\nguye\AppData\Roaming\Cursor\User\globalStorage\redhat.java\1.45.0\config_ss_win\org.eclipse.equinox.launcher\org.eclipse.equinox.launcher.win32.win32.x86_64_1.2.1400.v20250801-0854\eclipse_11916.dll
Event: 2.902 Loaded shared library C:\Users\nguye\AppData\Local\Temp\jna-104772072\jna14346345657995842437.dll

Deoptimization events (20 events):
Event: 3.078 Thread 0x00000188f252cc20 Uncommon trap: trap_request=0xffffff45 fr.pc=0x00000188e4a14fc0 relative=0x0000000000000b00
Event: 3.078 Thread 0x00000188f252cc20 Uncommon trap: reason=unstable_if action=reinterpret pc=0x00000188e4a14fc0 method=jdk.internal.org.objectweb.asm.Frame.execute(IILjdk/internal/org/objectweb/asm/Symbol;Ljdk/internal/org/objectweb/asm/SymbolTable;)V @ 1 c2
Event: 3.078 Thread 0x00000188f252cc20 DEOPT PACKING pc=0x00000188e4a14fc0 sp=0x0000003f372f7de0
Event: 3.078 Thread 0x00000188f252cc20 DEOPT UNPACKING pc=0x00000188e43d3aa2 sp=0x0000003f372f7d68 mode 2
Event: 3.089 Thread 0x00000188f252cc20 Uncommon trap: trap_request=0xffffffde fr.pc=0x00000188e4a0a214 relative=0x00000000000003b4
Event: 3.089 Thread 0x00000188f252cc20 Uncommon trap: reason=class_check action=maybe_recompile pc=0x00000188e4a0a214 method=java.util.regex.Pattern$BmpCharPropertyGreedy.match(Ljava/util/regex/Matcher;ILjava/lang/CharSequence;)Z @ 70 c2
Event: 3.089 Thread 0x00000188f252cc20 DEOPT PACKING pc=0x00000188e4a0a214 sp=0x0000003f372f31d0
Event: 3.089 Thread 0x00000188f252cc20 DEOPT UNPACKING pc=0x00000188e43d3aa2 sp=0x0000003f372f3178 mode 2
Event: 3.089 Thread 0x00000188f252cc20 Uncommon trap: trap_request=0xffffffde fr.pc=0x00000188e4a0a214 relative=0x00000000000003b4
Event: 3.089 Thread 0x00000188f252cc20 Uncommon trap: reason=class_check action=maybe_recompile pc=0x00000188e4a0a214 method=java.util.regex.Pattern$BmpCharPropertyGreedy.match(Ljava/util/regex/Matcher;ILjava/lang/CharSequence;)Z @ 70 c2
Event: 3.089 Thread 0x00000188f252cc20 DEOPT PACKING pc=0x00000188e4a0a214 sp=0x0000003f372f3020
Event: 3.089 Thread 0x00000188f252cc20 DEOPT UNPACKING pc=0x00000188e43d3aa2 sp=0x0000003f372f2fc8 mode 2
Event: 3.089 Thread 0x00000188f252cc20 Uncommon trap: trap_request=0xffffffde fr.pc=0x00000188e4a0a214 relative=0x00000000000003b4
Event: 3.089 Thread 0x00000188f252cc20 Uncommon trap: reason=class_check action=maybe_recompile pc=0x00000188e4a0a214 method=java.util.regex.Pattern$BmpCharPropertyGreedy.match(Ljava/util/regex/Matcher;ILjava/lang/CharSequence;)Z @ 70 c2
Event: 3.089 Thread 0x00000188f252cc20 DEOPT PACKING pc=0x00000188e4a0a214 sp=0x0000003f372f31e0
Event: 3.089 Thread 0x00000188f252cc20 DEOPT UNPACKING pc=0x00000188e43d3aa2 sp=0x0000003f372f3188 mode 2
Event: 3.089 Thread 0x00000188f252cc20 Uncommon trap: trap_request=0xffffffde fr.pc=0x00000188e4a0a214 relative=0x00000000000003b4
Event: 3.089 Thread 0x00000188f252cc20 Uncommon trap: reason=class_check action=maybe_recompile pc=0x00000188e4a0a214 method=java.util.regex.Pattern$BmpCharPropertyGreedy.match(Ljava/util/regex/Matcher;ILjava/lang/CharSequence;)Z @ 70 c2
Event: 3.089 Thread 0x00000188f252cc20 DEOPT PACKING pc=0x00000188e4a0a214 sp=0x0000003f372f3030
Event: 3.089 Thread 0x00000188f252cc20 DEOPT UNPACKING pc=0x00000188e43d3aa2 sp=0x0000003f372f2fd8 mode 2

Classes loaded (20 events):
Event: 3.114 Loading class java/io/StringReader
Event: 3.114 Loading class java/io/StringReader done
Event: 3.115 Loading class java/util/zip/GZIPInputStream
Event: 3.116 Loading class java/util/zip/GZIPInputStream done
Event: 3.119 Loading class java/net/SocketTimeoutException
Event: 3.119 Loading class java/io/InterruptedIOException
Event: 3.119 Loading class java/io/InterruptedIOException done
Event: 3.119 Loading class java/net/SocketTimeoutException done
Event: 3.119 Loading class java/net/SocketException
Event: 3.119 Loading class java/net/SocketException done
Event: 3.119 Loading class java/net/UnknownHostException
Event: 3.119 Loading class java/net/UnknownHostException done
Event: 3.119 Loading class java/net/ProtocolException
Event: 3.119 Loading class java/net/ProtocolException done
Event: 3.136 Loading class java/lang/ThreadLocal$SuppliedThreadLocal
Event: 3.136 Loading class java/lang/ThreadLocal$SuppliedThreadLocal done
Event: 3.144 Loading class java/io/FileWriter
Event: 3.144 Loading class java/io/FileWriter done
Event: 3.146 Loading class java/lang/NegativeArraySizeException
Event: 3.146 Loading class java/lang/NegativeArraySizeException done

Classes unloaded (0 events):
No events

Classes redefined (0 events):
No events

Internal exceptions (20 events):
Event: 2.924 Thread 0x00000188f252cc20 Exception <a 'java/lang/NoSuchMethodError'{0x00000000d6716d88}: 'void java.lang.invoke.DirectMethodHandle$Holder.invokeSpecial(java.lang.Object, java.lang.Object, java.lang.Object, int)'> (0x00000000d6716d88) 
thrown [s\src\hotspot\share\interpreter\linkResolver.cpp, line 773]
Event: 2.924 Thread 0x00000188f252cc20 Exception <a 'java/lang/NoSuchMethodError'{0x00000000d671a718}: 'void java.lang.invoke.DelegatingMethodHandle$Holder.reinvoke_L(java.lang.Object, java.lang.Object, int)'> (0x00000000d671a718) 
thrown [s\src\hotspot\share\interpreter\linkResolver.cpp, line 773]
Event: 2.924 Thread 0x00000188f252cc20 Exception <a 'java/lang/NoSuchMethodError'{0x00000000d6721400}: 'int java.lang.invoke.Invokers$Holder.invokeExact_MT(java.lang.Object, java.lang.Object, java.lang.Object)'> (0x00000000d6721400) 
thrown [s\src\hotspot\share\interpreter\linkResolver.cpp, line 773]
Event: 2.944 Thread 0x00000188f252cc20 Exception <a 'java/lang/NoSuchMethodError'{0x00000000d682c968}: 'void java.lang.invoke.Invokers$Holder.invokeExact_MT(java.lang.Object, java.lang.Object, int, java.lang.Object)'> (0x00000000d682c968) 
thrown [s\src\hotspot\share\interpreter\linkResolver.cpp, line 773]
Event: 2.971 Thread 0x00000188f252cc20 Exception <a 'java/lang/NoSuchMethodError'{0x00000000d692d458}: 'java.lang.Object java.lang.invoke.DirectMethodHandle$Holder.invokeSpecial(java.lang.Object, java.lang.Object, java.lang.Object, long, java.lang.Object)'> (0x00000000d692d458) 
thrown [s\src\hotspot\share\interpreter\linkResolver.cpp, line 773]
Event: 2.971 Thread 0x00000188f252cc20 Exception <a 'java/lang/NoSuchMethodError'{0x00000000d6934ca0}: 'java.lang.Object java.lang.invoke.DirectMethodHandle$Holder.newInvokeSpecial(java.lang.Object, java.lang.Object, java.lang.Object, long)'> (0x00000000d6934ca0) 
thrown [s\src\hotspot\share\interpreter\linkResolver.cpp, line 773]
Event: 2.972 Thread 0x00000188f252cc20 Exception <a 'java/lang/NoSuchMethodError'{0x00000000d6939090}: 'java.lang.Object java.lang.invoke.DirectMethodHandle$Holder.invokeSpecial(java.lang.Object, java.lang.Object, java.lang.Object, java.lang.Object, long)'> (0x00000000d6939090) 
thrown [s\src\hotspot\share\interpreter\linkResolver.cpp, line 773]
Event: 2.972 Thread 0x00000188f252cc20 Exception <a 'java/lang/NoSuchMethodError'{0x00000000d693cf00}: 'java.lang.Object java.lang.invoke.Invokers$Holder.linkToTargetMethod(java.lang.Object, java.lang.Object, long, java.lang.Object)'> (0x00000000d693cf00) 
thrown [s\src\hotspot\share\interpreter\linkResolver.cpp, line 773]
Event: 2.983 Thread 0x00000188f252cc20 Exception <a 'java/lang/NoSuchMethodError'{0x00000000d69ae8e8}: 'int java.lang.invoke.DirectMethodHandle$Holder.invokeStaticInit(java.lang.Object, java.lang.Object, java.lang.Object)'> (0x00000000d69ae8e8) 
thrown [s\src\hotspot\share\interpreter\linkResolver.cpp, line 773]
Event: 2.998 Thread 0x00000188f252cc20 Exception <a 'java/lang/IncompatibleClassChangeError'{0x00000000d6a378b0}: Found class java.lang.Object, but interface was expected> (0x00000000d6a378b0) 
thrown [s\src\hotspot\share\interpreter\linkResolver.cpp, line 840]
Event: 3.003 Thread 0x00000188f252cc20 Exception <a 'java/lang/NoSuchMethodError'{0x00000000d6a49f50}: 'java.lang.Object java.lang.invoke.DirectMethodHandle$Holder.invokeSpecial(java.lang.Object, java.lang.Object, java.lang.Object, int, java.lang.Object, java.lang.Object)'> (0x00000000d6a49f50) 
thrown [s\src\hotspot\share\interpreter\linkResolver.cpp, line 773]
Event: 3.003 Thread 0x00000188f252cc20 Exception <a 'java/lang/NoSuchMethodError'{0x00000000d6a51a28}: 'java.lang.Object java.lang.invoke.DirectMethodHandle$Holder.newInvokeSpecial(java.lang.Object, java.lang.Object, java.lang.Object, int, java.lang.Object)'> (0x00000000d6a51a28) 
thrown [s\src\hotspot\share\interpreter\linkResolver.cpp, line 773]
Event: 3.004 Thread 0x00000188f252cc20 Exception <a 'java/lang/NoSuchMethodError'{0x00000000d6a559e8}: 'java.lang.Object java.lang.invoke.DirectMethodHandle$Holder.invokeSpecial(java.lang.Object, java.lang.Object, java.lang.Object, java.lang.Object, int, java.lang.Object)'> (0x00000000d6a559e8) 
thrown [s\src\hotspot\share\interpreter\linkResolver.cpp, line 773]
Event: 3.004 Thread 0x00000188f252cc20 Exception <a 'java/lang/NoSuchMethodError'{0x00000000d6a59528}: 'java.lang.Object java.lang.invoke.Invokers$Holder.linkToTargetMethod(java.lang.Object, java.lang.Object, int, java.lang.Object, java.lang.Object)'> (0x00000000d6a59528) 
thrown [s\src\hotspot\share\interpreter\linkResolver.cpp, line 773]
Event: 3.004 Thread 0x00000188f7888900 Exception <a 'java/lang/NoSuchMethodError'{0x00000000d69771d8}: 'java.lang.Object java.lang.invoke.DirectMethodHandle$Holder.invokeSpecial(java.lang.Object, java.lang.Object, int, java.lang.Object, java.lang.Object)'> (0x00000000d69771d8) 
thrown [s\src\hotspot\share\interpreter\linkResolver.cpp, line 773]
Event: 3.005 Thread 0x00000188f7888900 Exception <a 'java/lang/NoSuchMethodError'{0x00000000d697df10}: 'java.lang.Object java.lang.invoke.DirectMethodHandle$Holder.newInvokeSpecial(java.lang.Object, java.lang.Object, int, java.lang.Object)'> (0x00000000d697df10) 
thrown [s\src\hotspot\share\interpreter\linkResolver.cpp, line 773]
Event: 3.006 Thread 0x00000188f7888900 Exception <a 'java/lang/NoSuchMethodError'{0x00000000d6981830}: 'java.lang.Object java.lang.invoke.DirectMethodHandle$Holder.invokeSpecial(java.lang.Object, java.lang.Object, java.lang.Object, int, java.lang.Object)'> (0x00000000d6981830) 
thrown [s\src\hotspot\share\interpreter\linkResolver.cpp, line 773]
Event: 3.036 Thread 0x00000188f252cc20 Exception <a 'java/lang/NoSuchMethodError'{0x00000000d6b764a8}: 'void java.lang.invoke.DirectMethodHandle$Holder.invokeSpecial(java.lang.Object, java.lang.Object, java.lang.Object, java.lang.Object, java.lang.Object)'> (0x00000000d6b764a8) 
thrown [s\src\hotspot\share\interpreter\linkResolver.cpp, line 773]
Event: 3.078 Thread 0x00000188f252cc20 Exception <a 'java/lang/NoSuchMethodError'{0x00000000d6d9a5f0}: 'double java.lang.invoke.DirectMethodHandle$Holder.invokeStatic(java.lang.Object, java.lang.Object)'> (0x00000000d6d9a5f0) 
thrown [s\src\hotspot\share\interpreter\linkResolver.cpp, line 773]
Event: 3.078 Thread 0x00000188f252cc20 Exception <a 'java/lang/NoSuchMethodError'{0x00000000d6d9dcb0}: 'double java.lang.invoke.DirectMethodHandle$Holder.invokeStaticInit(java.lang.Object, java.lang.Object)'> (0x00000000d6d9dcb0) 
thrown [s\src\hotspot\share\interpreter\linkResolver.cpp, line 773]

ZGC Phase Switch (0 events):
No events

VM Operations (20 events):
Event: 1.867 Executing VM operation: ICBufferFull done
Event: 1.882 Executing VM operation: ParallelGCFailedAllocation (Allocation Failure)
Event: 1.885 Executing VM operation: ParallelGCFailedAllocation (Allocation Failure) done
Event: 1.963 Executing VM operation: HandshakeAllThreads (Deoptimize)
Event: 1.963 Executing VM operation: HandshakeAllThreads (Deoptimize) done
Event: 2.114 Executing VM operation: HandshakeAllThreads (Deoptimize)
Event: 2.114 Executing VM operation: HandshakeAllThreads (Deoptimize) done
Event: 2.242 Executing VM operation: ParallelGCFailedAllocation (Allocation Failure)
Event: 2.245 Executing VM operation: ParallelGCFailedAllocation (Allocation Failure) done
Event: 2.652 Executing VM operation: HandshakeAllThreads (Deoptimize)
Event: 2.652 Executing VM operation: HandshakeAllThreads (Deoptimize) done
Event: 2.655 Executing VM operation: HandshakeAllThreads (Deoptimize)
Event: 2.655 Executing VM operation: HandshakeAllThreads (Deoptimize) done
Event: 2.665 Executing VM operation: HandshakeAllThreads (Deoptimize)
Event: 2.666 Executing VM operation: HandshakeAllThreads (Deoptimize) done
Event: 2.911 Executing VM operation: HandshakeAllThreads (Deoptimize)
Event: 2.911 Executing VM operation: HandshakeAllThreads (Deoptimize) done
Event: 3.092 Executing VM operation: ParallelGCFailedAllocation (Allocation Failure)
Event: 3.096 Executing VM operation: ParallelGCFailedAllocation (Allocation Failure) done
Event: 5.105 Executing VM operation: Cleanup

Memory protections (0 events):
No events

Nmethod flushes (0 events):
No events

Events (20 events):
Event: 0.043 Thread 0x00000188d9c5f4b0 Thread added: 0x00000188f2569cc0
Event: 1.085 Thread 0x00000188d9c5f4b0 Thread added: 0x00000188f252d940
Event: 1.099 Thread 0x00000188f2569cc0 Thread added: 0x00000188f271af70
Event: 1.275 Thread 0x00000188d9c5f4b0 Thread added: 0x00000188f252e660
Event: 1.361 Thread 0x00000188f271af70 Thread added: 0x00000188f28806f0
Event: 1.746 Thread 0x00000188d9c5f4b0 Thread added: 0x00000188f252f380
Event: 1.861 Thread 0x00000188d9c5f4b0 Thread added: 0x00000188f25300a0
Event: 1.864 Thread 0x00000188d9c5f4b0 Thread added: 0x00000188f252cc20
Event: 1.892 Thread 0x00000188f252cc20 Thread added: 0x00000188f788a340
Event: 1.956 Thread 0x00000188f252cc20 Thread added: 0x00000188f7889cb0
Event: 2.149 Thread 0x00000188f252cc20 Thread added: 0x00000188f788a9d0
Event: 2.427 Thread 0x00000188f28806f0 Thread exited: 0x00000188f28806f0
Event: 2.431 Thread 0x00000188f271af70 Thread exited: 0x00000188f271af70
Event: 2.680 Thread 0x00000188f2569cc0 Thread added: 0x00000188f7b2b050
Event: 2.932 Thread 0x00000188f252cc20 Thread added: 0x00000188f7887be0
Event: 2.976 Thread 0x00000188f252cc20 Thread added: 0x00000188f7888900
Event: 3.006 Thread 0x00000188f252cc20 Thread added: 0x00000188f788b6f0
Event: 3.173 Thread 0x00000188f2569cc0 Thread added: 0x00000188f82bbc40
Event: 4.222 Thread 0x00000188f82bbc40 Thread exited: 0x00000188f82bbc40
Event: 4.804 Thread 0x00000188f7b2b050 Thread exited: 0x00000188f7b2b050


Dynamic libraries:
0x00007ff6d4a10000 - 0x00007ff6d4a1e000 	c:\Users\nguye\.cursor\extensions\redhat.java-1.45.0-win32-x64\jre\21.0.8-win32-x86_64\bin\java.exe
0x00007ff8413a0000 - 0x00007ff841603000 	C:\WINDOWS\SYSTEM32\ntdll.dll
0x00007ff840010000 - 0x00007ff8400d7000 	C:\WINDOWS\System32\KERNEL32.DLL
0x00007ff83e910000 - 0x00007ff83ecb1000 	C:\WINDOWS\System32\KERNELBASE.dll
0x00007ff83ed70000 - 0x00007ff83eebb000 	C:\WINDOWS\System32\ucrtbase.dll
0x00007ff834880000 - 0x00007ff834898000 	c:\Users\nguye\.cursor\extensions\redhat.java-1.45.0-win32-x64\jre\21.0.8-win32-x86_64\bin\jli.dll
0x00007ff816e10000 - 0x00007ff816e2e000 	c:\Users\nguye\.cursor\extensions\redhat.java-1.45.0-win32-x64\jre\21.0.8-win32-x86_64\bin\VCRUNTIME140.dll
0x00007ff840780000 - 0x00007ff840943000 	C:\WINDOWS\System32\USER32.dll
0x00007ff8298b0000 - 0x00007ff829b40000 	C:\WINDOWS\WinSxS\amd64_microsoft.windows.common-controls_6595b64144ccf1df_6.0.26100.1591_none_3e0fac18e32dc903\COMCTL32.dll
0x00007ff83eec0000 - 0x00007ff83eee7000 	C:\WINDOWS\System32\win32u.dll
0x00007ff841240000 - 0x00007ff84126a000 	C:\WINDOWS\System32\GDI32.dll
0x00007ff83f2a0000 - 0x00007ff83f349000 	C:\WINDOWS\System32\msvcrt.dll
0x00007ff83ef70000 - 0x00007ff83f091000 	C:\WINDOWS\System32\gdi32full.dll
0x00007ff83ecc0000 - 0x00007ff83ed63000 	C:\WINDOWS\System32\msvcp_win.dll
0x00007ff8401c0000 - 0x00007ff8401ef000 	C:\WINDOWS\System32\IMM32.DLL
0x00007ff81ad50000 - 0x00007ff81ad5c000 	c:\Users\nguye\.cursor\extensions\redhat.java-1.45.0-win32-x64\jre\21.0.8-win32-x86_64\bin\vcruntime140_1.dll
0x00007fffce7a0000 - 0x00007fffce82d000 	c:\Users\nguye\.cursor\extensions\redhat.java-1.45.0-win32-x64\jre\21.0.8-win32-x86_64\bin\msvcp140.dll
0x00007fffbad30000 - 0x00007fffbbac7000 	c:\Users\nguye\.cursor\extensions\redhat.java-1.45.0-win32-x64\jre\21.0.8-win32-x86_64\bin\server\jvm.dll
0x00007ff841160000 - 0x00007ff841212000 	C:\WINDOWS\System32\ADVAPI32.dll
0x00007ff83fd90000 - 0x00007ff83fe37000 	C:\WINDOWS\System32\sechost.dll
0x00007ff841020000 - 0x00007ff841136000 	C:\WINDOWS\System32\RPCRT4.dll
0x00007ff83f220000 - 0x00007ff83f294000 	C:\WINDOWS\System32\WS2_32.dll
0x00007ff83dc30000 - 0x00007ff83dc7e000 	C:\WINDOWS\SYSTEM32\POWRPROF.dll
0x00007ff8318f0000 - 0x00007ff831926000 	C:\WINDOWS\SYSTEM32\WINMM.dll
0x00007ff8368a0000 - 0x00007ff8368ab000 	C:\WINDOWS\SYSTEM32\VERSION.dll
0x00007ff83dc10000 - 0x00007ff83dc24000 	C:\WINDOWS\SYSTEM32\UMPDC.dll
0x00007ff83d640000 - 0x00007ff83d65a000 	C:\WINDOWS\SYSTEM32\kernel.appcore.dll
0x00007ff816e00000 - 0x00007ff816e0a000 	c:\Users\nguye\.cursor\extensions\redhat.java-1.45.0-win32-x64\jre\21.0.8-win32-x86_64\bin\jimage.dll
0x00007ff8356e0000 - 0x00007ff835921000 	C:\WINDOWS\SYSTEM32\DBGHELP.DLL
0x00007ff840960000 - 0x00007ff840cdc000 	C:\WINDOWS\System32\combase.dll
0x00007ff840200000 - 0x00007ff8402d6000 	C:\WINDOWS\System32\OLEAUT32.dll
0x00007ff82aa50000 - 0x00007ff82aa89000 	C:\WINDOWS\SYSTEM32\dbgcore.DLL
0x00007ff83e7b0000 - 0x00007ff83e849000 	C:\WINDOWS\System32\bcryptPrimitives.dll
0x00007ff8166b0000 - 0x00007ff8166bf000 	c:\Users\nguye\.cursor\extensions\redhat.java-1.45.0-win32-x64\jre\21.0.8-win32-x86_64\bin\instrument.dll
0x00007fffe0450000 - 0x00007fffe046f000 	c:\Users\nguye\.cursor\extensions\redhat.java-1.45.0-win32-x64\jre\21.0.8-win32-x86_64\bin\java.dll
0x00007ff83f690000 - 0x00007ff83fd86000 	C:\WINDOWS\System32\SHELL32.dll
0x00007ff83c540000 - 0x00007ff83cd6a000 	C:\WINDOWS\SYSTEM32\windows.storage.dll
0x00007ff8400e0000 - 0x00007ff8401b3000 	C:\WINDOWS\System32\SHCORE.dll
0x00007ff83f5e0000 - 0x00007ff83f63d000 	C:\WINDOWS\System32\shlwapi.dll
0x00007ff83e6d0000 - 0x00007ff83e6f9000 	C:\WINDOWS\SYSTEM32\profapi.dll
0x00007fffcc6c0000 - 0x00007fffcc6d8000 	c:\Users\nguye\.cursor\extensions\redhat.java-1.45.0-win32-x64\jre\21.0.8-win32-x86_64\bin\zip.dll
0x00007ff8166a0000 - 0x00007ff8166b0000 	C:\Users\nguye\.cursor\extensions\redhat.java-1.45.0-win32-x64\jre\21.0.8-win32-x86_64\bin\net.dll
0x00007ff8398f0000 - 0x00007ff839a16000 	C:\WINDOWS\SYSTEM32\WINHTTP.dll
0x00007ff83db20000 - 0x00007ff83db88000 	C:\WINDOWS\system32\mswsock.dll
0x00007fffcc030000 - 0x00007fffcc046000 	C:\Users\nguye\.cursor\extensions\redhat.java-1.45.0-win32-x64\jre\21.0.8-win32-x86_64\bin\nio.dll
0x00007fffe0440000 - 0x00007fffe0450000 	c:\Users\nguye\.cursor\extensions\redhat.java-1.45.0-win32-x64\jre\21.0.8-win32-x86_64\bin\verify.dll
0x00007fffc46b0000 - 0x00007fffc46f4000 	C:\Users\nguye\AppData\Roaming\Cursor\User\globalStorage\redhat.java\1.45.0\config_ss_win\org.eclipse.equinox.launcher\org.eclipse.equinox.launcher.win32.win32.x86_64_1.2.1400.v20250801-0854\eclipse_11916.dll
0x00007ff840e20000 - 0x00007ff840fb9000 	C:\WINDOWS\System32\ole32.dll
0x00007ff83df80000 - 0x00007ff83df9c000 	C:\WINDOWS\SYSTEM32\CRYPTSP.dll
0x00007ff83d5a0000 - 0x00007ff83d5d8000 	C:\WINDOWS\system32\rsaenh.dll
0x00007ff83dbc0000 - 0x00007ff83dbeb000 	C:\WINDOWS\SYSTEM32\USERENV.dll
0x00007ff83e110000 - 0x00007ff83e136000 	C:\WINDOWS\SYSTEM32\bcrypt.dll
0x00007ff83ddf0000 - 0x00007ff83ddfc000 	C:\WINDOWS\SYSTEM32\CRYPTBASE.dll
0x00007ff83d060000 - 0x00007ff83d092000 	C:\WINDOWS\SYSTEM32\IPHLPAPI.DLL
0x00007ff841220000 - 0x00007ff84122a000 	C:\WINDOWS\System32\NSI.dll
0x00007fffc4660000 - 0x00007fffc46a9000 	C:\Users\nguye\AppData\Local\Temp\jna-104772072\jna14346345657995842437.dll
0x00007ff840950000 - 0x00007ff840958000 	C:\WINDOWS\System32\PSAPI.DLL

JVMTI agents:
c:\Users\nguye\.cursor\extensions\redhat.java-1.45.0-win32-x64\lombok\lombok-1.18.39-4050.jar path:c:\Users\nguye\.cursor\extensions\redhat.java-1.45.0-win32-x64\jre\21.0.8-win32-x86_64\bin\instrument.dll, loaded, initialized, instrumentlib options:none

dbghelp: loaded successfully - version: 4.0.5 - missing functions: none
symbol engine: initialized successfully - sym options: 0x614 - pdb path: .;c:\Users\nguye\.cursor\extensions\redhat.java-1.45.0-win32-x64\jre\21.0.8-win32-x86_64\bin;C:\WINDOWS\SYSTEM32;C:\WINDOWS\WinSxS\amd64_microsoft.windows.common-controls_6595b64144ccf1df_6.0.26100.1591_none_3e0fac18e32dc903;c:\Users\nguye\.cursor\extensions\redhat.java-1.45.0-win32-x64\jre\21.0.8-win32-x86_64\bin\server;C:\Users\nguye\AppData\Roaming\Cursor\User\globalStorage\redhat.java\1.45.0\config_ss_win\org.eclipse.equinox.launcher\org.eclipse.equinox.launcher.win32.win32.x86_64_1.2.1400.v20250801-0854;C:\Users\nguye\AppData\Local\Temp\jna-104772072

VM Arguments:
jvm_args: --add-modules=ALL-SYSTEM --add-opens=java.base/java.util=ALL-UNNAMED --add-opens=java.base/java.lang=ALL-UNNAMED --add-opens=java.base/sun.nio.fs=ALL-UNNAMED -Declipse.application=org.eclipse.jdt.ls.core.id1 -Dosgi.bundles.defaultStartLevel=4 -Declipse.product=org.eclipse.jdt.ls.core.product -Djava.import.generatesMetadataFilesAtProjectRoot=false -DDetectVMInstallationsJob.disabled=true -Dfile.encoding=utf8 -XX:+UseParallelGC -XX:GCTimeRatio=4 -XX:AdaptiveSizePolicyWeight=90 -Dsun.zip.disableMemoryMapping=true -Xmx2G -Xms100m -Xlog:disable -javaagent:c:\Users\nguye\.cursor\extensions\redhat.java-1.45.0-win32-x64\lombok\lombok-1.18.39-4050.jar 
java_command: c:\Users\nguye\.cursor\extensions\redhat.java-1.45.0-win32-x64\server\plugins\org.eclipse.equinox.launcher_1.7.0.v20250519-0528.jar -configuration c:\Users\nguye\AppData\Roaming\Cursor\User\globalStorage\redhat.java\1.45.0\config_ss_win -data c:\Users\nguye\AppData\Roaming\Cursor\User\workspaceStorage\11c61106e31d4dec7f53613e41bec7bf\redhat.java\ss_ws --pipe=\\.\pipe\lsp-c5f7a085cea229c7be9f5ec0e94cda34-sock
java_class_path (initial): c:\Users\nguye\.cursor\extensions\redhat.java-1.45.0-win32-x64\server\plugins\org.eclipse.equinox.launcher_1.7.0.v20250519-0528.jar
Launcher Type: SUN_STANDARD

[Global flags]
    uintx AdaptiveSizePolicyWeight                 = 90                                        {product} {command line}
     intx CICompilerCount                          = 4                                         {product} {ergonomic}
    uintx GCTimeRatio                              = 4                                         {product} {command line}
   size_t InitialHeapSize                          = 104857600                                 {product} {command line}
   size_t MaxHeapSize                              = 2147483648                                {product} {command line}
   size_t MaxNewSize                               = 715653120                                 {product} {ergonomic}
   size_t MinHeapDeltaBytes                        = 524288                                    {product} {ergonomic}
   size_t MinHeapSize                              = 104857600                                 {product} {command line}
   size_t NewSize                                  = 34603008                                  {product} {ergonomic}
    uintx NonNMethodCodeHeapSize                   = 5839372                                {pd product} {ergonomic}
    uintx NonProfiledCodeHeapSize                  = 122909434                              {pd product} {ergonomic}
   size_t OldSize                                  = 70254592                                  {product} {ergonomic}
    uintx ProfiledCodeHeapSize                     = 122909434                              {pd product} {ergonomic}
    uintx ReservedCodeCacheSize                    = 251658240                              {pd product} {ergonomic}
     bool SegmentedCodeCache                       = true                                      {product} {ergonomic}
   size_t SoftMaxHeapSize                          = 2147483648                             {manageable} {ergonomic}
     bool UseCompressedOops                        = true                           {product lp64_product} {ergonomic}
     bool UseLargePagesIndividualAllocation        = false                                  {pd product} {ergonomic}
     bool UseParallelGC                            = true                                      {product} {command line}

Logging:
Log output configuration:
 #0: stdout all=off uptime,level,tags foldmultilines=false
 #1: stderr all=off uptime,level,tags foldmultilines=false

Environment Variables:
PATH=C:\Program Files\Common Files\Oracle\Java\javapath;C:\Python313\Scripts\;C:\Python313\;C:\xampp\php;C:\Program Files\Python312\Scripts\;C:\Program Files\Python312\;C:\Windows\system32;C:\Windows;C:\Windows\System32\Wbem;C:\Windows\System32\WindowsPowerShell\v1.0\;C:\Windows\System32\OpenSSH\;C:\Program Files (x86)\NVIDIA Corporation\PhysX\Common;C:\Program Files\NVIDIA Corporation\NVIDIA NvDLISR;C:\WINDOWS\system32;C:\WINDOWS;C:\WINDOWS\System32\Wbem;C:\WINDOWS\System32\WindowsPowerShell\v1.0\;C:\WINDOWS\System32\OpenSSH\;C:\MinGW\bin;C:\Program Files\Git\cmd;C:\Program Files (x86)\Microsoft SQL Server\160\Tools\Binn\;C:\Program Files\Microsoft SQL Server\160\Tools\Binn\;C:\Program Files\Microsoft SQL Server\Client SDK\ODBC\170\Tools\Binn\;C:\Program Files\Microsoft SQL Server\160\DTS\Binn\;C:\Program Files (x86)\Microsoft SQL Server\160\DTS\Binn\;C:\Program Files\Microsoft SQL Server\150\Tools\Binn\;C:\Program Files\Java\apache-maven-3.6.0\bin;C:\Program Files\Docker\Docker\resources\bin;C:\Gradle\bin;C:\ProgramData\chocolatey\bin;C:\Program Files\Java\jdk-17\bin;C:\Tools;C:\Program Files\nodejs\;C:\Program Files\MySQL\MySQL Shell 8.0\bin\;C:\Users\nguye\AppData\Local\Programs\Python\Launcher\;C:\Users\nguye\AppData\Local\Microsoft\WindowsApps;D:\Microsoft VS Code\bin;C:\Users\nguye\AppData\Roaming\Composer\vendor\bin;C:\Users\nguye\AppData\Local\Programs\cursor\resources\app\bin;C:\dart-sdk\bin;C:\flutter\bin;C:\Program Files\Java\jdk-17\bin;C:\Tools;C:\Users\nguye\AppData\Roaming\npm
USERNAME=nguye
OS=Windows_NT
PROCESSOR_IDENTIFIER=AMD64 Family 25 Model 80 Stepping 0, AuthenticAMD
TMP=C:\Users\nguye\AppData\Local\Temp
TEMP=C:\Users\nguye\AppData\Local\Temp




Periodic native trim disabled

---------------  S Y S T E M  ---------------

OS:
 Windows 11 , 64 bit Build 26100 (10.0.26100.1591)
OS uptime: 0 days 2:15 hours
Hyper-V role detected

CPU: total 12 (initial active 12) (12 cores per cpu, 2 threads per core) family 25 model 80 stepping 0 microcode 0xa50000c, cx8, cmov, fxsr, ht, mmx, 3dnowpref, sse, sse2, sse3, ssse3, sse4a, sse4.1, sse4.2, popcnt, lzcnt, tsc, tscinvbit, avx, avx2, aes, erms, clmul, bmi1, bmi2, adx, sha, fma, vzeroupper, clflush, clflushopt, hv, rdtscp, rdpid, fsrm, f16c, cet_ss
Processor Information for processor 0
  Max Mhz: 3301, Current Mhz: 2011, Mhz Limit: 3301
Processor Information for processor 1
  Max Mhz: 3301, Current Mhz: 2011, Mhz Limit: 3301
Processor Information for processor 2
  Max Mhz: 3301, Current Mhz: 2011, Mhz Limit: 3301
Processor Information for processor 3
  Max Mhz: 3301, Current Mhz: 2011, Mhz Limit: 3301
Processor Information for processor 4
  Max Mhz: 3301, Current Mhz: 3301, Mhz Limit: 3301
Processor Information for processor 5
  Max Mhz: 3301, Current Mhz: 2011, Mhz Limit: 3301
Processor Information for processor 6
  Max Mhz: 3301, Current Mhz: 3301, Mhz Limit: 3301
Processor Information for processor 7
  Max Mhz: 3301, Current Mhz: 2011, Mhz Limit: 3301
Processor Information for processor 8
  Max Mhz: 3301, Current Mhz: 2011, Mhz Limit: 3301
Processor Information for processor 9
  Max Mhz: 3301, Current Mhz: 2011, Mhz Limit: 3301
Processor Information for processor 10
  Max Mhz: 3301, Current Mhz: 2011, Mhz Limit: 3301
Processor Information for processor 11
  Max Mhz: 3301, Current Mhz: 2011, Mhz Limit: 3301

Memory: 4k page, system-wide physical 23916M (7843M free)
TotalPageFile size 23916M (AvailPageFile size 2M)
current process WorkingSet (physical memory assigned to process): 133M, peak: 134M
current process commit charge ("private bytes"): 277M, peak: 278M

vm_info: OpenJDK 64-Bit Server VM (21.0.8+9-LTS) for windows-amd64 JRE (21.0.8+9-LTS), built on 2025-07-15T00:00:00Z by "admin" with MS VC++ 17.7 (VS2022)

END.
