#
# There is insufficient memory for the Java Runtime Environment to continue.
# Native memory allocation (malloc) failed to allocate 1791856 bytes. Error detail: Chunk::new
# Possible reasons:
#   The system is out of physical RAM or swap space
#   This process is running with CompressedOops enabled, and the Java Heap may be blocking the growth of the native heap
# Possible solutions:
#   Reduce memory load on the system
#   Increase physical memory or swap space
#   Check if swap backing store is full
#   Decrease Java heap size (-Xmx/-Xms)
#   Decrease number of Java threads
#   Decrease Java thread stack sizes (-Xss)
#   Set larger code cache with -XX:ReservedCodeCacheSize=
#   JVM is running with Unscaled Compressed Oops mode in which the Java heap is
#     placed in the first 4GB address space. The Java Heap base address is the
#     maximum limit for the native heap growth. Please use -XX:HeapBaseMinAddress
#     to set the Java Heap base and to place the Java Heap above 4GB virtual address.
# This output file may be truncated or incomplete.
#
#  Out of Memory Error (arena.cpp:168), pid=14168, tid=21516
#
# JRE version: OpenJDK Runtime Environment Temurin-21.0.8+9 (21.0.8+9) (build 21.0.8+9-LTS)
# Java VM: OpenJDK 64-Bit Server VM Temurin-21.0.8+9 (21.0.8+9-LTS, mixed mode, sharing, tiered, compressed oops, compressed class ptrs, parallel gc, windows-amd64)
# No core dump will be written. Minidumps are not enabled by default on client versions of Windows
#

---------------  S U M M A R Y ------------

Command Line: --add-modules=ALL-SYSTEM --add-opens=java.base/java.util=ALL-UNNAMED --add-opens=java.base/java.lang=ALL-UNNAMED --add-opens=java.base/sun.nio.fs=ALL-UNNAMED -Declipse.application=org.eclipse.jdt.ls.core.id1 -Dosgi.bundles.defaultStartLevel=4 -Declipse.product=org.eclipse.jdt.ls.core.product -Djava.import.generatesMetadataFilesAtProjectRoot=false -DDetectVMInstallationsJob.disabled=true -Dfile.encoding=utf8 -XX:+UseParallelGC -XX:GCTimeRatio=4 -XX:AdaptiveSizePolicyWeight=90 -Dsun.zip.disableMemoryMapping=true -Xmx2G -Xms100m -Xlog:disable -javaagent:c:\Users\nguye\.cursor\extensions\redhat.java-1.45.0-win32-x64\lombok\lombok-1.18.39-4050.jar -XX:+HeapDumpOnOutOfMemoryError -XX:HeapDumpPath=c:\Users\nguye\AppData\Roaming\Cursor\User\workspaceStorage\11c61106e31d4dec7f53613e41bec7bf\redhat.java -Daether.dependencyCollector.impl=bf c:\Users\nguye\.cursor\extensions\redhat.java-1.45.0-win32-x64\server\plugins\org.eclipse.equinox.launcher_1.7.0.v20250519-0528.jar -configuration c:\Users\nguye\AppData\Roaming\Cursor\User\globalStorage\redhat.java\1.45.0\config_win -data c:\Users\nguye\AppData\Roaming\Cursor\User\workspaceStorage\11c61106e31d4dec7f53613e41bec7bf\redhat.java\jdt_ws --pipe=\\.\pipe\lsp-1544a09b2d59f87e7d2ef6096122525f-sock

Host: AMD Ryzen 5 5600H with Radeon Graphics         , 12 cores, 23G,  Windows 11 , 64 bit Build 26100 (10.0.26100.1591)
Time: Sat Sep 20 10:52:42 2025 SE Asia Standard Time elapsed time: 10.542555 seconds (0d 0h 0m 10s)

---------------  T H R E A D  ---------------

Current thread (0x000002866db8e120):  JavaThread "C2 CompilerThread0" daemon [_thread_in_native, id=21516, stack(0x000000d2ef100000,0x000000d2ef200000) (1024K)]


Current CompileTask:
C2:10542 5375   !   4       org.eclipse.osgi.internal.loader.classpath.ClasspathManager::defineClass (636 bytes)

Stack: [0x000000d2ef100000,0x000000d2ef200000]
Native frames: (J=compiled Java code, j=interpreted, Vv=VM code, C=native code)
V  [jvm.dll+0x6d2449]
V  [jvm.dll+0x8ae341]
V  [jvm.dll+0x8b08be]
V  [jvm.dll+0x8b0fa3]
V  [jvm.dll+0x280c96]
V  [jvm.dll+0xc581d]
V  [jvm.dll+0xc5d53]
V  [jvm.dll+0x3b9162]
V  [jvm.dll+0x385315]
V  [jvm.dll+0x38477a]
V  [jvm.dll+0x248ed0]
V  [jvm.dll+0x2484af]
V  [jvm.dll+0x1c89ee]
V  [jvm.dll+0x257d4d]
V  [jvm.dll+0x2562ea]
V  [jvm.dll+0x3f2d16]
V  [jvm.dll+0x857e6b]
V  [jvm.dll+0x6d0b0d]
C  [ucrtbase.dll+0x14ea0]
C  [KERNEL32.DLL+0x2dbe7]
C  [ntdll.dll+0x85a6c]


---------------  P R O C E S S  ---------------

Threads class SMR info:
_java_thread_list=0x000002864f27e470, length=44, elements={
0x000002866dad3450, 0x000002866db741f0, 0x000002866db76050, 0x000002866db78e00,
0x000002866db79af0, 0x000002866db88ac0, 0x0000028646ac1fb0, 0x000002866db8e120,
0x0000028646aca720, 0x0000028646ac39f0, 0x0000028646ac4da0, 0x0000028646ac2640,
0x0000028646ac4080, 0x0000028646ac3360, 0x0000028646ac4710, 0x0000028646e40830,
0x0000028646ac5430, 0x000002864ceb8a40, 0x000002864ceb90d0, 0x000002864ceb9760,
0x000002864ceba480, 0x000002864ceb7000, 0x000002864cebab10, 0x000002864e1f3e20,
0x000002864ceb7d20, 0x000002864ceb83b0, 0x000002864ceb7690, 0x000002864cebd270,
0x000002864cebdf90, 0x000002864cebb1a0, 0x000002864cebbec0, 0x000002864cebe620,
0x000002864cebb830, 0x000002864cebcbe0, 0x000002864cebc550, 0x000002864cebd900,
0x000002864fee4940, 0x000002864fee3c20, 0x000002864fee42b0, 0x000002864fee5cf0,
0x000002864fee4fd0, 0x000002864fee6a10, 0x000002864fee3590, 0x000002864fee9170
}

Java Threads: ( => current thread )
  0x000002866dad3450 JavaThread "main"                              [_thread_blocked, id=23292, stack(0x000000d2ee700000,0x000000d2ee800000) (1024K)]
  0x000002866db741f0 JavaThread "Reference Handler"          daemon [_thread_blocked, id=21360, stack(0x000000d2eeb00000,0x000000d2eec00000) (1024K)]
  0x000002866db76050 JavaThread "Finalizer"                  daemon [_thread_blocked, id=11500, stack(0x000000d2eec00000,0x000000d2eed00000) (1024K)]
  0x000002866db78e00 JavaThread "Signal Dispatcher"          daemon [_thread_blocked, id=20924, stack(0x000000d2eed00000,0x000000d2eee00000) (1024K)]
  0x000002866db79af0 JavaThread "Attach Listener"            daemon [_thread_blocked, id=21776, stack(0x000000d2eee00000,0x000000d2eef00000) (1024K)]
  0x000002866db88ac0 JavaThread "Service Thread"             daemon [_thread_blocked, id=12264, stack(0x000000d2eef00000,0x000000d2ef000000) (1024K)]
  0x0000028646ac1fb0 JavaThread "Monitor Deflation Thread"   daemon [_thread_blocked, id=24220, stack(0x000000d2ef000000,0x000000d2ef100000) (1024K)]
=>0x000002866db8e120 JavaThread "C2 CompilerThread0"         daemon [_thread_in_native, id=21516, stack(0x000000d2ef100000,0x000000d2ef200000) (1024K)]
  0x0000028646aca720 JavaThread "C1 CompilerThread0"         daemon [_thread_in_native, id=23108, stack(0x000000d2ef200000,0x000000d2ef300000) (1024K)]
  0x0000028646ac39f0 JavaThread "Common-Cleaner"             daemon [_thread_blocked, id=14368, stack(0x000000d2ef300000,0x000000d2ef400000) (1024K)]
  0x0000028646ac4da0 JavaThread "Notification Thread"        daemon [_thread_blocked, id=23484, stack(0x000000d2ef500000,0x000000d2ef600000) (1024K)]
  0x0000028646ac2640 JavaThread "Active Thread: Equinox Container: 0129347c-e7ab-479f-bc39-ca0c0b0eec9a"        [_thread_blocked, id=13460, stack(0x000000d2efd00000,0x000000d2efe00000) (1024K)]
  0x0000028646ac4080 JavaThread "Refresh Thread: Equinox Container: 0129347c-e7ab-479f-bc39-ca0c0b0eec9a" daemon [_thread_blocked, id=17024, stack(0x000000d2eff00000,0x000000d2f0000000) (1024K)]
  0x0000028646ac3360 JavaThread "Framework Event Dispatcher: Equinox Container: 0129347c-e7ab-479f-bc39-ca0c0b0eec9a" daemon [_thread_blocked, id=20384, stack(0x000000d2f0000000,0x000000d2f0100000) (1024K)]
  0x0000028646ac4710 JavaThread "Start Level: Equinox Container: 0129347c-e7ab-479f-bc39-ca0c0b0eec9a" daemon [_thread_blocked, id=20768, stack(0x000000d2f0100000,0x000000d2f0200000) (1024K)]
  0x0000028646e40830 JavaThread "C2 CompilerThread1"         daemon [_thread_in_native, id=10972, stack(0x000000d2ef400000,0x000000d2ef500000) (1024K)]
  0x0000028646ac5430 JavaThread "Bundle File Closer"         daemon [_thread_blocked, id=24472, stack(0x000000d2f0400000,0x000000d2f0500000) (1024K)]
  0x000002864ceb8a40 JavaThread "SCR Component Actor"        daemon [_thread_blocked, id=23780, stack(0x000000d2f0500000,0x000000d2f0600000) (1024K)]
  0x000002864ceb90d0 JavaThread "SCR Component Registry"     daemon [_thread_blocked, id=22104, stack(0x000000d2f0600000,0x000000d2f0700000) (1024K)]
  0x000002864ceb9760 JavaThread "Worker-JM"                         [_thread_blocked, id=23220, stack(0x000000d2f0700000,0x000000d2f0800000) (1024K)]
  0x000002864ceba480 JavaThread "JNA Cleaner"                daemon [_thread_blocked, id=22488, stack(0x000000d2f0800000,0x000000d2f0900000) (1024K)]
  0x000002864ceb7000 JavaThread "Worker-0: Initialize After Load"        [_thread_blocked, id=13172, stack(0x000000d2f0900000,0x000000d2f0a00000) (1024K)]
  0x000002864cebab10 JavaThread "Worker-1"                          [_thread_blocked, id=21508, stack(0x000000d2f0a00000,0x000000d2f0b00000) (1024K)]
  0x000002864e1f3e20 JavaThread "C2 CompilerThread2"         daemon [_thread_in_native, id=2040, stack(0x000000d2ef600000,0x000000d2ef700000) (1024K)]
  0x000002864ceb7d20 JavaThread "Java indexing"              daemon [_thread_blocked, id=14976, stack(0x000000d2f0b00000,0x000000d2f0c00000) (1024K)]
  0x000002864ceb83b0 JavaThread "Worker-2: Repository registry initialization"        [_thread_blocked, id=9236, stack(0x000000d2f0f00000,0x000000d2f1000000) (1024K)]
  0x000002864ceb7690 JavaThread "Worker-3: Updating Maven Dependencies"        [_thread_in_native, id=11660, stack(0x000000d2f1000000,0x000000d2f1100000) (1024K)]
  0x000002864cebd270 JavaThread "Thread-2"                   daemon [_thread_in_native, id=9228, stack(0x000000d2f1100000,0x000000d2f1200000) (1024K)]
  0x000002864cebdf90 JavaThread "Thread-3"                   daemon [_thread_in_native, id=20852, stack(0x000000d2f1200000,0x000000d2f1300000) (1024K)]
  0x000002864cebb1a0 JavaThread "Thread-4"                   daemon [_thread_in_native, id=1784, stack(0x000000d2f1300000,0x000000d2f1400000) (1024K)]
  0x000002864cebbec0 JavaThread "Thread-5"                   daemon [_thread_in_native, id=23668, stack(0x000000d2f1400000,0x000000d2f1500000) (1024K)]
  0x000002864cebe620 JavaThread "Thread-6"                   daemon [_thread_in_native, id=21708, stack(0x000000d2f1500000,0x000000d2f1600000) (1024K)]
  0x000002864cebb830 JavaThread "Thread-7"                   daemon [_thread_in_native, id=6612, stack(0x000000d2f1600000,0x000000d2f1700000) (1024K)]
  0x000002864cebcbe0 JavaThread "Thread-8"                   daemon [_thread_in_native, id=8672, stack(0x000000d2f1700000,0x000000d2f1800000) (1024K)]
  0x000002864cebc550 JavaThread "Thread-9"                   daemon [_thread_in_native, id=13588, stack(0x000000d2f1800000,0x000000d2f1900000) (1024K)]
  0x000002864cebd900 JavaThread "Thread-10"                  daemon [_thread_in_native, id=19876, stack(0x000000d2f1900000,0x000000d2f1a00000) (1024K)]
  0x000002864fee4940 JavaThread "Thread-11"                  daemon [_thread_in_native, id=21056, stack(0x000000d2f1a00000,0x000000d2f1b00000) (1024K)]
  0x000002864fee3c20 JavaThread "Thread-12"                  daemon [_thread_in_native, id=23836, stack(0x000000d2f1b00000,0x000000d2f1c00000) (1024K)]
  0x000002864fee42b0 JavaThread "Thread-13"                  daemon [_thread_in_native, id=23892, stack(0x000000d2f1c00000,0x000000d2f1d00000) (1024K)]
  0x000002864fee5cf0 JavaThread "Thread-14"                  daemon [_thread_in_native, id=604, stack(0x000000d2f1d00000,0x000000d2f1e00000) (1024K)]
  0x000002864fee4fd0 JavaThread "pool-2-thread-1"                   [_thread_blocked, id=20724, stack(0x000000d2f1e00000,0x000000d2f1f00000) (1024K)]
  0x000002864fee6a10 JavaThread "WorkspaceEventsHandler"            [_thread_blocked, id=24264, stack(0x000000d2f1f00000,0x000000d2f2000000) (1024K)]
  0x000002864fee3590 JavaThread "pool-1-thread-1"                   [_thread_blocked, id=8272, stack(0x000000d2f2000000,0x000000d2f2100000) (1024K)]
  0x000002864fee9170 JavaThread "Worker-4"                          [_thread_blocked, id=12188, stack(0x000000d2f2100000,0x000000d2f2200000) (1024K)]
Total: 44

Other Threads:
  0x0000028646ac0d70 VMThread "VM Thread"                           [id=7076, stack(0x000000d2eea00000,0x000000d2eeb00000) (1024K)]
  0x00000286044dca00 WatcherThread "VM Periodic Task Thread"        [id=7252, stack(0x000000d2ee900000,0x000000d2eea00000) (1024K)]
  0x000002866daf16b0 WorkerThread "GC Thread#0"                     [id=14316, stack(0x000000d2ee800000,0x000000d2ee900000) (1024K)]
  0x000002864c7febb0 WorkerThread "GC Thread#1"                     [id=23772, stack(0x000000d2ef700000,0x000000d2ef800000) (1024K)]
  0x0000028646e6a9b0 WorkerThread "GC Thread#2"                     [id=21652, stack(0x000000d2ef800000,0x000000d2ef900000) (1024K)]
  0x0000028646e6ad50 WorkerThread "GC Thread#3"                     [id=19784, stack(0x000000d2ef900000,0x000000d2efa00000) (1024K)]
  0x000002864c6a7820 WorkerThread "GC Thread#4"                     [id=3788, stack(0x000000d2efa00000,0x000000d2efb00000) (1024K)]
  0x000002864c6a7bc0 WorkerThread "GC Thread#5"                     [id=20592, stack(0x000000d2efb00000,0x000000d2efc00000) (1024K)]
  0x000002864ca8e850 WorkerThread "GC Thread#6"                     [id=20460, stack(0x000000d2efc00000,0x000000d2efd00000) (1024K)]
  0x000002864c0431e0 WorkerThread "GC Thread#7"                     [id=12588, stack(0x000000d2efe00000,0x000000d2eff00000) (1024K)]
  0x000002864c043920 WorkerThread "GC Thread#8"                     [id=20184, stack(0x000000d2f0200000,0x000000d2f0300000) (1024K)]
  0x000002864c043580 WorkerThread "GC Thread#9"                     [id=19944, stack(0x000000d2f0300000,0x000000d2f0400000) (1024K)]
Total: 12

Threads with active compile tasks:
C2 CompilerThread0  10557 5375   !   4       org.eclipse.osgi.internal.loader.classpath.ClasspathManager::defineClass (636 bytes)
C1 CompilerThread0  10557 5896       1       com.google.inject.internal.BindingImpl::getInjector (5 bytes)
C2 CompilerThread1  10557 5873       4       java.lang.invoke.DirectMethodHandle::<init> (148 bytes)
C2 CompilerThread2  10557 5526   !   4       org.eclipse.osgi.internal.loader.BundleLoader::findClass0 (491 bytes)
Total: 4

VM state: not at safepoint (normal execution)

VM Mutex/Monitor currently owned by a thread: None

Heap address: 0x0000000080000000, size: 2048 MB, Compressed Oops mode: 32-bit

CDS archive(s) mapped at: [0x0000028605000000-0x0000028605ba0000-0x0000028605ba0000), size 12189696, SharedBaseAddress: 0x0000028605000000, ArchiveRelocationMode: 1.
Compressed class space mapped at: 0x0000028606000000-0x0000028646000000, reserved size: 1073741824
Narrow klass base: 0x0000028605000000, Narrow klass shift: 0, Narrow klass range: 0x100000000

GC Precious Log:
 CardTable entry size: 512
 CPUs: 12 total, 12 available
 Memory: 23916M
 Large Page Support: Disabled
 NUMA Support: Disabled
 Compressed Oops: Enabled (32-bit)
 Alignments: Space 512K, Generation 512K, Heap 2M
 Heap Min Capacity: 100M
 Heap Initial Capacity: 100M
 Heap Max Capacity: 2G
 Pre-touch: Disabled
 Parallel Workers: 10

Heap:
 PSYoungGen      total 23040K, used 16592K [0x00000000d5580000, 0x00000000d7080000, 0x0000000100000000)
  eden space 22016K, 70% used [0x00000000d5580000,0x00000000d64b43e0,0x00000000d6b00000)
  from space 1024K, 100% used [0x00000000d6f80000,0x00000000d7080000,0x00000000d7080000)
  to   space 1536K, 0% used [0x00000000d6d80000,0x00000000d6d80000,0x00000000d6f00000)
 ParOldGen       total 68608K, used 21526K [0x0000000080000000, 0x0000000084300000, 0x00000000d5580000)
  object space 68608K, 31% used [0x0000000080000000,0x00000000815058b0,0x0000000084300000)
 Metaspace       used 43031K, committed 44224K, reserved 1114112K
  class space    used 4656K, committed 5184K, reserved 1048576K

Card table byte_map: [0x000002866d470000,0x000002866d880000] _byte_map_base: 0x000002866d070000

Marking Bits: (ParMarkBitMap*) 0x00007fffbb9ea340
 Begin Bits: [0x0000028600000000, 0x0000028602000000)
 End Bits:   [0x0000028602000000, 0x0000028604000000)

Polling page: 0x000002866d1d0000

Metaspace:

Usage:
  Non-class:     37.48 MB used.
      Class:      4.55 MB used.
       Both:     42.02 MB used.

Virtual space:
  Non-class space:       64.00 MB reserved,      38.12 MB ( 60%) committed,  1 nodes.
      Class space:        1.00 GB reserved,       5.06 MB ( <1%) committed,  1 nodes.
             Both:        1.06 GB reserved,      43.19 MB (  4%) committed. 

Chunk freelists:
   Non-Class:  9.23 MB
       Class:  10.89 MB
        Both:  20.12 MB

MaxMetaspaceSize: unlimited
CompressedClassSpaceSize: 1.00 GB
Initial GC threshold: 21.00 MB
Current GC threshold: 58.38 MB
CDS: on
 - commit_granule_bytes: 65536.
 - commit_granule_words: 8192.
 - virtual_space_node_default_size: 8388608.
 - enlarge_chunks_in_place: 1.
 - use_allocation_guard: 0.


Internal statistics:

num_allocs_failed_limit: 8.
num_arena_births: 786.
num_arena_deaths: 14.
num_vsnodes_births: 2.
num_vsnodes_deaths: 0.
num_space_committed: 691.
num_space_uncommitted: 0.
num_chunks_returned_to_freelist: 22.
num_chunks_taken_from_freelist: 2597.
num_chunk_merges: 12.
num_chunk_splits: 1664.
num_chunks_enlarged: 1047.
num_inconsistent_stats: 0.

CodeHeap 'non-profiled nmethods': size=120000Kb used=2635Kb max_used=2635Kb free=117364Kb
 bounds [0x0000028678790000, 0x0000028678a30000, 0x000002867fcc0000]
CodeHeap 'profiled nmethods': size=120000Kb used=10609Kb max_used=10609Kb free=109391Kb
 bounds [0x0000028670cc0000, 0x0000028671720000, 0x00000286781f0000]
CodeHeap 'non-nmethods': size=5760Kb used=1365Kb max_used=1417Kb free=4394Kb
 bounds [0x00000286781f0000, 0x0000028678460000, 0x0000028678790000]
CodeCache: size=245760Kb, used=14609Kb, max_used=14661Kb, free=231149Kb
 total_blobs=5964, nmethods=5304, adapters=566, full_count=0
Compilation: enabled, stopped_count=0, restarted_count=0

Compilation events (20 events):
Event: 9.528 Thread 0x0000028646aca720 nmethod 5875 0x0000028671708f10 code [0x00000286717091a0, 0x0000028671709cf8]
Event: 9.528 Thread 0x0000028646aca720 5876       3       com.google.common.util.concurrent.AbstractFutureState::blockingGet (148 bytes)
Event: 9.530 Thread 0x0000028646aca720 nmethod 5876 0x000002867170a210 code [0x000002867170a760, 0x000002867170d128]
Event: 9.530 Thread 0x0000028646aca720 5878       3       com.google.inject.internal.aop.ClassBuilding$$Lambda/0x00000286064ef730::accept (12 bytes)
Event: 9.530 Thread 0x0000028646aca720 nmethod 5878 0x000002867170df10 code [0x000002867170e120, 0x000002867170e730]
Event: 9.530 Thread 0x0000028646aca720 5879       3       com.google.inject.internal.aop.ClassBuilding::lambda$buildFastClass$4 (13 bytes)
Event: 9.531 Thread 0x0000028646aca720 nmethod 5879 0x000002867170e990 code [0x000002867170eb80, 0x000002867170f020]
Event: 9.531 Thread 0x0000028646aca720 5877       3       com.google.common.util.concurrent.AbstractFuture::clearListeners (36 bytes)
Event: 9.531 Thread 0x0000028646aca720 nmethod 5877 0x000002867170f210 code [0x000002867170f4c0, 0x0000028671710288]
Event: 9.531 Thread 0x0000028646aca720 5880       3       com.google.inject.internal.aop.ClassBuilding::signature (12 bytes)
Event: 9.532 Thread 0x0000028646aca720 nmethod 5880 0x0000028671710710 code [0x00000286717108e0, 0x0000028671710c48]
Event: 9.532 Thread 0x0000028646aca720 5881       3       com.google.inject.internal.aop.FastClass::generateMethodInvoker (121 bytes)
Event: 9.532 Thread 0x0000028646aca720 nmethod 5881 0x0000028671710d90 code [0x0000028671711000, 0x0000028671711798]
Event: 9.533 Thread 0x0000028646aca720 5882       1       java.lang.ClassValue$ClassValueMap::getCache (5 bytes)
Event: 9.533 Thread 0x0000028646aca720 nmethod 5882 0x0000028678a1f090 code [0x0000028678a1f220, 0x0000028678a1f2e8]
Event: 9.533 Thread 0x0000028646aca720 5884       1       java.lang.ClassValue$Version::promise (5 bytes)
Event: 9.533 Thread 0x0000028646aca720 nmethod 5884 0x0000028678a1f390 code [0x0000028678a1f520, 0x0000028678a1f5e8]
Event: 9.533 Thread 0x0000028646aca720 5885       3       java.lang.ClassValue$Entry::isPromise (14 bytes)
Event: 9.534 Thread 0x0000028646aca720 nmethod 5885 0x0000028671711a90 code [0x0000028671711c20, 0x0000028671711d80]
Event: 9.642 Thread 0x0000028646aca720 5886       3       java.util.regex.Pattern::sequence (647 bytes)

GC Heap History (20 events):
Event: 7.836 GC heap before
{Heap before GC invocations=9 (full 1):
 PSYoungGen      total 29184K, used 24576K [0x00000000d5580000, 0x00000000d7780000, 0x0000000100000000)
  eden space 24576K, 100% used [0x00000000d5580000,0x00000000d6d80000,0x00000000d6d80000)
  from space 4608K, 0% used [0x00000000d6e80000,0x00000000d6e80000,0x00000000d7300000)
  to   space 4608K, 0% used [0x00000000d7300000,0x00000000d7300000,0x00000000d7780000)
 ParOldGen       total 68608K, used 12931K [0x0000000080000000, 0x0000000084300000, 0x00000000d5580000)
  object space 68608K, 18% used [0x0000000080000000,0x0000000080ca0d28,0x0000000084300000)
 Metaspace       used 23235K, committed 24064K, reserved 1114112K
  class space    used 2342K, committed 2688K, reserved 1048576K
}
Event: 7.837 GC heap after
{Heap after GC invocations=9 (full 1):
 PSYoungGen      total 25088K, used 928K [0x00000000d5580000, 0x00000000d7400000, 0x0000000100000000)
  eden space 24064K, 0% used [0x00000000d5580000,0x00000000d5580000,0x00000000d6d00000)
  from space 1024K, 90% used [0x00000000d7300000,0x00000000d73e82a8,0x00000000d7400000)
  to   space 2560K, 0% used [0x00000000d6f00000,0x00000000d6f00000,0x00000000d7180000)
 ParOldGen       total 68608K, used 12939K [0x0000000080000000, 0x0000000084300000, 0x00000000d5580000)
  object space 68608K, 18% used [0x0000000080000000,0x0000000080ca2d28,0x0000000084300000)
 Metaspace       used 23235K, committed 24064K, reserved 1114112K
  class space    used 2342K, committed 2688K, reserved 1048576K
}
Event: 8.001 GC heap before
{Heap before GC invocations=10 (full 1):
 PSYoungGen      total 25088K, used 24992K [0x00000000d5580000, 0x00000000d7400000, 0x0000000100000000)
  eden space 24064K, 100% used [0x00000000d5580000,0x00000000d6d00000,0x00000000d6d00000)
  from space 1024K, 90% used [0x00000000d7300000,0x00000000d73e82a8,0x00000000d7400000)
  to   space 2560K, 0% used [0x00000000d6f00000,0x00000000d6f00000,0x00000000d7180000)
 ParOldGen       total 68608K, used 12939K [0x0000000080000000, 0x0000000084300000, 0x00000000d5580000)
  object space 68608K, 18% used [0x0000000080000000,0x0000000080ca2d28,0x0000000084300000)
 Metaspace       used 26353K, committed 27200K, reserved 1114112K
  class space    used 2585K, committed 2944K, reserved 1048576K
}
Event: 8.003 GC heap after
{Heap after GC invocations=10 (full 1):
 PSYoungGen      total 26112K, used 2172K [0x00000000d5580000, 0x00000000d7380000, 0x0000000100000000)
  eden space 23552K, 0% used [0x00000000d5580000,0x00000000d5580000,0x00000000d6c80000)
  from space 2560K, 84% used [0x00000000d6f00000,0x00000000d711f048,0x00000000d7180000)
  to   space 2048K, 0% used [0x00000000d7180000,0x00000000d7180000,0x00000000d7380000)
 ParOldGen       total 68608K, used 13720K [0x0000000080000000, 0x0000000084300000, 0x00000000d5580000)
  object space 68608K, 19% used [0x0000000080000000,0x0000000080d66238,0x0000000084300000)
 Metaspace       used 26353K, committed 27200K, reserved 1114112K
  class space    used 2585K, committed 2944K, reserved 1048576K
}
Event: 8.242 GC heap before
{Heap before GC invocations=11 (full 1):
 PSYoungGen      total 26112K, used 25724K [0x00000000d5580000, 0x00000000d7380000, 0x0000000100000000)
  eden space 23552K, 100% used [0x00000000d5580000,0x00000000d6c80000,0x00000000d6c80000)
  from space 2560K, 84% used [0x00000000d6f00000,0x00000000d711f048,0x00000000d7180000)
  to   space 2048K, 0% used [0x00000000d7180000,0x00000000d7180000,0x00000000d7380000)
 ParOldGen       total 68608K, used 13720K [0x0000000080000000, 0x0000000084300000, 0x00000000d5580000)
  object space 68608K, 19% used [0x0000000080000000,0x0000000080d66238,0x0000000084300000)
 Metaspace       used 28300K, committed 29184K, reserved 1114112K
  class space    used 2751K, committed 3136K, reserved 1048576K
}
Event: 8.243 GC heap after
{Heap after GC invocations=11 (full 1):
 PSYoungGen      total 25088K, used 1837K [0x00000000d5580000, 0x00000000d7380000, 0x0000000100000000)
  eden space 23040K, 0% used [0x00000000d5580000,0x00000000d5580000,0x00000000d6c00000)
  from space 2048K, 89% used [0x00000000d7180000,0x00000000d734b4d0,0x00000000d7380000)
  to   space 2048K, 0% used [0x00000000d6f80000,0x00000000d6f80000,0x00000000d7180000)
 ParOldGen       total 68608K, used 15291K [0x0000000080000000, 0x0000000084300000, 0x00000000d5580000)
  object space 68608K, 22% used [0x0000000080000000,0x0000000080eeece0,0x0000000084300000)
 Metaspace       used 28300K, committed 29184K, reserved 1114112K
  class space    used 2751K, committed 3136K, reserved 1048576K
}
Event: 8.470 GC heap before
{Heap before GC invocations=12 (full 1):
 PSYoungGen      total 25088K, used 24874K [0x00000000d5580000, 0x00000000d7380000, 0x0000000100000000)
  eden space 23040K, 99% used [0x00000000d5580000,0x00000000d6bff4a0,0x00000000d6c00000)
  from space 2048K, 89% used [0x00000000d7180000,0x00000000d734b4d0,0x00000000d7380000)
  to   space 2048K, 0% used [0x00000000d6f80000,0x00000000d6f80000,0x00000000d7180000)
 ParOldGen       total 68608K, used 15291K [0x0000000080000000, 0x0000000084300000, 0x00000000d5580000)
  object space 68608K, 22% used [0x0000000080000000,0x0000000080eeece0,0x0000000084300000)
 Metaspace       used 31543K, committed 32512K, reserved 1114112K
  class space    used 3132K, committed 3520K, reserved 1048576K
}
Event: 8.472 GC heap after
{Heap after GC invocations=12 (full 1):
 PSYoungGen      total 24576K, used 2031K [0x00000000d5580000, 0x00000000d7380000, 0x0000000100000000)
  eden space 22528K, 0% used [0x00000000d5580000,0x00000000d5580000,0x00000000d6b80000)
  from space 2048K, 99% used [0x00000000d6f80000,0x00000000d717bc08,0x00000000d7180000)
  to   space 2048K, 0% used [0x00000000d7180000,0x00000000d7180000,0x00000000d7380000)
 ParOldGen       total 68608K, used 16975K [0x0000000080000000, 0x0000000084300000, 0x00000000d5580000)
  object space 68608K, 24% used [0x0000000080000000,0x0000000081093fc0,0x0000000084300000)
 Metaspace       used 31543K, committed 32512K, reserved 1114112K
  class space    used 3132K, committed 3520K, reserved 1048576K
}
Event: 8.581 GC heap before
{Heap before GC invocations=13 (full 1):
 PSYoungGen      total 24576K, used 24557K [0x00000000d5580000, 0x00000000d7380000, 0x0000000100000000)
  eden space 22528K, 99% used [0x00000000d5580000,0x00000000d6b7fa80,0x00000000d6b80000)
  from space 2048K, 99% used [0x00000000d6f80000,0x00000000d717bc08,0x00000000d7180000)
  to   space 2048K, 0% used [0x00000000d7180000,0x00000000d7180000,0x00000000d7380000)
 ParOldGen       total 68608K, used 16975K [0x0000000080000000, 0x0000000084300000, 0x00000000d5580000)
  object space 68608K, 24% used [0x0000000080000000,0x0000000081093fc0,0x0000000084300000)
 Metaspace       used 33310K, committed 34304K, reserved 1114112K
  class space    used 3354K, committed 3776K, reserved 1048576K
}
Event: 8.583 GC heap after
{Heap after GC invocations=13 (full 1):
 PSYoungGen      total 24064K, used 2021K [0x00000000d5580000, 0x00000000d7380000, 0x0000000100000000)
  eden space 22016K, 0% used [0x00000000d5580000,0x00000000d5580000,0x00000000d6b00000)
  from space 2048K, 98% used [0x00000000d7180000,0x00000000d7379690,0x00000000d7380000)
  to   space 4096K, 0% used [0x00000000d6b80000,0x00000000d6b80000,0x00000000d6f80000)
 ParOldGen       total 68608K, used 18575K [0x0000000080000000, 0x0000000084300000, 0x00000000d5580000)
  object space 68608K, 27% used [0x0000000080000000,0x0000000081223c00,0x0000000084300000)
 Metaspace       used 33310K, committed 34304K, reserved 1114112K
  class space    used 3354K, committed 3776K, reserved 1048576K
}
Event: 8.674 GC heap before
{Heap before GC invocations=14 (full 1):
 PSYoungGen      total 24064K, used 15087K [0x00000000d5580000, 0x00000000d7380000, 0x0000000100000000)
  eden space 22016K, 59% used [0x00000000d5580000,0x00000000d62428b0,0x00000000d6b00000)
  from space 2048K, 98% used [0x00000000d7180000,0x00000000d7379690,0x00000000d7380000)
  to   space 4096K, 0% used [0x00000000d6b80000,0x00000000d6b80000,0x00000000d6f80000)
 ParOldGen       total 68608K, used 18575K [0x0000000080000000, 0x0000000084300000, 0x00000000d5580000)
  object space 68608K, 27% used [0x0000000080000000,0x0000000081223c00,0x0000000084300000)
 Metaspace       used 34839K, committed 35840K, reserved 1114112K
  class space    used 3541K, committed 3968K, reserved 1048576K
}
Event: 8.677 GC heap after
{Heap after GC invocations=14 (full 1):
 PSYoungGen      total 26112K, used 880K [0x00000000d5580000, 0x00000000d7200000, 0x0000000100000000)
  eden space 22016K, 0% used [0x00000000d5580000,0x00000000d5580000,0x00000000d6b00000)
  from space 4096K, 21% used [0x00000000d6b80000,0x00000000d6c5c010,0x00000000d6f80000)
  to   space 2048K, 0% used [0x00000000d7000000,0x00000000d7000000,0x00000000d7200000)
 ParOldGen       total 68608K, used 20135K [0x0000000080000000, 0x0000000084300000, 0x00000000d5580000)
  object space 68608K, 29% used [0x0000000080000000,0x00000000813a9c20,0x0000000084300000)
 Metaspace       used 34839K, committed 35840K, reserved 1114112K
  class space    used 3541K, committed 3968K, reserved 1048576K
}
Event: 8.677 GC heap before
{Heap before GC invocations=15 (full 2):
 PSYoungGen      total 26112K, used 880K [0x00000000d5580000, 0x00000000d7200000, 0x0000000100000000)
  eden space 22016K, 0% used [0x00000000d5580000,0x00000000d5580000,0x00000000d6b00000)
  from space 4096K, 21% used [0x00000000d6b80000,0x00000000d6c5c010,0x00000000d6f80000)
  to   space 2048K, 0% used [0x00000000d7000000,0x00000000d7000000,0x00000000d7200000)
 ParOldGen       total 68608K, used 20135K [0x0000000080000000, 0x0000000084300000, 0x00000000d5580000)
  object space 68608K, 29% used [0x0000000080000000,0x00000000813a9c20,0x0000000084300000)
 Metaspace       used 34839K, committed 35840K, reserved 1114112K
  class space    used 3541K, committed 3968K, reserved 1048576K
}
Event: 8.708 GC heap after
{Heap after GC invocations=15 (full 2):
 PSYoungGen      total 26112K, used 0K [0x00000000d5580000, 0x00000000d7200000, 0x0000000100000000)
  eden space 22016K, 0% used [0x00000000d5580000,0x00000000d5580000,0x00000000d6b00000)
  from space 4096K, 0% used [0x00000000d6b80000,0x00000000d6b80000,0x00000000d6f80000)
  to   space 2048K, 0% used [0x00000000d7000000,0x00000000d7000000,0x00000000d7200000)
 ParOldGen       total 68608K, used 20198K [0x0000000080000000, 0x0000000084300000, 0x00000000d5580000)
  object space 68608K, 29% used [0x0000000080000000,0x00000000813b98b0,0x0000000084300000)
 Metaspace       used 34839K, committed 35840K, reserved 1114112K
  class space    used 3541K, committed 3968K, reserved 1048576K
}
Event: 8.920 GC heap before
{Heap before GC invocations=16 (full 2):
 PSYoungGen      total 26112K, used 22016K [0x00000000d5580000, 0x00000000d7200000, 0x0000000100000000)
  eden space 22016K, 100% used [0x00000000d5580000,0x00000000d6b00000,0x00000000d6b00000)
  from space 4096K, 0% used [0x00000000d6b80000,0x00000000d6b80000,0x00000000d6f80000)
  to   space 2048K, 0% used [0x00000000d7000000,0x00000000d7000000,0x00000000d7200000)
 ParOldGen       total 68608K, used 20198K [0x0000000080000000, 0x0000000084300000, 0x00000000d5580000)
  object space 68608K, 29% used [0x0000000080000000,0x00000000813b98b0,0x0000000084300000)
 Metaspace       used 37204K, committed 38336K, reserved 1114112K
  class space    used 3893K, committed 4416K, reserved 1048576K
}
Event: 8.921 GC heap after
{Heap after GC invocations=16 (full 2):
 PSYoungGen      total 23552K, used 1181K [0x00000000d5580000, 0x00000000d7180000, 0x0000000100000000)
  eden space 22016K, 0% used [0x00000000d5580000,0x00000000d5580000,0x00000000d6b00000)
  from space 1536K, 76% used [0x00000000d7000000,0x00000000d7127660,0x00000000d7180000)
  to   space 1536K, 0% used [0x00000000d6e80000,0x00000000d6e80000,0x00000000d7000000)
 ParOldGen       total 68608K, used 20206K [0x0000000080000000, 0x0000000084300000, 0x00000000d5580000)
  object space 68608K, 29% used [0x0000000080000000,0x00000000813bb8b0,0x0000000084300000)
 Metaspace       used 37204K, committed 38336K, reserved 1114112K
  class space    used 3893K, committed 4416K, reserved 1048576K
}
Event: 9.110 GC heap before
{Heap before GC invocations=17 (full 2):
 PSYoungGen      total 23552K, used 23197K [0x00000000d5580000, 0x00000000d7180000, 0x0000000100000000)
  eden space 22016K, 100% used [0x00000000d5580000,0x00000000d6b00000,0x00000000d6b00000)
  from space 1536K, 76% used [0x00000000d7000000,0x00000000d7127660,0x00000000d7180000)
  to   space 1536K, 0% used [0x00000000d6e80000,0x00000000d6e80000,0x00000000d7000000)
 ParOldGen       total 68608K, used 20206K [0x0000000080000000, 0x0000000084300000, 0x00000000d5580000)
  object space 68608K, 29% used [0x0000000080000000,0x00000000813bb8b0,0x0000000084300000)
 Metaspace       used 38610K, committed 39808K, reserved 1114112K
  class space    used 4076K, committed 4608K, reserved 1048576K
}
Event: 9.112 GC heap after
{Heap after GC invocations=17 (full 2):
 PSYoungGen      total 23040K, used 672K [0x00000000d5580000, 0x00000000d7080000, 0x0000000100000000)
  eden space 22016K, 0% used [0x00000000d5580000,0x00000000d5580000,0x00000000d6b00000)
  from space 1024K, 65% used [0x00000000d6e80000,0x00000000d6f28000,0x00000000d6f80000)
  to   space 1024K, 0% used [0x00000000d6f80000,0x00000000d6f80000,0x00000000d7080000)
 ParOldGen       total 68608K, used 21078K [0x0000000080000000, 0x0000000084300000, 0x00000000d5580000)
  object space 68608K, 30% used [0x0000000080000000,0x00000000814958b0,0x0000000084300000)
 Metaspace       used 38610K, committed 39808K, reserved 1114112K
  class space    used 4076K, committed 4608K, reserved 1048576K
}
Event: 9.329 GC heap before
{Heap before GC invocations=18 (full 2):
 PSYoungGen      total 23040K, used 22688K [0x00000000d5580000, 0x00000000d7080000, 0x0000000100000000)
  eden space 22016K, 100% used [0x00000000d5580000,0x00000000d6b00000,0x00000000d6b00000)
  from space 1024K, 65% used [0x00000000d6e80000,0x00000000d6f28000,0x00000000d6f80000)
  to   space 1024K, 0% used [0x00000000d6f80000,0x00000000d6f80000,0x00000000d7080000)
 ParOldGen       total 68608K, used 21078K [0x0000000080000000, 0x0000000084300000, 0x00000000d5580000)
  object space 68608K, 30% used [0x0000000080000000,0x00000000814958b0,0x0000000084300000)
 Metaspace       used 41178K, committed 42368K, reserved 1114112K
  class space    used 4409K, committed 4928K, reserved 1048576K
}
Event: 9.331 GC heap after
{Heap after GC invocations=18 (full 2):
 PSYoungGen      total 23040K, used 1024K [0x00000000d5580000, 0x00000000d7080000, 0x0000000100000000)
  eden space 22016K, 0% used [0x00000000d5580000,0x00000000d5580000,0x00000000d6b00000)
  from space 1024K, 100% used [0x00000000d6f80000,0x00000000d7080000,0x00000000d7080000)
  to   space 1536K, 0% used [0x00000000d6d80000,0x00000000d6d80000,0x00000000d6f00000)
 ParOldGen       total 68608K, used 21526K [0x0000000080000000, 0x0000000084300000, 0x00000000d5580000)
  object space 68608K, 31% used [0x0000000080000000,0x00000000815058b0,0x0000000084300000)
 Metaspace       used 41178K, committed 42368K, reserved 1114112K
  class space    used 4409K, committed 4928K, reserved 1048576K
}

Dll operation events (10 events):
Event: 0.007 Loaded shared library c:\Users\nguye\.cursor\extensions\redhat.java-1.45.0-win32-x64\jre\21.0.8-win32-x86_64\bin\java.dll
Event: 0.075 Loaded shared library c:\Users\nguye\.cursor\extensions\redhat.java-1.45.0-win32-x64\jre\21.0.8-win32-x86_64\bin\zip.dll
Event: 1.094 Loaded shared library C:\Users\nguye\.cursor\extensions\redhat.java-1.45.0-win32-x64\jre\21.0.8-win32-x86_64\bin\instrument.dll
Event: 1.098 Loaded shared library C:\Users\nguye\.cursor\extensions\redhat.java-1.45.0-win32-x64\jre\21.0.8-win32-x86_64\bin\net.dll
Event: 1.101 Loaded shared library C:\Users\nguye\.cursor\extensions\redhat.java-1.45.0-win32-x64\jre\21.0.8-win32-x86_64\bin\nio.dll
Event: 1.105 Loaded shared library C:\Users\nguye\.cursor\extensions\redhat.java-1.45.0-win32-x64\jre\21.0.8-win32-x86_64\bin\zip.dll
Event: 1.118 Loaded shared library C:\Users\nguye\.cursor\extensions\redhat.java-1.45.0-win32-x64\jre\21.0.8-win32-x86_64\bin\jimage.dll
Event: 1.180 Loaded shared library c:\Users\nguye\.cursor\extensions\redhat.java-1.45.0-win32-x64\jre\21.0.8-win32-x86_64\bin\verify.dll
Event: 4.257 Loaded shared library C:\Users\nguye\AppData\Roaming\Cursor\User\globalStorage\redhat.java\1.45.0\config_win\org.eclipse.equinox.launcher\org.eclipse.equinox.launcher.win32.win32.x86_64_1.2.1400.v20250801-0854\eclipse_11916.dll
Event: 7.307 Loaded shared library C:\Users\nguye\AppData\Local\Temp\jna-104772072\jna2808006117357785542.dll

Deoptimization events (20 events):
Event: 9.447 Thread 0x000002864ceb7690 DEOPT PACKING pc=0x0000028678a0c0e8 sp=0x000000d2f10fd180
Event: 9.447 Thread 0x000002864ceb7690 DEOPT UNPACKING pc=0x0000028678243aa2 sp=0x000000d2f10fd100 mode 2
Event: 9.447 Thread 0x000002864ceb7690 Uncommon trap: trap_request=0xffffffd6 fr.pc=0x0000028678a0c0e8 relative=0x00000000000000c8
Event: 9.447 Thread 0x000002864ceb7690 Uncommon trap: reason=array_check action=maybe_recompile pc=0x0000028678a0c0e8 method=java.util.stream.Nodes$FixedNodeBuilder.accept(Ljava/lang/Object;)V @ 28 c2
Event: 9.447 Thread 0x000002864ceb7690 DEOPT PACKING pc=0x0000028678a0c0e8 sp=0x000000d2f10fd180
Event: 9.447 Thread 0x000002864ceb7690 DEOPT UNPACKING pc=0x0000028678243aa2 sp=0x000000d2f10fd100 mode 2
Event: 9.447 Thread 0x000002864ceb7690 Uncommon trap: trap_request=0xffffffd6 fr.pc=0x0000028678a0c0e8 relative=0x00000000000000c8
Event: 9.447 Thread 0x000002864ceb7690 Uncommon trap: reason=array_check action=maybe_recompile pc=0x0000028678a0c0e8 method=java.util.stream.Nodes$FixedNodeBuilder.accept(Ljava/lang/Object;)V @ 28 c2
Event: 9.447 Thread 0x000002864ceb7690 DEOPT PACKING pc=0x0000028678a0c0e8 sp=0x000000d2f10fd180
Event: 9.447 Thread 0x000002864ceb7690 DEOPT UNPACKING pc=0x0000028678243aa2 sp=0x000000d2f10fd100 mode 2
Event: 9.447 Thread 0x000002864ceb7690 Uncommon trap: trap_request=0xffffffd6 fr.pc=0x0000028678a0c0e8 relative=0x00000000000000c8
Event: 9.447 Thread 0x000002864ceb7690 Uncommon trap: reason=array_check action=maybe_recompile pc=0x0000028678a0c0e8 method=java.util.stream.Nodes$FixedNodeBuilder.accept(Ljava/lang/Object;)V @ 28 c2
Event: 9.447 Thread 0x000002864ceb7690 DEOPT PACKING pc=0x0000028678a0c0e8 sp=0x000000d2f10fd180
Event: 9.447 Thread 0x000002864ceb7690 DEOPT UNPACKING pc=0x0000028678243aa2 sp=0x000000d2f10fd100 mode 2
Event: 9.474 Thread 0x000002864ceb7690 DEOPT PACKING pc=0x0000028670e2023c sp=0x000000d2f10fb260
Event: 9.474 Thread 0x000002864ceb7690 DEOPT UNPACKING pc=0x0000028678244242 sp=0x000000d2f10fa780 mode 0
Event: 9.518 Thread 0x000002864ceb7690 Uncommon trap: trap_request=0xffffff45 fr.pc=0x0000028678a1b498 relative=0x0000000000000a38
Event: 9.518 Thread 0x000002864ceb7690 Uncommon trap: reason=unstable_if action=reinterpret pc=0x0000028678a1b498 method=java.util.TreeMap.put(Ljava/lang/Object;Ljava/lang/Object;Z)Ljava/lang/Object; @ 158 c2
Event: 9.518 Thread 0x000002864ceb7690 DEOPT PACKING pc=0x0000028678a1b498 sp=0x000000d2f10fd5f0
Event: 9.518 Thread 0x000002864ceb7690 DEOPT UNPACKING pc=0x0000028678243aa2 sp=0x000000d2f10fd580 mode 2

Classes loaded (20 events):
Event: 8.913 Loading class java/lang/foreign/MemorySegment
Event: 8.913 Loading class java/lang/foreign/MemorySegment done
Event: 9.118 Loading class sun/reflect/annotation/AnnotatedTypeFactory$AnnotatedParameterizedTypeImpl
Event: 9.118 Loading class java/lang/reflect/AnnotatedParameterizedType
Event: 9.118 Loading class java/lang/reflect/AnnotatedParameterizedType done
Event: 9.118 Loading class sun/reflect/annotation/AnnotatedTypeFactory$AnnotatedParameterizedTypeImpl done
Event: 9.237 Loading class sun/reflect/generics/scope/ConstructorScope
Event: 9.237 Loading class sun/reflect/generics/scope/ConstructorScope done
Event: 9.237 Loading class sun/reflect/generics/tree/VoidDescriptor
Event: 9.237 Loading class sun/reflect/generics/tree/VoidDescriptor done
Event: 9.262 Loading class java/util/concurrent/CompletionService
Event: 9.263 Loading class java/util/concurrent/CompletionService done
Event: 9.280 Loading class java/nio/channels/ServerSocketChannel
Event: 9.280 Loading class java/nio/channels/ServerSocketChannel done
Event: 9.376 Loading class java/lang/ExceptionInInitializerError
Event: 9.376 Loading class java/lang/ExceptionInInitializerError done
Event: 9.376 Loading class sun/misc/Unsafe
Event: 9.377 Loading class sun/misc/Unsafe done
Event: 9.395 Loading class jdk/internal/org/objectweb/asm/ClassReader
Event: 9.396 Loading class jdk/internal/org/objectweb/asm/ClassReader done

Classes unloaded (7 events):
Event: 7.666 Thread 0x0000028646ac0d70 Unloading class 0x00000286061ac800 'java/lang/invoke/LambdaForm$MH+0x00000286061ac800'
Event: 7.666 Thread 0x0000028646ac0d70 Unloading class 0x00000286061ac400 'java/lang/invoke/LambdaForm$MH+0x00000286061ac400'
Event: 7.666 Thread 0x0000028646ac0d70 Unloading class 0x00000286061ac000 'java/lang/invoke/LambdaForm$MH+0x00000286061ac000'
Event: 7.666 Thread 0x0000028646ac0d70 Unloading class 0x00000286061abc00 'java/lang/invoke/LambdaForm$MH+0x00000286061abc00'
Event: 7.666 Thread 0x0000028646ac0d70 Unloading class 0x00000286061ab800 'java/lang/invoke/LambdaForm$BMH+0x00000286061ab800'
Event: 7.666 Thread 0x0000028646ac0d70 Unloading class 0x00000286061ab400 'java/lang/invoke/LambdaForm$DMH+0x00000286061ab400'
Event: 7.666 Thread 0x0000028646ac0d70 Unloading class 0x00000286061aa000 'java/lang/invoke/LambdaForm$DMH+0x00000286061aa000'

Classes redefined (0 events):
No events

Internal exceptions (20 events):
Event: 8.622 Thread 0x000002864ceb7690 Exception <a 'java/lang/NoSuchMethodError'{0x00000000d5b9d100}: 'int java.lang.invoke.DirectMethodHandle$Holder.invokeStaticInit(java.lang.Object, long, long)'> (0x00000000d5b9d100) 
thrown [s\src\hotspot\share\interpreter\linkResolver.cpp, line 773]
Event: 8.623 Thread 0x000002864ceb7690 Exception <a 'java/lang/NoSuchMethodError'{0x00000000d5bb16c0}: 'int java.lang.invoke.DirectMethodHandle$Holder.invokeStaticInit(java.lang.Object, float, float)'> (0x00000000d5bb16c0) 
thrown [s\src\hotspot\share\interpreter\linkResolver.cpp, line 773]
Event: 8.623 Thread 0x000002864ceb7690 Exception <a 'java/lang/NoSuchMethodError'{0x00000000d5bc4f58}: 'int java.lang.invoke.DirectMethodHandle$Holder.invokeStaticInit(java.lang.Object, double, double)'> (0x00000000d5bc4f58) 
thrown [s\src\hotspot\share\interpreter\linkResolver.cpp, line 773]
Event: 8.623 Thread 0x000002864ceb7690 Exception <a 'java/lang/NoSuchMethodError'{0x00000000d5bc9388}: 'int java.lang.invoke.DirectMethodHandle$Holder.invokeStatic(java.lang.Object, long)'> (0x00000000d5bc9388) 
thrown [s\src\hotspot\share\interpreter\linkResolver.cpp, line 773]
Event: 8.625 Thread 0x000002864ceb7690 Exception <a 'java/lang/NoSuchMethodError'{0x00000000d5c2ef18}: 'int java.lang.invoke.Invokers$Holder.linkToTargetMethod(java.lang.Object, java.lang.Object)'> (0x00000000d5c2ef18) 
thrown [s\src\hotspot\share\interpreter\linkResolver.cpp, line 773]
Event: 8.631 Thread 0x000002866dad3450 Exception <a 'java/lang/NoSuchMethodError'{0x00000000d5d1c6b0}: 'void java.lang.invoke.DirectMethodHandle$Holder.invokeSpecial(java.lang.Object, java.lang.Object, java.lang.Object, java.lang.Object, java.lang.Object, java.lang.Object)'> (0x00000000d5d1c6b0) 
thrown [s\src\hotspot\share\interpreter\linkResolver.cpp, line 773]
Event: 8.632 Thread 0x000002866dad3450 Exception <a 'java/lang/IncompatibleClassChangeError'{0x00000000d5d23ee0}: Found class java.lang.Object, but interface was expected> (0x00000000d5d23ee0) 
thrown [s\src\hotspot\share\interpreter\linkResolver.cpp, line 840]
Event: 8.632 Thread 0x000002866dad3450 Exception <a 'java/lang/IncompatibleClassChangeError'{0x00000000d5d32cd0}: Found class java.lang.Object, but interface was expected> (0x00000000d5d32cd0) 
thrown [s\src\hotspot\share\interpreter\linkResolver.cpp, line 840]
Event: 8.652 Thread 0x000002864ceb7690 Exception <a 'java/lang/NoSuchMethodError'{0x00000000d5fc1610}: 'java.lang.Object java.lang.invoke.DirectMethodHandle$Holder.invokeSpecialIFC(java.lang.Object, java.lang.Object, java.lang.Object, java.lang.Object)'> (0x00000000d5fc1610) 
thrown [s\src\hotspot\share\interpreter\linkResolver.cpp, line 773]
Event: 8.712 Thread 0x000002864ceb83b0 Exception <a 'java/lang/NoSuchMethodError'{0x00000000d55ad258}: 'int java.lang.invoke.DirectMethodHandle$Holder.invokeSpecial(java.lang.Object, java.lang.Object, java.lang.Object, java.lang.Object)'> (0x00000000d55ad258) 
thrown [s\src\hotspot\share\interpreter\linkResolver.cpp, line 773]
Event: 8.713 Thread 0x000002864ceb83b0 Exception <a 'java/lang/NoSuchMethodError'{0x00000000d55ba718}: 'java.lang.Object java.lang.invoke.DirectMethodHandle$Holder.invokeStatic(java.lang.Object, int, java.lang.Object, java.lang.Object)'> (0x00000000d55ba718) 
thrown [s\src\hotspot\share\interpreter\linkResolver.cpp, line 773]
Event: 8.714 Thread 0x000002864ceb83b0 Exception <a 'java/lang/NoSuchMethodError'{0x00000000d5612d80}: 'java.lang.Object java.lang.invoke.DelegatingMethodHandle$Holder.delegate(java.lang.Object, int, java.lang.Object, java.lang.Object)'> (0x00000000d5612d80) 
thrown [s\src\hotspot\share\interpreter\linkResolver.cpp, line 773]
Event: 8.716 Thread 0x000002864ceb83b0 Exception <a 'java/lang/NoSuchMethodError'{0x00000000d5667320}: 'int java.lang.invoke.Invokers$Holder.linkToTargetMethod(java.lang.Object, java.lang.Object, java.lang.Object)'> (0x00000000d5667320) 
thrown [s\src\hotspot\share\interpreter\linkResolver.cpp, line 773]
Event: 8.886 Thread 0x000002864ceb7690 Exception <a 'java/lang/NoClassDefFoundError'{0x00000000d674ca68}: javax/enterprise/inject/Typed> (0x00000000d674ca68) 
thrown [s\src\hotspot\share\classfile\systemDictionary.cpp, line 301]
Event: 9.374 Thread 0x000002864ceb7690 Exception <a 'java/lang/NoSuchMethodError'{0x00000000d5960078}: 'void java.lang.invoke.DirectMethodHandle$Holder.invokeStaticInit(java.lang.Object, java.lang.Object, java.lang.Object)'> (0x00000000d5960078) 
thrown [s\src\hotspot\share\interpreter\linkResolver.cpp, line 773]
Event: 9.377 Thread 0x000002864ceb7690 Exception <a 'java/lang/ExceptionInInitializerError'{0x00000000d599f4f8}> (0x00000000d599f4f8) 
thrown [s\src\hotspot\share\oops\instanceKlass.cpp, line 1220]
Event: 9.393 Thread 0x000002864ceb7690 Exception <a 'java/lang/NoSuchMethodError'{0x00000000d5b19800}: 'long java.lang.invoke.DirectMethodHandle$Holder.invokeStatic(java.lang.Object, java.lang.Object, int)'> (0x00000000d5b19800) 
thrown [s\src\hotspot\share\interpreter\linkResolver.cpp, line 773]
Event: 9.396 Thread 0x000002864ceb7690 Implicit null exception at 0x00000286788dd07e to 0x00000286788dd2f0
Event: 9.396 Thread 0x000002864ceb7690 Implicit null exception at 0x000002867884b41c to 0x000002867884c338
Event: 9.398 Thread 0x000002864ceb7690 Exception <a 'java/lang/NoSuchMethodError'{0x00000000d5b5af70}: 'java.lang.Object java.lang.invoke.Invokers$Holder.invokeExact_MT(java.lang.Object, int, java.lang.Object)'> (0x00000000d5b5af70) 
thrown [s\src\hotspot\share\interpreter\linkResolver.cpp, line 773]

ZGC Phase Switch (0 events):
No events

VM Operations (20 events):
Event: 8.583 Executing VM operation: ParallelGCFailedAllocation (Allocation Failure) done
Event: 8.629 Executing VM operation: HandshakeAllThreads (Deoptimize)
Event: 8.629 Executing VM operation: HandshakeAllThreads (Deoptimize) done
Event: 8.674 Executing VM operation: CollectForMetadataAllocation (Metadata GC Threshold)
Event: 8.708 Executing VM operation: CollectForMetadataAllocation (Metadata GC Threshold) done
Event: 8.878 Executing VM operation: HandshakeAllThreads (Deoptimize)
Event: 8.879 Executing VM operation: HandshakeAllThreads (Deoptimize) done
Event: 8.920 Executing VM operation: ParallelGCFailedAllocation (Allocation Failure)
Event: 8.921 Executing VM operation: ParallelGCFailedAllocation (Allocation Failure) done
Event: 9.110 Executing VM operation: ParallelGCFailedAllocation (Allocation Failure)
Event: 9.112 Executing VM operation: ParallelGCFailedAllocation (Allocation Failure) done
Event: 9.154 Executing VM operation: HandshakeAllThreads (Deoptimize)
Event: 9.154 Executing VM operation: HandshakeAllThreads (Deoptimize) done
Event: 9.193 Executing VM operation: HandshakeAllThreads (Deoptimize)
Event: 9.193 Executing VM operation: HandshakeAllThreads (Deoptimize) done
Event: 9.329 Executing VM operation: ParallelGCFailedAllocation (Allocation Failure)
Event: 9.331 Executing VM operation: ParallelGCFailedAllocation (Allocation Failure) done
Event: 9.423 Executing VM operation: HandshakeAllThreads (Deoptimize)
Event: 9.424 Executing VM operation: HandshakeAllThreads (Deoptimize) done
Event: 10.427 Executing VM operation: Cleanup

Memory protections (0 events):
No events

Nmethod flushes (20 events):
Event: 8.693 Thread 0x0000028646ac0d70 flushing  nmethod 0x0000028671351e10
Event: 8.693 Thread 0x0000028646ac0d70 flushing  nmethod 0x0000028671352a10
Event: 8.693 Thread 0x0000028646ac0d70 flushing  nmethod 0x0000028671353190
Event: 8.693 Thread 0x0000028646ac0d70 flushing  nmethod 0x0000028671354b10
Event: 8.693 Thread 0x0000028646ac0d70 flushing  nmethod 0x0000028671355010
Event: 8.693 Thread 0x0000028646ac0d70 flushing  nmethod 0x0000028671355d10
Event: 8.693 Thread 0x0000028646ac0d70 flushing  nmethod 0x0000028671356190
Event: 8.693 Thread 0x0000028646ac0d70 flushing  nmethod 0x0000028671356690
Event: 8.693 Thread 0x0000028646ac0d70 flushing  nmethod 0x0000028671357f90
Event: 8.693 Thread 0x0000028646ac0d70 flushing  nmethod 0x0000028671358390
Event: 8.693 Thread 0x0000028646ac0d70 flushing  nmethod 0x0000028671358a90
Event: 8.693 Thread 0x0000028646ac0d70 flushing  nmethod 0x0000028671374690
Event: 8.693 Thread 0x0000028646ac0d70 flushing  nmethod 0x000002867137cf10
Event: 8.693 Thread 0x0000028646ac0d70 flushing  nmethod 0x000002867138b190
Event: 8.693 Thread 0x0000028646ac0d70 flushing  nmethod 0x000002867138d890
Event: 8.693 Thread 0x0000028646ac0d70 flushing  nmethod 0x0000028671393990
Event: 8.693 Thread 0x0000028646ac0d70 flushing  nmethod 0x00000286713c3410
Event: 8.693 Thread 0x0000028646ac0d70 flushing  nmethod 0x0000028671427b90
Event: 8.693 Thread 0x0000028646ac0d70 flushing  nmethod 0x0000028671429110
Event: 8.693 Thread 0x0000028646ac0d70 flushing  nmethod 0x000002867144d410

Events (20 events):
Event: 8.184 Thread 0x0000028646ac4710 Thread added: 0x000002864ceb7d20
Event: 8.418 Thread 0x000002864cebab10 Thread added: 0x000002864ceb83b0
Event: 8.460 Thread 0x000002864ceb83b0 Thread added: 0x000002864ceb7690
Event: 8.482 Thread 0x000002866dad3450 Thread added: 0x000002864cebd270
Event: 8.482 Thread 0x000002866dad3450 Thread added: 0x000002864cebdf90
Event: 8.482 Thread 0x000002866dad3450 Thread added: 0x000002864cebb1a0
Event: 8.482 Thread 0x000002866dad3450 Thread added: 0x000002864cebbec0
Event: 8.483 Thread 0x000002866dad3450 Thread added: 0x000002864cebe620
Event: 8.483 Thread 0x000002866dad3450 Thread added: 0x000002864cebb830
Event: 8.483 Thread 0x000002866dad3450 Thread added: 0x000002864cebcbe0
Event: 8.483 Thread 0x000002866dad3450 Thread added: 0x000002864cebc550
Event: 8.483 Thread 0x000002866dad3450 Thread added: 0x000002864cebd900
Event: 8.483 Thread 0x000002866dad3450 Thread added: 0x000002864fee4940
Event: 8.483 Thread 0x000002866dad3450 Thread added: 0x000002864fee3c20
Event: 8.483 Thread 0x000002866dad3450 Thread added: 0x000002864fee42b0
Event: 8.483 Thread 0x000002866dad3450 Thread added: 0x000002864fee5cf0
Event: 8.513 Thread 0x000002866dad3450 Thread added: 0x000002864fee4fd0
Event: 8.647 Thread 0x000002866dad3450 Thread added: 0x000002864fee6a10
Event: 8.648 Thread 0x000002866dad3450 Thread added: 0x000002864fee3590
Event: 8.905 Thread 0x000002864cebab10 Thread added: 0x000002864fee9170


Dynamic libraries:
0x00007ff6d4a10000 - 0x00007ff6d4a1e000 	c:\Users\nguye\.cursor\extensions\redhat.java-1.45.0-win32-x64\jre\21.0.8-win32-x86_64\bin\java.exe
0x00007ff8413a0000 - 0x00007ff841603000 	C:\WINDOWS\SYSTEM32\ntdll.dll
0x00007ff840010000 - 0x00007ff8400d7000 	C:\WINDOWS\System32\KERNEL32.DLL
0x00007ff83e910000 - 0x00007ff83ecb1000 	C:\WINDOWS\System32\KERNELBASE.dll
0x00007ff83ed70000 - 0x00007ff83eebb000 	C:\WINDOWS\System32\ucrtbase.dll
0x00007ff834880000 - 0x00007ff834898000 	c:\Users\nguye\.cursor\extensions\redhat.java-1.45.0-win32-x64\jre\21.0.8-win32-x86_64\bin\jli.dll
0x00007ff816e10000 - 0x00007ff816e2e000 	c:\Users\nguye\.cursor\extensions\redhat.java-1.45.0-win32-x64\jre\21.0.8-win32-x86_64\bin\VCRUNTIME140.dll
0x00007ff840780000 - 0x00007ff840943000 	C:\WINDOWS\System32\USER32.dll
0x00007ff8298b0000 - 0x00007ff829b40000 	C:\WINDOWS\WinSxS\amd64_microsoft.windows.common-controls_6595b64144ccf1df_6.0.26100.1591_none_3e0fac18e32dc903\COMCTL32.dll
0x00007ff83eec0000 - 0x00007ff83eee7000 	C:\WINDOWS\System32\win32u.dll
0x00007ff83f2a0000 - 0x00007ff83f349000 	C:\WINDOWS\System32\msvcrt.dll
0x00007ff841240000 - 0x00007ff84126a000 	C:\WINDOWS\System32\GDI32.dll
0x00007ff83ef70000 - 0x00007ff83f091000 	C:\WINDOWS\System32\gdi32full.dll
0x00007ff83ecc0000 - 0x00007ff83ed63000 	C:\WINDOWS\System32\msvcp_win.dll
0x00007ff8401c0000 - 0x00007ff8401ef000 	C:\WINDOWS\System32\IMM32.DLL
0x00007ff81ad50000 - 0x00007ff81ad5c000 	c:\Users\nguye\.cursor\extensions\redhat.java-1.45.0-win32-x64\jre\21.0.8-win32-x86_64\bin\vcruntime140_1.dll
0x00007fffce7a0000 - 0x00007fffce82d000 	c:\Users\nguye\.cursor\extensions\redhat.java-1.45.0-win32-x64\jre\21.0.8-win32-x86_64\bin\msvcp140.dll
0x00007fffbad30000 - 0x00007fffbbac7000 	c:\Users\nguye\.cursor\extensions\redhat.java-1.45.0-win32-x64\jre\21.0.8-win32-x86_64\bin\server\jvm.dll
0x00007ff841160000 - 0x00007ff841212000 	C:\WINDOWS\System32\ADVAPI32.dll
0x00007ff83fd90000 - 0x00007ff83fe37000 	C:\WINDOWS\System32\sechost.dll
0x00007ff841020000 - 0x00007ff841136000 	C:\WINDOWS\System32\RPCRT4.dll
0x00007ff83f220000 - 0x00007ff83f294000 	C:\WINDOWS\System32\WS2_32.dll
0x00007ff83dc30000 - 0x00007ff83dc7e000 	C:\WINDOWS\SYSTEM32\POWRPROF.dll
0x00007ff8318f0000 - 0x00007ff831926000 	C:\WINDOWS\SYSTEM32\WINMM.dll
0x00007ff8368a0000 - 0x00007ff8368ab000 	C:\WINDOWS\SYSTEM32\VERSION.dll
0x00007ff83dc10000 - 0x00007ff83dc24000 	C:\WINDOWS\SYSTEM32\UMPDC.dll
0x00007ff83d640000 - 0x00007ff83d65a000 	C:\WINDOWS\SYSTEM32\kernel.appcore.dll
0x00007ff816e00000 - 0x00007ff816e0a000 	c:\Users\nguye\.cursor\extensions\redhat.java-1.45.0-win32-x64\jre\21.0.8-win32-x86_64\bin\jimage.dll
0x00007ff8356e0000 - 0x00007ff835921000 	C:\WINDOWS\SYSTEM32\DBGHELP.DLL
0x00007ff840960000 - 0x00007ff840cdc000 	C:\WINDOWS\System32\combase.dll
0x00007ff840200000 - 0x00007ff8402d6000 	C:\WINDOWS\System32\OLEAUT32.dll
0x00007ff82aa50000 - 0x00007ff82aa89000 	C:\WINDOWS\SYSTEM32\dbgcore.DLL
0x00007ff83e7b0000 - 0x00007ff83e849000 	C:\WINDOWS\System32\bcryptPrimitives.dll
0x00007ff8166b0000 - 0x00007ff8166bf000 	c:\Users\nguye\.cursor\extensions\redhat.java-1.45.0-win32-x64\jre\21.0.8-win32-x86_64\bin\instrument.dll
0x00007fffe0450000 - 0x00007fffe046f000 	c:\Users\nguye\.cursor\extensions\redhat.java-1.45.0-win32-x64\jre\21.0.8-win32-x86_64\bin\java.dll
0x00007ff83f690000 - 0x00007ff83fd86000 	C:\WINDOWS\System32\SHELL32.dll
0x00007ff83c540000 - 0x00007ff83cd6a000 	C:\WINDOWS\SYSTEM32\windows.storage.dll
0x00007ff8400e0000 - 0x00007ff8401b3000 	C:\WINDOWS\System32\SHCORE.dll
0x00007ff83f5e0000 - 0x00007ff83f63d000 	C:\WINDOWS\System32\shlwapi.dll
0x00007ff83e6d0000 - 0x00007ff83e6f9000 	C:\WINDOWS\SYSTEM32\profapi.dll
0x00007fffcc6c0000 - 0x00007fffcc6d8000 	c:\Users\nguye\.cursor\extensions\redhat.java-1.45.0-win32-x64\jre\21.0.8-win32-x86_64\bin\zip.dll
0x00007ff8166a0000 - 0x00007ff8166b0000 	C:\Users\nguye\.cursor\extensions\redhat.java-1.45.0-win32-x64\jre\21.0.8-win32-x86_64\bin\net.dll
0x00007ff8398f0000 - 0x00007ff839a16000 	C:\WINDOWS\SYSTEM32\WINHTTP.dll
0x00007ff83db20000 - 0x00007ff83db88000 	C:\WINDOWS\system32\mswsock.dll
0x00007fffcc030000 - 0x00007fffcc046000 	C:\Users\nguye\.cursor\extensions\redhat.java-1.45.0-win32-x64\jre\21.0.8-win32-x86_64\bin\nio.dll
0x00007fffe0440000 - 0x00007fffe0450000 	c:\Users\nguye\.cursor\extensions\redhat.java-1.45.0-win32-x64\jre\21.0.8-win32-x86_64\bin\verify.dll
0x00007fffc4610000 - 0x00007fffc4654000 	C:\Users\nguye\AppData\Roaming\Cursor\User\globalStorage\redhat.java\1.45.0\config_win\org.eclipse.equinox.launcher\org.eclipse.equinox.launcher.win32.win32.x86_64_1.2.1400.v20250801-0854\eclipse_11916.dll
0x00007ff840e20000 - 0x00007ff840fb9000 	C:\WINDOWS\System32\ole32.dll
0x00007ff83df80000 - 0x00007ff83df9c000 	C:\WINDOWS\SYSTEM32\CRYPTSP.dll
0x00007ff83d5a0000 - 0x00007ff83d5d8000 	C:\WINDOWS\system32\rsaenh.dll
0x00007ff83dbc0000 - 0x00007ff83dbeb000 	C:\WINDOWS\SYSTEM32\USERENV.dll
0x00007ff83e110000 - 0x00007ff83e136000 	C:\WINDOWS\SYSTEM32\bcrypt.dll
0x00007ff83ddf0000 - 0x00007ff83ddfc000 	C:\WINDOWS\SYSTEM32\CRYPTBASE.dll
0x00007ff83d060000 - 0x00007ff83d092000 	C:\WINDOWS\SYSTEM32\IPHLPAPI.DLL
0x00007ff841220000 - 0x00007ff84122a000 	C:\WINDOWS\System32\NSI.dll
0x00007fffce270000 - 0x00007fffce2b9000 	C:\Users\nguye\AppData\Local\Temp\jna-104772072\jna2808006117357785542.dll
0x00007ff840950000 - 0x00007ff840958000 	C:\WINDOWS\System32\PSAPI.DLL
0x00007ff8397b0000 - 0x00007ff8397cf000 	C:\WINDOWS\SYSTEM32\dhcpcsvc6.DLL
0x00007ff8394c0000 - 0x00007ff8394e5000 	C:\WINDOWS\SYSTEM32\dhcpcsvc.DLL

JVMTI agents:
c:\Users\nguye\.cursor\extensions\redhat.java-1.45.0-win32-x64\lombok\lombok-1.18.39-4050.jar path:c:\Users\nguye\.cursor\extensions\redhat.java-1.45.0-win32-x64\jre\21.0.8-win32-x86_64\bin\instrument.dll, loaded, initialized, instrumentlib options:none

dbghelp: loaded successfully - version: 4.0.5 - missing functions: none
symbol engine: initialized successfully - sym options: 0x614 - pdb path: .;c:\Users\nguye\.cursor\extensions\redhat.java-1.45.0-win32-x64\jre\21.0.8-win32-x86_64\bin;C:\WINDOWS\SYSTEM32;C:\WINDOWS\WinSxS\amd64_microsoft.windows.common-controls_6595b64144ccf1df_6.0.26100.1591_none_3e0fac18e32dc903;c:\Users\nguye\.cursor\extensions\redhat.java-1.45.0-win32-x64\jre\21.0.8-win32-x86_64\bin\server;C:\Users\nguye\AppData\Roaming\Cursor\User\globalStorage\redhat.java\1.45.0\config_win\org.eclipse.equinox.launcher\org.eclipse.equinox.launcher.win32.win32.x86_64_1.2.1400.v20250801-0854;C:\Users\nguye\AppData\Local\Temp\jna-104772072

VM Arguments:
jvm_args: --add-modules=ALL-SYSTEM --add-opens=java.base/java.util=ALL-UNNAMED --add-opens=java.base/java.lang=ALL-UNNAMED --add-opens=java.base/sun.nio.fs=ALL-UNNAMED -Declipse.application=org.eclipse.jdt.ls.core.id1 -Dosgi.bundles.defaultStartLevel=4 -Declipse.product=org.eclipse.jdt.ls.core.product -Djava.import.generatesMetadataFilesAtProjectRoot=false -DDetectVMInstallationsJob.disabled=true -Dfile.encoding=utf8 -XX:+UseParallelGC -XX:GCTimeRatio=4 -XX:AdaptiveSizePolicyWeight=90 -Dsun.zip.disableMemoryMapping=true -Xmx2G -Xms100m -Xlog:disable -javaagent:c:\Users\nguye\.cursor\extensions\redhat.java-1.45.0-win32-x64\lombok\lombok-1.18.39-4050.jar -XX:+HeapDumpOnOutOfMemoryError -XX:HeapDumpPath=c:\Users\nguye\AppData\Roaming\Cursor\User\workspaceStorage\11c61106e31d4dec7f53613e41bec7bf\redhat.java -Daether.dependencyCollector.impl=bf 
java_command: c:\Users\nguye\.cursor\extensions\redhat.java-1.45.0-win32-x64\server\plugins\org.eclipse.equinox.launcher_1.7.0.v20250519-0528.jar -configuration c:\Users\nguye\AppData\Roaming\Cursor\User\globalStorage\redhat.java\1.45.0\config_win -data c:\Users\nguye\AppData\Roaming\Cursor\User\workspaceStorage\11c61106e31d4dec7f53613e41bec7bf\redhat.java\jdt_ws --pipe=\\.\pipe\lsp-1544a09b2d59f87e7d2ef6096122525f-sock
java_class_path (initial): c:\Users\nguye\.cursor\extensions\redhat.java-1.45.0-win32-x64\server\plugins\org.eclipse.equinox.launcher_1.7.0.v20250519-0528.jar
Launcher Type: SUN_STANDARD

[Global flags]
    uintx AdaptiveSizePolicyWeight                 = 90                                        {product} {command line}
     intx CICompilerCount                          = 4                                         {product} {ergonomic}
    uintx GCTimeRatio                              = 4                                         {product} {command line}
     bool HeapDumpOnOutOfMemoryError               = true                                   {manageable} {command line}
    ccstr HeapDumpPath                             = c:\Users\nguye\AppData\Roaming\Cursor\User\workspaceStorage\11c61106e31d4dec7f53613e41bec7bf\redhat.java         {manageable} {command line}
   size_t InitialHeapSize                          = 104857600                                 {product} {command line}
   size_t MaxHeapSize                              = 2147483648                                {product} {command line}
   size_t MaxNewSize                               = 715653120                                 {product} {ergonomic}
   size_t MinHeapDeltaBytes                        = 524288                                    {product} {ergonomic}
   size_t MinHeapSize                              = 104857600                                 {product} {command line}
   size_t NewSize                                  = 34603008                                  {product} {ergonomic}
    uintx NonNMethodCodeHeapSize                   = 5839372                                {pd product} {ergonomic}
    uintx NonProfiledCodeHeapSize                  = 122909434                              {pd product} {ergonomic}
   size_t OldSize                                  = 70254592                                  {product} {ergonomic}
    uintx ProfiledCodeHeapSize                     = 122909434                              {pd product} {ergonomic}
    uintx ReservedCodeCacheSize                    = 251658240                              {pd product} {ergonomic}
     bool SegmentedCodeCache                       = true                                      {product} {ergonomic}
   size_t SoftMaxHeapSize                          = 2147483648                             {manageable} {ergonomic}
     bool UseCompressedOops                        = true                           {product lp64_product} {ergonomic}
     bool UseLargePagesIndividualAllocation        = false                                  {pd product} {ergonomic}
     bool UseParallelGC                            = true                                      {product} {command line}

Logging:
Log output configuration:
 #0: stdout all=off uptime,level,tags foldmultilines=false
 #1: stderr all=off uptime,level,tags foldmultilines=false

Environment Variables:
PATH=C:\Program Files\Common Files\Oracle\Java\javapath;C:\Python313\Scripts\;C:\Python313\;C:\xampp\php;C:\Program Files\Python312\Scripts\;C:\Program Files\Python312\;C:\Windows\system32;C:\Windows;C:\Windows\System32\Wbem;C:\Windows\System32\WindowsPowerShell\v1.0\;C:\Windows\System32\OpenSSH\;C:\Program Files (x86)\NVIDIA Corporation\PhysX\Common;C:\Program Files\NVIDIA Corporation\NVIDIA NvDLISR;C:\WINDOWS\system32;C:\WINDOWS;C:\WINDOWS\System32\Wbem;C:\WINDOWS\System32\WindowsPowerShell\v1.0\;C:\WINDOWS\System32\OpenSSH\;C:\MinGW\bin;C:\Program Files\Git\cmd;C:\Program Files (x86)\Microsoft SQL Server\160\Tools\Binn\;C:\Program Files\Microsoft SQL Server\160\Tools\Binn\;C:\Program Files\Microsoft SQL Server\Client SDK\ODBC\170\Tools\Binn\;C:\Program Files\Microsoft SQL Server\160\DTS\Binn\;C:\Program Files (x86)\Microsoft SQL Server\160\DTS\Binn\;C:\Program Files\Microsoft SQL Server\150\Tools\Binn\;C:\Program Files\Java\apache-maven-3.6.0\bin;C:\Program Files\Docker\Docker\resources\bin;C:\Gradle\bin;C:\ProgramData\chocolatey\bin;C:\Program Files\Java\jdk-17\bin;C:\Tools;C:\Program Files\nodejs\;C:\Program Files\MySQL\MySQL Shell 8.0\bin\;C:\Users\nguye\AppData\Local\Programs\Python\Launcher\;C:\Users\nguye\AppData\Local\Microsoft\WindowsApps;D:\Microsoft VS Code\bin;C:\Users\nguye\AppData\Roaming\Composer\vendor\bin;C:\Users\nguye\AppData\Local\Programs\cursor\resources\app\bin;C:\dart-sdk\bin;C:\flutter\bin;C:\Program Files\Java\jdk-17\bin;C:\Tools;C:\Users\nguye\AppData\Roaming\npm
USERNAME=nguye
OS=Windows_NT
PROCESSOR_IDENTIFIER=AMD64 Family 25 Model 80 Stepping 0, AuthenticAMD
TMP=C:\Users\nguye\AppData\Local\Temp
TEMP=C:\Users\nguye\AppData\Local\Temp




Periodic native trim disabled

---------------  S Y S T E M  ---------------

OS:
 Windows 11 , 64 bit Build 26100 (10.0.26100.1591)
OS uptime: 0 days 2:15 hours
Hyper-V role detected

CPU: total 12 (initial active 12) (12 cores per cpu, 2 threads per core) family 25 model 80 stepping 0 microcode 0xa50000c, cx8, cmov, fxsr, ht, mmx, 3dnowpref, sse, sse2, sse3, ssse3, sse4a, sse4.1, sse4.2, popcnt, lzcnt, tsc, tscinvbit, avx, avx2, aes, erms, clmul, bmi1, bmi2, adx, sha, fma, vzeroupper, clflush, clflushopt, hv, rdtscp, rdpid, fsrm, f16c, cet_ss
Processor Information for processor 0
  Max Mhz: 3301, Current Mhz: 3301, Mhz Limit: 3301
Processor Information for processor 1
  Max Mhz: 3301, Current Mhz: 3301, Mhz Limit: 3301
Processor Information for processor 2
  Max Mhz: 3301, Current Mhz: 3301, Mhz Limit: 3301
Processor Information for processor 3
  Max Mhz: 3301, Current Mhz: 3301, Mhz Limit: 3301
Processor Information for processor 4
  Max Mhz: 3301, Current Mhz: 3301, Mhz Limit: 3301
Processor Information for processor 5
  Max Mhz: 3301, Current Mhz: 3301, Mhz Limit: 3301
Processor Information for processor 6
  Max Mhz: 3301, Current Mhz: 3301, Mhz Limit: 3301
Processor Information for processor 7
  Max Mhz: 3301, Current Mhz: 3301, Mhz Limit: 3301
Processor Information for processor 8
  Max Mhz: 3301, Current Mhz: 3301, Mhz Limit: 3301
Processor Information for processor 9
  Max Mhz: 3301, Current Mhz: 3301, Mhz Limit: 3301
Processor Information for processor 10
  Max Mhz: 3301, Current Mhz: 2011, Mhz Limit: 3301
Processor Information for processor 11
  Max Mhz: 3301, Current Mhz: 3301, Mhz Limit: 3301

Memory: 4k page, system-wide physical 23916M (7660M free)
TotalPageFile size 23916M (AvailPageFile size 5M)
current process WorkingSet (physical memory assigned to process): 230M, peak: 230M
current process commit charge ("private bytes"): 356M, peak: 357M

vm_info: OpenJDK 64-Bit Server VM (21.0.8+9-LTS) for windows-amd64 JRE (21.0.8+9-LTS), built on 2025-07-15T00:00:00Z by "admin" with MS VC++ 17.7 (VS2022)

END.
