#
# There is insufficient memory for the Java Runtime Environment to continue.
# Native memory allocation (malloc) failed to allocate 1638416 bytes. Error detail: Chunk::new
# Possible reasons:
#   The system is out of physical RAM or swap space
#   This process is running with CompressedOops enabled, and the Java Heap may be blocking the growth of the native heap
# Possible solutions:
#   Reduce memory load on the system
#   Increase physical memory or swap space
#   Check if swap backing store is full
#   Decrease Java heap size (-Xmx/-Xms)
#   Decrease number of Java threads
#   Decrease Java thread stack sizes (-Xss)
#   Set larger code cache with -XX:ReservedCodeCacheSize=
#   JVM is running with Unscaled Compressed Oops mode in which the Java heap is
#     placed in the first 4GB address space. The Java Heap base address is the
#     maximum limit for the native heap growth. Please use -XX:HeapBaseMinAddress
#     to set the Java Heap base and to place the Java Heap above 4GB virtual address.
# This output file may be truncated or incomplete.
#
#  Out of Memory Error (arena.cpp:168), pid=7224, tid=11240
#
# JRE version: OpenJDK Runtime Environment Temurin-21.0.8+9 (21.0.8+9) (build 21.0.8+9-LTS)
# Java VM: OpenJDK 64-Bit Server VM Temurin-21.0.8+9 (21.0.8+9-LTS, mixed mode, sharing, tiered, compressed oops, compressed class ptrs, parallel gc, windows-amd64)
# No core dump will be written. Minidumps are not enabled by default on client versions of Windows
#

---------------  S U M M A R Y ------------

Command Line: --add-modules=ALL-SYSTEM --add-opens=java.base/java.util=ALL-UNNAMED --add-opens=java.base/java.lang=ALL-UNNAMED --add-opens=java.base/sun.nio.fs=ALL-UNNAMED -Declipse.application=org.eclipse.jdt.ls.core.id1 -Dosgi.bundles.defaultStartLevel=4 -Declipse.product=org.eclipse.jdt.ls.core.product -Djava.import.generatesMetadataFilesAtProjectRoot=false -DDetectVMInstallationsJob.disabled=true -Dfile.encoding=utf8 -XX:+UseParallelGC -XX:GCTimeRatio=4 -XX:AdaptiveSizePolicyWeight=90 -Dsun.zip.disableMemoryMapping=true -Xmx2G -Xms100m -Xlog:disable -javaagent:c:\Users\nguye\.cursor\extensions\redhat.java-1.45.0-win32-x64\lombok\lombok-1.18.39-4050.jar c:\Users\nguye\.cursor\extensions\redhat.java-1.45.0-win32-x64\server\plugins\org.eclipse.equinox.launcher_1.7.0.v20250519-0528.jar -configuration c:\Users\nguye\AppData\Roaming\Cursor\User\globalStorage\redhat.java\1.45.0\config_ss_win -data c:\Users\nguye\AppData\Roaming\Cursor\User\workspaceStorage\11c61106e31d4dec7f53613e41bec7bf\redhat.java\ss_ws --pipe=\\.\pipe\lsp-445487d5103fabd34517c06f902c08e5-sock

Host: AMD Ryzen 5 5600H with Radeon Graphics         , 12 cores, 23G,  Windows 11 , 64 bit Build 26100 (10.0.26100.1591)
Time: Sat Sep 20 10:52:22 2025 SE Asia Standard Time elapsed time: 8.224219 seconds (0d 0h 0m 8s)

---------------  T H R E A D  ---------------

Current thread (0x0000022afcccd520):  JavaThread "C2 CompilerThread1" daemon [_thread_in_native, id=11240, stack(0x000000ffb2700000,0x000000ffb2800000) (1024K)]


Current CompileTask:
C2:8224 5057 %     4       org.lombokweb.asm.ClassReader::readCode @ 92 (5117 bytes)

Stack: [0x000000ffb2700000,0x000000ffb2800000]
Native frames: (J=compiled Java code, j=interpreted, Vv=VM code, C=native code)
V  [jvm.dll+0x6d2449]
V  [jvm.dll+0x8ae341]
V  [jvm.dll+0x8b08be]
V  [jvm.dll+0x8b0fa3]
V  [jvm.dll+0x280c96]
V  [jvm.dll+0xc581d]
V  [jvm.dll+0xc5d53]
V  [jvm.dll+0x3b9162]
V  [jvm.dll+0x385315]
V  [jvm.dll+0x38477a]
V  [jvm.dll+0x248ed0]
V  [jvm.dll+0x2484af]
V  [jvm.dll+0x1c89ee]
V  [jvm.dll+0x257d4d]
V  [jvm.dll+0x2562ea]
V  [jvm.dll+0x3f2d16]
V  [jvm.dll+0x857e6b]
V  [jvm.dll+0x6d0b0d]
C  [ucrtbase.dll+0x14ea0]
C  [KERNEL32.DLL+0x2dbe7]
C  [ntdll.dll+0x85a6c]


---------------  P R O C E S S  ---------------

Threads class SMR info:
_java_thread_list=0x0000022aff68bf80, length=61, elements={
0x0000022aa0e1c2d0, 0x0000022afcab4090, 0x0000022afcab67c0, 0x0000022afcab9e70,
0x0000022afcabe9f0, 0x0000022afcac1cf0, 0x0000022afcac92c0, 0x0000022afcad0650,
0x0000022afcad31e0, 0x0000022afcac9fe0, 0x0000022afcccd520, 0x0000022afcacad00,
0x0000022afcac9950, 0x0000022afcaca670, 0x0000022afcacb390, 0x0000022afcacba20,
0x0000022afcacc740, 0x0000022afdd42fb0, 0x0000022afdd43cd0, 0x0000022afdd40850,
0x0000022afe387ec0, 0x0000022afdd43640, 0x0000022afdd41570, 0x0000022afdd44360,
0x0000022afdd40ee0, 0x0000022afdd41c00, 0x0000022afdd449f0, 0x0000022afdd45710,
0x0000022afdd45080, 0x0000022afdd42290, 0x0000022afdd45da0, 0x0000022afdd42920,
0x0000022afdd47150, 0x0000022afdd46430, 0x0000022afdd477e0, 0x0000022afdd46ac0,
0x0000022afdd47e70, 0x0000022a84cdebf0, 0x0000022a84cdf910, 0x0000022a84cdf280,
0x0000022a84cdffa0, 0x0000022a84ce0630, 0x0000022a84cde560, 0x0000022a84cdd1b0,
0x0000022a84cdd840, 0x0000022a84cdded0, 0x0000022afd1ecdf0, 0x0000022afd1ea690,
0x0000022afd1ec760, 0x0000022afd1ead20, 0x0000022afd1ec0d0, 0x0000022afd1ed480,
0x0000022afd1ea000, 0x0000022afd1edb10, 0x0000022afd1ee1a0, 0x0000022afd1ee830,
0x0000022afd1eb3b0, 0x0000022afd1eba40, 0x0000022afd1ef550, 0x0000022afd1eeec0,
0x0000022afd1f0270
}

Java Threads: ( => current thread )
  0x0000022aa0e1c2d0 JavaThread "main"                              [_thread_blocked, id=21416, stack(0x000000ffb1a00000,0x000000ffb1b00000) (1024K)]
  0x0000022afcab4090 JavaThread "Reference Handler"          daemon [_thread_blocked, id=11172, stack(0x000000ffb1e00000,0x000000ffb1f00000) (1024K)]
  0x0000022afcab67c0 JavaThread "Finalizer"                  daemon [_thread_blocked, id=5008, stack(0x000000ffb1f00000,0x000000ffb2000000) (1024K)]
  0x0000022afcab9e70 JavaThread "Signal Dispatcher"          daemon [_thread_blocked, id=21256, stack(0x000000ffb2000000,0x000000ffb2100000) (1024K)]
  0x0000022afcabe9f0 JavaThread "Attach Listener"            daemon [_thread_blocked, id=24096, stack(0x000000ffb2100000,0x000000ffb2200000) (1024K)]
  0x0000022afcac1cf0 JavaThread "Service Thread"             daemon [_thread_blocked, id=5624, stack(0x000000ffb2200000,0x000000ffb2300000) (1024K)]
  0x0000022afcac92c0 JavaThread "Monitor Deflation Thread"   daemon [_thread_blocked, id=22056, stack(0x000000ffb2300000,0x000000ffb2400000) (1024K)]
  0x0000022afcad0650 JavaThread "C2 CompilerThread0"         daemon [_thread_in_native, id=4940, stack(0x000000ffb2400000,0x000000ffb2500000) (1024K)]
  0x0000022afcad31e0 JavaThread "C1 CompilerThread0"         daemon [_thread_in_native, id=9168, stack(0x000000ffb2500000,0x000000ffb2600000) (1024K)]
  0x0000022afcac9fe0 JavaThread "Common-Cleaner"             daemon [_thread_blocked, id=14204, stack(0x000000ffb2600000,0x000000ffb2700000) (1024K)]
=>0x0000022afcccd520 JavaThread "C2 CompilerThread1"         daemon [_thread_in_native, id=11240, stack(0x000000ffb2700000,0x000000ffb2800000) (1024K)]
  0x0000022afcacad00 JavaThread "Notification Thread"        daemon [_thread_blocked, id=24256, stack(0x000000ffb2800000,0x000000ffb2900000) (1024K)]
  0x0000022afcac9950 JavaThread "Active Thread: Equinox Container: 384c59c4-78a3-4a92-9109-f084ff049939"        [_thread_blocked, id=13056, stack(0x000000ffb3000000,0x000000ffb3100000) (1024K)]
  0x0000022afcaca670 JavaThread "Framework Event Dispatcher: Equinox Container: 384c59c4-78a3-4a92-9109-f084ff049939" daemon [_thread_blocked, id=23464, stack(0x000000ffb3100000,0x000000ffb3200000) (1024K)]
  0x0000022afcacb390 JavaThread "Start Level: Equinox Container: 384c59c4-78a3-4a92-9109-f084ff049939" daemon [_thread_blocked, id=9436, stack(0x000000ffb3200000,0x000000ffb3300000) (1024K)]
  0x0000022afcacba20 JavaThread "SCR Component Actor"        daemon [_thread_blocked, id=21044, stack(0x000000ffb3400000,0x000000ffb3500000) (1024K)]
  0x0000022afcacc740 JavaThread "Worker-JM"                         [_thread_blocked, id=13232, stack(0x000000ffb3600000,0x000000ffb3700000) (1024K)]
  0x0000022afdd42fb0 JavaThread "JNA Cleaner"                daemon [_thread_blocked, id=19964, stack(0x000000ffb3900000,0x000000ffb3a00000) (1024K)]
  0x0000022afdd43cd0 JavaThread "Worker-0: Updating workspace"        [_thread_in_native, id=24072, stack(0x000000ffb3a00000,0x000000ffb3b00000) (1024K)]
  0x0000022afdd40850 JavaThread "Worker-1: Building"                [_thread_in_Java, id=20748, stack(0x000000ffb3b00000,0x000000ffb3c00000) (1024K)]
  0x0000022afe387ec0 JavaThread "C2 CompilerThread2"         daemon [_thread_in_native, id=1764, stack(0x000000ffb2900000,0x000000ffb2a00000) (1024K)]
  0x0000022afdd43640 JavaThread "Thread-2"                   daemon [_thread_in_native, id=24220, stack(0x000000ffb3f00000,0x000000ffb4000000) (1024K)]
  0x0000022afdd41570 JavaThread "Thread-3"                   daemon [_thread_in_native, id=12264, stack(0x000000ffb4000000,0x000000ffb4100000) (1024K)]
  0x0000022afdd44360 JavaThread "Thread-4"                   daemon [_thread_in_native, id=21568, stack(0x000000ffb4100000,0x000000ffb4200000) (1024K)]
  0x0000022afdd40ee0 JavaThread "Thread-5"                   daemon [_thread_in_native, id=13724, stack(0x000000ffb4200000,0x000000ffb4300000) (1024K)]
  0x0000022afdd41c00 JavaThread "Thread-6"                   daemon [_thread_in_native, id=17960, stack(0x000000ffb4300000,0x000000ffb4400000) (1024K)]
  0x0000022afdd449f0 JavaThread "Thread-7"                   daemon [_thread_in_native, id=22908, stack(0x000000ffb4400000,0x000000ffb4500000) (1024K)]
  0x0000022afdd45710 JavaThread "Thread-8"                   daemon [_thread_in_native, id=14388, stack(0x000000ffb4500000,0x000000ffb4600000) (1024K)]
  0x0000022afdd45080 JavaThread "Thread-9"                   daemon [_thread_in_native, id=4016, stack(0x000000ffb4600000,0x000000ffb4700000) (1024K)]
  0x0000022afdd42290 JavaThread "Thread-10"                  daemon [_thread_in_native, id=13688, stack(0x000000ffb4700000,0x000000ffb4800000) (1024K)]
  0x0000022afdd45da0 JavaThread "Thread-11"                  daemon [_thread_in_native, id=14368, stack(0x000000ffb4800000,0x000000ffb4900000) (1024K)]
  0x0000022afdd42920 JavaThread "Thread-12"                  daemon [_thread_in_native, id=11976, stack(0x000000ffb4900000,0x000000ffb4a00000) (1024K)]
  0x0000022afdd47150 JavaThread "Thread-13"                  daemon [_thread_in_native, id=17004, stack(0x000000ffb4a00000,0x000000ffb4b00000) (1024K)]
  0x0000022afdd46430 JavaThread "Thread-14"                  daemon [_thread_in_native, id=21692, stack(0x000000ffb4b00000,0x000000ffb4c00000) (1024K)]
  0x0000022afdd477e0 JavaThread "pool-2-thread-1"                   [_thread_blocked, id=23948, stack(0x000000ffb4c00000,0x000000ffb4d00000) (1024K)]
  0x0000022afdd46ac0 JavaThread "Worker-2"                          [_thread_blocked, id=21516, stack(0x000000ffb4d00000,0x000000ffb4e00000) (1024K)]
  0x0000022afdd47e70 JavaThread "Worker-3"                          [_thread_blocked, id=8972, stack(0x000000ffb4e00000,0x000000ffb4f00000) (1024K)]
  0x0000022a84cdebf0 JavaThread "WorkspaceEventsHandler"            [_thread_blocked, id=1072, stack(0x000000ffb4f00000,0x000000ffb5000000) (1024K)]
  0x0000022a84cdf910 JavaThread "pool-1-thread-1"                   [_thread_blocked, id=15252, stack(0x000000ffb5000000,0x000000ffb5100000) (1024K)]
  0x0000022a84cdf280 JavaThread "LocalFile Deleter"          daemon [_thread_blocked, id=21188, stack(0x000000ffb5100000,0x000000ffb5200000) (1024K)]
  0x0000022a84cdffa0 JavaThread "LocalFile Deleter"          daemon [_thread_blocked, id=9016, stack(0x000000ffb5200000,0x000000ffb5300000) (1024K)]
  0x0000022a84ce0630 JavaThread "LocalFile Deleter"          daemon [_thread_blocked, id=20876, stack(0x000000ffb5300000,0x000000ffb5400000) (1024K)]
  0x0000022a84cde560 JavaThread "LocalFile Deleter"          daemon [_thread_blocked, id=21652, stack(0x000000ffb5400000,0x000000ffb5500000) (1024K)]
  0x0000022a84cdd1b0 JavaThread "LocalFile Deleter"          daemon [_thread_blocked, id=6776, stack(0x000000ffb5500000,0x000000ffb5600000) (1024K)]
  0x0000022a84cdd840 JavaThread "LocalFile Deleter"          daemon [_thread_blocked, id=13768, stack(0x000000ffb5600000,0x000000ffb5700000) (1024K)]
  0x0000022a84cdded0 JavaThread "LocalFile Deleter"          daemon [_thread_blocked, id=23912, stack(0x000000ffb5700000,0x000000ffb5800000) (1024K)]
  0x0000022afd1ecdf0 JavaThread "LocalFile Deleter"          daemon [_thread_blocked, id=19580, stack(0x000000ffb5800000,0x000000ffb5900000) (1024K)]
  0x0000022afd1ea690 JavaThread "LocalFile Deleter"          daemon [_thread_blocked, id=11188, stack(0x000000ffb5900000,0x000000ffb5a00000) (1024K)]
  0x0000022afd1ec760 JavaThread "LocalFile Deleter"          daemon [_thread_blocked, id=21892, stack(0x000000ffb5a00000,0x000000ffb5b00000) (1024K)]
  0x0000022afd1ead20 JavaThread "LocalFile Deleter"          daemon [_thread_blocked, id=21088, stack(0x000000ffb5b00000,0x000000ffb5c00000) (1024K)]
  0x0000022afd1ec0d0 JavaThread "LocalFile Deleter"          daemon [_thread_blocked, id=21584, stack(0x000000ffb5c00000,0x000000ffb5d00000) (1024K)]
  0x0000022afd1ed480 JavaThread "Compiler Source File Reader" daemon [_thread_blocked, id=9932, stack(0x000000ffb5d00000,0x000000ffb5e00000) (1024K)]
  0x0000022afd1ea000 JavaThread "Compiler Source File Reader" daemon [_thread_blocked, id=21972, stack(0x000000ffb5e00000,0x000000ffb5f00000) (1024K)]
  0x0000022afd1edb10 JavaThread "Compiler Source File Reader" daemon [_thread_blocked, id=19784, stack(0x000000ffb5f00000,0x000000ffb6000000) (1024K)]
  0x0000022afd1ee1a0 JavaThread "Compiler Source File Reader" daemon [_thread_blocked, id=10580, stack(0x000000ffb6000000,0x000000ffb6100000) (1024K)]
  0x0000022afd1ee830 JavaThread "Compiler Source File Reader" daemon [_thread_blocked, id=13780, stack(0x000000ffb6100000,0x000000ffb6200000) (1024K)]
  0x0000022afd1eb3b0 JavaThread "Compiler Source File Reader" daemon [_thread_blocked, id=21680, stack(0x000000ffb6200000,0x000000ffb6300000) (1024K)]
  0x0000022afd1eba40 JavaThread "Compiler Source File Reader" daemon [_thread_blocked, id=21268, stack(0x000000ffb6300000,0x000000ffb6400000) (1024K)]
  0x0000022afd1ef550 JavaThread "Compiler Source File Reader" daemon [_thread_blocked, id=20460, stack(0x000000ffb6400000,0x000000ffb6500000) (1024K)]
  0x0000022afd1eeec0 JavaThread "Compiler Source File Reader" daemon [_thread_blocked, id=15228, stack(0x000000ffb6500000,0x000000ffb6600000) (1024K)]
  0x0000022afd1f0270 JavaThread "Compiler Source File Reader" daemon [_thread_blocked, id=20392, stack(0x000000ffb6600000,0x000000ffb6700000) (1024K)]
Total: 61

Other Threads:
  0x0000022aa31a4530 VMThread "VM Thread"                           [id=15200, stack(0x000000ffb1d00000,0x000000ffb1e00000) (1024K)]
  0x0000022aa309ca00 WatcherThread "VM Periodic Task Thread"        [id=23436, stack(0x000000ffb1c00000,0x000000ffb1d00000) (1024K)]
  0x0000022aa322d0e0 WorkerThread "GC Thread#0"                     [id=21556, stack(0x000000ffb1b00000,0x000000ffb1c00000) (1024K)]
  0x0000022afd63c1a0 WorkerThread "GC Thread#1"                     [id=15408, stack(0x000000ffb2a00000,0x000000ffb2b00000) (1024K)]
  0x0000022afd1e4800 WorkerThread "GC Thread#2"                     [id=24388, stack(0x000000ffb2b00000,0x000000ffb2c00000) (1024K)]
  0x0000022afd74f9c0 WorkerThread "GC Thread#3"                     [id=1052, stack(0x000000ffb2c00000,0x000000ffb2d00000) (1024K)]
  0x0000022afd74fd60 WorkerThread "GC Thread#4"                     [id=16440, stack(0x000000ffb2d00000,0x000000ffb2e00000) (1024K)]
  0x0000022afd750100 WorkerThread "GC Thread#5"                     [id=13712, stack(0x000000ffb2e00000,0x000000ffb2f00000) (1024K)]
  0x0000022afd7504a0 WorkerThread "GC Thread#6"                     [id=13760, stack(0x000000ffb2f00000,0x000000ffb3000000) (1024K)]
  0x0000022afd4ec470 WorkerThread "GC Thread#7"                     [id=23960, stack(0x000000ffb3300000,0x000000ffb3400000) (1024K)]
  0x0000022afd6288f0 WorkerThread "GC Thread#8"                     [id=20120, stack(0x000000ffb3700000,0x000000ffb3800000) (1024K)]
  0x0000022afd627e10 WorkerThread "GC Thread#9"                     [id=13744, stack(0x000000ffb3800000,0x000000ffb3900000) (1024K)]
Total: 12

Threads with active compile tasks:
C2 CompilerThread0  9255 5067       4       org.lombokweb.asm.ClassReader::readMethod (1070 bytes)
C1 CompilerThread0  9256 5191       3       org.eclipse.jdt.internal.compiler.parser.Parser::consumeRule (7748 bytes)
C2 CompilerThread1  9256 5057 %     4       org.lombokweb.asm.ClassReader::readCode @ 92 (5117 bytes)
C2 CompilerThread2  9256 5026 %     4       org.lombokweb.asm.SymbolTable::<init> @ 98 (554 bytes)
Total: 4

VM state: not at safepoint (normal execution)

VM Mutex/Monitor currently owned by a thread: None

Heap address: 0x0000000080000000, size: 2048 MB, Compressed Oops mode: 32-bit

CDS archive(s) mapped at: [0x0000022aba000000-0x0000022ababa0000-0x0000022ababa0000), size 12189696, SharedBaseAddress: 0x0000022aba000000, ArchiveRelocationMode: 1.
Compressed class space mapped at: 0x0000022abb000000-0x0000022afb000000, reserved size: 1073741824
Narrow klass base: 0x0000022aba000000, Narrow klass shift: 0, Narrow klass range: 0x100000000

GC Precious Log:
 CardTable entry size: 512
 CPUs: 12 total, 12 available
 Memory: 23916M
 Large Page Support: Disabled
 NUMA Support: Disabled
 Compressed Oops: Enabled (32-bit)
 Alignments: Space 512K, Generation 512K, Heap 2M
 Heap Min Capacity: 100M
 Heap Initial Capacity: 100M
 Heap Max Capacity: 2G
 Pre-touch: Disabled
 Parallel Workers: 10

Heap:
 PSYoungGen      total 21504K, used 7955K [0x00000000d5580000, 0x00000000d6c80000, 0x0000000100000000)
  eden space 20480K, 35% used [0x00000000d5580000,0x00000000d5c80df0,0x00000000d6980000)
  from space 1024K, 76% used [0x00000000d6b80000,0x00000000d6c44010,0x00000000d6c80000)
  to   space 1024K, 0% used [0x00000000d6a80000,0x00000000d6a80000,0x00000000d6b80000)
 ParOldGen       total 68608K, used 32147K [0x0000000080000000, 0x0000000084300000, 0x00000000d5580000)
  object space 68608K, 46% used [0x0000000080000000,0x0000000081f64ca0,0x0000000084300000)
 Metaspace       used 39284K, committed 40256K, reserved 1114112K
  class space    used 3940K, committed 4416K, reserved 1048576K

Card table byte_map: [0x0000022aa2bb0000,0x0000022aa2fc0000] _byte_map_base: 0x0000022aa27b0000

Marking Bits: (ParMarkBitMap*) 0x00007fffbb9ea340
 Begin Bits: [0x0000022ab56b0000, 0x0000022ab76b0000)
 End Bits:   [0x0000022ab76b0000, 0x0000022ab96b0000)

Polling page: 0x0000022aa1070000

Metaspace:

Usage:
  Non-class:     34.52 MB used.
      Class:      3.85 MB used.
       Both:     38.36 MB used.

Virtual space:
  Non-class space:       64.00 MB reserved,      35.00 MB ( 55%) committed,  1 nodes.
      Class space:        1.00 GB reserved,       4.31 MB ( <1%) committed,  1 nodes.
             Both:        1.06 GB reserved,      39.31 MB (  4%) committed. 

Chunk freelists:
   Non-Class:  12.88 MB
       Class:  11.55 MB
        Both:  24.42 MB

MaxMetaspaceSize: unlimited
CompressedClassSpaceSize: 1.00 GB
Initial GC threshold: 21.00 MB
Current GC threshold: 58.38 MB
CDS: on
 - commit_granule_bytes: 65536.
 - commit_granule_words: 8192.
 - virtual_space_node_default_size: 8388608.
 - enlarge_chunks_in_place: 1.
 - use_allocation_guard: 0.


Internal statistics:

num_allocs_failed_limit: 6.
num_arena_births: 726.
num_arena_deaths: 14.
num_vsnodes_births: 2.
num_vsnodes_deaths: 0.
num_space_committed: 629.
num_space_uncommitted: 0.
num_chunks_returned_to_freelist: 20.
num_chunks_taken_from_freelist: 2346.
num_chunk_merges: 12.
num_chunk_splits: 1515.
num_chunks_enlarged: 954.
num_inconsistent_stats: 0.

CodeHeap 'non-profiled nmethods': size=120000Kb used=2683Kb max_used=2683Kb free=117316Kb
 bounds [0x0000022aaded0000, 0x0000022aae180000, 0x0000022ab5400000]
CodeHeap 'profiled nmethods': size=120000Kb used=10175Kb max_used=10175Kb free=109825Kb
 bounds [0x0000022aa6400000, 0x0000022aa6e00000, 0x0000022aad930000]
CodeHeap 'non-nmethods': size=5760Kb used=1379Kb max_used=1417Kb free=4380Kb
 bounds [0x0000022aad930000, 0x0000022aadba0000, 0x0000022aaded0000]
CodeCache: size=245760Kb, used=14237Kb, max_used=14275Kb, free=231521Kb
 total_blobs=5415, nmethods=4735, adapters=586, full_count=0
Compilation: enabled, stopped_count=0, restarted_count=0

Compilation events (20 events):
Event: 7.198 Thread 0x0000022afcad31e0 nmethod 5152 0x0000022aa6ddbf90 code [0x0000022aa6ddc120, 0x0000022aa6ddc278]
Event: 7.198 Thread 0x0000022afcad31e0 5154       2       lombok.core.AnnotationValues::of (13 bytes)
Event: 7.198 Thread 0x0000022afcad31e0 nmethod 5154 0x0000022aa6ddc310 code [0x0000022aa6ddc4a0, 0x0000022aa6ddc630]
Event: 7.198 Thread 0x0000022afcad31e0 5153       2       lombok.core.handlers.HandlerUtil::toAccessorName (318 bytes)
Event: 7.200 Thread 0x0000022afcad31e0 nmethod 5153 0x0000022aa6ddc710 code [0x0000022aa6ddcaa0, 0x0000022aa6ddd9e8]
Event: 7.200 Thread 0x0000022afcad31e0 5155       2       java.lang.Character::isTitleCase (5 bytes)
Event: 7.200 Thread 0x0000022afcad31e0 nmethod 5155 0x0000022aa6dde490 code [0x0000022aa6dde640, 0x0000022aa6dde790]
Event: 7.200 Thread 0x0000022afcad31e0 5156       2       java.lang.Character::isTitleCase (14 bytes)
Event: 7.200 Thread 0x0000022afcad31e0 nmethod 5156 0x0000022aa6dde890 code [0x0000022aa6ddea40, 0x0000022aa6ddeb90]
Event: 7.201 Thread 0x0000022afcad31e0 5157       2       org.eclipse.jdt.internal.compiler.parser.Parser::getAnnotationType (116 bytes)
Event: 7.202 Thread 0x0000022afcad31e0 nmethod 5157 0x0000022aa6ddec90 code [0x0000022aa6ddeea0, 0x0000022aa6ddf478]
Event: 7.202 Thread 0x0000022afcad31e0 5158       2       org.eclipse.jdt.internal.compiler.parser.Parser::consumeModifiers2 (31 bytes)
Event: 7.202 Thread 0x0000022afcad31e0 nmethod 5158 0x0000022aa6ddf710 code [0x0000022aa6ddf8c0, 0x0000022aa6ddfa28]
Event: 7.203 Thread 0x0000022afcad31e0 5159       2       org.eclipse.core.internal.resources.Resource::getProject (23 bytes)
Event: 7.204 Thread 0x0000022afcad31e0 nmethod 5159 0x0000022aa6ddfb10 code [0x0000022aa6ddfcc0, 0x0000022aa6ddfec8]
Event: 7.204 Thread 0x0000022afcad31e0 5160       3       org.eclipse.core.runtime.Path::computeLength (100 bytes)
Event: 7.204 Thread 0x0000022afcad31e0 nmethod 5160 0x0000022aa6de0090 code [0x0000022aa6de0280, 0x0000022aa6de0790]
Event: 7.204 Thread 0x0000022afcad31e0 5161       2       java.util.TreeMap$PrivateEntryIterator::hasNext (13 bytes)
Event: 7.204 Thread 0x0000022afcad31e0 nmethod 5161 0x0000022aa6de0990 code [0x0000022aa6de0b20, 0x0000022aa6de0c38]
Event: 7.205 Thread 0x0000022afcad31e0 5162       2       lombok.eclipse.handlers.EclipseHandlerUtil::findCopyableAnnotations (243 bytes)

GC Heap History (20 events):
Event: 5.591 GC heap before
{Heap before GC invocations=15 (full 1):
 PSYoungGen      total 24576K, used 24324K [0x00000000d5580000, 0x00000000d7100000, 0x0000000100000000)
  eden space 22016K, 100% used [0x00000000d5580000,0x00000000d6b00000,0x00000000d6b00000)
  from space 2560K, 90% used [0x00000000d6b00000,0x00000000d6d41000,0x00000000d6d80000)
  to   space 3072K, 0% used [0x00000000d6e00000,0x00000000d6e00000,0x00000000d7100000)
 ParOldGen       total 68608K, used 21995K [0x0000000080000000, 0x0000000084300000, 0x00000000d5580000)
  object space 68608K, 32% used [0x0000000080000000,0x000000008157ad80,0x0000000084300000)
 Metaspace       used 31279K, committed 32320K, reserved 1114112K
  class space    used 3172K, committed 3648K, reserved 1048576K
}
Event: 5.594 GC heap after
{Heap after GC invocations=15 (full 1):
 PSYoungGen      total 24064K, used 1984K [0x00000000d5580000, 0x00000000d7000000, 0x0000000100000000)
  eden space 22016K, 0% used [0x00000000d5580000,0x00000000d5580000,0x00000000d6b00000)
  from space 2048K, 96% used [0x00000000d6e00000,0x00000000d6ff0000,0x00000000d7000000)
  to   space 2560K, 0% used [0x00000000d6b00000,0x00000000d6b00000,0x00000000d6d80000)
 ParOldGen       total 68608K, used 24154K [0x0000000080000000, 0x0000000084300000, 0x00000000d5580000)
  object space 68608K, 35% used [0x0000000080000000,0x0000000081796830,0x0000000084300000)
 Metaspace       used 31279K, committed 32320K, reserved 1114112K
  class space    used 3172K, committed 3648K, reserved 1048576K
}
Event: 5.672 GC heap before
{Heap before GC invocations=16 (full 1):
 PSYoungGen      total 24064K, used 24000K [0x00000000d5580000, 0x00000000d7000000, 0x0000000100000000)
  eden space 22016K, 100% used [0x00000000d5580000,0x00000000d6b00000,0x00000000d6b00000)
  from space 2048K, 96% used [0x00000000d6e00000,0x00000000d6ff0000,0x00000000d7000000)
  to   space 2560K, 0% used [0x00000000d6b00000,0x00000000d6b00000,0x00000000d6d80000)
 ParOldGen       total 68608K, used 24154K [0x0000000080000000, 0x0000000084300000, 0x00000000d5580000)
  object space 68608K, 35% used [0x0000000080000000,0x0000000081796830,0x0000000084300000)
 Metaspace       used 31317K, committed 32320K, reserved 1114112K
  class space    used 3173K, committed 3648K, reserved 1048576K
}
Event: 5.674 GC heap after
{Heap after GC invocations=16 (full 1):
 PSYoungGen      total 24576K, used 2208K [0x00000000d5580000, 0x00000000d7000000, 0x0000000100000000)
  eden space 22016K, 0% used [0x00000000d5580000,0x00000000d5580000,0x00000000d6b00000)
  from space 2560K, 86% used [0x00000000d6b00000,0x00000000d6d28010,0x00000000d6d80000)
  to   space 2560K, 0% used [0x00000000d6d80000,0x00000000d6d80000,0x00000000d7000000)
 ParOldGen       total 68608K, used 26002K [0x0000000080000000, 0x0000000084300000, 0x00000000d5580000)
  object space 68608K, 37% used [0x0000000080000000,0x0000000081964840,0x0000000084300000)
 Metaspace       used 31317K, committed 32320K, reserved 1114112K
  class space    used 3173K, committed 3648K, reserved 1048576K
}
Event: 5.818 GC heap before
{Heap before GC invocations=17 (full 1):
 PSYoungGen      total 24576K, used 24224K [0x00000000d5580000, 0x00000000d7000000, 0x0000000100000000)
  eden space 22016K, 100% used [0x00000000d5580000,0x00000000d6b00000,0x00000000d6b00000)
  from space 2560K, 86% used [0x00000000d6b00000,0x00000000d6d28010,0x00000000d6d80000)
  to   space 2560K, 0% used [0x00000000d6d80000,0x00000000d6d80000,0x00000000d7000000)
 ParOldGen       total 68608K, used 26002K [0x0000000080000000, 0x0000000084300000, 0x00000000d5580000)
  object space 68608K, 37% used [0x0000000080000000,0x0000000081964840,0x0000000084300000)
 Metaspace       used 32171K, committed 33088K, reserved 1114112K
  class space    used 3252K, committed 3712K, reserved 1048576K
}
Event: 5.822 GC heap after
{Heap after GC invocations=17 (full 1):
 PSYoungGen      total 24576K, used 2277K [0x00000000d5580000, 0x00000000d7000000, 0x0000000100000000)
  eden space 22016K, 0% used [0x00000000d5580000,0x00000000d5580000,0x00000000d6b00000)
  from space 2560K, 88% used [0x00000000d6d80000,0x00000000d6fb9710,0x00000000d7000000)
  to   space 2560K, 0% used [0x00000000d6b00000,0x00000000d6b00000,0x00000000d6d80000)
 ParOldGen       total 68608K, used 28050K [0x0000000080000000, 0x0000000084300000, 0x00000000d5580000)
  object space 68608K, 40% used [0x0000000080000000,0x0000000081b64850,0x0000000084300000)
 Metaspace       used 32171K, committed 33088K, reserved 1114112K
  class space    used 3252K, committed 3712K, reserved 1048576K
}
Event: 6.377 GC heap before
{Heap before GC invocations=18 (full 1):
 PSYoungGen      total 24576K, used 24259K [0x00000000d5580000, 0x00000000d7000000, 0x0000000100000000)
  eden space 22016K, 99% used [0x00000000d5580000,0x00000000d6af7610,0x00000000d6b00000)
  from space 2560K, 88% used [0x00000000d6d80000,0x00000000d6fb9710,0x00000000d7000000)
  to   space 2560K, 0% used [0x00000000d6b00000,0x00000000d6b00000,0x00000000d6d80000)
 ParOldGen       total 68608K, used 28050K [0x0000000080000000, 0x0000000084300000, 0x00000000d5580000)
  object space 68608K, 40% used [0x0000000080000000,0x0000000081b64850,0x0000000084300000)
 Metaspace       used 34940K, committed 35840K, reserved 1114112K
  class space    used 3532K, committed 3968K, reserved 1048576K
}
Event: 6.379 GC heap after
{Heap after GC invocations=18 (full 1):
 PSYoungGen      total 24064K, used 1608K [0x00000000d5580000, 0x00000000d6f00000, 0x0000000100000000)
  eden space 22016K, 0% used [0x00000000d5580000,0x00000000d5580000,0x00000000d6b00000)
  from space 2048K, 78% used [0x00000000d6b00000,0x00000000d6c92160,0x00000000d6d00000)
  to   space 2048K, 0% used [0x00000000d6d00000,0x00000000d6d00000,0x00000000d6f00000)
 ParOldGen       total 68608K, used 30198K [0x0000000080000000, 0x0000000084300000, 0x00000000d5580000)
  object space 68608K, 44% used [0x0000000080000000,0x0000000081d7db58,0x0000000084300000)
 Metaspace       used 34940K, committed 35840K, reserved 1114112K
  class space    used 3532K, committed 3968K, reserved 1048576K
}
Event: 6.397 GC heap before
{Heap before GC invocations=19 (full 1):
 PSYoungGen      total 24064K, used 3287K [0x00000000d5580000, 0x00000000d6f00000, 0x0000000100000000)
  eden space 22016K, 7% used [0x00000000d5580000,0x00000000d5723e50,0x00000000d6b00000)
  from space 2048K, 78% used [0x00000000d6b00000,0x00000000d6c92160,0x00000000d6d00000)
  to   space 2048K, 0% used [0x00000000d6d00000,0x00000000d6d00000,0x00000000d6f00000)
 ParOldGen       total 68608K, used 30198K [0x0000000080000000, 0x0000000084300000, 0x00000000d5580000)
  object space 68608K, 44% used [0x0000000080000000,0x0000000081d7db58,0x0000000084300000)
 Metaspace       used 34960K, committed 35840K, reserved 1114112K
  class space    used 3541K, committed 3968K, reserved 1048576K
}
Event: 6.398 GC heap after
{Heap after GC invocations=19 (full 1):
 PSYoungGen      total 22528K, used 224K [0x00000000d5580000, 0x00000000d6d80000, 0x0000000100000000)
  eden space 22016K, 0% used [0x00000000d5580000,0x00000000d5580000,0x00000000d6b00000)
  from space 512K, 43% used [0x00000000d6d00000,0x00000000d6d38010,0x00000000d6d80000)
  to   space 1024K, 0% used [0x00000000d6b80000,0x00000000d6b80000,0x00000000d6c80000)
 ParOldGen       total 68608K, used 31650K [0x0000000080000000, 0x0000000084300000, 0x00000000d5580000)
  object space 68608K, 46% used [0x0000000080000000,0x0000000081ee8bf0,0x0000000084300000)
 Metaspace       used 34960K, committed 35840K, reserved 1114112K
  class space    used 3541K, committed 3968K, reserved 1048576K
}
Event: 6.398 GC heap before
{Heap before GC invocations=20 (full 2):
 PSYoungGen      total 22528K, used 224K [0x00000000d5580000, 0x00000000d6d80000, 0x0000000100000000)
  eden space 22016K, 0% used [0x00000000d5580000,0x00000000d5580000,0x00000000d6b00000)
  from space 512K, 43% used [0x00000000d6d00000,0x00000000d6d38010,0x00000000d6d80000)
  to   space 1024K, 0% used [0x00000000d6b80000,0x00000000d6b80000,0x00000000d6c80000)
 ParOldGen       total 68608K, used 31650K [0x0000000080000000, 0x0000000084300000, 0x00000000d5580000)
  object space 68608K, 46% used [0x0000000080000000,0x0000000081ee8bf0,0x0000000084300000)
 Metaspace       used 34960K, committed 35840K, reserved 1114112K
  class space    used 3541K, committed 3968K, reserved 1048576K
}
Event: 6.430 GC heap after
{Heap after GC invocations=20 (full 2):
 PSYoungGen      total 22528K, used 0K [0x00000000d5580000, 0x00000000d6d80000, 0x0000000100000000)
  eden space 22016K, 0% used [0x00000000d5580000,0x00000000d5580000,0x00000000d6b00000)
  from space 512K, 0% used [0x00000000d6d00000,0x00000000d6d00000,0x00000000d6d80000)
  to   space 1024K, 0% used [0x00000000d6b80000,0x00000000d6b80000,0x00000000d6c80000)
 ParOldGen       total 68608K, used 29784K [0x0000000080000000, 0x0000000084300000, 0x00000000d5580000)
  object space 68608K, 43% used [0x0000000080000000,0x0000000081d16270,0x0000000084300000)
 Metaspace       used 34960K, committed 35840K, reserved 1114112K
  class space    used 3541K, committed 3968K, reserved 1048576K
}
Event: 6.703 GC heap before
{Heap before GC invocations=21 (full 2):
 PSYoungGen      total 22528K, used 22016K [0x00000000d5580000, 0x00000000d6d80000, 0x0000000100000000)
  eden space 22016K, 100% used [0x00000000d5580000,0x00000000d6b00000,0x00000000d6b00000)
  from space 512K, 0% used [0x00000000d6d00000,0x00000000d6d00000,0x00000000d6d80000)
  to   space 1024K, 0% used [0x00000000d6b80000,0x00000000d6b80000,0x00000000d6c80000)
 ParOldGen       total 68608K, used 29784K [0x0000000080000000, 0x0000000084300000, 0x00000000d5580000)
  object space 68608K, 43% used [0x0000000080000000,0x0000000081d16270,0x0000000084300000)
 Metaspace       used 36027K, committed 36992K, reserved 1114112K
  class space    used 3671K, committed 4096K, reserved 1048576K
}
Event: 6.703 GC heap after
{Heap after GC invocations=21 (full 2):
 PSYoungGen      total 23040K, used 544K [0x00000000d5580000, 0x00000000d6d80000, 0x0000000100000000)
  eden space 22016K, 0% used [0x00000000d5580000,0x00000000d5580000,0x00000000d6b00000)
  from space 1024K, 53% used [0x00000000d6b80000,0x00000000d6c08010,0x00000000d6c80000)
  to   space 1024K, 0% used [0x00000000d6c80000,0x00000000d6c80000,0x00000000d6d80000)
 ParOldGen       total 68608K, used 29792K [0x0000000080000000, 0x0000000084300000, 0x00000000d5580000)
  object space 68608K, 43% used [0x0000000080000000,0x0000000081d18270,0x0000000084300000)
 Metaspace       used 36027K, committed 36992K, reserved 1114112K
  class space    used 3671K, committed 4096K, reserved 1048576K
}
Event: 7.006 GC heap before
{Heap before GC invocations=22 (full 2):
 PSYoungGen      total 23040K, used 22560K [0x00000000d5580000, 0x00000000d6d80000, 0x0000000100000000)
  eden space 22016K, 100% used [0x00000000d5580000,0x00000000d6b00000,0x00000000d6b00000)
  from space 1024K, 53% used [0x00000000d6b80000,0x00000000d6c08010,0x00000000d6c80000)
  to   space 1024K, 0% used [0x00000000d6c80000,0x00000000d6c80000,0x00000000d6d80000)
 ParOldGen       total 68608K, used 29792K [0x0000000080000000, 0x0000000084300000, 0x00000000d5580000)
  object space 68608K, 43% used [0x0000000080000000,0x0000000081d18270,0x0000000084300000)
 Metaspace       used 37952K, committed 38912K, reserved 1114112K
  class space    used 3820K, committed 4288K, reserved 1048576K
}
Event: 7.008 GC heap after
{Heap after GC invocations=22 (full 2):
 PSYoungGen      total 21504K, used 996K [0x00000000d5580000, 0x00000000d7100000, 0x0000000100000000)
  eden space 20480K, 0% used [0x00000000d5580000,0x00000000d5580000,0x00000000d6980000)
  from space 1024K, 97% used [0x00000000d6c80000,0x00000000d6d79170,0x00000000d6d80000)
  to   space 3072K, 0% used [0x00000000d6980000,0x00000000d6980000,0x00000000d6c80000)
 ParOldGen       total 68608K, used 31342K [0x0000000080000000, 0x0000000084300000, 0x00000000d5580000)
  object space 68608K, 45% used [0x0000000080000000,0x0000000081e9bba0,0x0000000084300000)
 Metaspace       used 37952K, committed 38912K, reserved 1114112K
  class space    used 3820K, committed 4288K, reserved 1048576K
}
Event: 7.065 GC heap before
{Heap before GC invocations=23 (full 2):
 PSYoungGen      total 21504K, used 21476K [0x00000000d5580000, 0x00000000d7100000, 0x0000000100000000)
  eden space 20480K, 100% used [0x00000000d5580000,0x00000000d6980000,0x00000000d6980000)
  from space 1024K, 97% used [0x00000000d6c80000,0x00000000d6d79170,0x00000000d6d80000)
  to   space 3072K, 0% used [0x00000000d6980000,0x00000000d6980000,0x00000000d6c80000)
 ParOldGen       total 68608K, used 31342K [0x0000000080000000, 0x0000000084300000, 0x00000000d5580000)
  object space 68608K, 45% used [0x0000000080000000,0x0000000081e9bba0,0x0000000084300000)
 Metaspace       used 37976K, committed 38976K, reserved 1114112K
  class space    used 3820K, committed 4288K, reserved 1048576K
}
Event: 7.066 GC heap after
{Heap after GC invocations=23 (full 2):
 PSYoungGen      total 22016K, used 1206K [0x00000000d5580000, 0x00000000d6d80000, 0x0000000100000000)
  eden space 20480K, 0% used [0x00000000d5580000,0x00000000d5580000,0x00000000d6980000)
  from space 1536K, 78% used [0x00000000d6980000,0x00000000d6aada90,0x00000000d6b00000)
  to   space 2048K, 0% used [0x00000000d6b80000,0x00000000d6b80000,0x00000000d6d80000)
 ParOldGen       total 68608K, used 32003K [0x0000000080000000, 0x0000000084300000, 0x00000000d5580000)
  object space 68608K, 46% used [0x0000000080000000,0x0000000081f40ca0,0x0000000084300000)
 Metaspace       used 37976K, committed 38976K, reserved 1114112K
  class space    used 3820K, committed 4288K, reserved 1048576K
}
Event: 7.193 GC heap before
{Heap before GC invocations=24 (full 2):
 PSYoungGen      total 22016K, used 21686K [0x00000000d5580000, 0x00000000d6d80000, 0x0000000100000000)
  eden space 20480K, 100% used [0x00000000d5580000,0x00000000d6980000,0x00000000d6980000)
  from space 1536K, 78% used [0x00000000d6980000,0x00000000d6aada90,0x00000000d6b00000)
  to   space 2048K, 0% used [0x00000000d6b80000,0x00000000d6b80000,0x00000000d6d80000)
 ParOldGen       total 68608K, used 32003K [0x0000000080000000, 0x0000000084300000, 0x00000000d5580000)
  object space 68608K, 46% used [0x0000000080000000,0x0000000081f40ca0,0x0000000084300000)
 Metaspace       used 39137K, committed 40064K, reserved 1114112K
  class space    used 3920K, committed 4352K, reserved 1048576K
}
Event: 7.194 GC heap after
{Heap after GC invocations=24 (full 2):
 PSYoungGen      total 21504K, used 784K [0x00000000d5580000, 0x00000000d6c80000, 0x0000000100000000)
  eden space 20480K, 0% used [0x00000000d5580000,0x00000000d5580000,0x00000000d6980000)
  from space 1024K, 76% used [0x00000000d6b80000,0x00000000d6c44010,0x00000000d6c80000)
  to   space 1024K, 0% used [0x00000000d6a80000,0x00000000d6a80000,0x00000000d6b80000)
 ParOldGen       total 68608K, used 32147K [0x0000000080000000, 0x0000000084300000, 0x00000000d5580000)
  object space 68608K, 46% used [0x0000000080000000,0x0000000081f64ca0,0x0000000084300000)
 Metaspace       used 39137K, committed 40064K, reserved 1114112K
  class space    used 3920K, committed 4352K, reserved 1048576K
}

Dll operation events (10 events):
Event: 0.007 Loaded shared library c:\Users\nguye\.cursor\extensions\redhat.java-1.45.0-win32-x64\jre\21.0.8-win32-x86_64\bin\java.dll
Event: 0.064 Loaded shared library c:\Users\nguye\.cursor\extensions\redhat.java-1.45.0-win32-x64\jre\21.0.8-win32-x86_64\bin\zip.dll
Event: 0.080 Loaded shared library C:\Users\nguye\.cursor\extensions\redhat.java-1.45.0-win32-x64\jre\21.0.8-win32-x86_64\bin\instrument.dll
Event: 0.084 Loaded shared library C:\Users\nguye\.cursor\extensions\redhat.java-1.45.0-win32-x64\jre\21.0.8-win32-x86_64\bin\net.dll
Event: 0.085 Loaded shared library C:\Users\nguye\.cursor\extensions\redhat.java-1.45.0-win32-x64\jre\21.0.8-win32-x86_64\bin\nio.dll
Event: 0.089 Loaded shared library C:\Users\nguye\.cursor\extensions\redhat.java-1.45.0-win32-x64\jre\21.0.8-win32-x86_64\bin\zip.dll
Event: 0.102 Loaded shared library C:\Users\nguye\.cursor\extensions\redhat.java-1.45.0-win32-x64\jre\21.0.8-win32-x86_64\bin\jimage.dll
Event: 0.172 Loaded shared library c:\Users\nguye\.cursor\extensions\redhat.java-1.45.0-win32-x64\jre\21.0.8-win32-x86_64\bin\verify.dll
Event: 3.080 Loaded shared library C:\Users\nguye\AppData\Roaming\Cursor\User\globalStorage\redhat.java\1.45.0\config_ss_win\org.eclipse.equinox.launcher\org.eclipse.equinox.launcher.win32.win32.x86_64_1.2.1400.v20250801-0854\eclipse_11916.dll
Event: 3.736 Loaded shared library C:\Users\nguye\AppData\Local\Temp\jna-104772072\jna5638949771700893540.dll

Deoptimization events (20 events):
Event: 7.137 Thread 0x0000022afdd40850 Uncommon trap: reason=class_check action=maybe_recompile pc=0x0000022aadf11bb4 method=lombok.eclipse.handlers.EclipseHandlerUtil.typeMatches(Ljava/lang/String;Llombok/eclipse/EclipseNode;Lorg/eclipse/jdt/internal/compiler/ast/TypeReference;)Z @ 9 c2
Event: 7.137 Thread 0x0000022afdd40850 DEOPT PACKING pc=0x0000022aadf11bb4 sp=0x000000ffb3bfcfe0
Event: 7.137 Thread 0x0000022afdd40850 DEOPT UNPACKING pc=0x0000022aad983aa2 sp=0x000000ffb3bfcf60 mode 2
Event: 7.137 Thread 0x0000022afdd40850 Uncommon trap: trap_request=0xffffffde fr.pc=0x0000022aadf11bb4 relative=0x0000000000000354
Event: 7.137 Thread 0x0000022afdd40850 Uncommon trap: reason=class_check action=maybe_recompile pc=0x0000022aadf11bb4 method=lombok.eclipse.handlers.EclipseHandlerUtil.typeMatches(Ljava/lang/String;Llombok/eclipse/EclipseNode;Lorg/eclipse/jdt/internal/compiler/ast/TypeReference;)Z @ 9 c2
Event: 7.137 Thread 0x0000022afdd40850 DEOPT PACKING pc=0x0000022aadf11bb4 sp=0x000000ffb3bfcfe0
Event: 7.137 Thread 0x0000022afdd40850 DEOPT UNPACKING pc=0x0000022aad983aa2 sp=0x000000ffb3bfcf60 mode 2
Event: 7.137 Thread 0x0000022afdd40850 Uncommon trap: trap_request=0xffffffde fr.pc=0x0000022aadf11bb4 relative=0x0000000000000354
Event: 7.137 Thread 0x0000022afdd40850 Uncommon trap: reason=class_check action=maybe_recompile pc=0x0000022aadf11bb4 method=lombok.eclipse.handlers.EclipseHandlerUtil.typeMatches(Ljava/lang/String;Llombok/eclipse/EclipseNode;Lorg/eclipse/jdt/internal/compiler/ast/TypeReference;)Z @ 9 c2
Event: 7.137 Thread 0x0000022afdd40850 DEOPT PACKING pc=0x0000022aadf11bb4 sp=0x000000ffb3bfcfe0
Event: 7.137 Thread 0x0000022afdd40850 DEOPT UNPACKING pc=0x0000022aad983aa2 sp=0x000000ffb3bfcf60 mode 2
Event: 7.158 Thread 0x0000022afdd40850 Uncommon trap: trap_request=0xffffff45 fr.pc=0x0000022aae16fef0 relative=0x0000000000000430
Event: 7.158 Thread 0x0000022afdd40850 Uncommon trap: reason=unstable_if action=reinterpret pc=0x0000022aae16fef0 method=org.eclipse.jdt.internal.compiler.parser.Parser.consumeRule(I)V @ 1 c2
Event: 7.158 Thread 0x0000022afdd40850 DEOPT PACKING pc=0x0000022aae16fef0 sp=0x000000ffb3bfe0b0
Event: 7.158 Thread 0x0000022afdd40850 DEOPT UNPACKING pc=0x0000022aad983aa2 sp=0x000000ffb3bfe050 mode 2
Event: 7.203 Thread 0x0000022afdd40850 Uncommon trap: trap_request=0xffffff45 fr.pc=0x0000022aadf4e364 relative=0x0000000000000924
Event: 7.203 Thread 0x0000022afdd40850 Uncommon trap: reason=unstable_if action=reinterpret pc=0x0000022aadf4e364 method=org.eclipse.jdt.internal.compiler.parser.Scanner.internalScanIdentifierOrKeyword(II[C)Lorg/eclipse/jdt/internal/compiler/parser/TerminalToken; @ 1761 c2
Event: 7.203 Thread 0x0000022afdd40850 DEOPT PACKING pc=0x0000022aadf4e364 sp=0x000000ffb3bfde40
Event: 7.203 Thread 0x0000022afdd40850 DEOPT UNPACKING pc=0x0000022aad983aa2 sp=0x000000ffb3bfdde0 mode 2
Event: 7.593 Thread 0x0000022afdd43cd0 Uncommon trap: trap_request=0xffffffc6 fr.pc=0x0000022aadefec94 relative=0x00000000000003d4

Classes loaded (20 events):
Event: 5.775 Loading class java/util/WeakHashMap$KeyIterator
Event: 5.776 Loading class java/util/WeakHashMap$KeyIterator done
Event: 5.844 Loading class java/util/zip/CheckedInputStream
Event: 5.844 Loading class java/util/zip/CheckedInputStream done
Event: 5.850 Loading class java/lang/Throwable$WrappedPrintWriter
Event: 5.851 Loading class java/lang/Throwable$PrintStreamOrWriter
Event: 5.851 Loading class java/lang/Throwable$PrintStreamOrWriter done
Event: 5.851 Loading class java/lang/Throwable$WrappedPrintWriter done
Event: 5.934 Loading class java/lang/ExceptionInInitializerError
Event: 5.934 Loading class java/lang/ExceptionInInitializerError done
Event: 6.055 Loading class sun/misc/Unsafe
Event: 6.055 Loading class sun/misc/Unsafe done
Event: 6.098 Loading class java/util/concurrent/ForkJoinTask$AdaptedCallable
Event: 6.098 Loading class java/util/concurrent/ForkJoinTask$AdaptedCallable done
Event: 6.508 Loading class java/util/Vector$1
Event: 6.508 Loading class java/util/Vector$1 done
Event: 6.712 Loading class java/util/regex/Pattern$Caret
Event: 6.712 Loading class java/util/regex/Pattern$Caret done
Event: 6.880 Loading class java/util/regex/Pattern$Pos
Event: 6.881 Loading class java/util/regex/Pattern$Pos done

Classes unloaded (7 events):
Event: 4.228 Thread 0x0000022aa31a4530 Unloading class 0x0000022abb188c00 'java/lang/invoke/LambdaForm$MH+0x0000022abb188c00'
Event: 4.228 Thread 0x0000022aa31a4530 Unloading class 0x0000022abb188800 'java/lang/invoke/LambdaForm$MH+0x0000022abb188800'
Event: 4.228 Thread 0x0000022aa31a4530 Unloading class 0x0000022abb188400 'java/lang/invoke/LambdaForm$MH+0x0000022abb188400'
Event: 4.228 Thread 0x0000022aa31a4530 Unloading class 0x0000022abb188000 'java/lang/invoke/LambdaForm$MH+0x0000022abb188000'
Event: 4.228 Thread 0x0000022aa31a4530 Unloading class 0x0000022abb187c00 'java/lang/invoke/LambdaForm$BMH+0x0000022abb187c00'
Event: 4.228 Thread 0x0000022aa31a4530 Unloading class 0x0000022abb187800 'java/lang/invoke/LambdaForm$DMH+0x0000022abb187800'
Event: 4.228 Thread 0x0000022aa31a4530 Unloading class 0x0000022abb186400 'java/lang/invoke/LambdaForm$DMH+0x0000022abb186400'

Classes redefined (0 events):
No events

Internal exceptions (20 events):
Event: 6.122 Thread 0x0000022afdd40850 Exception <a 'sun/nio/fs/WindowsException'{0x00000000d63c61b0}> (0x00000000d63c61b0) 
thrown [s\src\hotspot\share\prims\jni.cpp, line 520]
Event: 6.156 Thread 0x0000022afdd40850 Exception <a 'sun/nio/fs/WindowsException'{0x00000000d64ffc50}> (0x00000000d64ffc50) 
thrown [s\src\hotspot\share\prims\jni.cpp, line 520]
Event: 6.158 Thread 0x0000022a84cdf280 Exception <a 'sun/nio/fs/WindowsException'{0x00000000d630cf48}> (0x00000000d630cf48) 
thrown [s\src\hotspot\share\prims\jni.cpp, line 520]
Event: 6.160 Thread 0x0000022a84cdffa0 Exception <a 'sun/nio/fs/WindowsException'{0x00000000d631ec08}> (0x00000000d631ec08) 
thrown [s\src\hotspot\share\prims\jni.cpp, line 520]
Event: 6.163 Thread 0x0000022a84ce0630 Exception <a 'sun/nio/fs/WindowsException'{0x00000000d6333ad8}> (0x00000000d6333ad8) 
thrown [s\src\hotspot\share\prims\jni.cpp, line 520]
Event: 6.167 Thread 0x0000022a84cde560 Exception <a 'sun/nio/fs/WindowsException'{0x00000000d6349728}> (0x00000000d6349728) 
thrown [s\src\hotspot\share\prims\jni.cpp, line 520]
Event: 6.172 Thread 0x0000022a84cdd1b0 Exception <a 'sun/nio/fs/WindowsException'{0x00000000d65047d0}> (0x00000000d65047d0) 
thrown [s\src\hotspot\share\prims\jni.cpp, line 520]
Event: 6.173 Thread 0x0000022a84cdd840 Exception <a 'sun/nio/fs/WindowsException'{0x00000000d651a908}> (0x00000000d651a908) 
thrown [s\src\hotspot\share\prims\jni.cpp, line 520]
Event: 6.174 Thread 0x0000022afd1ea690 Exception <a 'sun/nio/fs/WindowsException'{0x00000000d655cd10}> (0x00000000d655cd10) 
thrown [s\src\hotspot\share\prims\jni.cpp, line 520]
Event: 6.175 Thread 0x0000022a84cdded0 Exception <a 'sun/nio/fs/WindowsException'{0x00000000d6546bd8}> (0x00000000d6546bd8) 
thrown [s\src\hotspot\share\prims\jni.cpp, line 520]
Event: 6.175 Thread 0x0000022afd1ec760 Exception <a 'sun/nio/fs/WindowsException'{0x00000000d6572bb0}> (0x00000000d6572bb0) 
thrown [s\src\hotspot\share\prims\jni.cpp, line 520]
Event: 6.184 Thread 0x0000022afd1ec760 Exception <a 'sun/nio/fs/WindowsException'{0x00000000d6574f90}> (0x00000000d6574f90) 
thrown [s\src\hotspot\share\prims\jni.cpp, line 520]
Event: 6.184 Thread 0x0000022a84cdd840 Exception <a 'sun/nio/fs/WindowsException'{0x00000000d651cea0}> (0x00000000d651cea0) 
thrown [s\src\hotspot\share\prims\jni.cpp, line 520]
Event: 6.190 Thread 0x0000022afd1ead20 Exception <a 'sun/nio/fs/WindowsException'{0x00000000d658a098}> (0x00000000d658a098) 
thrown [s\src\hotspot\share\prims\jni.cpp, line 520]
Event: 6.200 Thread 0x0000022a84cde560 Exception <a 'sun/nio/fs/WindowsException'{0x00000000d634e798}> (0x00000000d634e798) 
thrown [s\src\hotspot\share\prims\jni.cpp, line 520]
Event: 6.207 Thread 0x0000022afd1ead20 Exception <a 'sun/nio/fs/WindowsException'{0x00000000d658cc00}> (0x00000000d658cc00) 
thrown [s\src\hotspot\share\prims\jni.cpp, line 520]
Event: 6.209 Thread 0x0000022a84cde560 Exception <a 'sun/nio/fs/WindowsException'{0x00000000d63536a0}> (0x00000000d63536a0) 
thrown [s\src\hotspot\share\prims\jni.cpp, line 520]
Event: 6.225 Thread 0x0000022afd1ea690 Exception <a 'sun/nio/fs/WindowsException'{0x00000000d6562550}> (0x00000000d6562550) 
thrown [s\src\hotspot\share\prims\jni.cpp, line 520]
Event: 7.150 Thread 0x0000022afdd40850 Exception <a 'java/lang/NoSuchMethodError'{0x00000000d62f2f30}: 'java.lang.Object java.lang.invoke.DirectMethodHandle$Holder.invokeStatic(java.lang.Object, java.lang.Object, int, int)'> (0x00000000d62f2f30) 
thrown [s\src\hotspot\share\interpreter\linkResolver.cpp, line 773]
Event: 7.150 Thread 0x0000022afdd40850 Exception <a 'java/lang/NoSuchMethodError'{0x00000000d62f7240}: 'java.lang.Object java.lang.invoke.DirectMethodHandle$Holder.invokeSpecial(java.lang.Object, java.lang.Object, java.lang.Object, int, int)'> (0x00000000d62f7240) 
thrown [s\src\hotspot\share\interpreter\linkResolver.cpp, line 773]

ZGC Phase Switch (0 events):
No events

VM Operations (20 events):
Event: 6.071 Executing VM operation: HandshakeAllThreads (Deoptimize) done
Event: 6.082 Executing VM operation: HandshakeAllThreads (Deoptimize)
Event: 6.082 Executing VM operation: HandshakeAllThreads (Deoptimize) done
Event: 6.109 Executing VM operation: HandshakeAllThreads (Deoptimize)
Event: 6.109 Executing VM operation: HandshakeAllThreads (Deoptimize) done
Event: 6.140 Executing VM operation: HandshakeAllThreads (Deoptimize)
Event: 6.140 Executing VM operation: HandshakeAllThreads (Deoptimize) done
Event: 6.377 Executing VM operation: ParallelGCFailedAllocation (Allocation Failure)
Event: 6.379 Executing VM operation: ParallelGCFailedAllocation (Allocation Failure) done
Event: 6.397 Executing VM operation: CollectForMetadataAllocation (Metadata GC Threshold)
Event: 6.430 Executing VM operation: CollectForMetadataAllocation (Metadata GC Threshold) done
Event: 6.703 Executing VM operation: ParallelGCFailedAllocation (Allocation Failure)
Event: 6.703 Executing VM operation: ParallelGCFailedAllocation (Allocation Failure) done
Event: 7.006 Executing VM operation: ParallelGCFailedAllocation (Allocation Failure)
Event: 7.008 Executing VM operation: ParallelGCFailedAllocation (Allocation Failure) done
Event: 7.065 Executing VM operation: ParallelGCFailedAllocation (Allocation Failure)
Event: 7.066 Executing VM operation: ParallelGCFailedAllocation (Allocation Failure) done
Event: 7.193 Executing VM operation: ParallelGCFailedAllocation (Allocation Failure)
Event: 7.194 Executing VM operation: ParallelGCFailedAllocation (Allocation Failure) done
Event: 8.197 Executing VM operation: Cleanup

Memory protections (0 events):
No events

Nmethod flushes (20 events):
Event: 6.414 Thread 0x0000022aa31a4530 flushing  nmethod 0x0000022aa6807590
Event: 6.414 Thread 0x0000022aa31a4530 flushing  nmethod 0x0000022aa680a490
Event: 6.414 Thread 0x0000022aa31a4530 flushing  nmethod 0x0000022aa6840490
Event: 6.414 Thread 0x0000022aa31a4530 flushing  nmethod 0x0000022aa6840e10
Event: 6.414 Thread 0x0000022aa31a4530 flushing  nmethod 0x0000022aa6844890
Event: 6.414 Thread 0x0000022aa31a4530 flushing  nmethod 0x0000022aa6862510
Event: 6.414 Thread 0x0000022aa31a4530 flushing  nmethod 0x0000022aa6875910
Event: 6.414 Thread 0x0000022aa31a4530 flushing  nmethod 0x0000022aa68a3190
Event: 6.414 Thread 0x0000022aa31a4530 flushing  nmethod 0x0000022aa68a7010
Event: 6.414 Thread 0x0000022aa31a4530 flushing  nmethod 0x0000022aa68a8010
Event: 6.414 Thread 0x0000022aa31a4530 flushing  nmethod 0x0000022aa68e0510
Event: 6.414 Thread 0x0000022aa31a4530 flushing  nmethod 0x0000022aa68e1210
Event: 6.414 Thread 0x0000022aa31a4530 flushing  nmethod 0x0000022aa68e1610
Event: 6.414 Thread 0x0000022aa31a4530 flushing  nmethod 0x0000022aa68e2710
Event: 6.414 Thread 0x0000022aa31a4530 flushing  nmethod 0x0000022aa68eb590
Event: 6.414 Thread 0x0000022aa31a4530 flushing  nmethod 0x0000022aa68ece10
Event: 6.414 Thread 0x0000022aa31a4530 flushing  nmethod 0x0000022aa68f1010
Event: 6.414 Thread 0x0000022aa31a4530 flushing  nmethod 0x0000022aa68f1510
Event: 6.414 Thread 0x0000022aa31a4530 flushing  nmethod 0x0000022aa68f1f90
Event: 6.414 Thread 0x0000022aa31a4530 flushing  nmethod 0x0000022aa68f6a90

Events (20 events):
Event: 6.102 Thread 0x0000022a84cdf280 Thread added: 0x0000022a84ce0630
Event: 6.103 Thread 0x0000022a84cdffa0 Thread added: 0x0000022a84cde560
Event: 6.160 Thread 0x0000022a84cdffa0 Thread added: 0x0000022a84cdd1b0
Event: 6.160 Thread 0x0000022a84cde560 Thread added: 0x0000022a84cdd840
Event: 6.161 Thread 0x0000022a84cdd1b0 Thread added: 0x0000022a84cdded0
Event: 6.162 Thread 0x0000022a84cdd840 Thread added: 0x0000022afd1ecdf0
Event: 6.163 Thread 0x0000022afd1ecdf0 Thread added: 0x0000022afd1ea690
Event: 6.164 Thread 0x0000022a84ce0630 Thread added: 0x0000022afd1ec760
Event: 6.164 Thread 0x0000022afd1ea690 Thread added: 0x0000022afd1ead20
Event: 6.165 Thread 0x0000022a84cdded0 Thread added: 0x0000022afd1ec0d0
Event: 6.281 Thread 0x0000022afdd40850 Thread added: 0x0000022afd1ed480
Event: 6.281 Thread 0x0000022afdd40850 Thread added: 0x0000022afd1ea000
Event: 6.282 Thread 0x0000022afdd40850 Thread added: 0x0000022afd1edb10
Event: 6.282 Thread 0x0000022afdd40850 Thread added: 0x0000022afd1ee1a0
Event: 6.282 Thread 0x0000022afd1ed480 Thread added: 0x0000022afd1ee830
Event: 6.282 Thread 0x0000022afdd40850 Thread added: 0x0000022afd1eb3b0
Event: 6.282 Thread 0x0000022afdd40850 Thread added: 0x0000022afd1eba40
Event: 6.282 Thread 0x0000022afd1ea000 Thread added: 0x0000022afd1ef550
Event: 6.282 Thread 0x0000022afd1edb10 Thread added: 0x0000022afd1eeec0
Event: 6.282 Thread 0x0000022afd1ee1a0 Thread added: 0x0000022afd1f0270


Dynamic libraries:
0x00007ff6d4a10000 - 0x00007ff6d4a1e000 	c:\Users\nguye\.cursor\extensions\redhat.java-1.45.0-win32-x64\jre\21.0.8-win32-x86_64\bin\java.exe
0x00007ff8413a0000 - 0x00007ff841603000 	C:\WINDOWS\SYSTEM32\ntdll.dll
0x00007ff840010000 - 0x00007ff8400d7000 	C:\WINDOWS\System32\KERNEL32.DLL
0x00007ff83e910000 - 0x00007ff83ecb1000 	C:\WINDOWS\System32\KERNELBASE.dll
0x00007ff83ed70000 - 0x00007ff83eebb000 	C:\WINDOWS\System32\ucrtbase.dll
0x00007ff834880000 - 0x00007ff83489e000 	c:\Users\nguye\.cursor\extensions\redhat.java-1.45.0-win32-x64\jre\21.0.8-win32-x86_64\bin\VCRUNTIME140.dll
0x00007ff816e10000 - 0x00007ff816e28000 	c:\Users\nguye\.cursor\extensions\redhat.java-1.45.0-win32-x64\jre\21.0.8-win32-x86_64\bin\jli.dll
0x00007ff840780000 - 0x00007ff840943000 	C:\WINDOWS\System32\USER32.dll
0x00007ff8298b0000 - 0x00007ff829b40000 	C:\WINDOWS\WinSxS\amd64_microsoft.windows.common-controls_6595b64144ccf1df_6.0.26100.1591_none_3e0fac18e32dc903\COMCTL32.dll
0x00007ff83f2a0000 - 0x00007ff83f349000 	C:\WINDOWS\System32\msvcrt.dll
0x00007ff83eec0000 - 0x00007ff83eee7000 	C:\WINDOWS\System32\win32u.dll
0x00007ff841240000 - 0x00007ff84126a000 	C:\WINDOWS\System32\GDI32.dll
0x00007ff83ef70000 - 0x00007ff83f091000 	C:\WINDOWS\System32\gdi32full.dll
0x00007ff83ecc0000 - 0x00007ff83ed63000 	C:\WINDOWS\System32\msvcp_win.dll
0x00007ff8401c0000 - 0x00007ff8401ef000 	C:\WINDOWS\System32\IMM32.DLL
0x00007ff81ad50000 - 0x00007ff81ad5c000 	c:\Users\nguye\.cursor\extensions\redhat.java-1.45.0-win32-x64\jre\21.0.8-win32-x86_64\bin\vcruntime140_1.dll
0x00007fffce7a0000 - 0x00007fffce82d000 	c:\Users\nguye\.cursor\extensions\redhat.java-1.45.0-win32-x64\jre\21.0.8-win32-x86_64\bin\msvcp140.dll
0x00007fffbad30000 - 0x00007fffbbac7000 	c:\Users\nguye\.cursor\extensions\redhat.java-1.45.0-win32-x64\jre\21.0.8-win32-x86_64\bin\server\jvm.dll
0x00007ff841160000 - 0x00007ff841212000 	C:\WINDOWS\System32\ADVAPI32.dll
0x00007ff83fd90000 - 0x00007ff83fe37000 	C:\WINDOWS\System32\sechost.dll
0x00007ff841020000 - 0x00007ff841136000 	C:\WINDOWS\System32\RPCRT4.dll
0x00007ff83f220000 - 0x00007ff83f294000 	C:\WINDOWS\System32\WS2_32.dll
0x00007ff83dc30000 - 0x00007ff83dc7e000 	C:\WINDOWS\SYSTEM32\POWRPROF.dll
0x00007ff8368a0000 - 0x00007ff8368ab000 	C:\WINDOWS\SYSTEM32\VERSION.dll
0x00007ff8318f0000 - 0x00007ff831926000 	C:\WINDOWS\SYSTEM32\WINMM.dll
0x00007ff83dc10000 - 0x00007ff83dc24000 	C:\WINDOWS\SYSTEM32\UMPDC.dll
0x00007ff83d640000 - 0x00007ff83d65a000 	C:\WINDOWS\SYSTEM32\kernel.appcore.dll
0x00007ff816e00000 - 0x00007ff816e0a000 	c:\Users\nguye\.cursor\extensions\redhat.java-1.45.0-win32-x64\jre\21.0.8-win32-x86_64\bin\jimage.dll
0x00007ff8356e0000 - 0x00007ff835921000 	C:\WINDOWS\SYSTEM32\DBGHELP.DLL
0x00007ff840960000 - 0x00007ff840cdc000 	C:\WINDOWS\System32\combase.dll
0x00007ff840200000 - 0x00007ff8402d6000 	C:\WINDOWS\System32\OLEAUT32.dll
0x00007ff82aa50000 - 0x00007ff82aa89000 	C:\WINDOWS\SYSTEM32\dbgcore.DLL
0x00007ff83e7b0000 - 0x00007ff83e849000 	C:\WINDOWS\System32\bcryptPrimitives.dll
0x00007ff8166b0000 - 0x00007ff8166bf000 	c:\Users\nguye\.cursor\extensions\redhat.java-1.45.0-win32-x64\jre\21.0.8-win32-x86_64\bin\instrument.dll
0x00007fffe0450000 - 0x00007fffe046f000 	c:\Users\nguye\.cursor\extensions\redhat.java-1.45.0-win32-x64\jre\21.0.8-win32-x86_64\bin\java.dll
0x00007ff83f690000 - 0x00007ff83fd86000 	C:\WINDOWS\System32\SHELL32.dll
0x00007ff83c540000 - 0x00007ff83cd6a000 	C:\WINDOWS\SYSTEM32\windows.storage.dll
0x00007ff8400e0000 - 0x00007ff8401b3000 	C:\WINDOWS\System32\SHCORE.dll
0x00007ff83f5e0000 - 0x00007ff83f63d000 	C:\WINDOWS\System32\shlwapi.dll
0x00007ff83e6d0000 - 0x00007ff83e6f9000 	C:\WINDOWS\SYSTEM32\profapi.dll
0x00007fffce6d0000 - 0x00007fffce6e8000 	c:\Users\nguye\.cursor\extensions\redhat.java-1.45.0-win32-x64\jre\21.0.8-win32-x86_64\bin\zip.dll
0x00007ff8166a0000 - 0x00007ff8166b0000 	C:\Users\nguye\.cursor\extensions\redhat.java-1.45.0-win32-x64\jre\21.0.8-win32-x86_64\bin\net.dll
0x00007ff8398f0000 - 0x00007ff839a16000 	C:\WINDOWS\SYSTEM32\WINHTTP.dll
0x00007ff83db20000 - 0x00007ff83db88000 	C:\WINDOWS\system32\mswsock.dll
0x00007fffce2a0000 - 0x00007fffce2b6000 	C:\Users\nguye\.cursor\extensions\redhat.java-1.45.0-win32-x64\jre\21.0.8-win32-x86_64\bin\nio.dll
0x00007fffce250000 - 0x00007fffce260000 	c:\Users\nguye\.cursor\extensions\redhat.java-1.45.0-win32-x64\jre\21.0.8-win32-x86_64\bin\verify.dll
0x00007fffcc000000 - 0x00007fffcc044000 	C:\Users\nguye\AppData\Roaming\Cursor\User\globalStorage\redhat.java\1.45.0\config_ss_win\org.eclipse.equinox.launcher\org.eclipse.equinox.launcher.win32.win32.x86_64_1.2.1400.v20250801-0854\eclipse_11916.dll
0x00007ff840e20000 - 0x00007ff840fb9000 	C:\WINDOWS\System32\ole32.dll
0x00007ff83df80000 - 0x00007ff83df9c000 	C:\WINDOWS\SYSTEM32\CRYPTSP.dll
0x00007ff83d5a0000 - 0x00007ff83d5d8000 	C:\WINDOWS\system32\rsaenh.dll
0x00007ff83dbc0000 - 0x00007ff83dbeb000 	C:\WINDOWS\SYSTEM32\USERENV.dll
0x00007ff83e110000 - 0x00007ff83e136000 	C:\WINDOWS\SYSTEM32\bcrypt.dll
0x00007ff83ddf0000 - 0x00007ff83ddfc000 	C:\WINDOWS\SYSTEM32\CRYPTBASE.dll
0x00007ff83d060000 - 0x00007ff83d092000 	C:\WINDOWS\SYSTEM32\IPHLPAPI.DLL
0x00007ff841220000 - 0x00007ff84122a000 	C:\WINDOWS\System32\NSI.dll
0x00007fffc4880000 - 0x00007fffc48c9000 	C:\Users\nguye\AppData\Local\Temp\jna-104772072\jna5638949771700893540.dll
0x00007ff840950000 - 0x00007ff840958000 	C:\WINDOWS\System32\PSAPI.DLL
0x00007ff8397b0000 - 0x00007ff8397cf000 	C:\WINDOWS\SYSTEM32\dhcpcsvc6.DLL
0x00007ff8394c0000 - 0x00007ff8394e5000 	C:\WINDOWS\SYSTEM32\dhcpcsvc.DLL

JVMTI agents:
c:\Users\nguye\.cursor\extensions\redhat.java-1.45.0-win32-x64\lombok\lombok-1.18.39-4050.jar path:c:\Users\nguye\.cursor\extensions\redhat.java-1.45.0-win32-x64\jre\21.0.8-win32-x86_64\bin\instrument.dll, loaded, initialized, instrumentlib options:none

dbghelp: loaded successfully - version: 4.0.5 - missing functions: none
symbol engine: initialized successfully - sym options: 0x614 - pdb path: .;c:\Users\nguye\.cursor\extensions\redhat.java-1.45.0-win32-x64\jre\21.0.8-win32-x86_64\bin;C:\WINDOWS\SYSTEM32;C:\WINDOWS\WinSxS\amd64_microsoft.windows.common-controls_6595b64144ccf1df_6.0.26100.1591_none_3e0fac18e32dc903;c:\Users\nguye\.cursor\extensions\redhat.java-1.45.0-win32-x64\jre\21.0.8-win32-x86_64\bin\server;C:\Users\nguye\AppData\Roaming\Cursor\User\globalStorage\redhat.java\1.45.0\config_ss_win\org.eclipse.equinox.launcher\org.eclipse.equinox.launcher.win32.win32.x86_64_1.2.1400.v20250801-0854;C:\Users\nguye\AppData\Local\Temp\jna-104772072

VM Arguments:
jvm_args: --add-modules=ALL-SYSTEM --add-opens=java.base/java.util=ALL-UNNAMED --add-opens=java.base/java.lang=ALL-UNNAMED --add-opens=java.base/sun.nio.fs=ALL-UNNAMED -Declipse.application=org.eclipse.jdt.ls.core.id1 -Dosgi.bundles.defaultStartLevel=4 -Declipse.product=org.eclipse.jdt.ls.core.product -Djava.import.generatesMetadataFilesAtProjectRoot=false -DDetectVMInstallationsJob.disabled=true -Dfile.encoding=utf8 -XX:+UseParallelGC -XX:GCTimeRatio=4 -XX:AdaptiveSizePolicyWeight=90 -Dsun.zip.disableMemoryMapping=true -Xmx2G -Xms100m -Xlog:disable -javaagent:c:\Users\nguye\.cursor\extensions\redhat.java-1.45.0-win32-x64\lombok\lombok-1.18.39-4050.jar 
java_command: c:\Users\nguye\.cursor\extensions\redhat.java-1.45.0-win32-x64\server\plugins\org.eclipse.equinox.launcher_1.7.0.v20250519-0528.jar -configuration c:\Users\nguye\AppData\Roaming\Cursor\User\globalStorage\redhat.java\1.45.0\config_ss_win -data c:\Users\nguye\AppData\Roaming\Cursor\User\workspaceStorage\11c61106e31d4dec7f53613e41bec7bf\redhat.java\ss_ws --pipe=\\.\pipe\lsp-445487d5103fabd34517c06f902c08e5-sock
java_class_path (initial): c:\Users\nguye\.cursor\extensions\redhat.java-1.45.0-win32-x64\server\plugins\org.eclipse.equinox.launcher_1.7.0.v20250519-0528.jar
Launcher Type: SUN_STANDARD

[Global flags]
    uintx AdaptiveSizePolicyWeight                 = 90                                        {product} {command line}
     intx CICompilerCount                          = 4                                         {product} {ergonomic}
    uintx GCTimeRatio                              = 4                                         {product} {command line}
   size_t InitialHeapSize                          = 104857600                                 {product} {command line}
   size_t MaxHeapSize                              = 2147483648                                {product} {command line}
   size_t MaxNewSize                               = 715653120                                 {product} {ergonomic}
   size_t MinHeapDeltaBytes                        = 524288                                    {product} {ergonomic}
   size_t MinHeapSize                              = 104857600                                 {product} {command line}
   size_t NewSize                                  = 34603008                                  {product} {ergonomic}
    uintx NonNMethodCodeHeapSize                   = 5839372                                {pd product} {ergonomic}
    uintx NonProfiledCodeHeapSize                  = 122909434                              {pd product} {ergonomic}
   size_t OldSize                                  = 70254592                                  {product} {ergonomic}
    uintx ProfiledCodeHeapSize                     = 122909434                              {pd product} {ergonomic}
    uintx ReservedCodeCacheSize                    = 251658240                              {pd product} {ergonomic}
     bool SegmentedCodeCache                       = true                                      {product} {ergonomic}
   size_t SoftMaxHeapSize                          = 2147483648                             {manageable} {ergonomic}
     bool UseCompressedOops                        = true                           {product lp64_product} {ergonomic}
     bool UseLargePagesIndividualAllocation        = false                                  {pd product} {ergonomic}
     bool UseParallelGC                            = true                                      {product} {command line}

Logging:
Log output configuration:
 #0: stdout all=off uptime,level,tags foldmultilines=false
 #1: stderr all=off uptime,level,tags foldmultilines=false

Environment Variables:
PATH=C:\Program Files\Common Files\Oracle\Java\javapath;C:\Python313\Scripts\;C:\Python313\;C:\xampp\php;C:\Program Files\Python312\Scripts\;C:\Program Files\Python312\;C:\Windows\system32;C:\Windows;C:\Windows\System32\Wbem;C:\Windows\System32\WindowsPowerShell\v1.0\;C:\Windows\System32\OpenSSH\;C:\Program Files (x86)\NVIDIA Corporation\PhysX\Common;C:\Program Files\NVIDIA Corporation\NVIDIA NvDLISR;C:\WINDOWS\system32;C:\WINDOWS;C:\WINDOWS\System32\Wbem;C:\WINDOWS\System32\WindowsPowerShell\v1.0\;C:\WINDOWS\System32\OpenSSH\;C:\MinGW\bin;C:\Program Files\Git\cmd;C:\Program Files (x86)\Microsoft SQL Server\160\Tools\Binn\;C:\Program Files\Microsoft SQL Server\160\Tools\Binn\;C:\Program Files\Microsoft SQL Server\Client SDK\ODBC\170\Tools\Binn\;C:\Program Files\Microsoft SQL Server\160\DTS\Binn\;C:\Program Files (x86)\Microsoft SQL Server\160\DTS\Binn\;C:\Program Files\Microsoft SQL Server\150\Tools\Binn\;C:\Program Files\Java\apache-maven-3.6.0\bin;C:\Program Files\Docker\Docker\resources\bin;C:\Gradle\bin;C:\ProgramData\chocolatey\bin;C:\Program Files\Java\jdk-17\bin;C:\Tools;C:\Program Files\nodejs\;C:\Program Files\MySQL\MySQL Shell 8.0\bin\;C:\Users\nguye\AppData\Local\Programs\Python\Launcher\;C:\Users\nguye\AppData\Local\Microsoft\WindowsApps;D:\Microsoft VS Code\bin;C:\Users\nguye\AppData\Roaming\Composer\vendor\bin;C:\Users\nguye\AppData\Local\Programs\cursor\resources\app\bin;C:\dart-sdk\bin;C:\flutter\bin;C:\Program Files\Java\jdk-17\bin;C:\Tools;C:\Users\nguye\AppData\Roaming\npm
USERNAME=nguye
OS=Windows_NT
PROCESSOR_IDENTIFIER=AMD64 Family 25 Model 80 Stepping 0, AuthenticAMD
TMP=C:\Users\nguye\AppData\Local\Temp
TEMP=C:\Users\nguye\AppData\Local\Temp




Periodic native trim disabled

---------------  S Y S T E M  ---------------

OS:
 Windows 11 , 64 bit Build 26100 (10.0.26100.1591)
OS uptime: 0 days 2:15 hours
Hyper-V role detected

CPU: total 12 (initial active 12) (12 cores per cpu, 2 threads per core) family 25 model 80 stepping 0 microcode 0xa50000c, cx8, cmov, fxsr, ht, mmx, 3dnowpref, sse, sse2, sse3, ssse3, sse4a, sse4.1, sse4.2, popcnt, lzcnt, tsc, tscinvbit, avx, avx2, aes, erms, clmul, bmi1, bmi2, adx, sha, fma, vzeroupper, clflush, clflushopt, hv, rdtscp, rdpid, fsrm, f16c, cet_ss
Processor Information for the first 12 processors :
  Max Mhz: 3301, Current Mhz: 3301, Mhz Limit: 3301

Memory: 4k page, system-wide physical 23916M (7852M free)
TotalPageFile size 23916M (AvailPageFile size 85M)
current process WorkingSet (physical memory assigned to process): 225M, peak: 226M
current process commit charge ("private bytes"): 339M, peak: 340M

vm_info: OpenJDK 64-Bit Server VM (21.0.8+9-LTS) for windows-amd64 JRE (21.0.8+9-LTS), built on 2025-07-15T00:00:00Z by "admin" with MS VC++ 17.7 (VS2022)

END.
