#
# There is insufficient memory for the Java Runtime Environment to continue.
# Native memory allocation (malloc) failed to allocate 1342576 bytes. Error detail: Chunk::new
# Possible reasons:
#   The system is out of physical RAM or swap space
#   This process is running with CompressedOops enabled, and the Java Heap may be blocking the growth of the native heap
# Possible solutions:
#   Reduce memory load on the system
#   Increase physical memory or swap space
#   Check if swap backing store is full
#   Decrease Java heap size (-Xmx/-Xms)
#   Decrease number of Java threads
#   Decrease Java thread stack sizes (-Xss)
#   Set larger code cache with -XX:ReservedCodeCacheSize=
#   JVM is running with Unscaled Compressed Oops mode in which the Java heap is
#     placed in the first 4GB address space. The Java Heap base address is the
#     maximum limit for the native heap growth. Please use -XX:HeapBaseMinAddress
#     to set the Java Heap base and to place the Java Heap above 4GB virtual address.
# This output file may be truncated or incomplete.
#
#  Out of Memory Error (arena.cpp:168), pid=5028, tid=1208
#
# JRE version: OpenJDK Runtime Environment Temurin-21.0.8+9 (21.0.8+9) (build 21.0.8+9-LTS)
# Java VM: OpenJDK 64-Bit Server VM Temurin-21.0.8+9 (21.0.8+9-LTS, mixed mode, sharing, tiered, compressed oops, compressed class ptrs, parallel gc, windows-amd64)
# No core dump will be written. Minidumps are not enabled by default on client versions of Windows
#

---------------  S U M M A R Y ------------

Command Line: --add-modules=ALL-SYSTEM --add-opens=java.base/java.util=ALL-UNNAMED --add-opens=java.base/java.lang=ALL-UNNAMED --add-opens=java.base/sun.nio.fs=ALL-UNNAMED -Declipse.application=org.eclipse.jdt.ls.core.id1 -Dosgi.bundles.defaultStartLevel=4 -Declipse.product=org.eclipse.jdt.ls.core.product -Djava.import.generatesMetadataFilesAtProjectRoot=false -DDetectVMInstallationsJob.disabled=true -Dfile.encoding=utf8 -XX:+UseParallelGC -XX:GCTimeRatio=4 -XX:AdaptiveSizePolicyWeight=90 -Dsun.zip.disableMemoryMapping=true -Xmx2G -Xms100m -Xlog:disable -javaagent:c:\Users\nguye\.cursor\extensions\redhat.java-1.45.0-win32-x64\lombok\lombok-1.18.39-4050.jar -XX:+HeapDumpOnOutOfMemoryError -XX:HeapDumpPath=c:\Users\nguye\AppData\Roaming\Cursor\User\workspaceStorage\11c61106e31d4dec7f53613e41bec7bf\redhat.java -Daether.dependencyCollector.impl=bf c:\Users\nguye\.cursor\extensions\redhat.java-1.45.0-win32-x64\server\plugins\org.eclipse.equinox.launcher_1.7.0.v20250519-0528.jar -configuration c:\Users\nguye\AppData\Roaming\Cursor\User\globalStorage\redhat.java\1.45.0\config_win -data c:\Users\nguye\AppData\Roaming\Cursor\User\workspaceStorage\11c61106e31d4dec7f53613e41bec7bf\redhat.java\jdt_ws --pipe=\\.\pipe\lsp-29cd2fc8ccc2fa4e40d46625429127ad-sock

Host: AMD Ryzen 5 5600H with Radeon Graphics         , 12 cores, 23G,  Windows 11 , 64 bit Build 26100 (10.0.26100.1591)
Time: Thu Sep 11 15:35:23 2025 SE Asia Standard Time elapsed time: 1365.043333 seconds (0d 0h 22m 45s)

---------------  T H R E A D  ---------------

Current thread (0x000001f18976adc0):  JavaThread "C2 CompilerThread0" daemon [_thread_in_native, id=1208, stack(0x00000070fd000000,0x00000070fd100000) (1024K)]


Current CompileTask:
C2:1365043 12987       4       org.eclipse.jdt.internal.compiler.classfmt.ModuleInfo::readModuleAttribute (1166 bytes)

Stack: [0x00000070fd000000,0x00000070fd100000]
Native frames: (J=compiled Java code, j=interpreted, Vv=VM code, C=native code)
V  [jvm.dll+0x6d2449]
V  [jvm.dll+0x8ae341]
V  [jvm.dll+0x8b08be]
V  [jvm.dll+0x8b0fa3]
V  [jvm.dll+0x280c96]
V  [jvm.dll+0xc581d]
V  [jvm.dll+0xc5d53]
V  [jvm.dll+0x3b9162]
V  [jvm.dll+0x1e1213]
V  [jvm.dll+0x249022]
V  [jvm.dll+0x2484af]
V  [jvm.dll+0x1c89ee]
V  [jvm.dll+0x257d4d]
V  [jvm.dll+0x2562ea]
V  [jvm.dll+0x3f2d16]
V  [jvm.dll+0x857e6b]
V  [jvm.dll+0x6d0b0d]
C  [ucrtbase.dll+0x14ea0]
C  [KERNEL32.DLL+0x2dbe7]
C  [ntdll.dll+0x85a6c]


---------------  P R O C E S S  ---------------

Threads class SMR info:
_java_thread_list=0x000001f1eb66dd10, length=50, elements={
0x000001f187c0a830, 0x000001f1a079e780, 0x000001f1897536d0, 0x000001f189758c90,
0x000001f189759960, 0x000001f18975d770, 0x000001f189762560, 0x000001f18976adc0,
0x000001f18976e190, 0x000001f1e2db22e0, 0x000001f1e3012090, 0x000001f1e885ed90,
0x000001f1e863d410, 0x000001f1e8a16ec0, 0x000001f1e88905a0, 0x000001f1e8f8d090,
0x000001f1e8f8d720, 0x000001f1e8f8ddb0, 0x000001f1e9396a10, 0x000001f1e9394fd0,
0x000001f1e9394940, 0x000001f1e939abb0, 0x000001f1e9397dc0, 0x000001f1e939b8d0,
0x000001f1e9398450, 0x000001f1e939bf60, 0x000001f1e9398ae0, 0x000001f1e9399170,
0x000001f1e9399800, 0x000001f1e9399e90, 0x000001f1ea81eb40, 0x000001f1ea81bd50,
0x000001f1ea81e4b0, 0x000001f1ea81c3e0, 0x000001f1ea81d100, 0x000001f1ea81ca70,
0x000001f1ea81b6c0, 0x000001f1e9f0edc0, 0x000001f1e9f0fae0, 0x000001f1e9f10170,
0x000001f1e9f10e90, 0x000001f1e9f0da10, 0x000001f1ed8e7410, 0x000001f1e9f11520,
0x000001f1e9f0e0a0, 0x000001f1e9f13c80, 0x000001f1e9f128d0, 0x000001f1e9f149a0,
0x000001f1e9f12f60, 0x000001f1e9f11bb0
}

Java Threads: ( => current thread )
  0x000001f187c0a830 JavaThread "main"                              [_thread_blocked, id=1296, stack(0x00000070fc600000,0x00000070fc700000) (1024K)]
  0x000001f1a079e780 JavaThread "Reference Handler"          daemon [_thread_blocked, id=16788, stack(0x00000070fca00000,0x00000070fcb00000) (1024K)]
  0x000001f1897536d0 JavaThread "Finalizer"                  daemon [_thread_blocked, id=8348, stack(0x00000070fcb00000,0x00000070fcc00000) (1024K)]
  0x000001f189758c90 JavaThread "Signal Dispatcher"          daemon [_thread_blocked, id=9388, stack(0x00000070fcc00000,0x00000070fcd00000) (1024K)]
  0x000001f189759960 JavaThread "Attach Listener"            daemon [_thread_blocked, id=5556, stack(0x00000070fcd00000,0x00000070fce00000) (1024K)]
  0x000001f18975d770 JavaThread "Service Thread"             daemon [_thread_blocked, id=16048, stack(0x00000070fce00000,0x00000070fcf00000) (1024K)]
  0x000001f189762560 JavaThread "Monitor Deflation Thread"   daemon [_thread_blocked, id=2664, stack(0x00000070fcf00000,0x00000070fd000000) (1024K)]
=>0x000001f18976adc0 JavaThread "C2 CompilerThread0"         daemon [_thread_in_native, id=1208, stack(0x00000070fd000000,0x00000070fd100000) (1024K)]
  0x000001f18976e190 JavaThread "C1 CompilerThread0"         daemon [_thread_blocked, id=3892, stack(0x00000070fd100000,0x00000070fd200000) (1024K)]
  0x000001f1e2db22e0 JavaThread "Common-Cleaner"             daemon [_thread_blocked, id=12528, stack(0x00000070fd200000,0x00000070fd300000) (1024K)]
  0x000001f1e3012090 JavaThread "Notification Thread"        daemon [_thread_blocked, id=16784, stack(0x00000070fd400000,0x00000070fd500000) (1024K)]
  0x000001f1e885ed90 JavaThread "Active Thread: Equinox Container: 8dddd2a0-7696-4f0c-9d09-b973cd503592"        [_thread_blocked, id=6820, stack(0x00000070fdc00000,0x00000070fdd00000) (1024K)]
  0x000001f1e863d410 JavaThread "Refresh Thread: Equinox Container: 8dddd2a0-7696-4f0c-9d09-b973cd503592" daemon [_thread_blocked, id=15724, stack(0x00000070fde00000,0x00000070fdf00000) (1024K)]
  0x000001f1e8a16ec0 JavaThread "Framework Event Dispatcher: Equinox Container: 8dddd2a0-7696-4f0c-9d09-b973cd503592" daemon [_thread_blocked, id=17236, stack(0x00000070fdf00000,0x00000070fe000000) (1024K)]
  0x000001f1e88905a0 JavaThread "Start Level: Equinox Container: 8dddd2a0-7696-4f0c-9d09-b973cd503592" daemon [_thread_blocked, id=4008, stack(0x00000070fe000000,0x00000070fe100000) (1024K)]
  0x000001f1e8f8d090 JavaThread "Bundle File Closer"         daemon [_thread_blocked, id=14844, stack(0x00000070fe300000,0x00000070fe400000) (1024K)]
  0x000001f1e8f8d720 JavaThread "SCR Component Actor"        daemon [_thread_blocked, id=16760, stack(0x00000070fd500000,0x00000070fd600000) (1024K)]
  0x000001f1e8f8ddb0 JavaThread "Worker-JM"                         [_thread_blocked, id=7444, stack(0x00000070fe500000,0x00000070fe600000) (1024K)]
  0x000001f1e9396a10 JavaThread "JNA Cleaner"                daemon [_thread_blocked, id=11508, stack(0x00000070fe600000,0x00000070fe700000) (1024K)]
  0x000001f1e9394fd0 JavaThread "Worker-0"                          [_thread_blocked, id=8396, stack(0x00000070fe700000,0x00000070fe800000) (1024K)]
  0x000001f1e9394940 JavaThread "Java indexing"              daemon [_thread_blocked, id=6848, stack(0x00000070feb00000,0x00000070fec00000) (1024K)]
  0x000001f1e939abb0 JavaThread "Thread-2"                   daemon [_thread_in_native, id=964, stack(0x00000070ff200000,0x00000070ff300000) (1024K)]
  0x000001f1e9397dc0 JavaThread "Thread-3"                   daemon [_thread_in_native, id=12460, stack(0x00000070ff300000,0x00000070ff400000) (1024K)]
  0x000001f1e939b8d0 JavaThread "Thread-4"                   daemon [_thread_in_native, id=4420, stack(0x00000070ff400000,0x00000070ff500000) (1024K)]
  0x000001f1e9398450 JavaThread "Thread-5"                   daemon [_thread_in_native, id=12272, stack(0x00000070ff500000,0x00000070ff600000) (1024K)]
  0x000001f1e939bf60 JavaThread "Thread-6"                   daemon [_thread_in_native, id=11028, stack(0x00000070ff600000,0x00000070ff700000) (1024K)]
  0x000001f1e9398ae0 JavaThread "Thread-7"                   daemon [_thread_in_native, id=7072, stack(0x00000070ff700000,0x00000070ff800000) (1024K)]
  0x000001f1e9399170 JavaThread "Thread-8"                   daemon [_thread_in_native, id=10440, stack(0x00000070ff800000,0x00000070ff900000) (1024K)]
  0x000001f1e9399800 JavaThread "Thread-9"                   daemon [_thread_in_native, id=13828, stack(0x00000070ff900000,0x00000070ffa00000) (1024K)]
  0x000001f1e9399e90 JavaThread "Thread-10"                  daemon [_thread_in_native, id=14268, stack(0x00000070ffa00000,0x00000070ffb00000) (1024K)]
  0x000001f1ea81eb40 JavaThread "Thread-11"                  daemon [_thread_in_native, id=7708, stack(0x00000070ffb00000,0x00000070ffc00000) (1024K)]
  0x000001f1ea81bd50 JavaThread "Thread-12"                  daemon [_thread_in_native, id=5992, stack(0x00000070ffc00000,0x00000070ffd00000) (1024K)]
  0x000001f1ea81e4b0 JavaThread "Thread-13"                  daemon [_thread_in_native, id=2940, stack(0x00000070ffd00000,0x00000070ffe00000) (1024K)]
  0x000001f1ea81c3e0 JavaThread "Thread-14"                  daemon [_thread_in_native, id=13500, stack(0x00000070ffe00000,0x00000070fff00000) (1024K)]
  0x000001f1ea81d100 JavaThread "pool-2-thread-1"                   [_thread_blocked, id=8676, stack(0x00000070fff00000,0x0000007100000000) (1024K)]
  0x000001f1ea81ca70 JavaThread "WorkspaceEventsHandler"            [_thread_blocked, id=3828, stack(0x0000007080000000,0x0000007080100000) (1024K)]
  0x000001f1ea81b6c0 JavaThread "pool-1-thread-1"                   [_thread_blocked, id=13996, stack(0x0000007080100000,0x0000007080200000) (1024K)]
  0x000001f1e9f0edc0 JavaThread "pool-3-thread-1"                   [_thread_blocked, id=4408, stack(0x0000007081900000,0x0000007081a00000) (1024K)]
  0x000001f1e9f0fae0 JavaThread "Worker-6"                          [_thread_blocked, id=5700, stack(0x0000007080200000,0x0000007080300000) (1024K)]
  0x000001f1e9f10170 JavaThread "ForkJoinPool.commonPool-worker-13" daemon [_thread_blocked, id=17004, stack(0x0000007080300000,0x0000007080400000) (1024K)]
  0x000001f1e9f10e90 JavaThread "ForkJoinPool.commonPool-worker-14" daemon [_thread_blocked, id=9428, stack(0x0000007080400000,0x0000007080500000) (1024K)]
  0x000001f1e9f0da10 JavaThread "Worker-7"                          [_thread_blocked, id=19340, stack(0x0000007080500000,0x0000007080600000) (1024K)]
  0x000001f1ed8e7410 JavaThread "C2 CompilerThread1"         daemon [_thread_in_native, id=6196, stack(0x0000007080600000,0x0000007080700000) (1024K)]
  0x000001f1e9f11520 JavaThread "Worker-8"                          [_thread_blocked, id=7136, stack(0x0000007080700000,0x0000007080800000) (1024K)]
  0x000001f1e9f0e0a0 JavaThread "Java Debug Server"          daemon [_thread_in_native, id=18296, stack(0x0000007080800000,0x0000007080900000) (1024K)]
  0x000001f1e9f13c80 JavaThread "pool-4-thread-1"                   [_thread_in_native, id=956, stack(0x0000007080900000,0x0000007080a00000) (1024K)]
  0x000001f1e9f128d0 JavaThread "RxSchedulerPurge-1"         daemon [_thread_blocked, id=19048, stack(0x0000007080a00000,0x0000007080b00000) (1024K)]
  0x000001f1e9f149a0 JavaThread "RxCachedWorkerPoolEvictor-1" daemon [_thread_blocked, id=11200, stack(0x0000007080b00000,0x0000007080c00000) (1024K)]
  0x000001f1e9f12f60 JavaThread "RxNewThreadScheduler-1"     daemon [_thread_blocked, id=10484, stack(0x0000007080c00000,0x0000007080d00000) (1024K)]
  0x000001f1e9f11bb0 JavaThread "RxNewThreadScheduler-2"     daemon [_thread_in_native, id=12140, stack(0x0000007080f00000,0x0000007081000000) (1024K)]
Total: 50

Other Threads:
  0x000001f187be2340 VMThread "VM Thread"                           [id=11640, stack(0x00000070fc900000,0x00000070fca00000) (1024K)]
  0x000001f18971d580 WatcherThread "VM Periodic Task Thread"        [id=1384, stack(0x00000070fc800000,0x00000070fc900000) (1024K)]
  0x000001f187be1120 WorkerThread "GC Thread#0"                     [id=16960, stack(0x00000070fc700000,0x00000070fc800000) (1024K)]
  0x000001f187be1860 WorkerThread "GC Thread#1"                     [id=14272, stack(0x00000070fd600000,0x00000070fd700000) (1024K)]
  0x000001f187be1fa0 WorkerThread "GC Thread#2"                     [id=5980, stack(0x00000070fd700000,0x00000070fd800000) (1024K)]
  0x000001f1e8621ce0 WorkerThread "GC Thread#3"                     [id=6772, stack(0x00000070fd800000,0x00000070fd900000) (1024K)]
  0x000001f1e8622420 WorkerThread "GC Thread#4"                     [id=14996, stack(0x00000070fd900000,0x00000070fda00000) (1024K)]
  0x000001f1e8624fa0 WorkerThread "GC Thread#5"                     [id=5848, stack(0x00000070fda00000,0x00000070fdb00000) (1024K)]
  0x000001f1e8622080 WorkerThread "GC Thread#6"                     [id=4100, stack(0x00000070fdb00000,0x00000070fdc00000) (1024K)]
  0x000001f1e86227c0 WorkerThread "GC Thread#7"                     [id=5356, stack(0x00000070fdd00000,0x00000070fde00000) (1024K)]
  0x000001f1e8622b60 WorkerThread "GC Thread#8"                     [id=11560, stack(0x00000070fe100000,0x00000070fe200000) (1024K)]
  0x000001f1e86239e0 WorkerThread "GC Thread#9"                     [id=3712, stack(0x00000070fe200000,0x00000070fe300000) (1024K)]
Total: 12

Threads with active compile tasks:
C2 CompilerThread0  1366060 12987       4       org.eclipse.jdt.internal.compiler.classfmt.ModuleInfo::readModuleAttribute (1166 bytes)
C2 CompilerThread1  1366060 13025       4       java.lang.invoke.MethodType::methodType (69 bytes)
Total: 2

VM state: not at safepoint (normal execution)

VM Mutex/Monitor currently owned by a thread: None

Heap address: 0x0000000080000000, size: 2048 MB, Compressed Oops mode: 32-bit

CDS archive(s) mapped at: [0x000001f1a1000000-0x000001f1a1ba0000-0x000001f1a1ba0000), size 12189696, SharedBaseAddress: 0x000001f1a1000000, ArchiveRelocationMode: 1.
Compressed class space mapped at: 0x000001f1a2000000-0x000001f1e2000000, reserved size: 1073741824
Narrow klass base: 0x000001f1a1000000, Narrow klass shift: 0, Narrow klass range: 0x100000000

GC Precious Log:
 CardTable entry size: 512
 CPUs: 12 total, 12 available
 Memory: 23916M
 Large Page Support: Disabled
 NUMA Support: Disabled
 Compressed Oops: Enabled (32-bit)
 Alignments: Space 512K, Generation 512K, Heap 2M
 Heap Min Capacity: 100M
 Heap Initial Capacity: 100M
 Heap Max Capacity: 2G
 Pre-touch: Disabled
 Parallel Workers: 10

Heap:
 PSYoungGen      total 18432K, used 726K [0x00000000d5580000, 0x00000000d6900000, 0x0000000100000000)
  eden space 17408K, 0% used [0x00000000d5580000,0x00000000d559d800,0x00000000d6680000)
  from space 1024K, 59% used [0x00000000d6800000,0x00000000d6898020,0x00000000d6900000)
  to   space 1024K, 0% used [0x00000000d6700000,0x00000000d6700000,0x00000000d6800000)
 ParOldGen       total 86528K, used 86128K [0x0000000080000000, 0x0000000085480000, 0x00000000d5580000)
  object space 86528K, 99% used [0x0000000080000000,0x000000008541c278,0x0000000085480000)
 Metaspace       used 68797K, committed 70336K, reserved 1114112K
  class space    used 7263K, committed 7936K, reserved 1048576K

Card table byte_map: [0x000001f19bae0000,0x000001f19bef0000] _byte_map_base: 0x000001f19b6e0000

Marking Bits: (ParMarkBitMap*) 0x00007ffabcfda340
 Begin Bits: [0x000001f19c1a0000, 0x000001f19e1a0000)
 End Bits:   [0x000001f19e1a0000, 0x000001f1a01a0000)

Polling page: 0x000001f187ea0000

Metaspace:

Usage:
  Non-class:     60.09 MB used.
      Class:      7.09 MB used.
       Both:     67.19 MB used.

Virtual space:
  Non-class space:       64.00 MB reserved,      60.94 MB ( 95%) committed,  1 nodes.
      Class space:        1.00 GB reserved,       7.75 MB ( <1%) committed,  1 nodes.
             Both:        1.06 GB reserved,      68.69 MB (  6%) committed. 

Chunk freelists:
   Non-Class:  2.25 MB
       Class:  8.14 MB
        Both:  10.39 MB

MaxMetaspaceSize: unlimited
CompressedClassSpaceSize: 1.00 GB
Initial GC threshold: 21.00 MB
Current GC threshold: 97.31 MB
CDS: on
 - commit_granule_bytes: 65536.
 - commit_granule_words: 8192.
 - virtual_space_node_default_size: 8388608.
 - enlarge_chunks_in_place: 1.
 - use_allocation_guard: 0.


Internal statistics:

num_allocs_failed_limit: 9.
num_arena_births: 1280.
num_arena_deaths: 20.
num_vsnodes_births: 2.
num_vsnodes_deaths: 0.
num_space_committed: 1099.
num_space_uncommitted: 0.
num_chunks_returned_to_freelist: 32.
num_chunks_taken_from_freelist: 4491.
num_chunk_merges: 13.
num_chunk_splits: 2786.
num_chunks_enlarged: 1643.
num_inconsistent_stats: 0.

CodeHeap 'non-profiled nmethods': size=120000Kb used=9236Kb max_used=9236Kb free=110763Kb
 bounds [0x000001f1943d0000, 0x000001f194ce0000, 0x000001f19b900000]
CodeHeap 'profiled nmethods': size=120000Kb used=30102Kb max_used=30102Kb free=89897Kb
 bounds [0x000001f18c900000, 0x000001f18e670000, 0x000001f193e30000]
CodeHeap 'non-nmethods': size=5760Kb used=1450Kb max_used=1525Kb free=4309Kb
 bounds [0x000001f193e30000, 0x000001f1940a0000, 0x000001f1943d0000]
CodeCache: size=245760Kb, used=40788Kb, max_used=40863Kb, free=204969Kb
 total_blobs=13014, nmethods=12241, adapters=677, full_count=0
Compilation: enabled, stopped_count=0, restarted_count=0

Compilation events (20 events):
Event: 1364.009 Thread 0x000001f1ed8e8880 13046       4       jdk.internal.util.Preconditions::checkFromIndexSize (25 bytes)
Event: 1364.010 Thread 0x000001f1ed8e8880 nmethod 13046 0x000001f194cd2410 code [0x000001f194cd25a0, 0x000001f194cd2670]
Event: 1364.010 Thread 0x000001f1ed8e8880 13042       4       sun.nio.cs.SingleByte$Encoder::encode (32 bytes)
Event: 1364.010 Thread 0x000001f18976e190 13049       3       java.lang.invoke.MethodHandles::filterArgumentsWithCombiner (9 bytes)
Event: 1364.010 Thread 0x000001f18976e190 nmethod 13049 0x000001f18e660810 code [0x000001f18e6609c0, 0x000001f18e660af8]
Event: 1364.011 Thread 0x000001f18976e190 13050 %     3       java.lang.StringCoding::implEncodeAsciiArray @ 3 (47 bytes)
Event: 1364.011 Thread 0x000001f1ed8e8880 nmethod 13042 0x000001f194cd2710 code [0x000001f194cd28a0, 0x000001f194cd29e8]
Event: 1364.011 Thread 0x000001f1ed8e8880 13032       4       com.google.gson.stream.JsonReader::readEscapeCharacter (417 bytes)
Event: 1364.011 Thread 0x000001f18976e190 nmethod 13050% 0x000001f18e660b90 code [0x000001f18e660d40, 0x000001f18e661070]
Event: 1364.013 Thread 0x000001f1ed8e8880 nmethod 13032 0x000001f194cd2b10 code [0x000001f194cd2cc0, 0x000001f194cd2e78]
Event: 1364.013 Thread 0x000001f1ed8e8880 13030       4       java.lang.invoke.MethodType::isConvertibleTo (164 bytes)
Event: 1364.015 Thread 0x000001f1ed8e8880 nmethod 13030 0x000001f194cd3010 code [0x000001f194cd3200, 0x000001f194cd3540]
Event: 1364.015 Thread 0x000001f1ed8e8880 13029       4       java.lang.invoke.MethodHandle::asTypeUncached (54 bytes)
Event: 1364.019 Thread 0x000001f1ed8e8880 nmethod 13029 0x000001f194cd3890 code [0x000001f194cd3aa0, 0x000001f194cd3eb8]
Event: 1364.023 Thread 0x000001f18976e190 13053       3       java.lang.invoke.LambdaFormEditor$TransformKey::packedBytes (83 bytes)
Event: 1364.024 Thread 0x000001f18976e190 nmethod 13053 0x000001f18e661210 code [0x000001f18e6613e0, 0x000001f18e6617a8]
Event: 1364.107 Thread 0x000001f18976e190 13055       3       java.lang.invoke.LambdaForm$MH/0x000001f1a2221c00::invoke (56 bytes)
Event: 1364.107 Thread 0x000001f18976e190 nmethod 13055 0x000001f18e661990 code [0x000001f18e661ba0, 0x000001f18e6623d8]
Event: 1364.107 Thread 0x000001f18976e190 13056       3       org.eclipse.lsp4j.jsonrpc.messages.Either::forLeft (10 bytes)
Event: 1364.108 Thread 0x000001f18976e190 nmethod 13056 0x000001f18e662610 code [0x000001f18e6627c0, 0x000001f18e6629e8]

GC Heap History (20 events):
Event: 1286.953 GC heap before
{Heap before GC invocations=125 (full 3):
 PSYoungGen      total 17920K, used 17728K [0x00000000d5580000, 0x00000000d6800000, 0x0000000100000000)
  eden space 17408K, 100% used [0x00000000d5580000,0x00000000d6680000,0x00000000d6680000)
  from space 512K, 62% used [0x00000000d6680000,0x00000000d66d0000,0x00000000d6700000)
  to   space 512K, 0% used [0x00000000d6780000,0x00000000d6780000,0x00000000d6800000)
 ParOldGen       total 84480K, used 82888K [0x0000000080000000, 0x0000000085280000, 0x00000000d5580000)
  object space 84480K, 98% used [0x0000000080000000,0x00000000850f2190,0x0000000085280000)
 Metaspace       used 65377K, committed 66816K, reserved 1114112K
  class space    used 6803K, committed 7424K, reserved 1048576K
}
Event: 1286.954 GC heap after
{Heap after GC invocations=125 (full 3):
 PSYoungGen      total 17920K, used 512K [0x00000000d5580000, 0x00000000d6880000, 0x0000000100000000)
  eden space 17408K, 0% used [0x00000000d5580000,0x00000000d5580000,0x00000000d6680000)
  from space 512K, 100% used [0x00000000d6780000,0x00000000d6800000,0x00000000d6800000)
  to   space 1024K, 0% used [0x00000000d6680000,0x00000000d6680000,0x00000000d6780000)
 ParOldGen       total 84480K, used 82928K [0x0000000080000000, 0x0000000085280000, 0x00000000d5580000)
  object space 84480K, 98% used [0x0000000080000000,0x00000000850fc190,0x0000000085280000)
 Metaspace       used 65377K, committed 66816K, reserved 1114112K
  class space    used 6803K, committed 7424K, reserved 1048576K
}
Event: 1287.039 GC heap before
{Heap before GC invocations=126 (full 3):
 PSYoungGen      total 17920K, used 17920K [0x00000000d5580000, 0x00000000d6880000, 0x0000000100000000)
  eden space 17408K, 100% used [0x00000000d5580000,0x00000000d6680000,0x00000000d6680000)
  from space 512K, 100% used [0x00000000d6780000,0x00000000d6800000,0x00000000d6800000)
  to   space 1024K, 0% used [0x00000000d6680000,0x00000000d6680000,0x00000000d6780000)
 ParOldGen       total 84480K, used 82928K [0x0000000080000000, 0x0000000085280000, 0x00000000d5580000)
  object space 84480K, 98% used [0x0000000080000000,0x00000000850fc190,0x0000000085280000)
 Metaspace       used 65436K, committed 66880K, reserved 1114112K
  class space    used 6811K, committed 7424K, reserved 1048576K
}
Event: 1287.040 GC heap after
{Heap after GC invocations=126 (full 3):
 PSYoungGen      total 18432K, used 800K [0x00000000d5580000, 0x00000000d6880000, 0x0000000100000000)
  eden space 17408K, 0% used [0x00000000d5580000,0x00000000d5580000,0x00000000d6680000)
  from space 1024K, 78% used [0x00000000d6680000,0x00000000d6748000,0x00000000d6780000)
  to   space 1024K, 0% used [0x00000000d6780000,0x00000000d6780000,0x00000000d6880000)
 ParOldGen       total 84480K, used 83384K [0x0000000080000000, 0x0000000085280000, 0x00000000d5580000)
  object space 84480K, 98% used [0x0000000080000000,0x000000008516e190,0x0000000085280000)
 Metaspace       used 65436K, committed 66880K, reserved 1114112K
  class space    used 6811K, committed 7424K, reserved 1048576K
}
Event: 1287.067 GC heap before
{Heap before GC invocations=127 (full 3):
 PSYoungGen      total 18432K, used 18208K [0x00000000d5580000, 0x00000000d6880000, 0x0000000100000000)
  eden space 17408K, 100% used [0x00000000d5580000,0x00000000d6680000,0x00000000d6680000)
  from space 1024K, 78% used [0x00000000d6680000,0x00000000d6748000,0x00000000d6780000)
  to   space 1024K, 0% used [0x00000000d6780000,0x00000000d6780000,0x00000000d6880000)
 ParOldGen       total 84480K, used 83384K [0x0000000080000000, 0x0000000085280000, 0x00000000d5580000)
  object space 84480K, 98% used [0x0000000080000000,0x000000008516e190,0x0000000085280000)
 Metaspace       used 65448K, committed 66880K, reserved 1114112K
  class space    used 6811K, committed 7424K, reserved 1048576K
}
Event: 1287.068 GC heap after
{Heap after GC invocations=127 (full 3):
 PSYoungGen      total 18432K, used 416K [0x00000000d5580000, 0x00000000d6880000, 0x0000000100000000)
  eden space 17408K, 0% used [0x00000000d5580000,0x00000000d5580000,0x00000000d6680000)
  from space 1024K, 40% used [0x00000000d6780000,0x00000000d67e8000,0x00000000d6880000)
  to   space 1024K, 0% used [0x00000000d6680000,0x00000000d6680000,0x00000000d6780000)
 ParOldGen       total 84480K, used 83960K [0x0000000080000000, 0x0000000085280000, 0x00000000d5580000)
  object space 84480K, 99% used [0x0000000080000000,0x00000000851fe190,0x0000000085280000)
 Metaspace       used 65448K, committed 66880K, reserved 1114112K
  class space    used 6811K, committed 7424K, reserved 1048576K
}
Event: 1287.093 GC heap before
{Heap before GC invocations=128 (full 3):
 PSYoungGen      total 18432K, used 17824K [0x00000000d5580000, 0x00000000d6880000, 0x0000000100000000)
  eden space 17408K, 100% used [0x00000000d5580000,0x00000000d6680000,0x00000000d6680000)
  from space 1024K, 40% used [0x00000000d6780000,0x00000000d67e8000,0x00000000d6880000)
  to   space 1024K, 0% used [0x00000000d6680000,0x00000000d6680000,0x00000000d6780000)
 ParOldGen       total 84480K, used 83960K [0x0000000080000000, 0x0000000085280000, 0x00000000d5580000)
  object space 84480K, 99% used [0x0000000080000000,0x00000000851fe190,0x0000000085280000)
 Metaspace       used 65459K, committed 66880K, reserved 1114112K
  class space    used 6812K, committed 7424K, reserved 1048576K
}
Event: 1287.093 GC heap after
{Heap after GC invocations=128 (full 3):
 PSYoungGen      total 18432K, used 416K [0x00000000d5580000, 0x00000000d6800000, 0x0000000100000000)
  eden space 17408K, 0% used [0x00000000d5580000,0x00000000d5580000,0x00000000d6680000)
  from space 1024K, 40% used [0x00000000d6680000,0x00000000d66e8000,0x00000000d6780000)
  to   space 512K, 0% used [0x00000000d6780000,0x00000000d6780000,0x00000000d6800000)
 ParOldGen       total 84480K, used 84118K [0x0000000080000000, 0x0000000085280000, 0x00000000d5580000)
  object space 84480K, 99% used [0x0000000080000000,0x0000000085225ad0,0x0000000085280000)
 Metaspace       used 65459K, committed 66880K, reserved 1114112K
  class space    used 6812K, committed 7424K, reserved 1048576K
}
Event: 1287.131 GC heap before
{Heap before GC invocations=129 (full 3):
 PSYoungGen      total 18432K, used 16666K [0x00000000d5580000, 0x00000000d6800000, 0x0000000100000000)
  eden space 17408K, 93% used [0x00000000d5580000,0x00000000d655ead0,0x00000000d6680000)
  from space 1024K, 40% used [0x00000000d6680000,0x00000000d66e8000,0x00000000d6780000)
  to   space 512K, 0% used [0x00000000d6780000,0x00000000d6780000,0x00000000d6800000)
 ParOldGen       total 84480K, used 84118K [0x0000000080000000, 0x0000000085280000, 0x00000000d5580000)
  object space 84480K, 99% used [0x0000000080000000,0x0000000085225ad0,0x0000000085280000)
 Metaspace       used 65466K, committed 66880K, reserved 1114112K
  class space    used 6812K, committed 7424K, reserved 1048576K
}
Event: 1287.131 GC heap after
{Heap after GC invocations=129 (full 3):
 PSYoungGen      total 17920K, used 320K [0x00000000d5580000, 0x00000000d6800000, 0x0000000100000000)
  eden space 17408K, 0% used [0x00000000d5580000,0x00000000d5580000,0x00000000d6680000)
  from space 512K, 62% used [0x00000000d6780000,0x00000000d67d0000,0x00000000d6800000)
  to   space 512K, 0% used [0x00000000d6700000,0x00000000d6700000,0x00000000d6780000)
 ParOldGen       total 84480K, used 84182K [0x0000000080000000, 0x0000000085280000, 0x00000000d5580000)
  object space 84480K, 99% used [0x0000000080000000,0x0000000085235ad0,0x0000000085280000)
 Metaspace       used 65466K, committed 66880K, reserved 1114112K
  class space    used 6812K, committed 7424K, reserved 1048576K
}
Event: 1287.160 GC heap before
{Heap before GC invocations=130 (full 3):
 PSYoungGen      total 17920K, used 17728K [0x00000000d5580000, 0x00000000d6800000, 0x0000000100000000)
  eden space 17408K, 100% used [0x00000000d5580000,0x00000000d6680000,0x00000000d6680000)
  from space 512K, 62% used [0x00000000d6780000,0x00000000d67d0000,0x00000000d6800000)
  to   space 512K, 0% used [0x00000000d6700000,0x00000000d6700000,0x00000000d6780000)
 ParOldGen       total 84480K, used 84182K [0x0000000080000000, 0x0000000085280000, 0x00000000d5580000)
  object space 84480K, 99% used [0x0000000080000000,0x0000000085235ad0,0x0000000085280000)
 Metaspace       used 65471K, committed 66880K, reserved 1114112K
  class space    used 6812K, committed 7424K, reserved 1048576K
}
Event: 1287.161 GC heap after
{Heap after GC invocations=130 (full 3):
 PSYoungGen      total 17920K, used 320K [0x00000000d5580000, 0x00000000d6800000, 0x0000000100000000)
  eden space 17408K, 0% used [0x00000000d5580000,0x00000000d5580000,0x00000000d6680000)
  from space 512K, 62% used [0x00000000d6700000,0x00000000d6750000,0x00000000d6780000)
  to   space 512K, 0% used [0x00000000d6780000,0x00000000d6780000,0x00000000d6800000)
 ParOldGen       total 84480K, used 84246K [0x0000000080000000, 0x0000000085280000, 0x00000000d5580000)
  object space 84480K, 99% used [0x0000000080000000,0x0000000085245ad0,0x0000000085280000)
 Metaspace       used 65471K, committed 66880K, reserved 1114112K
  class space    used 6812K, committed 7424K, reserved 1048576K
}
Event: 1287.215 GC heap before
{Heap before GC invocations=131 (full 3):
 PSYoungGen      total 17920K, used 17728K [0x00000000d5580000, 0x00000000d6800000, 0x0000000100000000)
  eden space 17408K, 100% used [0x00000000d5580000,0x00000000d6680000,0x00000000d6680000)
  from space 512K, 62% used [0x00000000d6700000,0x00000000d6750000,0x00000000d6780000)
  to   space 512K, 0% used [0x00000000d6780000,0x00000000d6780000,0x00000000d6800000)
 ParOldGen       total 84480K, used 84246K [0x0000000080000000, 0x0000000085280000, 0x00000000d5580000)
  object space 84480K, 99% used [0x0000000080000000,0x0000000085245ad0,0x0000000085280000)
 Metaspace       used 65488K, committed 66944K, reserved 1114112K
  class space    used 6813K, committed 7424K, reserved 1048576K
}
Event: 1287.216 GC heap after
{Heap after GC invocations=131 (full 3):
 PSYoungGen      total 17920K, used 366K [0x00000000d5580000, 0x00000000d6800000, 0x0000000100000000)
  eden space 17408K, 0% used [0x00000000d5580000,0x00000000d5580000,0x00000000d6680000)
  from space 512K, 71% used [0x00000000d6780000,0x00000000d67db910,0x00000000d6800000)
  to   space 512K, 0% used [0x00000000d6700000,0x00000000d6700000,0x00000000d6780000)
 ParOldGen       total 84480K, used 84318K [0x0000000080000000, 0x0000000085280000, 0x00000000d5580000)
  object space 84480K, 99% used [0x0000000080000000,0x0000000085257ad0,0x0000000085280000)
 Metaspace       used 65488K, committed 66944K, reserved 1114112K
  class space    used 6813K, committed 7424K, reserved 1048576K
}
Event: 1287.248 GC heap before
{Heap before GC invocations=132 (full 3):
 PSYoungGen      total 17920K, used 17774K [0x00000000d5580000, 0x00000000d6800000, 0x0000000100000000)
  eden space 17408K, 100% used [0x00000000d5580000,0x00000000d6680000,0x00000000d6680000)
  from space 512K, 71% used [0x00000000d6780000,0x00000000d67db910,0x00000000d6800000)
  to   space 512K, 0% used [0x00000000d6700000,0x00000000d6700000,0x00000000d6780000)
 ParOldGen       total 84480K, used 84318K [0x0000000080000000, 0x0000000085280000, 0x00000000d5580000)
  object space 84480K, 99% used [0x0000000080000000,0x0000000085257ad0,0x0000000085280000)
 Metaspace       used 65491K, committed 66944K, reserved 1114112K
  class space    used 6813K, committed 7424K, reserved 1048576K
}
Event: 1287.248 GC heap after
{Heap after GC invocations=132 (full 3):
 PSYoungGen      total 17920K, used 400K [0x00000000d5580000, 0x00000000d6800000, 0x0000000100000000)
  eden space 17408K, 0% used [0x00000000d5580000,0x00000000d5580000,0x00000000d6680000)
  from space 512K, 78% used [0x00000000d6700000,0x00000000d6764010,0x00000000d6780000)
  to   space 512K, 0% used [0x00000000d6780000,0x00000000d6780000,0x00000000d6800000)
 ParOldGen       total 84992K, used 84532K [0x0000000080000000, 0x0000000085300000, 0x00000000d5580000)
  object space 84992K, 99% used [0x0000000080000000,0x000000008528d3e0,0x0000000085300000)
 Metaspace       used 65491K, committed 66944K, reserved 1114112K
  class space    used 6813K, committed 7424K, reserved 1048576K
}
Event: 1363.714 GC heap before
{Heap before GC invocations=133 (full 3):
 PSYoungGen      total 17920K, used 17808K [0x00000000d5580000, 0x00000000d6800000, 0x0000000100000000)
  eden space 17408K, 100% used [0x00000000d5580000,0x00000000d6680000,0x00000000d6680000)
  from space 512K, 78% used [0x00000000d6700000,0x00000000d6764010,0x00000000d6780000)
  to   space 512K, 0% used [0x00000000d6780000,0x00000000d6780000,0x00000000d6800000)
 ParOldGen       total 84992K, used 84532K [0x0000000080000000, 0x0000000085300000, 0x00000000d5580000)
  object space 84992K, 99% used [0x0000000080000000,0x000000008528d3e0,0x0000000085300000)
 Metaspace       used 65643K, committed 67136K, reserved 1114112K
  class space    used 6836K, committed 7488K, reserved 1048576K
}
Event: 1363.716 GC heap after
{Heap after GC invocations=133 (full 3):
 PSYoungGen      total 17920K, used 480K [0x00000000d5580000, 0x00000000d6800000, 0x0000000100000000)
  eden space 17408K, 0% used [0x00000000d5580000,0x00000000d5580000,0x00000000d6680000)
  from space 512K, 93% used [0x00000000d6780000,0x00000000d67f8020,0x00000000d6800000)
  to   space 512K, 0% used [0x00000000d6700000,0x00000000d6700000,0x00000000d6780000)
 ParOldGen       total 86016K, used 85370K [0x0000000080000000, 0x0000000085400000, 0x00000000d5580000)
  object space 86016K, 99% used [0x0000000080000000,0x000000008535ea38,0x0000000085400000)
 Metaspace       used 65643K, committed 67136K, reserved 1114112K
  class space    used 6836K, committed 7488K, reserved 1048576K
}
Event: 1363.847 GC heap before
{Heap before GC invocations=134 (full 3):
 PSYoungGen      total 17920K, used 17888K [0x00000000d5580000, 0x00000000d6800000, 0x0000000100000000)
  eden space 17408K, 100% used [0x00000000d5580000,0x00000000d6680000,0x00000000d6680000)
  from space 512K, 93% used [0x00000000d6780000,0x00000000d67f8020,0x00000000d6800000)
  to   space 512K, 0% used [0x00000000d6700000,0x00000000d6700000,0x00000000d6780000)
 ParOldGen       total 86016K, used 85370K [0x0000000080000000, 0x0000000085400000, 0x00000000d5580000)
  object space 86016K, 99% used [0x0000000080000000,0x000000008535ea38,0x0000000085400000)
 Metaspace       used 66942K, committed 68416K, reserved 1114112K
  class space    used 6960K, committed 7552K, reserved 1048576K
}
Event: 1363.848 GC heap after
{Heap after GC invocations=134 (full 3):
 PSYoungGen      total 17920K, used 496K [0x00000000d5580000, 0x00000000d6980000, 0x0000000100000000)
  eden space 17408K, 0% used [0x00000000d5580000,0x00000000d5580000,0x00000000d6680000)
  from space 512K, 96% used [0x00000000d6700000,0x00000000d677c1d8,0x00000000d6780000)
  to   space 1536K, 0% used [0x00000000d6800000,0x00000000d6800000,0x00000000d6980000)
 ParOldGen       total 86016K, used 85929K [0x0000000080000000, 0x0000000085400000, 0x00000000d5580000)
  object space 86016K, 99% used [0x0000000080000000,0x00000000853ea6b0,0x0000000085400000)
 Metaspace       used 66942K, committed 68416K, reserved 1114112K
  class space    used 6960K, committed 7552K, reserved 1048576K
}

Dll operation events (11 events):
Event: 0.010 Loaded shared library c:\Users\nguye\.cursor\extensions\redhat.java-1.45.0-win32-x64\jre\21.0.8-win32-x86_64\bin\java.dll
Event: 0.069 Loaded shared library c:\Users\nguye\.cursor\extensions\redhat.java-1.45.0-win32-x64\jre\21.0.8-win32-x86_64\bin\zip.dll
Event: 0.092 Loaded shared library C:\Users\nguye\.cursor\extensions\redhat.java-1.45.0-win32-x64\jre\21.0.8-win32-x86_64\bin\instrument.dll
Event: 0.111 Loaded shared library C:\Users\nguye\.cursor\extensions\redhat.java-1.45.0-win32-x64\jre\21.0.8-win32-x86_64\bin\net.dll
Event: 0.114 Loaded shared library C:\Users\nguye\.cursor\extensions\redhat.java-1.45.0-win32-x64\jre\21.0.8-win32-x86_64\bin\nio.dll
Event: 0.118 Loaded shared library C:\Users\nguye\.cursor\extensions\redhat.java-1.45.0-win32-x64\jre\21.0.8-win32-x86_64\bin\zip.dll
Event: 0.136 Loaded shared library C:\Users\nguye\.cursor\extensions\redhat.java-1.45.0-win32-x64\jre\21.0.8-win32-x86_64\bin\jimage.dll
Event: 0.212 Loaded shared library c:\Users\nguye\.cursor\extensions\redhat.java-1.45.0-win32-x64\jre\21.0.8-win32-x86_64\bin\verify.dll
Event: 1.278 Loaded shared library C:\Users\nguye\AppData\Roaming\Cursor\User\globalStorage\redhat.java\1.45.0\config_win\org.eclipse.equinox.launcher\org.eclipse.equinox.launcher.win32.win32.x86_64_1.2.1400.v20250801-0854\eclipse_11916.dll
Event: 3.105 Loaded shared library C:\Users\nguye\AppData\Local\Temp\jna-104772072\jna11222594680957539604.dll
Event: 1363.782 Loaded shared library C:\Users\nguye\.cursor\extensions\redhat.java-1.45.0-win32-x64\jre\21.0.8-win32-x86_64\bin\extnet.dll

Deoptimization events (20 events):
Event: 1363.739 Thread 0x000001f1ea81b6c0 DEOPT PACKING pc=0x000001f18e606744 sp=0x00000070801fe2f0
Event: 1363.739 Thread 0x000001f1ea81b6c0 DEOPT UNPACKING pc=0x000001f193e84242 sp=0x00000070801fd7d0 mode 0
Event: 1363.739 Thread 0x000001f1ea81b6c0 DEOPT PACKING pc=0x000001f18e606744 sp=0x00000070801fe2f0
Event: 1363.739 Thread 0x000001f1ea81b6c0 DEOPT UNPACKING pc=0x000001f193e84242 sp=0x00000070801fd7d0 mode 0
Event: 1363.992 Thread 0x000001f1e9f12f60 Uncommon trap: trap_request=0xffffffde fr.pc=0x000001f194792df0 relative=0x0000000000000390
Event: 1363.992 Thread 0x000001f1e9f12f60 Uncommon trap: reason=class_check action=maybe_recompile pc=0x000001f194792df0 method=java.io.PrintWriter.implWrite(Ljava/lang/String;II)V @ 11 c2
Event: 1363.992 Thread 0x000001f1e9f12f60 DEOPT PACKING pc=0x000001f194792df0 sp=0x0000007080cfeab0
Event: 1363.992 Thread 0x000001f1e9f12f60 DEOPT UNPACKING pc=0x000001f193e83aa2 sp=0x0000007080cfe9c8 mode 2
Event: 1364.024 Thread 0x000001f1e9f12f60 Uncommon trap: trap_request=0xffffff45 fr.pc=0x000001f194b058cc relative=0x000000000000028c
Event: 1364.024 Thread 0x000001f1e9f12f60 Uncommon trap: reason=unstable_if action=reinterpret pc=0x000001f194b058cc method=java.lang.String.split(Ljava/lang/String;IZ)[Ljava/lang/String; @ 34 c2
Event: 1364.024 Thread 0x000001f1e9f12f60 DEOPT PACKING pc=0x000001f194b058cc sp=0x0000007080cfe970
Event: 1364.024 Thread 0x000001f1e9f12f60 DEOPT UNPACKING pc=0x000001f193e83aa2 sp=0x0000007080cfe8e8 mode 2
Event: 1364.029 Thread 0x000001f1e9f12f60 Uncommon trap: trap_request=0xffffffde fr.pc=0x000001f194792df0 relative=0x0000000000000390
Event: 1364.029 Thread 0x000001f1e9f12f60 Uncommon trap: reason=class_check action=maybe_recompile pc=0x000001f194792df0 method=java.io.PrintWriter.implWrite(Ljava/lang/String;II)V @ 11 c2
Event: 1364.029 Thread 0x000001f1e9f12f60 DEOPT PACKING pc=0x000001f194792df0 sp=0x0000007080cfe740
Event: 1364.029 Thread 0x000001f1e9f12f60 DEOPT UNPACKING pc=0x000001f193e83aa2 sp=0x0000007080cfe658 mode 2
Event: 1364.841 Thread 0x000001f1ea81d100 DEOPT PACKING pc=0x000001f18d55358c sp=0x00000070fffff2c0
Event: 1364.841 Thread 0x000001f1ea81d100 DEOPT UNPACKING pc=0x000001f193e84242 sp=0x00000070ffffe780 mode 0
Event: 1364.887 Thread 0x000001f1e9f128d0 DEOPT PACKING pc=0x000001f18d55358c sp=0x0000007080aff0e0
Event: 1364.887 Thread 0x000001f1e9f128d0 DEOPT UNPACKING pc=0x000001f193e84242 sp=0x0000007080afe5a0 mode 0

Classes loaded (20 events):
Event: 1363.801 Loading class java/lang/ClassCircularityError done
Event: 1363.999 Loading class java/time/Instant$1
Event: 1364.000 Loading class java/time/Instant$1 done
Event: 1364.002 Loading class java/nio/StringCharBuffer
Event: 1364.002 Loading class java/nio/StringCharBuffer done
Event: 1364.008 Loading class java/nio/file/TempFileHelper
Event: 1364.009 Loading class java/nio/file/TempFileHelper done
Event: 1364.014 Loading class java/util/stream/SliceOps
Event: 1364.015 Loading class java/util/stream/SliceOps done
Event: 1364.015 Loading class java/util/stream/SliceOps$1
Event: 1364.015 Loading class java/util/stream/SliceOps$1 done
Event: 1364.022 Loading class java/util/stream/SliceOps$1$1
Event: 1364.022 Loading class java/util/stream/SliceOps$1$1 done
Event: 1364.030 Loading class java/util/concurrent/CompletableFuture$UniWhenComplete
Event: 1364.030 Loading class java/util/concurrent/CompletableFuture$UniWhenComplete done
Event: 1364.030 Loading class java/util/concurrent/CompletableFuture$UniCompose
Event: 1364.030 Loading class java/util/concurrent/CompletableFuture$UniCompose done
Event: 1364.030 Loading class java/util/concurrent/CompletableFuture$UniRelay
Event: 1364.030 Loading class java/util/concurrent/CompletableFuture$UniRelay done
Event: 1364.887 Loading class java/util/concurrent/ScheduledThreadPoolExecutor$DelayedWorkQueue$Itr

Classes unloaded (10 events):
Event: 3.594 Thread 0x000001f187be2340 Unloading class 0x000001f1a21ac000 'java/lang/invoke/LambdaForm$MH+0x000001f1a21ac000'
Event: 3.594 Thread 0x000001f187be2340 Unloading class 0x000001f1a21abc00 'java/lang/invoke/LambdaForm$MH+0x000001f1a21abc00'
Event: 3.594 Thread 0x000001f187be2340 Unloading class 0x000001f1a21ab800 'java/lang/invoke/LambdaForm$MH+0x000001f1a21ab800'
Event: 3.594 Thread 0x000001f187be2340 Unloading class 0x000001f1a21ab400 'java/lang/invoke/LambdaForm$MH+0x000001f1a21ab400'
Event: 3.594 Thread 0x000001f187be2340 Unloading class 0x000001f1a21ab000 'java/lang/invoke/LambdaForm$BMH+0x000001f1a21ab000'
Event: 3.594 Thread 0x000001f187be2340 Unloading class 0x000001f1a21aac00 'java/lang/invoke/LambdaForm$DMH+0x000001f1a21aac00'
Event: 3.594 Thread 0x000001f187be2340 Unloading class 0x000001f1a21a9800 'java/lang/invoke/LambdaForm$DMH+0x000001f1a21a9800'
Event: 21.154 Thread 0x000001f187be2340 Unloading class 0x000001f1a2685400 'java/lang/invoke/LambdaForm$MH+0x000001f1a2685400'
Event: 21.154 Thread 0x000001f187be2340 Unloading class 0x000001f1a2684800 'java/lang/invoke/LambdaForm$MH+0x000001f1a2684800'
Event: 21.154 Thread 0x000001f187be2340 Unloading class 0x000001f1a2684000 'java/lang/invoke/LambdaForm$MH+0x000001f1a2684000'

Classes redefined (0 events):
No events

Internal exceptions (20 events):
Event: 1287.180 Thread 0x000001f1e9f10170 Exception <a 'sun/nio/fs/WindowsException'{0x00000000d6045938}> (0x00000000d6045938) 
thrown [s\src\hotspot\share\prims\jni.cpp, line 520]
Event: 1287.263 Thread 0x000001f1e9f10170 Exception <a 'sun/nio/fs/WindowsException'{0x00000000d6037a90}> (0x00000000d6037a90) 
thrown [s\src\hotspot\share\prims\jni.cpp, line 520]
Event: 1287.263 Thread 0x000001f1e9f10170 Exception <a 'sun/nio/fs/WindowsException'{0x00000000d6038370}> (0x00000000d6038370) 
thrown [s\src\hotspot\share\prims\jni.cpp, line 520]
Event: 1363.707 Thread 0x000001f1e9f10170 Exception <a 'sun/nio/fs/WindowsException'{0x00000000d66200a8}> (0x00000000d66200a8) 
thrown [s\src\hotspot\share\prims\jni.cpp, line 520]
Event: 1363.707 Thread 0x000001f1e9f10170 Exception <a 'sun/nio/fs/WindowsException'{0x00000000d66206f8}> (0x00000000d66206f8) 
thrown [s\src\hotspot\share\prims\jni.cpp, line 520]
Event: 1363.707 Thread 0x000001f1e9f10170 Exception <a 'sun/nio/fs/WindowsException'{0x00000000d6621190}> (0x00000000d6621190) 
thrown [s\src\hotspot\share\prims\jni.cpp, line 520]
Event: 1363.707 Thread 0x000001f1e9f10170 Exception <a 'sun/nio/fs/WindowsException'{0x00000000d6621a70}> (0x00000000d6621a70) 
thrown [s\src\hotspot\share\prims\jni.cpp, line 520]
Event: 1363.721 Thread 0x000001f1e9f10170 Exception <a 'sun/nio/fs/WindowsException'{0x00000000d55b4df8}> (0x00000000d55b4df8) 
thrown [s\src\hotspot\share\prims\jni.cpp, line 520]
Event: 1363.721 Thread 0x000001f1e9f10170 Exception <a 'sun/nio/fs/WindowsException'{0x00000000d55b5428}> (0x00000000d55b5428) 
thrown [s\src\hotspot\share\prims\jni.cpp, line 520]
Event: 1363.736 Thread 0x000001f1e9f10170 Implicit null exception at 0x000001f194cb0271 to 0x000001f194cb03e4
Event: 1363.803 Thread 0x000001f1e9f13c80 Exception <a 'java/io/FileNotFoundException'{0x00000000d5aa1910}> (0x00000000d5aa1910) 
thrown [s\src\hotspot\share\prims\jni.cpp, line 520]
Event: 1363.808 Thread 0x000001f1e9f11520 Exception <a 'sun/nio/fs/WindowsException'{0x00000000d5a2c350}> (0x00000000d5a2c350) 
thrown [s\src\hotspot\share\prims\jni.cpp, line 520]
Event: 1363.808 Thread 0x000001f1e9f11520 Exception <a 'sun/nio/fs/WindowsException'{0x00000000d5a2c9a0}> (0x00000000d5a2c9a0) 
thrown [s\src\hotspot\share\prims\jni.cpp, line 520]
Event: 1363.843 Thread 0x000001f1e9f11520 Exception <a 'sun/nio/fs/WindowsException'{0x00000000d657e640}> (0x00000000d657e640) 
thrown [s\src\hotspot\share\prims\jni.cpp, line 520]
Event: 1363.843 Thread 0x000001f1e9f11520 Exception <a 'sun/nio/fs/WindowsException'{0x00000000d657ef20}> (0x00000000d657ef20) 
thrown [s\src\hotspot\share\prims\jni.cpp, line 520]
Event: 1363.947 Thread 0x000001f1e9f13c80 Exception <a 'java/lang/NoSuchMethodError'{0x00000000d5ff4050}: 'java.lang.Object java.lang.invoke.DirectMethodHandle$Holder.invokeVirtual(java.lang.Object, java.lang.Object, java.lang.Object, java.lang.Object)'> (0x00000000d5ff4050) 
thrown [s\src\hotspot\share\interpreter\linkResolver.cpp, line 773]
Event: 1363.990 Thread 0x000001f1e9f12f60 Exception <a 'java/lang/NoSuchMethodError'{0x00000000d64072f0}: 'java.lang.Object java.lang.invoke.DirectMethodHandle$Holder.invokeStatic(java.lang.Object, long, java.lang.Object, java.lang.Object)'> (0x00000000d64072f0) 
thrown [s\src\hotspot\share\interpreter\linkResolver.cpp, line 773]
Event: 1364.010 Thread 0x000001f1e9f12f60 Exception <a 'sun/nio/fs/WindowsException'{0x00000000d64ea9e0}> (0x00000000d64ea9e0) 
thrown [s\src\hotspot\share\prims\jni.cpp, line 520]
Event: 1364.010 Thread 0x000001f1e9f12f60 Exception <a 'sun/nio/fs/WindowsException'{0x00000000d64eba90}> (0x00000000d64eba90) 
thrown [s\src\hotspot\share\prims\jni.cpp, line 520]
Event: 1364.029 Thread 0x000001f1e9f12f60 Exception <a 'java/lang/NoSuchMethodError'{0x00000000d65a1a88}: 'void java.lang.invoke.DirectMethodHandle$Holder.invokeStatic(java.lang.Object, java.lang.Object, java.lang.Object, java.lang.Object, java.lang.Object, java.lang.Object, java.lang.Object)'> (0x00000000d65a1a88) 
thrown [s\src\hotspot\share\interpreter\linkResolver.cpp, line 773]

ZGC Phase Switch (0 events):
No events

VM Operations (20 events):
Event: 1363.716 Executing VM operation: ParallelGCFailedAllocation (Allocation Failure) done
Event: 1363.845 Executing VM operation: ParallelGCFailedAllocation (Allocation Failure)
Event: 1363.849 Executing VM operation: ParallelGCFailedAllocation (Allocation Failure) done
Event: 1363.867 Executing VM operation: HandshakeAllThreads (Deoptimize)
Event: 1363.867 Executing VM operation: HandshakeAllThreads (Deoptimize) done
Event: 1363.884 Executing VM operation: HandshakeAllThreads (Deoptimize)
Event: 1363.884 Executing VM operation: HandshakeAllThreads (Deoptimize) done
Event: 1363.934 Executing VM operation: HandshakeAllThreads (Deoptimize)
Event: 1363.934 Executing VM operation: HandshakeAllThreads (Deoptimize) done
Event: 1363.937 Executing VM operation: HandshakeAllThreads (Deoptimize)
Event: 1363.938 Executing VM operation: HandshakeAllThreads (Deoptimize) done
Event: 1363.986 Executing VM operation: HandshakeAllThreads (Deoptimize)
Event: 1363.986 Executing VM operation: HandshakeAllThreads (Deoptimize) done
Event: 1364.017 Executing VM operation: HandshakeAllThreads (Deoptimize)
Event: 1364.017 Executing VM operation: HandshakeAllThreads (Deoptimize) done
Event: 1364.020 Executing VM operation: HandshakeAllThreads (Deoptimize)
Event: 1364.021 Executing VM operation: HandshakeAllThreads (Deoptimize) done
Event: 1364.026 Executing VM operation: HandshakeAllThreads (Deoptimize)
Event: 1364.027 Executing VM operation: HandshakeAllThreads (Deoptimize) done
Event: 1365.027 Executing VM operation: Cleanup

Memory protections (0 events):
No events

Nmethod flushes (20 events):
Event: 21.173 Thread 0x000001f187be2340 flushing  nmethod 0x000001f18d296a90
Event: 21.173 Thread 0x000001f187be2340 flushing  nmethod 0x000001f18d297090
Event: 21.173 Thread 0x000001f187be2340 flushing  nmethod 0x000001f18d297910
Event: 21.173 Thread 0x000001f187be2340 flushing  nmethod 0x000001f18d298010
Event: 21.173 Thread 0x000001f187be2340 flushing  nmethod 0x000001f18d298390
Event: 21.173 Thread 0x000001f187be2340 flushing  nmethod 0x000001f18d299b10
Event: 21.173 Thread 0x000001f187be2340 flushing  nmethod 0x000001f18d2a4410
Event: 21.173 Thread 0x000001f187be2340 flushing  nmethod 0x000001f18d2af210
Event: 21.173 Thread 0x000001f187be2340 flushing  nmethod 0x000001f18d2bf610
Event: 21.173 Thread 0x000001f187be2340 flushing  nmethod 0x000001f18d2c5c10
Event: 21.173 Thread 0x000001f187be2340 flushing  nmethod 0x000001f18d2e8f10
Event: 21.173 Thread 0x000001f187be2340 flushing  nmethod 0x000001f18d2ee590
Event: 21.173 Thread 0x000001f187be2340 flushing  nmethod 0x000001f18d309310
Event: 21.173 Thread 0x000001f187be2340 flushing  nmethod 0x000001f18d30ae10
Event: 21.173 Thread 0x000001f187be2340 flushing  nmethod 0x000001f18d30c710
Event: 21.173 Thread 0x000001f187be2340 flushing  nmethod 0x000001f18d30fa90
Event: 21.173 Thread 0x000001f187be2340 flushing  nmethod 0x000001f18d318710
Event: 21.173 Thread 0x000001f187be2340 flushing  nmethod 0x000001f18d318b90
Event: 21.173 Thread 0x000001f187be2340 flushing  nmethod 0x000001f18d318f10
Event: 21.173 Thread 0x000001f187be2340 flushing  nmethod 0x000001f18d31a810

Events (20 events):
Event: 674.327 Thread 0x000001f1e9f10e90 Thread exited: 0x000001f1e9f10e90
Event: 711.623 Thread 0x000001f1ea822650 Thread exited: 0x000001f1ea822650
Event: 1286.386 Thread 0x000001f1ea81b6c0 Thread added: 0x000001f1e9f10170
Event: 1286.411 Thread 0x000001f18976e190 Thread added: 0x000001f1ed8e7410
Event: 1286.472 Thread 0x000001f18976e190 Thread added: 0x000001f1ed8e81b0
Event: 1291.188 Thread 0x000001f1ed8e81b0 Thread exited: 0x000001f1ed8e81b0
Event: 1296.188 Thread 0x000001f1ed8e7410 Thread exited: 0x000001f1ed8e7410
Event: 1347.265 Thread 0x000001f1e9f10170 Thread exited: 0x000001f1e9f10170
Event: 1353.088 Thread 0x000001f1ea81b6c0 Thread added: 0x000001f1e9f10170
Event: 1353.335 Thread 0x000001f1e9f10170 Thread added: 0x000001f1e9f10e90
Event: 1363.697 Thread 0x000001f1e9f10170 Thread added: 0x000001f1e9f0da10
Event: 1363.698 Thread 0x000001f18976e190 Thread added: 0x000001f1ed8e7410
Event: 1363.700 Thread 0x000001f1e9f0da10 Thread added: 0x000001f1e9f11520
Event: 1363.784 Thread 0x000001f1e9f10170 Thread added: 0x000001f1e9f0e0a0
Event: 1363.787 Thread 0x000001f1e9f0e0a0 Thread added: 0x000001f1e9f13c80
Event: 1363.886 Thread 0x000001f1e9f13c80 Thread added: 0x000001f1e9f128d0
Event: 1363.890 Thread 0x000001f1e9f13c80 Thread added: 0x000001f1e9f149a0
Event: 1363.987 Thread 0x000001f1e9f13c80 Thread added: 0x000001f1e9f12f60
Event: 1364.003 Thread 0x000001f18976e190 Thread added: 0x000001f1ed8e8880
Event: 1364.027 Thread 0x000001f1e9f12f60 Thread added: 0x000001f1e9f15030


Dynamic libraries:
0x00007ff7c1560000 - 0x00007ff7c156e000 	c:\Users\nguye\.cursor\extensions\redhat.java-1.45.0-win32-x64\jre\21.0.8-win32-x86_64\bin\java.exe
0x00007ffb10a00000 - 0x00007ffb10c63000 	C:\WINDOWS\SYSTEM32\ntdll.dll
0x00007ffb0f410000 - 0x00007ffb0f4d7000 	C:\WINDOWS\System32\KERNEL32.DLL
0x00007ffb0de10000 - 0x00007ffb0e1b1000 	C:\WINDOWS\System32\KERNELBASE.dll
0x00007ffb0e260000 - 0x00007ffb0e3ab000 	C:\WINDOWS\System32\ucrtbase.dll
0x00007ffaef350000 - 0x00007ffaef36e000 	c:\Users\nguye\.cursor\extensions\redhat.java-1.45.0-win32-x64\jre\21.0.8-win32-x86_64\bin\VCRUNTIME140.dll
0x00007ffaf5520000 - 0x00007ffaf5538000 	c:\Users\nguye\.cursor\extensions\redhat.java-1.45.0-win32-x64\jre\21.0.8-win32-x86_64\bin\jli.dll
0x00007ffb103d0000 - 0x00007ffb10593000 	C:\WINDOWS\System32\USER32.dll
0x00007ffafe9c0000 - 0x00007ffafec50000 	C:\WINDOWS\WinSxS\amd64_microsoft.windows.common-controls_6595b64144ccf1df_6.0.26100.1591_none_3e0fac18e32dc903\COMCTL32.dll
0x00007ffb10650000 - 0x00007ffb106f9000 	C:\WINDOWS\System32\msvcrt.dll
0x00007ffb0f110000 - 0x00007ffb0f13a000 	C:\WINDOWS\System32\GDI32.dll
0x00007ffb0e470000 - 0x00007ffb0e497000 	C:\WINDOWS\System32\win32u.dll
0x00007ffb0e4a0000 - 0x00007ffb0e5c1000 	C:\WINDOWS\System32\gdi32full.dll
0x00007ffb0e7d0000 - 0x00007ffb0e873000 	C:\WINDOWS\System32\msvcp_win.dll
0x00007ffb0f240000 - 0x00007ffb0f26f000 	C:\WINDOWS\System32\IMM32.DLL
0x00007ffb04ab0000 - 0x00007ffb04abc000 	c:\Users\nguye\.cursor\extensions\redhat.java-1.45.0-win32-x64\jre\21.0.8-win32-x86_64\bin\vcruntime140_1.dll
0x00007ffac1040000 - 0x00007ffac10cd000 	c:\Users\nguye\.cursor\extensions\redhat.java-1.45.0-win32-x64\jre\21.0.8-win32-x86_64\bin\msvcp140.dll
0x00007ffabc320000 - 0x00007ffabd0b7000 	c:\Users\nguye\.cursor\extensions\redhat.java-1.45.0-win32-x64\jre\21.0.8-win32-x86_64\bin\server\jvm.dll
0x00007ffb0f350000 - 0x00007ffb0f402000 	C:\WINDOWS\System32\ADVAPI32.dll
0x00007ffb105a0000 - 0x00007ffb10647000 	C:\WINDOWS\System32\sechost.dll
0x00007ffb102b0000 - 0x00007ffb103c6000 	C:\WINDOWS\System32\RPCRT4.dll
0x00007ffb0f2a0000 - 0x00007ffb0f314000 	C:\WINDOWS\System32\WS2_32.dll
0x00007ffb0dcd0000 - 0x00007ffb0dd1e000 	C:\WINDOWS\SYSTEM32\POWRPROF.dll
0x00007ffaff260000 - 0x00007ffaff296000 	C:\WINDOWS\SYSTEM32\WINMM.dll
0x00007ffb05ca0000 - 0x00007ffb05cab000 	C:\WINDOWS\SYSTEM32\VERSION.dll
0x00007ffb0dc90000 - 0x00007ffb0dca4000 	C:\WINDOWS\SYSTEM32\UMPDC.dll
0x00007ffb0cc30000 - 0x00007ffb0cc4a000 	C:\WINDOWS\SYSTEM32\kernel.appcore.dll
0x00007ffaf9580000 - 0x00007ffaf958a000 	c:\Users\nguye\.cursor\extensions\redhat.java-1.45.0-win32-x64\jre\21.0.8-win32-x86_64\bin\jimage.dll
0x00007ffb04f10000 - 0x00007ffb05151000 	C:\WINDOWS\SYSTEM32\DBGHELP.DLL
0x00007ffb0f640000 - 0x00007ffb0f9bc000 	C:\WINDOWS\System32\combase.dll
0x00007ffb0eac0000 - 0x00007ffb0eb96000 	C:\WINDOWS\System32\OLEAUT32.dll
0x00007ffafc970000 - 0x00007ffafc9a9000 	C:\WINDOWS\SYSTEM32\dbgcore.DLL
0x00007ffb0e1c0000 - 0x00007ffb0e259000 	C:\WINDOWS\System32\bcryptPrimitives.dll
0x00007ffaf6750000 - 0x00007ffaf675f000 	c:\Users\nguye\.cursor\extensions\redhat.java-1.45.0-win32-x64\jre\21.0.8-win32-x86_64\bin\instrument.dll
0x00007ffac1020000 - 0x00007ffac103f000 	c:\Users\nguye\.cursor\extensions\redhat.java-1.45.0-win32-x64\jre\21.0.8-win32-x86_64\bin\java.dll
0x00007ffb0fb50000 - 0x00007ffb10246000 	C:\WINDOWS\System32\SHELL32.dll
0x00007ffb0bba0000 - 0x00007ffb0c3ca000 	C:\WINDOWS\SYSTEM32\windows.storage.dll
0x00007ffb0eba0000 - 0x00007ffb0ec73000 	C:\WINDOWS\System32\SHCORE.dll
0x00007ffb10250000 - 0x00007ffb102ad000 	C:\WINDOWS\System32\shlwapi.dll
0x00007ffb0dd30000 - 0x00007ffb0dd59000 	C:\WINDOWS\SYSTEM32\profapi.dll
0x00007ffac1000000 - 0x00007ffac1018000 	c:\Users\nguye\.cursor\extensions\redhat.java-1.45.0-win32-x64\jre\21.0.8-win32-x86_64\bin\zip.dll
0x00007ffaf8420000 - 0x00007ffaf8430000 	C:\Users\nguye\.cursor\extensions\redhat.java-1.45.0-win32-x64\jre\21.0.8-win32-x86_64\bin\net.dll
0x00007ffb08b20000 - 0x00007ffb08c46000 	C:\WINDOWS\SYSTEM32\WINHTTP.dll
0x00007ffb0d110000 - 0x00007ffb0d178000 	C:\WINDOWS\system32\mswsock.dll
0x00007ffac0fe0000 - 0x00007ffac0ff6000 	C:\Users\nguye\.cursor\extensions\redhat.java-1.45.0-win32-x64\jre\21.0.8-win32-x86_64\bin\nio.dll
0x00007ffaf54e0000 - 0x00007ffaf54f0000 	c:\Users\nguye\.cursor\extensions\redhat.java-1.45.0-win32-x64\jre\21.0.8-win32-x86_64\bin\verify.dll
0x00007ffac0dd0000 - 0x00007ffac0e14000 	C:\Users\nguye\AppData\Roaming\Cursor\User\globalStorage\redhat.java\1.45.0\config_win\org.eclipse.equinox.launcher\org.eclipse.equinox.launcher.win32.win32.x86_64_1.2.1400.v20250801-0854\eclipse_11916.dll
0x00007ffb0e920000 - 0x00007ffb0eab9000 	C:\WINDOWS\System32\ole32.dll
0x00007ffb0d4d0000 - 0x00007ffb0d4ec000 	C:\WINDOWS\SYSTEM32\CRYPTSP.dll
0x00007ffb0cb90000 - 0x00007ffb0cbc8000 	C:\WINDOWS\system32\rsaenh.dll
0x00007ffb0d1b0000 - 0x00007ffb0d1db000 	C:\WINDOWS\SYSTEM32\USERENV.dll
0x00007ffb0d660000 - 0x00007ffb0d686000 	C:\WINDOWS\SYSTEM32\bcrypt.dll
0x00007ffb0d340000 - 0x00007ffb0d34c000 	C:\WINDOWS\SYSTEM32\CRYPTBASE.dll
0x00007ffb0c6a0000 - 0x00007ffb0c6d2000 	C:\WINDOWS\SYSTEM32\IPHLPAPI.DLL
0x00007ffb0f290000 - 0x00007ffb0f29a000 	C:\WINDOWS\System32\NSI.dll
0x00007ffac0d30000 - 0x00007ffac0d79000 	C:\Users\nguye\AppData\Local\Temp\jna-104772072\jna11222594680957539604.dll
0x00007ffb0fa90000 - 0x00007ffb0fa98000 	C:\WINDOWS\System32\PSAPI.DLL
0x00007ffb08f50000 - 0x00007ffb08f6f000 	C:\WINDOWS\SYSTEM32\dhcpcsvc6.DLL
0x00007ffb08980000 - 0x00007ffb089a5000 	C:\WINDOWS\SYSTEM32\dhcpcsvc.DLL
0x00007ffaf3b90000 - 0x00007ffaf3b99000 	C:\Users\nguye\.cursor\extensions\redhat.java-1.45.0-win32-x64\jre\21.0.8-win32-x86_64\bin\extnet.dll

JVMTI agents:
c:\Users\nguye\.cursor\extensions\redhat.java-1.45.0-win32-x64\lombok\lombok-1.18.39-4050.jar path:c:\Users\nguye\.cursor\extensions\redhat.java-1.45.0-win32-x64\jre\21.0.8-win32-x86_64\bin\instrument.dll, loaded, initialized, instrumentlib options:none

dbghelp: loaded successfully - version: 4.0.5 - missing functions: none
symbol engine: initialized successfully - sym options: 0x614 - pdb path: .;c:\Users\nguye\.cursor\extensions\redhat.java-1.45.0-win32-x64\jre\21.0.8-win32-x86_64\bin;C:\WINDOWS\SYSTEM32;C:\WINDOWS\WinSxS\amd64_microsoft.windows.common-controls_6595b64144ccf1df_6.0.26100.1591_none_3e0fac18e32dc903;c:\Users\nguye\.cursor\extensions\redhat.java-1.45.0-win32-x64\jre\21.0.8-win32-x86_64\bin\server;C:\Users\nguye\AppData\Roaming\Cursor\User\globalStorage\redhat.java\1.45.0\config_win\org.eclipse.equinox.launcher\org.eclipse.equinox.launcher.win32.win32.x86_64_1.2.1400.v20250801-0854;C:\Users\nguye\AppData\Local\Temp\jna-104772072

VM Arguments:
jvm_args: --add-modules=ALL-SYSTEM --add-opens=java.base/java.util=ALL-UNNAMED --add-opens=java.base/java.lang=ALL-UNNAMED --add-opens=java.base/sun.nio.fs=ALL-UNNAMED -Declipse.application=org.eclipse.jdt.ls.core.id1 -Dosgi.bundles.defaultStartLevel=4 -Declipse.product=org.eclipse.jdt.ls.core.product -Djava.import.generatesMetadataFilesAtProjectRoot=false -DDetectVMInstallationsJob.disabled=true -Dfile.encoding=utf8 -XX:+UseParallelGC -XX:GCTimeRatio=4 -XX:AdaptiveSizePolicyWeight=90 -Dsun.zip.disableMemoryMapping=true -Xmx2G -Xms100m -Xlog:disable -javaagent:c:\Users\nguye\.cursor\extensions\redhat.java-1.45.0-win32-x64\lombok\lombok-1.18.39-4050.jar -XX:+HeapDumpOnOutOfMemoryError -XX:HeapDumpPath=c:\Users\nguye\AppData\Roaming\Cursor\User\workspaceStorage\11c61106e31d4dec7f53613e41bec7bf\redhat.java -Daether.dependencyCollector.impl=bf 
java_command: c:\Users\nguye\.cursor\extensions\redhat.java-1.45.0-win32-x64\server\plugins\org.eclipse.equinox.launcher_1.7.0.v20250519-0528.jar -configuration c:\Users\nguye\AppData\Roaming\Cursor\User\globalStorage\redhat.java\1.45.0\config_win -data c:\Users\nguye\AppData\Roaming\Cursor\User\workspaceStorage\11c61106e31d4dec7f53613e41bec7bf\redhat.java\jdt_ws --pipe=\\.\pipe\lsp-29cd2fc8ccc2fa4e40d46625429127ad-sock
java_class_path (initial): c:\Users\nguye\.cursor\extensions\redhat.java-1.45.0-win32-x64\server\plugins\org.eclipse.equinox.launcher_1.7.0.v20250519-0528.jar
Launcher Type: SUN_STANDARD

[Global flags]
    uintx AdaptiveSizePolicyWeight                 = 90                                        {product} {command line}
     intx CICompilerCount                          = 4                                         {product} {ergonomic}
    uintx GCTimeRatio                              = 4                                         {product} {command line}
     bool HeapDumpOnOutOfMemoryError               = true                                   {manageable} {command line}
    ccstr HeapDumpPath                             = c:\Users\nguye\AppData\Roaming\Cursor\User\workspaceStorage\11c61106e31d4dec7f53613e41bec7bf\redhat.java         {manageable} {command line}
   size_t InitialHeapSize                          = 104857600                                 {product} {command line}
   size_t MaxHeapSize                              = 2147483648                                {product} {command line}
   size_t MaxNewSize                               = 715653120                                 {product} {ergonomic}
   size_t MinHeapDeltaBytes                        = 524288                                    {product} {ergonomic}
   size_t MinHeapSize                              = 104857600                                 {product} {command line}
   size_t NewSize                                  = 34603008                                  {product} {ergonomic}
    uintx NonNMethodCodeHeapSize                   = 5839372                                {pd product} {ergonomic}
    uintx NonProfiledCodeHeapSize                  = 122909434                              {pd product} {ergonomic}
   size_t OldSize                                  = 70254592                                  {product} {ergonomic}
    uintx ProfiledCodeHeapSize                     = 122909434                              {pd product} {ergonomic}
    uintx ReservedCodeCacheSize                    = 251658240                              {pd product} {ergonomic}
     bool SegmentedCodeCache                       = true                                      {product} {ergonomic}
   size_t SoftMaxHeapSize                          = 2147483648                             {manageable} {ergonomic}
     bool UseCompressedOops                        = true                           {product lp64_product} {ergonomic}
     bool UseLargePagesIndividualAllocation        = false                                  {pd product} {ergonomic}
     bool UseParallelGC                            = true                                      {product} {command line}

Logging:
Log output configuration:
 #0: stdout all=off uptime,level,tags foldmultilines=false
 #1: stderr all=off uptime,level,tags foldmultilines=false

Environment Variables:
PATH=C:\Python313\Scripts\;C:\Python313\;C:\xampp\php;C:\Program Files\Python312\Scripts\;C:\Program Files\Python312\;C:\Windows\system32;C:\Windows;C:\Windows\System32\Wbem;C:\Windows\System32\WindowsPowerShell\v1.0\;C:\Windows\System32\OpenSSH\;C:\Program Files (x86)\NVIDIA Corporation\PhysX\Common;C:\Program Files\NVIDIA Corporation\NVIDIA NvDLISR;C:\WINDOWS\system32;C:\WINDOWS;C:\WINDOWS\System32\Wbem;C:\WINDOWS\System32\WindowsPowerShell\v1.0\;C:\WINDOWS\System32\OpenSSH\;C:\MinGW\bin;C:\Program Files\Git\cmd;C:\Program Files (x86)\Microsoft SQL Server\160\Tools\Binn\;C:\Program Files\Microsoft SQL Server\160\Tools\Binn\;C:\Program Files\Microsoft SQL Server\Client SDK\ODBC\170\Tools\Binn\;C:\Program Files\Microsoft SQL Server\160\DTS\Binn\;C:\Program Files (x86)\Microsoft SQL Server\160\DTS\Binn\;C:\Program Files\Microsoft SQL Server\150\Tools\Binn\;C:\Program Files\Java\apache-maven-3.6.0\bin;C:\Program Files\Docker\Docker\resources\bin;C:\Gradle\bin;C:\ProgramData\chocolatey\bin;C:\Program Files\nodejs\;C:\Program Files\Java\jdk-17\bin;C:\Tools;C:\Program Files\MySQL\MySQL Shell 8.0\bin\;C:\Users\nguye\AppData\Local\Programs\Python\Launcher\;C:\Users\nguye\AppData\Local\Microsoft\WindowsApps;D:\Microsoft VS Code\bin;C:\Users\nguye\AppData\Roaming\Composer\vendor\bin;C:\Users\nguye\AppData\Local\Programs\cursor\resources\app\bin;C:\Users\nguye\AppData\Roaming\npm;C:\dart-sdk\bin;C:\flutter\bin;C:\Program Files\Java\jdk-17\bin;C:\Tools;
USERNAME=nguye
OS=Windows_NT
PROCESSOR_IDENTIFIER=AMD64 Family 25 Model 80 Stepping 0, AuthenticAMD
TMP=C:\Users\nguye\AppData\Local\Temp
TEMP=C:\Users\nguye\AppData\Local\Temp




Periodic native trim disabled

---------------  S Y S T E M  ---------------

OS:
 Windows 11 , 64 bit Build 26100 (10.0.26100.1591)
OS uptime: 0 days 2:15 hours
Hyper-V role detected

CPU: total 12 (initial active 12) (12 cores per cpu, 2 threads per core) family 25 model 80 stepping 0 microcode 0xa50000c, cx8, cmov, fxsr, ht, mmx, 3dnowpref, sse, sse2, sse3, ssse3, sse4a, sse4.1, sse4.2, popcnt, lzcnt, tsc, tscinvbit, avx, avx2, aes, erms, clmul, bmi1, bmi2, adx, sha, fma, vzeroupper, clflush, clflushopt, hv, rdtscp, rdpid, fsrm, f16c, cet_ss
Processor Information for processor 0
  Max Mhz: 3301, Current Mhz: 2011, Mhz Limit: 3301
Processor Information for processor 1
  Max Mhz: 3301, Current Mhz: 3301, Mhz Limit: 3301
Processor Information for processor 2
  Max Mhz: 3301, Current Mhz: 2011, Mhz Limit: 3301
Processor Information for processor 3
  Max Mhz: 3301, Current Mhz: 3301, Mhz Limit: 3301
Processor Information for processor 4
  Max Mhz: 3301, Current Mhz: 3301, Mhz Limit: 3301
Processor Information for processor 5
  Max Mhz: 3301, Current Mhz: 3301, Mhz Limit: 3301
Processor Information for processor 6
  Max Mhz: 3301, Current Mhz: 3301, Mhz Limit: 3301
Processor Information for processor 7
  Max Mhz: 3301, Current Mhz: 3301, Mhz Limit: 3301
Processor Information for processor 8
  Max Mhz: 3301, Current Mhz: 2011, Mhz Limit: 3301
Processor Information for processor 9
  Max Mhz: 3301, Current Mhz: 2011, Mhz Limit: 3301
Processor Information for processor 10
  Max Mhz: 3301, Current Mhz: 2011, Mhz Limit: 3301
Processor Information for processor 11
  Max Mhz: 3301, Current Mhz: 3301, Mhz Limit: 3301

Memory: 4k page, system-wide physical 23916M (11021M free)
TotalPageFile size 23916M (AvailPageFile size 50M)
current process WorkingSet (physical memory assigned to process): 349M, peak: 380M
current process commit charge ("private bytes"): 426M, peak: 454M

vm_info: OpenJDK 64-Bit Server VM (21.0.8+9-LTS) for windows-amd64 JRE (21.0.8+9-LTS), built on 2025-07-15T00:00:00Z by "admin" with MS VC++ 17.7 (VS2022)

END.
