#
# There is insufficient memory for the Java Runtime Environment to continue.
# Native memory allocation (malloc) failed to allocate 2570672 bytes. Error detail: Chunk::new
# Possible reasons:
#   The system is out of physical RAM or swap space
#   This process is running with CompressedOops enabled, and the Java Heap may be blocking the growth of the native heap
# Possible solutions:
#   Reduce memory load on the system
#   Increase physical memory or swap space
#   Check if swap backing store is full
#   Decrease Java heap size (-Xmx/-Xms)
#   Decrease number of Java threads
#   Decrease Java thread stack sizes (-Xss)
#   Set larger code cache with -XX:ReservedCodeCacheSize=
#   JVM is running with Unscaled Compressed Oops mode in which the Java heap is
#     placed in the first 4GB address space. The Java Heap base address is the
#     maximum limit for the native heap growth. Please use -XX:HeapBaseMinAddress
#     to set the Java Heap base and to place the Java Heap above 4GB virtual address.
# This output file may be truncated or incomplete.
#
#  Out of Memory Error (arena.cpp:168), pid=12864, tid=24028
#
# JRE version: OpenJDK Runtime Environment Temurin-21.0.8+9 (21.0.8+9) (build 21.0.8+9-LTS)
# Java VM: OpenJDK 64-Bit Server VM Temurin-21.0.8+9 (21.0.8+9-LTS, mixed mode, sharing, tiered, compressed oops, compressed class ptrs, parallel gc, windows-amd64)
# No core dump will be written. Minidumps are not enabled by default on client versions of Windows
#

---------------  S U M M A R Y ------------

Command Line: --add-modules=ALL-SYSTEM --add-opens=java.base/java.util=ALL-UNNAMED --add-opens=java.base/java.lang=ALL-UNNAMED --add-opens=java.base/sun.nio.fs=ALL-UNNAMED -Declipse.application=org.eclipse.jdt.ls.core.id1 -Dosgi.bundles.defaultStartLevel=4 -Declipse.product=org.eclipse.jdt.ls.core.product -Djava.import.generatesMetadataFilesAtProjectRoot=false -DDetectVMInstallationsJob.disabled=true -Dfile.encoding=utf8 -XX:+UseParallelGC -XX:GCTimeRatio=4 -XX:AdaptiveSizePolicyWeight=90 -Dsun.zip.disableMemoryMapping=true -Xmx2G -Xms100m -Xlog:disable -javaagent:c:\Users\nguye\.cursor\extensions\redhat.java-1.45.0-win32-x64\lombok\lombok-1.18.39-4050.jar c:\Users\nguye\.cursor\extensions\redhat.java-1.45.0-win32-x64\server\plugins\org.eclipse.equinox.launcher_1.7.0.v20250519-0528.jar -configuration c:\Users\nguye\AppData\Roaming\Cursor\User\globalStorage\redhat.java\1.45.0\config_ss_win -data c:\Users\nguye\AppData\Roaming\Cursor\User\workspaceStorage\11c61106e31d4dec7f53613e41bec7bf\redhat.java\ss_ws --pipe=\\.\pipe\lsp-8f35aa5d219be2a2554311b1b0d02c52-sock

Host: AMD Ryzen 5 5600H with Radeon Graphics         , 12 cores, 23G,  Windows 11 , 64 bit Build 26100 (10.0.26100.1591)
Time: Sat Sep 20 10:52:28 2025 SE Asia Standard Time elapsed time: 5.034741 seconds (0d 0h 0m 5s)

---------------  T H R E A D  ---------------

Current thread (0x000001e4f31c9030):  JavaThread "C2 CompilerThread0" daemon [_thread_in_native, id=24028, stack(0x00000011ffd00000,0x00000011ffe00000) (1024K)]


Current CompileTask:
C2:5034 2754       4       org.lombokweb.asm.ClassReader::readMethod (1070 bytes)

Stack: [0x00000011ffd00000,0x00000011ffe00000]
Native frames: (J=compiled Java code, j=interpreted, Vv=VM code, C=native code)
V  [jvm.dll+0x6d2449]
V  [jvm.dll+0x8ae341]
V  [jvm.dll+0x8b08be]
V  [jvm.dll+0x8b0fa3]
V  [jvm.dll+0x280c96]
V  [jvm.dll+0xc581d]
V  [jvm.dll+0xc5d53]
V  [jvm.dll+0x3b919c]
V  [jvm.dll+0x1e1409]
V  [jvm.dll+0x249022]
V  [jvm.dll+0x2484af]
V  [jvm.dll+0x1c89ee]
V  [jvm.dll+0x257d4d]
V  [jvm.dll+0x2562ea]
V  [jvm.dll+0x3f2d16]
V  [jvm.dll+0x857e6b]
V  [jvm.dll+0x6d0b0d]
C  [ucrtbase.dll+0x14ea0]
C  [KERNEL32.DLL+0x2dbe7]
C  [ntdll.dll+0x85a6c]


---------------  P R O C E S S  ---------------

Threads class SMR info:
_java_thread_list=0x000001e4f8b2b010, length=35, elements={
0x000001e4da8ed280, 0x000001e4f31944b0, 0x000001e4f3195870, 0x000001e4f31969d0,
0x000001e4f3198340, 0x000001e4f319b8d0, 0x000001e4f31bec50, 0x000001e4f31c9030,
0x000001e4f31d3a80, 0x000001e4f32d2240, 0x000001e4f32d1520, 0x000001e4f32d28d0,
0x000001e4f32d0800, 0x000001e4f32d0e90, 0x000001e4f32d1bb0, 0x000001e4f32cfae0,
0x000001e4f32d0170, 0x000001e4f81546f0, 0x000001e4f8154060, 0x000001e4f8155410,
0x000001e4f8151f90, 0x000001e4f8152620, 0x000001e4f8154d80, 0x000001e4f8153340,
0x000001e4f8152cb0, 0x000001e4f81539d0, 0x000001e4f8c06de0, 0x000001e4f8c07b00,
0x000001e4f8c08190, 0x000001e4f8c08820, 0x000001e4f8c07470, 0x000001e4f8c053a0,
0x000001e4f8c05a30, 0x000001e4f8c060c0, 0x000001e4f8c06750
}

Java Threads: ( => current thread )
  0x000001e4da8ed280 JavaThread "main"                              [_thread_blocked, id=13280, stack(0x00000011ff300000,0x00000011ff400000) (1024K)]
  0x000001e4f31944b0 JavaThread "Reference Handler"          daemon [_thread_blocked, id=13064, stack(0x00000011ff700000,0x00000011ff800000) (1024K)]
  0x000001e4f3195870 JavaThread "Finalizer"                  daemon [_thread_blocked, id=5724, stack(0x00000011ff800000,0x00000011ff900000) (1024K)]
  0x000001e4f31969d0 JavaThread "Signal Dispatcher"          daemon [_thread_blocked, id=12188, stack(0x00000011ff900000,0x00000011ffa00000) (1024K)]
  0x000001e4f3198340 JavaThread "Attach Listener"            daemon [_thread_blocked, id=22236, stack(0x00000011ffa00000,0x00000011ffb00000) (1024K)]
  0x000001e4f319b8d0 JavaThread "Service Thread"             daemon [_thread_blocked, id=20904, stack(0x00000011ffb00000,0x00000011ffc00000) (1024K)]
  0x000001e4f31bec50 JavaThread "Monitor Deflation Thread"   daemon [_thread_blocked, id=12184, stack(0x00000011ffc00000,0x00000011ffd00000) (1024K)]
=>0x000001e4f31c9030 JavaThread "C2 CompilerThread0"         daemon [_thread_in_native, id=24028, stack(0x00000011ffd00000,0x00000011ffe00000) (1024K)]
  0x000001e4f31d3a80 JavaThread "C1 CompilerThread0"         daemon [_thread_blocked, id=23668, stack(0x00000011ffe00000,0x00000011fff00000) (1024K)]
  0x000001e4f32d2240 JavaThread "Common-Cleaner"             daemon [_thread_blocked, id=24320, stack(0x00000011fff00000,0x0000001200000000) (1024K)]
  0x000001e4f32d1520 JavaThread "Notification Thread"        daemon [_thread_blocked, id=24264, stack(0x0000001180100000,0x0000001180200000) (1024K)]
  0x000001e4f32d28d0 JavaThread "Active Thread: Equinox Container: 8ad07ff0-13b0-425e-b0ee-0008f2494f2a"        [_thread_blocked, id=1784, stack(0x0000001180900000,0x0000001180a00000) (1024K)]
  0x000001e4f32d0800 JavaThread "Framework Event Dispatcher: Equinox Container: 8ad07ff0-13b0-425e-b0ee-0008f2494f2a" daemon [_thread_blocked, id=22704, stack(0x0000001180a00000,0x0000001180b00000) (1024K)]
  0x000001e4f32d0e90 JavaThread "Start Level: Equinox Container: 8ad07ff0-13b0-425e-b0ee-0008f2494f2a" daemon [_thread_blocked, id=23540, stack(0x0000001180b00000,0x0000001180c00000) (1024K)]
  0x000001e4f32d1bb0 JavaThread "SCR Component Actor"        daemon [_thread_blocked, id=5116, stack(0x0000001180d00000,0x0000001180e00000) (1024K)]
  0x000001e4f32cfae0 JavaThread "SCR Component Registry"     daemon [_thread_blocked, id=20224, stack(0x0000001180200000,0x0000001180300000) (1024K)]
  0x000001e4f32d0170 JavaThread "Worker-JM"                         [_thread_blocked, id=23384, stack(0x0000001180f00000,0x0000001181000000) (1024K)]
  0x000001e4f81546f0 JavaThread "JNA Cleaner"                daemon [_thread_blocked, id=20036, stack(0x0000001181200000,0x0000001181300000) (1024K)]
  0x000001e4f8154060 JavaThread "Worker-0: Initialize After Load"        [_thread_in_vm, id=15664, stack(0x0000001181300000,0x0000001181400000) (1024K)]
  0x000001e4f8155410 JavaThread "Worker-1"                          [_thread_blocked, id=17964, stack(0x0000001181400000,0x0000001181500000) (1024K)]
  0x000001e4f8151f90 JavaThread "Thread-2"                   daemon [_thread_in_native, id=21568, stack(0x0000001181800000,0x0000001181900000) (1024K)]
  0x000001e4f8152620 JavaThread "Thread-3"                   daemon [_thread_in_native, id=13724, stack(0x0000001181900000,0x0000001181a00000) (1024K)]
  0x000001e4f8154d80 JavaThread "Thread-4"                   daemon [_thread_in_native, id=17960, stack(0x0000001181a00000,0x0000001181b00000) (1024K)]
  0x000001e4f8153340 JavaThread "Thread-5"                   daemon [_thread_in_native, id=22908, stack(0x0000001181b00000,0x0000001181c00000) (1024K)]
  0x000001e4f8152cb0 JavaThread "Thread-6"                   daemon [_thread_in_native, id=14388, stack(0x0000001181c00000,0x0000001181d00000) (1024K)]
  0x000001e4f81539d0 JavaThread "Thread-7"                   daemon [_thread_in_native, id=4016, stack(0x0000001181d00000,0x0000001181e00000) (1024K)]
  0x000001e4f8c06de0 JavaThread "Thread-8"                   daemon [_thread_in_native, id=13688, stack(0x0000001181e00000,0x0000001181f00000) (1024K)]
  0x000001e4f8c07b00 JavaThread "Thread-9"                   daemon [_thread_in_native, id=14368, stack(0x0000001181f00000,0x0000001182000000) (1024K)]
  0x000001e4f8c08190 JavaThread "Thread-10"                  daemon [_thread_in_native, id=11976, stack(0x0000001182000000,0x0000001182100000) (1024K)]
  0x000001e4f8c08820 JavaThread "Thread-11"                  daemon [_thread_in_native, id=17004, stack(0x0000001182100000,0x0000001182200000) (1024K)]
  0x000001e4f8c07470 JavaThread "Thread-12"                  daemon [_thread_in_native, id=21692, stack(0x0000001182200000,0x0000001182300000) (1024K)]
  0x000001e4f8c053a0 JavaThread "Thread-13"                  daemon [_thread_in_native, id=23948, stack(0x0000001182300000,0x0000001182400000) (1024K)]
  0x000001e4f8c05a30 JavaThread "Thread-14"                  daemon [_thread_in_native, id=8972, stack(0x0000001182400000,0x0000001182500000) (1024K)]
  0x000001e4f8c060c0 JavaThread "Worker-2"                          [_thread_blocked, id=22868, stack(0x0000001182500000,0x0000001182600000) (1024K)]
  0x000001e4f8c06750 JavaThread "Framework stop - Equinox Container: 8ad07ff0-13b0-425e-b0ee-0008f2494f2a"        [_thread_in_native, id=10860, stack(0x0000001182600000,0x0000001182700000) (1024K)]
Total: 35

Other Threads:
  0x000001e4da884530 VMThread "VM Thread"                           [id=10912, stack(0x00000011ff600000,0x00000011ff700000) (1024K)]
  0x000001e4da77ca00 WatcherThread "VM Periodic Task Thread"        [id=11204, stack(0x00000011ff500000,0x00000011ff600000) (1024K)]
  0x000001e4da90b8e0 WorkerThread "GC Thread#0"                     [id=21968, stack(0x00000011ff400000,0x00000011ff500000) (1024K)]
  0x000001e4f80b3740 WorkerThread "GC Thread#1"                     [id=19240, stack(0x0000001180300000,0x0000001180400000) (1024K)]
  0x000001e4f3b49c10 WorkerThread "GC Thread#2"                     [id=20996, stack(0x0000001180400000,0x0000001180500000) (1024K)]
  0x000001e4f3b49fb0 WorkerThread "GC Thread#3"                     [id=22728, stack(0x0000001180500000,0x0000001180600000) (1024K)]
  0x000001e4f3b4a350 WorkerThread "GC Thread#4"                     [id=17060, stack(0x0000001180600000,0x0000001180700000) (1024K)]
  0x000001e4f3b4a6f0 WorkerThread "GC Thread#5"                     [id=15756, stack(0x0000001180700000,0x0000001180800000) (1024K)]
  0x000001e4f3b4aa90 WorkerThread "GC Thread#6"                     [id=19540, stack(0x0000001180800000,0x0000001180900000) (1024K)]
  0x000001e4f39f0fc0 WorkerThread "GC Thread#7"                     [id=21724, stack(0x0000001180c00000,0x0000001180d00000) (1024K)]
  0x000001e4f85b5b40 WorkerThread "GC Thread#8"                     [id=17744, stack(0x0000001181000000,0x0000001181100000) (1024K)]
  0x000001e4f81719e0 WorkerThread "GC Thread#9"                     [id=15184, stack(0x0000001181100000,0x0000001181200000) (1024K)]
Total: 12

Threads with active compile tasks:
C2 CompilerThread0  5053 2754       4       org.lombokweb.asm.ClassReader::readMethod (1070 bytes)
Total: 1

VM state: not at safepoint (normal execution)

VM Mutex/Monitor currently owned by a thread: None

Heap address: 0x0000000080000000, size: 2048 MB, Compressed Oops mode: 32-bit

CDS archive(s) mapped at: [0x000001e480000000-0x000001e480ba0000-0x000001e480ba0000), size 12189696, SharedBaseAddress: 0x000001e480000000, ArchiveRelocationMode: 1.
Compressed class space mapped at: 0x000001e481000000-0x000001e4c1000000, reserved size: 1073741824
Narrow klass base: 0x000001e480000000, Narrow klass shift: 0, Narrow klass range: 0x100000000

GC Precious Log:
 CardTable entry size: 512
 CPUs: 12 total, 12 available
 Memory: 23916M
 Large Page Support: Disabled
 NUMA Support: Disabled
 Compressed Oops: Enabled (32-bit)
 Alignments: Space 512K, Generation 512K, Heap 2M
 Heap Min Capacity: 100M
 Heap Initial Capacity: 100M
 Heap Max Capacity: 2G
 Pre-touch: Disabled
 Parallel Workers: 10

Heap:
 PSYoungGen      total 26624K, used 4869K [0x00000000d5580000, 0x00000000d7700000, 0x0000000100000000)
  eden space 23040K, 5% used [0x00000000d5580000,0x00000000d56c3620,0x00000000d6c00000)
  from space 3584K, 99% used [0x00000000d7100000,0x00000000d747dfd8,0x00000000d7480000)
  to   space 5120K, 0% used [0x00000000d6c00000,0x00000000d6c00000,0x00000000d7100000)
 ParOldGen       total 68608K, used 11089K [0x0000000080000000, 0x0000000084300000, 0x00000000d5580000)
  object space 68608K, 16% used [0x0000000080000000,0x0000000080ad4760,0x0000000084300000)
 Metaspace       used 26560K, committed 27328K, reserved 1114112K
  class space    used 2614K, committed 2944K, reserved 1048576K

Card table byte_map: [0x000001e4da290000,0x000001e4da6a0000] _byte_map_base: 0x000001e4d9e90000

Marking Bits: (ParMarkBitMap*) 0x00007fffbb9ea340
 Begin Bits: [0x000001e4ecd90000, 0x000001e4eed90000)
 End Bits:   [0x000001e4eed90000, 0x000001e4f0d90000)

Polling page: 0x000001e4d9f30000

Metaspace:

Usage:
  Non-class:     23.39 MB used.
      Class:      2.55 MB used.
       Both:     25.94 MB used.

Virtual space:
  Non-class space:       64.00 MB reserved,      23.81 MB ( 37%) committed,  1 nodes.
      Class space:        1.00 GB reserved,       2.88 MB ( <1%) committed,  1 nodes.
             Both:        1.06 GB reserved,      26.69 MB (  2%) committed. 

Chunk freelists:
   Non-Class:  8.23 MB
       Class:  13.14 MB
        Both:  21.36 MB

MaxMetaspaceSize: unlimited
CompressedClassSpaceSize: 1.00 GB
Initial GC threshold: 21.00 MB
Current GC threshold: 35.00 MB
CDS: on
 - commit_granule_bytes: 65536.
 - commit_granule_words: 8192.
 - virtual_space_node_default_size: 8388608.
 - enlarge_chunks_in_place: 1.
 - use_allocation_guard: 0.


Internal statistics:

num_allocs_failed_limit: 3.
num_arena_births: 546.
num_arena_deaths: 14.
num_vsnodes_births: 2.
num_vsnodes_deaths: 0.
num_space_committed: 427.
num_space_uncommitted: 0.
num_chunks_returned_to_freelist: 17.
num_chunks_taken_from_freelist: 1543.
num_chunk_merges: 9.
num_chunk_splits: 1018.
num_chunks_enlarged: 672.
num_inconsistent_stats: 0.

CodeHeap 'non-profiled nmethods': size=120000Kb used=1518Kb max_used=1518Kb free=118481Kb
 bounds [0x000001e4e55b0000, 0x000001e4e5820000, 0x000001e4ecae0000]
CodeHeap 'profiled nmethods': size=120000Kb used=6475Kb max_used=6475Kb free=113524Kb
 bounds [0x000001e4ddae0000, 0x000001e4de140000, 0x000001e4e5010000]
CodeHeap 'non-nmethods': size=5760Kb used=1340Kb max_used=1363Kb free=4419Kb
 bounds [0x000001e4e5010000, 0x000001e4e5280000, 0x000001e4e55b0000]
CodeCache: size=245760Kb, used=9333Kb, max_used=9356Kb, free=236424Kb
 total_blobs=3935, nmethods=3306, adapters=535, full_count=0
Compilation: enabled, stopped_count=0, restarted_count=0

Compilation events (20 events):
Event: 4.005 Thread 0x000001e4f31d3a80 nmethod 3273 0x000001e4de11f590 code [0x000001e4de11f7a0, 0x000001e4de11fe90]
Event: 4.006 Thread 0x000001e4f31d3a80 3274       3       java.lang.invoke.BoundMethodHandle::bindArgumentL (11 bytes)
Event: 4.006 Thread 0x000001e4f31d3a80 nmethod 3274 0x000001e4de120090 code [0x000001e4de120280, 0x000001e4de120728]
Event: 4.006 Thread 0x000001e4f31d3a80 3275       3       com.sun.org.apache.xerces.internal.impl.XMLDocumentScannerImpl::getPropertyDefault (40 bytes)
Event: 4.007 Thread 0x000001e4f31d3a80 nmethod 3275 0x000001e4de120990 code [0x000001e4de120b60, 0x000001e4de120e30]
Event: 4.007 Thread 0x000001e4f31d3a80 3276       3       com.sun.org.apache.xerces.internal.parsers.XML11Configuration::checkFeature (292 bytes)
Event: 4.007 Thread 0x000001e4f3466ea0 3282       4       java.util.zip.Inflater::ensureOpen (47 bytes)
Event: 4.008 Thread 0x000001e4f3466ea0 nmethod 3282 0x000001e4e572ac90 code [0x000001e4e572ae20, 0x000001e4e572aef0]
Event: 4.008 Thread 0x000001e4f31d3a80 nmethod 3276 0x000001e4de120f90 code [0x000001e4de121600, 0x000001e4de124620]
Event: 4.008 Thread 0x000001e4f31d3a80 3279       3       com.sun.org.apache.xerces.internal.util.ParserConfigurationSettings::getProperty (31 bytes)
Event: 4.008 Thread 0x000001e4f31d3a80 nmethod 3279 0x000001e4de125610 code [0x000001e4de1257e0, 0x000001e4de125b18]
Event: 4.008 Thread 0x000001e4f31d3a80 3281       3       com.sun.org.apache.xerces.internal.util.XMLStringBuffer::<init> (7 bytes)
Event: 4.009 Thread 0x000001e4f31d3a80 nmethod 3281 0x000001e4de125c90 code [0x000001e4de125e40, 0x000001e4de126120]
Event: 4.009 Thread 0x000001e4f31d3a80 3277       3       java.util.LinkedHashMap$LinkedKeyIterator::next (8 bytes)
Event: 4.009 Thread 0x000001e4f31d3a80 nmethod 3277 0x000001e4de126290 code [0x000001e4de126440, 0x000001e4de126598]
Event: 4.009 Thread 0x000001e4f31d3a80 3280       3       org.apache.felix.scr.impl.logger.LogManager$LoggerFacade::getLogger (34 bytes)
Event: 4.009 Thread 0x000001e4f31d3a80 nmethod 3280 0x000001e4de126690 code [0x000001e4de126840, 0x000001e4de126a10]
Event: 4.009 Thread 0x000001e4f31d3a80 3278       3       com.sun.org.apache.xerces.internal.utils.XMLSecurityManager$Limit::values (10 bytes)
Event: 4.009 Thread 0x000001e4f31d3a80 nmethod 3278 0x000001e4de126b10 code [0x000001e4de126cc0, 0x000001e4de126f68]
Event: 4.009 Thread 0x000001e4f31d3a80 3283       3       java.util.zip.Checksum::update (11 bytes)

GC Heap History (17 events):
Event: 0.724 GC heap before
{Heap before GC invocations=1 (full 0):
 PSYoungGen      total 29696K, used 25600K [0x00000000d5580000, 0x00000000d7680000, 0x0000000100000000)
  eden space 25600K, 100% used [0x00000000d5580000,0x00000000d6e80000,0x00000000d6e80000)
  from space 4096K, 0% used [0x00000000d7280000,0x00000000d7280000,0x00000000d7680000)
  to   space 4096K, 0% used [0x00000000d6e80000,0x00000000d6e80000,0x00000000d7280000)
 ParOldGen       total 68608K, used 0K [0x0000000080000000, 0x0000000084300000, 0x00000000d5580000)
  object space 68608K, 0% used [0x0000000080000000,0x0000000080000000,0x0000000084300000)
 Metaspace       used 4304K, committed 4544K, reserved 1114112K
  class space    used 470K, committed 576K, reserved 1048576K
}
Event: 0.731 GC heap after
{Heap after GC invocations=1 (full 0):
 PSYoungGen      total 29696K, used 3319K [0x00000000d5580000, 0x00000000d7680000, 0x0000000100000000)
  eden space 25600K, 0% used [0x00000000d5580000,0x00000000d5580000,0x00000000d6e80000)
  from space 4096K, 81% used [0x00000000d6e80000,0x00000000d71bde28,0x00000000d7280000)
  to   space 4096K, 0% used [0x00000000d7280000,0x00000000d7280000,0x00000000d7680000)
 ParOldGen       total 68608K, used 16K [0x0000000080000000, 0x0000000084300000, 0x00000000d5580000)
  object space 68608K, 0% used [0x0000000080000000,0x0000000080004000,0x0000000084300000)
 Metaspace       used 4304K, committed 4544K, reserved 1114112K
  class space    used 470K, committed 576K, reserved 1048576K
}
Event: 1.297 GC heap before
{Heap before GC invocations=2 (full 0):
 PSYoungGen      total 29696K, used 28919K [0x00000000d5580000, 0x00000000d7680000, 0x0000000100000000)
  eden space 25600K, 100% used [0x00000000d5580000,0x00000000d6e80000,0x00000000d6e80000)
  from space 4096K, 81% used [0x00000000d6e80000,0x00000000d71bde28,0x00000000d7280000)
  to   space 4096K, 0% used [0x00000000d7280000,0x00000000d7280000,0x00000000d7680000)
 ParOldGen       total 68608K, used 16K [0x0000000080000000, 0x0000000084300000, 0x00000000d5580000)
  object space 68608K, 0% used [0x0000000080000000,0x0000000080004000,0x0000000084300000)
 Metaspace       used 8180K, committed 8448K, reserved 1114112K
  class space    used 873K, committed 1024K, reserved 1048576K
}
Event: 1.301 GC heap after
{Heap after GC invocations=2 (full 0):
 PSYoungGen      total 29696K, used 4066K [0x00000000d5580000, 0x00000000d7680000, 0x0000000100000000)
  eden space 25600K, 0% used [0x00000000d5580000,0x00000000d5580000,0x00000000d6e80000)
  from space 4096K, 99% used [0x00000000d7280000,0x00000000d76788b8,0x00000000d7680000)
  to   space 4096K, 0% used [0x00000000d6e80000,0x00000000d6e80000,0x00000000d7280000)
 ParOldGen       total 68608K, used 966K [0x0000000080000000, 0x0000000084300000, 0x00000000d5580000)
  object space 68608K, 1% used [0x0000000080000000,0x00000000800f1830,0x0000000084300000)
 Metaspace       used 8180K, committed 8448K, reserved 1114112K
  class space    used 873K, committed 1024K, reserved 1048576K
}
Event: 1.737 GC heap before
{Heap before GC invocations=3 (full 0):
 PSYoungGen      total 29696K, used 29666K [0x00000000d5580000, 0x00000000d7680000, 0x0000000100000000)
  eden space 25600K, 100% used [0x00000000d5580000,0x00000000d6e80000,0x00000000d6e80000)
  from space 4096K, 99% used [0x00000000d7280000,0x00000000d76788b8,0x00000000d7680000)
  to   space 4096K, 0% used [0x00000000d6e80000,0x00000000d6e80000,0x00000000d7280000)
 ParOldGen       total 68608K, used 966K [0x0000000080000000, 0x0000000084300000, 0x00000000d5580000)
  object space 68608K, 1% used [0x0000000080000000,0x00000000800f1830,0x0000000084300000)
 Metaspace       used 12971K, committed 13504K, reserved 1114112K
  class space    used 1375K, committed 1600K, reserved 1048576K
}
Event: 1.741 GC heap after
{Heap after GC invocations=3 (full 0):
 PSYoungGen      total 29696K, used 4085K [0x00000000d5580000, 0x00000000d7680000, 0x0000000100000000)
  eden space 25600K, 0% used [0x00000000d5580000,0x00000000d5580000,0x00000000d6e80000)
  from space 4096K, 99% used [0x00000000d6e80000,0x00000000d727d6d0,0x00000000d7280000)
  to   space 4096K, 0% used [0x00000000d7280000,0x00000000d7280000,0x00000000d7680000)
 ParOldGen       total 68608K, used 2815K [0x0000000080000000, 0x0000000084300000, 0x00000000d5580000)
  object space 68608K, 4% used [0x0000000080000000,0x00000000802bfca8,0x0000000084300000)
 Metaspace       used 12971K, committed 13504K, reserved 1114112K
  class space    used 1375K, committed 1600K, reserved 1048576K
}
Event: 2.087 GC heap before
{Heap before GC invocations=4 (full 0):
 PSYoungGen      total 29696K, used 29685K [0x00000000d5580000, 0x00000000d7680000, 0x0000000100000000)
  eden space 25600K, 100% used [0x00000000d5580000,0x00000000d6e80000,0x00000000d6e80000)
  from space 4096K, 99% used [0x00000000d6e80000,0x00000000d727d6d0,0x00000000d7280000)
  to   space 4096K, 0% used [0x00000000d7280000,0x00000000d7280000,0x00000000d7680000)
 ParOldGen       total 68608K, used 2815K [0x0000000080000000, 0x0000000084300000, 0x00000000d5580000)
  object space 68608K, 4% used [0x0000000080000000,0x00000000802bfca8,0x0000000084300000)
 Metaspace       used 16443K, committed 17152K, reserved 1114112K
  class space    used 1731K, committed 2048K, reserved 1048576K
}
Event: 2.090 GC heap after
{Heap after GC invocations=4 (full 0):
 PSYoungGen      total 29696K, used 4095K [0x00000000d5580000, 0x00000000d7680000, 0x0000000100000000)
  eden space 25600K, 0% used [0x00000000d5580000,0x00000000d5580000,0x00000000d6e80000)
  from space 4096K, 99% used [0x00000000d7280000,0x00000000d767ffc8,0x00000000d7680000)
  to   space 4096K, 0% used [0x00000000d6e80000,0x00000000d6e80000,0x00000000d7280000)
 ParOldGen       total 68608K, used 6053K [0x0000000080000000, 0x0000000084300000, 0x00000000d5580000)
  object space 68608K, 8% used [0x0000000080000000,0x00000000805e94a0,0x0000000084300000)
 Metaspace       used 16443K, committed 17152K, reserved 1114112K
  class space    used 1731K, committed 2048K, reserved 1048576K
}
Event: 2.294 GC heap before
{Heap before GC invocations=5 (full 0):
 PSYoungGen      total 29696K, used 29695K [0x00000000d5580000, 0x00000000d7680000, 0x0000000100000000)
  eden space 25600K, 100% used [0x00000000d5580000,0x00000000d6e80000,0x00000000d6e80000)
  from space 4096K, 99% used [0x00000000d7280000,0x00000000d767ffc8,0x00000000d7680000)
  to   space 4096K, 0% used [0x00000000d6e80000,0x00000000d6e80000,0x00000000d7280000)
 ParOldGen       total 68608K, used 6053K [0x0000000080000000, 0x0000000084300000, 0x00000000d5580000)
  object space 68608K, 8% used [0x0000000080000000,0x00000000805e94a0,0x0000000084300000)
 Metaspace       used 19755K, committed 20416K, reserved 1114112K
  class space    used 1968K, committed 2304K, reserved 1048576K
}
Event: 2.297 GC heap after
{Heap after GC invocations=5 (full 0):
 PSYoungGen      total 29184K, used 4076K [0x00000000d5580000, 0x00000000d7900000, 0x0000000100000000)
  eden space 25088K, 0% used [0x00000000d5580000,0x00000000d5580000,0x00000000d6e00000)
  from space 4096K, 99% used [0x00000000d6e80000,0x00000000d727b030,0x00000000d7280000)
  to   space 5632K, 0% used [0x00000000d7380000,0x00000000d7380000,0x00000000d7900000)
 ParOldGen       total 68608K, used 6278K [0x0000000080000000, 0x0000000084300000, 0x00000000d5580000)
  object space 68608K, 9% used [0x0000000080000000,0x00000000806219f0,0x0000000084300000)
 Metaspace       used 19755K, committed 20416K, reserved 1114112K
  class space    used 1968K, committed 2304K, reserved 1048576K
}
Event: 2.349 GC heap before
{Heap before GC invocations=6 (full 0):
 PSYoungGen      total 29184K, used 12889K [0x00000000d5580000, 0x00000000d7900000, 0x0000000100000000)
  eden space 25088K, 35% used [0x00000000d5580000,0x00000000d5e1b4b0,0x00000000d6e00000)
  from space 4096K, 99% used [0x00000000d6e80000,0x00000000d727b030,0x00000000d7280000)
  to   space 5632K, 0% used [0x00000000d7380000,0x00000000d7380000,0x00000000d7900000)
 ParOldGen       total 68608K, used 6278K [0x0000000080000000, 0x0000000084300000, 0x00000000d5580000)
  object space 68608K, 9% used [0x0000000080000000,0x00000000806219f0,0x0000000084300000)
 Metaspace       used 20821K, committed 21504K, reserved 1114112K
  class space    used 2041K, committed 2368K, reserved 1048576K
}
Event: 2.353 GC heap after
{Heap after GC invocations=6 (full 0):
 PSYoungGen      total 29696K, used 4525K [0x00000000d5580000, 0x00000000d7800000, 0x0000000100000000)
  eden space 25088K, 0% used [0x00000000d5580000,0x00000000d5580000,0x00000000d6e00000)
  from space 4608K, 98% used [0x00000000d7380000,0x00000000d77eb4e0,0x00000000d7800000)
  to   space 5120K, 0% used [0x00000000d6e00000,0x00000000d6e00000,0x00000000d7300000)
 ParOldGen       total 68608K, used 6278K [0x0000000080000000, 0x0000000084300000, 0x00000000d5580000)
  object space 68608K, 9% used [0x0000000080000000,0x00000000806219f0,0x0000000084300000)
 Metaspace       used 20821K, committed 21504K, reserved 1114112K
  class space    used 2041K, committed 2368K, reserved 1048576K
}
Event: 2.353 GC heap before
{Heap before GC invocations=7 (full 1):
 PSYoungGen      total 29696K, used 4525K [0x00000000d5580000, 0x00000000d7800000, 0x0000000100000000)
  eden space 25088K, 0% used [0x00000000d5580000,0x00000000d5580000,0x00000000d6e00000)
  from space 4608K, 98% used [0x00000000d7380000,0x00000000d77eb4e0,0x00000000d7800000)
  to   space 5120K, 0% used [0x00000000d6e00000,0x00000000d6e00000,0x00000000d7300000)
 ParOldGen       total 68608K, used 6278K [0x0000000080000000, 0x0000000084300000, 0x00000000d5580000)
  object space 68608K, 9% used [0x0000000080000000,0x00000000806219f0,0x0000000084300000)
 Metaspace       used 20821K, committed 21504K, reserved 1114112K
  class space    used 2041K, committed 2368K, reserved 1048576K
}
Event: 2.379 GC heap after
{Heap after GC invocations=7 (full 1):
 PSYoungGen      total 29696K, used 0K [0x00000000d5580000, 0x00000000d7800000, 0x0000000100000000)
  eden space 25088K, 0% used [0x00000000d5580000,0x00000000d5580000,0x00000000d6e00000)
  from space 4608K, 0% used [0x00000000d7380000,0x00000000d7380000,0x00000000d7800000)
  to   space 5120K, 0% used [0x00000000d6e00000,0x00000000d6e00000,0x00000000d7300000)
 ParOldGen       total 68608K, used 10181K [0x0000000080000000, 0x0000000084300000, 0x00000000d5580000)
  object space 68608K, 14% used [0x0000000080000000,0x00000000809f1720,0x0000000084300000)
 Metaspace       used 20808K, committed 21504K, reserved 1114112K
  class space    used 2037K, committed 2368K, reserved 1048576K
}
Event: 2.629 GC heap before
{Heap before GC invocations=8 (full 1):
 PSYoungGen      total 29696K, used 25088K [0x00000000d5580000, 0x00000000d7800000, 0x0000000100000000)
  eden space 25088K, 100% used [0x00000000d5580000,0x00000000d6e00000,0x00000000d6e00000)
  from space 4608K, 0% used [0x00000000d7380000,0x00000000d7380000,0x00000000d7800000)
  to   space 5120K, 0% used [0x00000000d6e00000,0x00000000d6e00000,0x00000000d7300000)
 ParOldGen       total 68608K, used 10181K [0x0000000080000000, 0x0000000084300000, 0x00000000d5580000)
  object space 68608K, 14% used [0x0000000080000000,0x00000000809f1720,0x0000000084300000)
 Metaspace       used 22953K, committed 23680K, reserved 1114112K
  class space    used 2222K, committed 2560K, reserved 1048576K
}
Event: 2.632 GC heap after
{Heap after GC invocations=8 (full 1):
 PSYoungGen      total 27136K, used 2419K [0x00000000d5580000, 0x00000000d7480000, 0x0000000100000000)
  eden space 24576K, 0% used [0x00000000d5580000,0x00000000d5580000,0x00000000d6d80000)
  from space 2560K, 94% used [0x00000000d6e00000,0x00000000d705ccf0,0x00000000d7080000)
  to   space 3584K, 0% used [0x00000000d7100000,0x00000000d7100000,0x00000000d7480000)
 ParOldGen       total 68608K, used 10189K [0x0000000080000000, 0x0000000084300000, 0x00000000d5580000)
  object space 68608K, 14% used [0x0000000080000000,0x00000000809f3720,0x0000000084300000)
 Metaspace       used 22953K, committed 23680K, reserved 1114112K
  class space    used 2222K, committed 2560K, reserved 1048576K
}
Event: 4.009 GC heap before
{Heap before GC invocations=9 (full 1):
 PSYoungGen      total 27136K, used 26995K [0x00000000d5580000, 0x00000000d7480000, 0x0000000100000000)
  eden space 24576K, 99% used [0x00000000d5580000,0x00000000d6d7fff0,0x00000000d6d80000)
  from space 2560K, 94% used [0x00000000d6e00000,0x00000000d705ccf0,0x00000000d7080000)
  to   space 3584K, 0% used [0x00000000d7100000,0x00000000d7100000,0x00000000d7480000)
 ParOldGen       total 68608K, used 10189K [0x0000000080000000, 0x0000000084300000, 0x00000000d5580000)
  object space 68608K, 14% used [0x0000000080000000,0x00000000809f3720,0x0000000084300000)
 Metaspace       used 26376K, committed 27200K, reserved 1114112K
  class space    used 2586K, committed 2944K, reserved 1048576K
}

Dll operation events (10 events):
Event: 0.010 Loaded shared library c:\Users\nguye\.cursor\extensions\redhat.java-1.45.0-win32-x64\jre\21.0.8-win32-x86_64\bin\java.dll
Event: 0.089 Loaded shared library c:\Users\nguye\.cursor\extensions\redhat.java-1.45.0-win32-x64\jre\21.0.8-win32-x86_64\bin\zip.dll
Event: 0.113 Loaded shared library C:\Users\nguye\.cursor\extensions\redhat.java-1.45.0-win32-x64\jre\21.0.8-win32-x86_64\bin\instrument.dll
Event: 0.120 Loaded shared library C:\Users\nguye\.cursor\extensions\redhat.java-1.45.0-win32-x64\jre\21.0.8-win32-x86_64\bin\net.dll
Event: 0.122 Loaded shared library C:\Users\nguye\.cursor\extensions\redhat.java-1.45.0-win32-x64\jre\21.0.8-win32-x86_64\bin\nio.dll
Event: 0.126 Loaded shared library C:\Users\nguye\.cursor\extensions\redhat.java-1.45.0-win32-x64\jre\21.0.8-win32-x86_64\bin\zip.dll
Event: 0.142 Loaded shared library C:\Users\nguye\.cursor\extensions\redhat.java-1.45.0-win32-x64\jre\21.0.8-win32-x86_64\bin\jimage.dll
Event: 0.219 Loaded shared library c:\Users\nguye\.cursor\extensions\redhat.java-1.45.0-win32-x64\jre\21.0.8-win32-x86_64\bin\verify.dll
Event: 1.281 Loaded shared library C:\Users\nguye\AppData\Roaming\Cursor\User\globalStorage\redhat.java\1.45.0\config_ss_win\org.eclipse.equinox.launcher\org.eclipse.equinox.launcher.win32.win32.x86_64_1.2.1400.v20250801-0854\eclipse_11916.dll
Event: 1.972 Loaded shared library C:\Users\nguye\AppData\Local\Temp\jna-104772072\jna10738770017694467146.dll

Deoptimization events (20 events):
Event: 2.755 Thread 0x000001e4f32d0e90 Uncommon trap: trap_request=0xffffffde fr.pc=0x000001e4e570e944 relative=0x0000000000000124
Event: 2.755 Thread 0x000001e4f32d0e90 Uncommon trap: reason=class_check action=maybe_recompile pc=0x000001e4e570e944 method=jdk.internal.misc.Unsafe.allocateUninitializedArray(Ljava/lang/Class;I)Ljava/lang/Object; @ 51 c2
Event: 2.755 Thread 0x000001e4f32d0e90 DEOPT PACKING pc=0x000001e4e570e944 sp=0x0000001180bfea00
Event: 2.755 Thread 0x000001e4f32d0e90 DEOPT UNPACKING pc=0x000001e4e5063aa2 sp=0x0000001180bfe978 mode 2
Event: 2.861 Thread 0x000001e4f32d0e90 Uncommon trap: trap_request=0xffffff45 fr.pc=0x000001e4e55e2d8c relative=0x00000000000000ec
Event: 2.861 Thread 0x000001e4f32d0e90 Uncommon trap: reason=unstable_if action=reinterpret pc=0x000001e4e55e2d8c method=java.lang.String.getBytes([BIB)V @ 5 c2
Event: 2.861 Thread 0x000001e4f32d0e90 DEOPT PACKING pc=0x000001e4e55e2d8c sp=0x0000001180bfe220
Event: 2.861 Thread 0x000001e4f32d0e90 DEOPT UNPACKING pc=0x000001e4e5063aa2 sp=0x0000001180bfe1c8 mode 2
Event: 2.880 Thread 0x000001e4f32d0e90 Uncommon trap: trap_request=0xffffff45 fr.pc=0x000001e4e5651844 relative=0x0000000000000124
Event: 2.880 Thread 0x000001e4f32d0e90 Uncommon trap: reason=unstable_if action=reinterpret pc=0x000001e4e5651844 method=jdk.internal.org.objectweb.asm.SymbolTable.put(Ljdk/internal/org/objectweb/asm/SymbolTable$Entry;)Ljdk/internal/org/objectweb/asm/SymbolTable$Entry; @ 13 c2
Event: 2.880 Thread 0x000001e4f32d0e90 DEOPT PACKING pc=0x000001e4e5651844 sp=0x0000001180bfbec0
Event: 2.880 Thread 0x000001e4f32d0e90 DEOPT UNPACKING pc=0x000001e4e5063aa2 sp=0x0000001180bfbe20 mode 2
Event: 2.970 Thread 0x000001e4f8154060 Uncommon trap: trap_request=0xffffff45 fr.pc=0x000001e4e56fd170 relative=0x0000000000000d10
Event: 2.970 Thread 0x000001e4f8154060 Uncommon trap: reason=unstable_if action=reinterpret pc=0x000001e4e56fd170 method=java.util.Properties.loadConvert([CIILjava/lang/StringBuilder;)Ljava/lang/String; @ 477 c2
Event: 2.970 Thread 0x000001e4f8154060 DEOPT PACKING pc=0x000001e4e56fd170 sp=0x00000011813fd730
Event: 2.970 Thread 0x000001e4f8154060 DEOPT UNPACKING pc=0x000001e4e5063aa2 sp=0x00000011813fd710 mode 2
Event: 3.992 Thread 0x000001e4f8154060 Uncommon trap: trap_request=0xffffff45 fr.pc=0x000001e4e5646480 relative=0x0000000000000fa0
Event: 3.992 Thread 0x000001e4f8154060 Uncommon trap: reason=unstable_if action=reinterpret pc=0x000001e4e5646480 method=jdk.internal.jimage.ImageStringsReader.stringFromByteBufferMatches(Ljava/nio/ByteBuffer;ILjava/lang/String;I)I @ 48 c2
Event: 3.992 Thread 0x000001e4f8154060 DEOPT PACKING pc=0x000001e4e5646480 sp=0x00000011813fc880
Event: 3.992 Thread 0x000001e4f8154060 DEOPT UNPACKING pc=0x000001e4e5063aa2 sp=0x00000011813fc5b8 mode 2

Classes loaded (20 events):
Event: 2.964 Loading class sun/nio/ch/AsynchronousChannelGroupImpl$1
Event: 2.964 Loading class sun/nio/ch/AsynchronousChannelGroupImpl$1 done
Event: 2.964 Loading class sun/nio/ch/Invoker
Event: 2.965 Loading class sun/nio/ch/Invoker done
Event: 2.965 Loading class sun/nio/ch/Invoker$1
Event: 2.965 Loading class sun/nio/ch/Invoker$1 done
Event: 2.966 Loading class sun/nio/ch/PendingIoCache
Event: 2.966 Loading class sun/nio/ch/PendingIoCache done
Event: 2.967 Loading class sun/nio/ch/Invoker$GroupAndInvokeCount
Event: 2.967 Loading class sun/nio/ch/Invoker$GroupAndInvokeCount done
Event: 4.001 Loading class java/io/UncheckedIOException
Event: 4.001 Loading class java/io/PrintWriter$1
Event: 4.001 Loading class jdk/internal/access/JavaIOPrintWriterAccess
Event: 4.001 Loading class java/io/UncheckedIOException done
Event: 4.001 Loading class jdk/internal/access/JavaIOPrintWriterAccess done
Event: 4.001 Loading class java/io/PrintWriter$1 done
Event: 4.001 Loading class java/lang/Throwable$WrappedPrintWriter
Event: 4.001 Loading class java/lang/Throwable$PrintStreamOrWriter
Event: 4.001 Loading class java/lang/Throwable$PrintStreamOrWriter done
Event: 4.001 Loading class java/lang/Throwable$WrappedPrintWriter done

Classes unloaded (7 events):
Event: 2.356 Thread 0x000001e4da884530 Unloading class 0x000001e481188c00 'java/lang/invoke/LambdaForm$MH+0x000001e481188c00'
Event: 2.356 Thread 0x000001e4da884530 Unloading class 0x000001e481188800 'java/lang/invoke/LambdaForm$MH+0x000001e481188800'
Event: 2.356 Thread 0x000001e4da884530 Unloading class 0x000001e481188400 'java/lang/invoke/LambdaForm$MH+0x000001e481188400'
Event: 2.356 Thread 0x000001e4da884530 Unloading class 0x000001e481188000 'java/lang/invoke/LambdaForm$MH+0x000001e481188000'
Event: 2.356 Thread 0x000001e4da884530 Unloading class 0x000001e481187c00 'java/lang/invoke/LambdaForm$BMH+0x000001e481187c00'
Event: 2.356 Thread 0x000001e4da884530 Unloading class 0x000001e481187800 'java/lang/invoke/LambdaForm$DMH+0x000001e481187800'
Event: 2.356 Thread 0x000001e4da884530 Unloading class 0x000001e481186400 'java/lang/invoke/LambdaForm$DMH+0x000001e481186400'

Classes redefined (0 events):
No events

Internal exceptions (20 events):
Event: 2.605 Thread 0x000001e4f32d0e90 Exception <a 'java/lang/ClassNotFoundException'{0x00000000d6c01900}: com/sun/org/apache/xerces/internal/impl/msg/spi/DOMMessagesProvider> (0x00000000d6c01900) 
thrown [s\src\hotspot\share\classfile\systemDictionary.cpp, line 312]
Event: 2.607 Thread 0x000001e4f32d0e90 Exception <a 'java/lang/ClassNotFoundException'{0x00000000d6c1c988}: com/sun/org/apache/xerces/internal/impl/msg/spi/XMLSerializerMessagesProvider> (0x00000000d6c1c988) 
thrown [s\src\hotspot\share\classfile\systemDictionary.cpp, line 312]
Event: 2.607 Thread 0x000001e4f32d0e90 Exception <a 'java/lang/ClassNotFoundException'{0x00000000d6c29ca8}: com/sun/org/apache/xerces/internal/impl/msg/spi/XMLMessagesProvider> (0x00000000d6c29ca8) 
thrown [s\src\hotspot\share\classfile\systemDictionary.cpp, line 312]
Event: 2.637 Thread 0x000001e4f32d0e90 Exception <a 'java/lang/NoSuchMethodError'{0x00000000d55eded8}: 'java.lang.Object java.lang.invoke.DirectMethodHandle$Holder.newInvokeSpecial(java.lang.Object, int, java.lang.Object, java.lang.Object)'> (0x00000000d55eded8) 
thrown [s\src\hotspot\share\interpreter\linkResolver.cpp, line 773]
Event: 2.670 Thread 0x000001e4f32d0e90 Exception <a 'sun/nio/fs/WindowsException'{0x00000000d57ede28}> (0x00000000d57ede28) 
thrown [s\src\hotspot\share\prims\jni.cpp, line 520]
Event: 2.787 Thread 0x000001e4f32d0e90 Exception <a 'java/lang/ClassNotFoundException'{0x00000000d5dda2f0}: com/sun/org/apache/xml/internal/serializer/spi/XMLEntitiesProvider> (0x00000000d5dda2f0) 
thrown [s\src\hotspot\share\classfile\systemDictionary.cpp, line 312]
Event: 2.867 Thread 0x000001e4f32d0e90 Exception <a 'java/io/FileNotFoundException'{0x00000000d61527d8}> (0x00000000d61527d8) 
thrown [s\src\hotspot\share\prims\jni.cpp, line 520]
Event: 2.883 Thread 0x000001e4f32d0e90 Exception <a 'java/lang/UnsatisfiedLinkError'{0x00000000d624c110}: The specified procedure could not be found.
> (0x00000000d624c110) 
thrown [s\src\hotspot\share\prims\jni.cpp, line 539]
Event: 2.887 Thread 0x000001e4f32d0e90 Exception <a 'java/io/FileNotFoundException'{0x00000000d62625c0}> (0x00000000d62625c0) 
thrown [s\src\hotspot\share\prims\jni.cpp, line 520]
Event: 2.898 Thread 0x000001e4f32d0e90 Exception <a 'java/lang/UnsatisfiedLinkError'{0x00000000d6313bb8}: The specified procedure could not be found.
> (0x00000000d6313bb8) 
thrown [s\src\hotspot\share\prims\jni.cpp, line 539]
Event: 2.946 Thread 0x000001e4da8ed280 Exception <a 'java/lang/NoSuchMethodError'{0x00000000d6646310}: 'java.lang.Object java.lang.invoke.DirectMethodHandle$Holder.invokeStatic(java.lang.Object, long, java.lang.Object)'> (0x00000000d6646310) 
thrown [s\src\hotspot\share\interpreter\linkResolver.cpp, line 773]
Event: 2.947 Thread 0x000001e4da8ed280 Exception <a 'java/lang/NoSuchMethodError'{0x00000000d6649978}: 'java.lang.Object java.lang.invoke.DirectMethodHandle$Holder.invokeStaticInit(java.lang.Object, long, java.lang.Object)'> (0x00000000d6649978) 
thrown [s\src\hotspot\share\interpreter\linkResolver.cpp, line 773]
Event: 2.949 Thread 0x000001e4da8ed280 Exception <a 'java/lang/NoSuchMethodError'{0x00000000d667a0f0}: 'java.lang.Object java.lang.invoke.DirectMethodHandle$Holder.newInvokeSpecial(java.lang.Object, long)'> (0x00000000d667a0f0) 
thrown [s\src\hotspot\share\interpreter\linkResolver.cpp, line 773]
Event: 3.989 Thread 0x000001e4da8ed280 Exception <a 'java/lang/RuntimeException'{0x00000000d67c3bb8}: snapshot not available> (0x00000000d67c3bb8) 
thrown [s\src\hotspot\share\prims\jni.cpp, line 539]
Event: 4.007 Thread 0x000001e4f8154060 Exception <a 'sun/nio/fs/WindowsException'{0x00000000d6d4d980}> (0x00000000d6d4d980) 
thrown [s\src\hotspot\share\prims\jni.cpp, line 520]
Event: 4.007 Thread 0x000001e4f8154060 Exception <a 'sun/nio/fs/WindowsException'{0x00000000d6d4e420}> (0x00000000d6d4e420) 
thrown [s\src\hotspot\share\prims\jni.cpp, line 520]
Event: 4.008 Thread 0x000001e4f8154060 Exception <a 'sun/nio/fs/WindowsException'{0x00000000d6d4f250}> (0x00000000d6d4f250) 
thrown [s\src\hotspot\share\prims\jni.cpp, line 520]
Event: 4.008 Thread 0x000001e4f8154060 Exception <a 'sun/nio/fs/WindowsException'{0x00000000d6d4faa0}> (0x00000000d6d4faa0) 
thrown [s\src\hotspot\share\prims\jni.cpp, line 520]
Event: 4.009 Thread 0x000001e4f8154060 Exception <a 'sun/nio/fs/WindowsException'{0x00000000d6d79f88}> (0x00000000d6d79f88) 
thrown [s\src\hotspot\share\prims\jni.cpp, line 520]
Event: 4.009 Thread 0x000001e4f8154060 Exception <a 'sun/nio/fs/WindowsException'{0x00000000d6d7a7d8}> (0x00000000d6d7a7d8) 
thrown [s\src\hotspot\share\prims\jni.cpp, line 520]

ZGC Phase Switch (0 events):
No events

VM Operations (20 events):
Event: 2.091 Executing VM operation: ParallelGCFailedAllocation (Allocation Failure) done
Event: 2.294 Executing VM operation: ParallelGCFailedAllocation (Allocation Failure)
Event: 2.297 Executing VM operation: ParallelGCFailedAllocation (Allocation Failure) done
Event: 2.348 Executing VM operation: CollectForMetadataAllocation (Metadata GC Threshold)
Event: 2.379 Executing VM operation: CollectForMetadataAllocation (Metadata GC Threshold) done
Event: 2.629 Executing VM operation: ParallelGCFailedAllocation (Allocation Failure)
Event: 2.632 Executing VM operation: ParallelGCFailedAllocation (Allocation Failure) done
Event: 2.663 Executing VM operation: HandshakeAllThreads (Deoptimize)
Event: 2.664 Executing VM operation: HandshakeAllThreads (Deoptimize) done
Event: 2.704 Executing VM operation: HandshakeAllThreads (Deoptimize)
Event: 2.704 Executing VM operation: HandshakeAllThreads (Deoptimize) done
Event: 2.713 Executing VM operation: HandshakeAllThreads (Deoptimize)
Event: 2.713 Executing VM operation: HandshakeAllThreads (Deoptimize) done
Event: 2.714 Executing VM operation: HandshakeAllThreads (Deoptimize)
Event: 2.714 Executing VM operation: HandshakeAllThreads (Deoptimize) done
Event: 2.814 Executing VM operation: HandshakeAllThreads (Deoptimize)
Event: 2.814 Executing VM operation: HandshakeAllThreads (Deoptimize) done
Event: 3.814 Executing VM operation: Cleanup
Event: 3.989 Executing VM operation: Cleanup done
Event: 4.009 Executing VM operation: ParallelGCFailedAllocation (Allocation Failure)

Memory protections (0 events):
No events

Nmethod flushes (0 events):
No events

Events (20 events):
Event: 1.993 Thread 0x000001e4f32d0e90 Thread added: 0x000001e4f81546f0
Event: 2.024 Thread 0x000001e4f32d0e90 Thread added: 0x000001e4f8154060
Event: 2.045 Thread 0x000001e4f32d0e90 Thread added: 0x000001e4f8155410
Event: 2.620 Thread 0x000001e4f32d0e90 Thread added: 0x000001e4f8152620
Event: 2.690 Thread 0x000001e4f8152620 Thread exited: 0x000001e4f8152620
Event: 2.964 Thread 0x000001e4da8ed280 Thread added: 0x000001e4f8151f90
Event: 2.965 Thread 0x000001e4da8ed280 Thread added: 0x000001e4f8152620
Event: 2.965 Thread 0x000001e4da8ed280 Thread added: 0x000001e4f8154d80
Event: 2.965 Thread 0x000001e4da8ed280 Thread added: 0x000001e4f8153340
Event: 2.965 Thread 0x000001e4da8ed280 Thread added: 0x000001e4f8152cb0
Event: 2.965 Thread 0x000001e4da8ed280 Thread added: 0x000001e4f81539d0
Event: 2.965 Thread 0x000001e4da8ed280 Thread added: 0x000001e4f8c06de0
Event: 2.965 Thread 0x000001e4da8ed280 Thread added: 0x000001e4f8c07b00
Event: 2.965 Thread 0x000001e4da8ed280 Thread added: 0x000001e4f8c08190
Event: 2.965 Thread 0x000001e4da8ed280 Thread added: 0x000001e4f8c08820
Event: 2.965 Thread 0x000001e4da8ed280 Thread added: 0x000001e4f8c07470
Event: 2.966 Thread 0x000001e4da8ed280 Thread added: 0x000001e4f8c053a0
Event: 2.966 Thread 0x000001e4da8ed280 Thread added: 0x000001e4f8c05a30
Event: 3.989 Thread 0x000001e4f8155410 Thread added: 0x000001e4f8c060c0
Event: 4.002 Thread 0x000001e4da8ed280 Thread added: 0x000001e4f8c06750


Dynamic libraries:
0x00007ff6d4a10000 - 0x00007ff6d4a1e000 	c:\Users\nguye\.cursor\extensions\redhat.java-1.45.0-win32-x64\jre\21.0.8-win32-x86_64\bin\java.exe
0x00007ff8413a0000 - 0x00007ff841603000 	C:\WINDOWS\SYSTEM32\ntdll.dll
0x00007ff840010000 - 0x00007ff8400d7000 	C:\WINDOWS\System32\KERNEL32.DLL
0x00007ff83e910000 - 0x00007ff83ecb1000 	C:\WINDOWS\System32\KERNELBASE.dll
0x00007ff83ed70000 - 0x00007ff83eebb000 	C:\WINDOWS\System32\ucrtbase.dll
0x00007ff816e10000 - 0x00007ff816e28000 	c:\Users\nguye\.cursor\extensions\redhat.java-1.45.0-win32-x64\jre\21.0.8-win32-x86_64\bin\jli.dll
0x00007ff834880000 - 0x00007ff83489e000 	c:\Users\nguye\.cursor\extensions\redhat.java-1.45.0-win32-x64\jre\21.0.8-win32-x86_64\bin\VCRUNTIME140.dll
0x00007ff840780000 - 0x00007ff840943000 	C:\WINDOWS\System32\USER32.dll
0x00007ff83eec0000 - 0x00007ff83eee7000 	C:\WINDOWS\System32\win32u.dll
0x00007ff841240000 - 0x00007ff84126a000 	C:\WINDOWS\System32\GDI32.dll
0x00007ff83ef70000 - 0x00007ff83f091000 	C:\WINDOWS\System32\gdi32full.dll
0x00007ff83ecc0000 - 0x00007ff83ed63000 	C:\WINDOWS\System32\msvcp_win.dll
0x00007ff8298b0000 - 0x00007ff829b40000 	C:\WINDOWS\WinSxS\amd64_microsoft.windows.common-controls_6595b64144ccf1df_6.0.26100.1591_none_3e0fac18e32dc903\COMCTL32.dll
0x00007ff83f2a0000 - 0x00007ff83f349000 	C:\WINDOWS\System32\msvcrt.dll
0x00007ff8401c0000 - 0x00007ff8401ef000 	C:\WINDOWS\System32\IMM32.DLL
0x00007ff81ad50000 - 0x00007ff81ad5c000 	c:\Users\nguye\.cursor\extensions\redhat.java-1.45.0-win32-x64\jre\21.0.8-win32-x86_64\bin\vcruntime140_1.dll
0x00007fffce7a0000 - 0x00007fffce82d000 	c:\Users\nguye\.cursor\extensions\redhat.java-1.45.0-win32-x64\jre\21.0.8-win32-x86_64\bin\msvcp140.dll
0x00007fffbad30000 - 0x00007fffbbac7000 	c:\Users\nguye\.cursor\extensions\redhat.java-1.45.0-win32-x64\jre\21.0.8-win32-x86_64\bin\server\jvm.dll
0x00007ff841160000 - 0x00007ff841212000 	C:\WINDOWS\System32\ADVAPI32.dll
0x00007ff83fd90000 - 0x00007ff83fe37000 	C:\WINDOWS\System32\sechost.dll
0x00007ff841020000 - 0x00007ff841136000 	C:\WINDOWS\System32\RPCRT4.dll
0x00007ff83f220000 - 0x00007ff83f294000 	C:\WINDOWS\System32\WS2_32.dll
0x00007ff83dc30000 - 0x00007ff83dc7e000 	C:\WINDOWS\SYSTEM32\POWRPROF.dll
0x00007ff8368a0000 - 0x00007ff8368ab000 	C:\WINDOWS\SYSTEM32\VERSION.dll
0x00007ff8318f0000 - 0x00007ff831926000 	C:\WINDOWS\SYSTEM32\WINMM.dll
0x00007ff83dc10000 - 0x00007ff83dc24000 	C:\WINDOWS\SYSTEM32\UMPDC.dll
0x00007ff83d640000 - 0x00007ff83d65a000 	C:\WINDOWS\SYSTEM32\kernel.appcore.dll
0x00007ff816e00000 - 0x00007ff816e0a000 	c:\Users\nguye\.cursor\extensions\redhat.java-1.45.0-win32-x64\jre\21.0.8-win32-x86_64\bin\jimage.dll
0x00007ff8356e0000 - 0x00007ff835921000 	C:\WINDOWS\SYSTEM32\DBGHELP.DLL
0x00007ff840960000 - 0x00007ff840cdc000 	C:\WINDOWS\System32\combase.dll
0x00007ff840200000 - 0x00007ff8402d6000 	C:\WINDOWS\System32\OLEAUT32.dll
0x00007ff82aa50000 - 0x00007ff82aa89000 	C:\WINDOWS\SYSTEM32\dbgcore.DLL
0x00007ff83e7b0000 - 0x00007ff83e849000 	C:\WINDOWS\System32\bcryptPrimitives.dll
0x00007ff8166b0000 - 0x00007ff8166bf000 	c:\Users\nguye\.cursor\extensions\redhat.java-1.45.0-win32-x64\jre\21.0.8-win32-x86_64\bin\instrument.dll
0x00007fffe0450000 - 0x00007fffe046f000 	c:\Users\nguye\.cursor\extensions\redhat.java-1.45.0-win32-x64\jre\21.0.8-win32-x86_64\bin\java.dll
0x00007ff83f690000 - 0x00007ff83fd86000 	C:\WINDOWS\System32\SHELL32.dll
0x00007ff83c540000 - 0x00007ff83cd6a000 	C:\WINDOWS\SYSTEM32\windows.storage.dll
0x00007ff8400e0000 - 0x00007ff8401b3000 	C:\WINDOWS\System32\SHCORE.dll
0x00007ff83f5e0000 - 0x00007ff83f63d000 	C:\WINDOWS\System32\shlwapi.dll
0x00007ff83e6d0000 - 0x00007ff83e6f9000 	C:\WINDOWS\SYSTEM32\profapi.dll
0x00007fffce6d0000 - 0x00007fffce6e8000 	c:\Users\nguye\.cursor\extensions\redhat.java-1.45.0-win32-x64\jre\21.0.8-win32-x86_64\bin\zip.dll
0x00007ff8166a0000 - 0x00007ff8166b0000 	C:\Users\nguye\.cursor\extensions\redhat.java-1.45.0-win32-x64\jre\21.0.8-win32-x86_64\bin\net.dll
0x00007ff8398f0000 - 0x00007ff839a16000 	C:\WINDOWS\SYSTEM32\WINHTTP.dll
0x00007ff83db20000 - 0x00007ff83db88000 	C:\WINDOWS\system32\mswsock.dll
0x00007fffce2a0000 - 0x00007fffce2b6000 	C:\Users\nguye\.cursor\extensions\redhat.java-1.45.0-win32-x64\jre\21.0.8-win32-x86_64\bin\nio.dll
0x00007fffce250000 - 0x00007fffce260000 	c:\Users\nguye\.cursor\extensions\redhat.java-1.45.0-win32-x64\jre\21.0.8-win32-x86_64\bin\verify.dll
0x00007fffc4880000 - 0x00007fffc48c4000 	C:\Users\nguye\AppData\Roaming\Cursor\User\globalStorage\redhat.java\1.45.0\config_ss_win\org.eclipse.equinox.launcher\org.eclipse.equinox.launcher.win32.win32.x86_64_1.2.1400.v20250801-0854\eclipse_11916.dll
0x00007ff840e20000 - 0x00007ff840fb9000 	C:\WINDOWS\System32\ole32.dll
0x00007ff83df80000 - 0x00007ff83df9c000 	C:\WINDOWS\SYSTEM32\CRYPTSP.dll
0x00007ff83d5a0000 - 0x00007ff83d5d8000 	C:\WINDOWS\system32\rsaenh.dll
0x00007ff83dbc0000 - 0x00007ff83dbeb000 	C:\WINDOWS\SYSTEM32\USERENV.dll
0x00007ff83e110000 - 0x00007ff83e136000 	C:\WINDOWS\SYSTEM32\bcrypt.dll
0x00007ff83ddf0000 - 0x00007ff83ddfc000 	C:\WINDOWS\SYSTEM32\CRYPTBASE.dll
0x00007ff83d060000 - 0x00007ff83d092000 	C:\WINDOWS\SYSTEM32\IPHLPAPI.DLL
0x00007ff841220000 - 0x00007ff84122a000 	C:\WINDOWS\System32\NSI.dll
0x00007fffc4830000 - 0x00007fffc4879000 	C:\Users\nguye\AppData\Local\Temp\jna-104772072\jna10738770017694467146.dll
0x00007ff840950000 - 0x00007ff840958000 	C:\WINDOWS\System32\PSAPI.DLL
0x00007ff8397b0000 - 0x00007ff8397cf000 	C:\WINDOWS\SYSTEM32\dhcpcsvc6.DLL
0x00007ff8394c0000 - 0x00007ff8394e5000 	C:\WINDOWS\SYSTEM32\dhcpcsvc.DLL

JVMTI agents:
c:\Users\nguye\.cursor\extensions\redhat.java-1.45.0-win32-x64\lombok\lombok-1.18.39-4050.jar path:c:\Users\nguye\.cursor\extensions\redhat.java-1.45.0-win32-x64\jre\21.0.8-win32-x86_64\bin\instrument.dll, loaded, initialized, instrumentlib options:none

dbghelp: loaded successfully - version: 4.0.5 - missing functions: none
symbol engine: initialized successfully - sym options: 0x614 - pdb path: .;c:\Users\nguye\.cursor\extensions\redhat.java-1.45.0-win32-x64\jre\21.0.8-win32-x86_64\bin;C:\WINDOWS\SYSTEM32;C:\WINDOWS\WinSxS\amd64_microsoft.windows.common-controls_6595b64144ccf1df_6.0.26100.1591_none_3e0fac18e32dc903;c:\Users\nguye\.cursor\extensions\redhat.java-1.45.0-win32-x64\jre\21.0.8-win32-x86_64\bin\server;C:\Users\nguye\AppData\Roaming\Cursor\User\globalStorage\redhat.java\1.45.0\config_ss_win\org.eclipse.equinox.launcher\org.eclipse.equinox.launcher.win32.win32.x86_64_1.2.1400.v20250801-0854;C:\Users\nguye\AppData\Local\Temp\jna-104772072

VM Arguments:
jvm_args: --add-modules=ALL-SYSTEM --add-opens=java.base/java.util=ALL-UNNAMED --add-opens=java.base/java.lang=ALL-UNNAMED --add-opens=java.base/sun.nio.fs=ALL-UNNAMED -Declipse.application=org.eclipse.jdt.ls.core.id1 -Dosgi.bundles.defaultStartLevel=4 -Declipse.product=org.eclipse.jdt.ls.core.product -Djava.import.generatesMetadataFilesAtProjectRoot=false -DDetectVMInstallationsJob.disabled=true -Dfile.encoding=utf8 -XX:+UseParallelGC -XX:GCTimeRatio=4 -XX:AdaptiveSizePolicyWeight=90 -Dsun.zip.disableMemoryMapping=true -Xmx2G -Xms100m -Xlog:disable -javaagent:c:\Users\nguye\.cursor\extensions\redhat.java-1.45.0-win32-x64\lombok\lombok-1.18.39-4050.jar 
java_command: c:\Users\nguye\.cursor\extensions\redhat.java-1.45.0-win32-x64\server\plugins\org.eclipse.equinox.launcher_1.7.0.v20250519-0528.jar -configuration c:\Users\nguye\AppData\Roaming\Cursor\User\globalStorage\redhat.java\1.45.0\config_ss_win -data c:\Users\nguye\AppData\Roaming\Cursor\User\workspaceStorage\11c61106e31d4dec7f53613e41bec7bf\redhat.java\ss_ws --pipe=\\.\pipe\lsp-8f35aa5d219be2a2554311b1b0d02c52-sock
java_class_path (initial): c:\Users\nguye\.cursor\extensions\redhat.java-1.45.0-win32-x64\server\plugins\org.eclipse.equinox.launcher_1.7.0.v20250519-0528.jar
Launcher Type: SUN_STANDARD

[Global flags]
    uintx AdaptiveSizePolicyWeight                 = 90                                        {product} {command line}
     intx CICompilerCount                          = 4                                         {product} {ergonomic}
    uintx GCTimeRatio                              = 4                                         {product} {command line}
   size_t InitialHeapSize                          = 104857600                                 {product} {command line}
   size_t MaxHeapSize                              = 2147483648                                {product} {command line}
   size_t MaxNewSize                               = 715653120                                 {product} {ergonomic}
   size_t MinHeapDeltaBytes                        = 524288                                    {product} {ergonomic}
   size_t MinHeapSize                              = 104857600                                 {product} {command line}
   size_t NewSize                                  = 34603008                                  {product} {ergonomic}
    uintx NonNMethodCodeHeapSize                   = 5839372                                {pd product} {ergonomic}
    uintx NonProfiledCodeHeapSize                  = 122909434                              {pd product} {ergonomic}
   size_t OldSize                                  = 70254592                                  {product} {ergonomic}
    uintx ProfiledCodeHeapSize                     = 122909434                              {pd product} {ergonomic}
    uintx ReservedCodeCacheSize                    = 251658240                              {pd product} {ergonomic}
     bool SegmentedCodeCache                       = true                                      {product} {ergonomic}
   size_t SoftMaxHeapSize                          = 2147483648                             {manageable} {ergonomic}
     bool UseCompressedOops                        = true                           {product lp64_product} {ergonomic}
     bool UseLargePagesIndividualAllocation        = false                                  {pd product} {ergonomic}
     bool UseParallelGC                            = true                                      {product} {command line}

Logging:
Log output configuration:
 #0: stdout all=off uptime,level,tags foldmultilines=false
 #1: stderr all=off uptime,level,tags foldmultilines=false

Environment Variables:
PATH=C:\Program Files\Common Files\Oracle\Java\javapath;C:\Python313\Scripts\;C:\Python313\;C:\xampp\php;C:\Program Files\Python312\Scripts\;C:\Program Files\Python312\;C:\Windows\system32;C:\Windows;C:\Windows\System32\Wbem;C:\Windows\System32\WindowsPowerShell\v1.0\;C:\Windows\System32\OpenSSH\;C:\Program Files (x86)\NVIDIA Corporation\PhysX\Common;C:\Program Files\NVIDIA Corporation\NVIDIA NvDLISR;C:\WINDOWS\system32;C:\WINDOWS;C:\WINDOWS\System32\Wbem;C:\WINDOWS\System32\WindowsPowerShell\v1.0\;C:\WINDOWS\System32\OpenSSH\;C:\MinGW\bin;C:\Program Files\Git\cmd;C:\Program Files (x86)\Microsoft SQL Server\160\Tools\Binn\;C:\Program Files\Microsoft SQL Server\160\Tools\Binn\;C:\Program Files\Microsoft SQL Server\Client SDK\ODBC\170\Tools\Binn\;C:\Program Files\Microsoft SQL Server\160\DTS\Binn\;C:\Program Files (x86)\Microsoft SQL Server\160\DTS\Binn\;C:\Program Files\Microsoft SQL Server\150\Tools\Binn\;C:\Program Files\Java\apache-maven-3.6.0\bin;C:\Program Files\Docker\Docker\resources\bin;C:\Gradle\bin;C:\ProgramData\chocolatey\bin;C:\Program Files\Java\jdk-17\bin;C:\Tools;C:\Program Files\nodejs\;C:\Program Files\MySQL\MySQL Shell 8.0\bin\;C:\Users\nguye\AppData\Local\Programs\Python\Launcher\;C:\Users\nguye\AppData\Local\Microsoft\WindowsApps;D:\Microsoft VS Code\bin;C:\Users\nguye\AppData\Roaming\Composer\vendor\bin;C:\Users\nguye\AppData\Local\Programs\cursor\resources\app\bin;C:\dart-sdk\bin;C:\flutter\bin;C:\Program Files\Java\jdk-17\bin;C:\Tools;C:\Users\nguye\AppData\Roaming\npm
USERNAME=nguye
OS=Windows_NT
PROCESSOR_IDENTIFIER=AMD64 Family 25 Model 80 Stepping 0, AuthenticAMD
TMP=C:\Users\nguye\AppData\Local\Temp
TEMP=C:\Users\nguye\AppData\Local\Temp




Periodic native trim disabled

---------------  S Y S T E M  ---------------

OS:
 Windows 11 , 64 bit Build 26100 (10.0.26100.1591)
OS uptime: 0 days 2:15 hours
Hyper-V role detected

CPU: total 12 (initial active 12) (12 cores per cpu, 2 threads per core) family 25 model 80 stepping 0 microcode 0xa50000c, cx8, cmov, fxsr, ht, mmx, 3dnowpref, sse, sse2, sse3, ssse3, sse4a, sse4.1, sse4.2, popcnt, lzcnt, tsc, tscinvbit, avx, avx2, aes, erms, clmul, bmi1, bmi2, adx, sha, fma, vzeroupper, clflush, clflushopt, hv, rdtscp, rdpid, fsrm, f16c, cet_ss
Processor Information for processor 0
  Max Mhz: 3301, Current Mhz: 3301, Mhz Limit: 3301
Processor Information for processor 1
  Max Mhz: 3301, Current Mhz: 3301, Mhz Limit: 3301
Processor Information for processor 2
  Max Mhz: 3301, Current Mhz: 3301, Mhz Limit: 3301
Processor Information for processor 3
  Max Mhz: 3301, Current Mhz: 3301, Mhz Limit: 3301
Processor Information for processor 4
  Max Mhz: 3301, Current Mhz: 2011, Mhz Limit: 3301
Processor Information for processor 5
  Max Mhz: 3301, Current Mhz: 3301, Mhz Limit: 3301
Processor Information for processor 6
  Max Mhz: 3301, Current Mhz: 3301, Mhz Limit: 3301
Processor Information for processor 7
  Max Mhz: 3301, Current Mhz: 2011, Mhz Limit: 3301
Processor Information for processor 8
  Max Mhz: 3301, Current Mhz: 3301, Mhz Limit: 3301
Processor Information for processor 9
  Max Mhz: 3301, Current Mhz: 3301, Mhz Limit: 3301
Processor Information for processor 10
  Max Mhz: 3301, Current Mhz: 3301, Mhz Limit: 3301
Processor Information for processor 11
  Max Mhz: 3301, Current Mhz: 3301, Mhz Limit: 3301

Memory: 4k page, system-wide physical 23916M (7757M free)
TotalPageFile size 23916M (AvailPageFile size 25M)
current process WorkingSet (physical memory assigned to process): 167M, peak: 171M
current process commit charge ("private bytes"): 308M, peak: 310M

vm_info: OpenJDK 64-Bit Server VM (21.0.8+9-LTS) for windows-amd64 JRE (21.0.8+9-LTS), built on 2025-07-15T00:00:00Z by "admin" with MS VC++ 17.7 (VS2022)

END.
