#
# There is insufficient memory for the Java Runtime Environment to continue.
# Native memory allocation (malloc) failed to allocate 1289776 bytes. Error detail: Chunk::new
# Possible reasons:
#   The system is out of physical RAM or swap space
#   This process is running with CompressedOops enabled, and the Java Heap may be blocking the growth of the native heap
# Possible solutions:
#   Reduce memory load on the system
#   Increase physical memory or swap space
#   Check if swap backing store is full
#   Decrease Java heap size (-Xmx/-Xms)
#   Decrease number of Java threads
#   Decrease Java thread stack sizes (-Xss)
#   Set larger code cache with -XX:ReservedCodeCacheSize=
#   JVM is running with Unscaled Compressed Oops mode in which the Java heap is
#     placed in the first 4GB address space. The Java Heap base address is the
#     maximum limit for the native heap growth. Please use -XX:HeapBaseMinAddress
#     to set the Java Heap base and to place the Java Heap above 4GB virtual address.
# This output file may be truncated or incomplete.
#
#  Out of Memory Error (arena.cpp:168), pid=19124, tid=10960
#
# JRE version: OpenJDK Runtime Environment Temurin-21.0.8+9 (21.0.8+9) (build 21.0.8+9-LTS)
# Java VM: OpenJDK 64-Bit Server VM Temurin-21.0.8+9 (21.0.8+9-LTS, mixed mode, sharing, tiered, compressed oops, compressed class ptrs, parallel gc, windows-amd64)
# No core dump will be written. Minidumps are not enabled by default on client versions of Windows
#

---------------  S U M M A R Y ------------

Command Line: --add-modules=ALL-SYSTEM --add-opens=java.base/java.util=ALL-UNNAMED --add-opens=java.base/java.lang=ALL-UNNAMED --add-opens=java.base/sun.nio.fs=ALL-UNNAMED -Declipse.application=org.eclipse.jdt.ls.core.id1 -Dosgi.bundles.defaultStartLevel=4 -Declipse.product=org.eclipse.jdt.ls.core.product -Djava.import.generatesMetadataFilesAtProjectRoot=false -DDetectVMInstallationsJob.disabled=true -Dfile.encoding=utf8 -XX:+UseParallelGC -XX:GCTimeRatio=4 -XX:AdaptiveSizePolicyWeight=90 -Dsun.zip.disableMemoryMapping=true -Xmx2G -Xms100m -Xlog:disable -javaagent:c:\Users\nguye\.vscode\extensions\redhat.java-1.45.0-win32-x64\lombok\lombok-1.18.39-4050.jar -XX:+HeapDumpOnOutOfMemoryError -XX:HeapDumpPath=c:\Users\nguye\AppData\Roaming\Code\User\workspaceStorage\11c61106e31d4dec7f53613e41bec7bf\redhat.java -Daether.dependencyCollector.impl=bf c:\Users\nguye\.vscode\extensions\redhat.java-1.45.0-win32-x64\server\plugins\org.eclipse.equinox.launcher_1.7.0.v20250519-0528.jar -configuration c:\Users\nguye\AppData\Roaming\Code\User\globalStorage\redhat.java\1.45.0\config_win -data c:\Users\nguye\AppData\Roaming\Code\User\workspaceStorage\11c61106e31d4dec7f53613e41bec7bf\redhat.java\jdt_ws --pipe=\\.\pipe\lsp-1ffdade9f26d86539889489ace2cae4f-sock

Host: AMD Ryzen 5 5600H with Radeon Graphics         , 12 cores, 23G,  Windows 11 , 64 bit Build 26100 (10.0.26100.1591)
Time: Fri Sep 19 15:25:17 2025 SE Asia Standard Time elapsed time: 34.158966 seconds (0d 0h 0m 34s)

---------------  T H R E A D  ---------------

Current thread (0x0000019aef023820):  JavaThread "C2 CompilerThread0" daemon [_thread_in_native, id=10960, stack(0x0000008176a00000,0x0000008176b00000) (1024K)]


Current CompileTask:
C2:34159 9505       4       org.eclipse.jdt.internal.compiler.lookup.BinaryTypeBinding::createMethod (1666 bytes)

Stack: [0x0000008176a00000,0x0000008176b00000]
Native frames: (J=compiled Java code, j=interpreted, Vv=VM code, C=native code)
V  [jvm.dll+0x6d2449]
V  [jvm.dll+0x8ae341]
V  [jvm.dll+0x8b08be]
V  [jvm.dll+0x8b0fa3]
V  [jvm.dll+0x280c96]
V  [jvm.dll+0xc581d]
V  [jvm.dll+0xc5d53]
V  [jvm.dll+0x2f539d]
V  [jvm.dll+0x5fa00a]
V  [jvm.dll+0x252092]
V  [jvm.dll+0x25244f]
V  [jvm.dll+0x24ad14]
V  [jvm.dll+0x2483a4]
V  [jvm.dll+0x1c89ee]
V  [jvm.dll+0x257d4d]
V  [jvm.dll+0x2562ea]
V  [jvm.dll+0x3f2d16]
V  [jvm.dll+0x857e6b]
V  [jvm.dll+0x6d0b0d]
C  [ucrtbase.dll+0x14ea0]
C  [KERNEL32.DLL+0x2dbe7]
C  [ntdll.dll+0x85a6c]


---------------  P R O C E S S  ---------------

Threads class SMR info:
_java_thread_list=0x0000019afc189c60, length=79, elements={
0x0000019ad260d6d0, 0x0000019ad25bd730, 0x0000019ad25be8d0, 0x0000019aef008800,
0x0000019aef009450, 0x0000019aef00b600, 0x0000019aef014600, 0x0000019aef023820,
0x0000019aef02ae90, 0x0000019aef12f020, 0x0000019aef3843e0, 0x0000019aefbcaf30,
0x0000019aefb5ff20, 0x0000019aef464de0, 0x0000019aef357af0, 0x0000019aefe39470,
0x0000019af00d6610, 0x0000019aefe7e900, 0x0000019aef677b10, 0x0000019aef6781a0,
0x0000019aef677480, 0x0000019aef678ec0, 0x0000019aef679550, 0x0000019af18e0660,
0x0000019aef676760, 0x0000019af2af1250, 0x0000019af2aefea0, 0x0000019af2aee460,
0x0000019af2af0530, 0x0000019af2aef810, 0x0000019af2af1f70, 0x0000019af2aeeaf0,
0x0000019af2af2600, 0x0000019af2af18e0, 0x0000019af2aef180, 0x0000019af2af39b0,
0x0000019af2af2c90, 0x0000019af2af3320, 0x0000019af2af4040, 0x0000019af2af0bc0,
0x0000019af2af46d0, 0x0000019af2af4d60, 0x0000019af2af53f0, 0x0000019af2af5a80,
0x0000019af2d3a980, 0x0000019af2d3b010, 0x0000019af2d3b6a0, 0x0000019af2d3c3c0,
0x0000019af2d39c60, 0x0000019af2d3d770, 0x0000019af2d3ca50, 0x0000019af2d3a2f0,
0x0000019af2d3d0e0, 0x0000019af2d3e490, 0x0000019af2d3eb20, 0x0000019af2d3de00,
0x0000019af2d3f1b0, 0x0000019af2d3bd30, 0x0000019af2d41280, 0x0000019af2d3f840,
0x0000019af2d3fed0, 0x0000019af2d40560, 0x0000019af2d40bf0, 0x0000019af0590d60,
0x0000019af0590040, 0x0000019af058df70, 0x0000019af058f9b0, 0x0000019af058e600,
0x0000019af05906d0, 0x0000019af058ec90, 0x0000019af058f320, 0x0000019af05941e0,
0x0000019af0594f00, 0x0000019af0594870, 0x0000019af05927a0, 0x0000019af05934c0,
0x0000019af0593b50, 0x0000019aef676df0, 0x0000019ac6023f90
}

Java Threads: ( => current thread )
  0x0000019ad260d6d0 JavaThread "main"                              [_thread_blocked, id=15420, stack(0x0000008176000000,0x0000008176100000) (1024K)]
  0x0000019ad25bd730 JavaThread "Reference Handler"          daemon [_thread_blocked, id=2804, stack(0x0000008176400000,0x0000008176500000) (1024K)]
  0x0000019ad25be8d0 JavaThread "Finalizer"                  daemon [_thread_blocked, id=23276, stack(0x0000008176500000,0x0000008176600000) (1024K)]
  0x0000019aef008800 JavaThread "Signal Dispatcher"          daemon [_thread_blocked, id=18140, stack(0x0000008176600000,0x0000008176700000) (1024K)]
  0x0000019aef009450 JavaThread "Attach Listener"            daemon [_thread_blocked, id=22324, stack(0x0000008176700000,0x0000008176800000) (1024K)]
  0x0000019aef00b600 JavaThread "Service Thread"             daemon [_thread_blocked, id=5400, stack(0x0000008176800000,0x0000008176900000) (1024K)]
  0x0000019aef014600 JavaThread "Monitor Deflation Thread"   daemon [_thread_blocked, id=21748, stack(0x0000008176900000,0x0000008176a00000) (1024K)]
=>0x0000019aef023820 JavaThread "C2 CompilerThread0"         daemon [_thread_in_native, id=10960, stack(0x0000008176a00000,0x0000008176b00000) (1024K)]
  0x0000019aef02ae90 JavaThread "C1 CompilerThread0"         daemon [_thread_in_vm, id=5444, stack(0x0000008176b00000,0x0000008176c00000) (1024K)]
  0x0000019aef12f020 JavaThread "Common-Cleaner"             daemon [_thread_blocked, id=15288, stack(0x0000008176c00000,0x0000008176d00000) (1024K)]
  0x0000019aef3843e0 JavaThread "Notification Thread"        daemon [_thread_blocked, id=22180, stack(0x0000008176e00000,0x0000008176f00000) (1024K)]
  0x0000019aefbcaf30 JavaThread "Active Thread: Equinox Container: 056f747a-ae24-4d6b-888a-97a0f0f6d566"        [_thread_blocked, id=23072, stack(0x0000008177600000,0x0000008177700000) (1024K)]
  0x0000019aefb5ff20 JavaThread "Refresh Thread: Equinox Container: 056f747a-ae24-4d6b-888a-97a0f0f6d566" daemon [_thread_blocked, id=16676, stack(0x0000008176f00000,0x0000008177000000) (1024K)]
  0x0000019aef464de0 JavaThread "Framework Event Dispatcher: Equinox Container: 056f747a-ae24-4d6b-888a-97a0f0f6d566" daemon [_thread_blocked, id=17696, stack(0x0000008177700000,0x0000008177800000) (1024K)]
  0x0000019aef357af0 JavaThread "Start Level: Equinox Container: 056f747a-ae24-4d6b-888a-97a0f0f6d566" daemon [_thread_blocked, id=8676, stack(0x0000008177800000,0x0000008177900000) (1024K)]
  0x0000019aefe39470 JavaThread "Bundle File Closer"         daemon [_thread_blocked, id=1072, stack(0x0000008177b00000,0x0000008177c00000) (1024K)]
  0x0000019af00d6610 JavaThread "SCR Component Actor"        daemon [_thread_blocked, id=15064, stack(0x0000008177c00000,0x0000008177d00000) (1024K)]
  0x0000019aefe7e900 JavaThread "C2 CompilerThread1"         daemon [_thread_in_native, id=18564, stack(0x0000008177e00000,0x0000008177f00000) (1024K)]
  0x0000019aef677b10 JavaThread "Worker-JM"                         [_thread_blocked, id=12016, stack(0x0000008177f00000,0x0000008178000000) (1024K)]
  0x0000019aef6781a0 JavaThread "JNA Cleaner"                daemon [_thread_blocked, id=9336, stack(0x0000008178000000,0x0000008178100000) (1024K)]
  0x0000019aef677480 JavaThread "Worker-0: Initialize After Load"        [_thread_blocked, id=17000, stack(0x0000008178100000,0x0000008178200000) (1024K)]
  0x0000019aef678ec0 JavaThread "Worker-1"                          [_thread_blocked, id=18296, stack(0x0000008178200000,0x0000008178300000) (1024K)]
  0x0000019aef679550 JavaThread "Worker-2"                          [_thread_blocked, id=11636, stack(0x0000008178300000,0x0000008178400000) (1024K)]
  0x0000019af18e0660 JavaThread "C2 CompilerThread2"         daemon [_thread_in_native, id=20460, stack(0x0000008178400000,0x0000008178500000) (1024K)]
  0x0000019aef676760 JavaThread "Java indexing"              daemon [_thread_blocked, id=11600, stack(0x0000008178500000,0x0000008178600000) (1024K)]
  0x0000019af2af1250 JavaThread "Worker-3: Updating Maven Dependencies"        [_thread_blocked, id=1232, stack(0x0000008178800000,0x0000008178900000) (1024K)]
  0x0000019af2aefea0 JavaThread "Worker-4"                          [_thread_blocked, id=15688, stack(0x0000008178900000,0x0000008178a00000) (1024K)]
  0x0000019af2aee460 JavaThread "Worker-5"                          [_thread_blocked, id=18768, stack(0x0000008178a00000,0x0000008178b00000) (1024K)]
  0x0000019af2af0530 JavaThread "Worker-6: Building"                [_thread_blocked, id=2500, stack(0x0000008178b00000,0x0000008178c00000) (1024K)]
  0x0000019af2aef810 JavaThread "Worker-7"                          [_thread_blocked, id=17744, stack(0x0000008178c00000,0x0000008178d00000) (1024K)]
  0x0000019af2af1f70 JavaThread "Thread-2"                   daemon [_thread_in_native, id=16200, stack(0x0000008178d00000,0x0000008178e00000) (1024K)]
  0x0000019af2aeeaf0 JavaThread "Thread-3"                   daemon [_thread_in_native, id=12112, stack(0x0000008178e00000,0x0000008178f00000) (1024K)]
  0x0000019af2af2600 JavaThread "Thread-4"                   daemon [_thread_in_native, id=20348, stack(0x0000008178f00000,0x0000008179000000) (1024K)]
  0x0000019af2af18e0 JavaThread "Thread-5"                   daemon [_thread_in_native, id=18124, stack(0x0000008179000000,0x0000008179100000) (1024K)]
  0x0000019af2aef180 JavaThread "Thread-6"                   daemon [_thread_in_native, id=6152, stack(0x0000008179100000,0x0000008179200000) (1024K)]
  0x0000019af2af39b0 JavaThread "Thread-7"                   daemon [_thread_in_native, id=19552, stack(0x0000008179200000,0x0000008179300000) (1024K)]
  0x0000019af2af2c90 JavaThread "Thread-8"                   daemon [_thread_in_native, id=21980, stack(0x0000008179300000,0x0000008179400000) (1024K)]
  0x0000019af2af3320 JavaThread "Thread-9"                   daemon [_thread_in_native, id=6964, stack(0x0000008179400000,0x0000008179500000) (1024K)]
  0x0000019af2af4040 JavaThread "Thread-10"                  daemon [_thread_in_native, id=21440, stack(0x0000008179500000,0x0000008179600000) (1024K)]
  0x0000019af2af0bc0 JavaThread "Thread-11"                  daemon [_thread_in_native, id=22600, stack(0x0000008179600000,0x0000008179700000) (1024K)]
  0x0000019af2af46d0 JavaThread "Thread-12"                  daemon [_thread_in_native, id=9804, stack(0x0000008179700000,0x0000008179800000) (1024K)]
  0x0000019af2af4d60 JavaThread "Thread-13"                  daemon [_thread_in_native, id=23164, stack(0x0000008179800000,0x0000008179900000) (1024K)]
  0x0000019af2af53f0 JavaThread "Thread-14"                  daemon [_thread_in_native, id=10040, stack(0x0000008179900000,0x0000008179a00000) (1024K)]
  0x0000019af2af5a80 JavaThread "pool-2-thread-1"                   [_thread_blocked, id=13824, stack(0x0000008179a00000,0x0000008179b00000) (1024K)]
  0x0000019af2d3a980 JavaThread "WorkspaceEventsHandler"            [_thread_blocked, id=17032, stack(0x0000008179b00000,0x0000008179c00000) (1024K)]
  0x0000019af2d3b010 JavaThread "pool-1-thread-1"                   [_thread_blocked, id=9688, stack(0x0000008179c00000,0x0000008179d00000) (1024K)]
  0x0000019af2d3b6a0 JavaThread "LocalFile Deleter"          daemon [_thread_blocked, id=20364, stack(0x0000008179d00000,0x0000008179e00000) (1024K)]
  0x0000019af2d3c3c0 JavaThread "LocalFile Deleter"          daemon [_thread_blocked, id=14956, stack(0x0000008179e00000,0x0000008179f00000) (1024K)]
  0x0000019af2d39c60 JavaThread "LocalFile Deleter"          daemon [_thread_blocked, id=2460, stack(0x0000008179f00000,0x000000817a000000) (1024K)]
  0x0000019af2d3d770 JavaThread "LocalFile Deleter"          daemon [_thread_blocked, id=22688, stack(0x000000817a000000,0x000000817a100000) (1024K)]
  0x0000019af2d3ca50 JavaThread "LocalFile Deleter"          daemon [_thread_blocked, id=19888, stack(0x000000817a100000,0x000000817a200000) (1024K)]
  0x0000019af2d3a2f0 JavaThread "LocalFile Deleter"          daemon [_thread_blocked, id=19200, stack(0x000000817a200000,0x000000817a300000) (1024K)]
  0x0000019af2d3d0e0 JavaThread "LocalFile Deleter"          daemon [_thread_blocked, id=988, stack(0x000000817a300000,0x000000817a400000) (1024K)]
  0x0000019af2d3e490 JavaThread "LocalFile Deleter"          daemon [_thread_blocked, id=22160, stack(0x000000817a400000,0x000000817a500000) (1024K)]
  0x0000019af2d3eb20 JavaThread "LocalFile Deleter"          daemon [_thread_blocked, id=5048, stack(0x000000817a500000,0x000000817a600000) (1024K)]
  0x0000019af2d3de00 JavaThread "LocalFile Deleter"          daemon [_thread_blocked, id=19036, stack(0x000000817a600000,0x000000817a700000) (1024K)]
  0x0000019af2d3f1b0 JavaThread "LocalFile Deleter"          daemon [_thread_blocked, id=9748, stack(0x000000817a700000,0x000000817a800000) (1024K)]
  0x0000019af2d3bd30 JavaThread "LocalFile Deleter"          daemon [_thread_blocked, id=21756, stack(0x000000817a800000,0x000000817a900000) (1024K)]
  0x0000019af2d41280 JavaThread "Compiler Source File Reader" daemon [_thread_blocked, id=20072, stack(0x000000817a900000,0x000000817aa00000) (1024K)]
  0x0000019af2d3f840 JavaThread "Compiler Source File Reader" daemon [_thread_blocked, id=21144, stack(0x000000817aa00000,0x000000817ab00000) (1024K)]
  0x0000019af2d3fed0 JavaThread "Compiler Source File Reader" daemon [_thread_blocked, id=21940, stack(0x000000817ab00000,0x000000817ac00000) (1024K)]
  0x0000019af2d40560 JavaThread "Compiler Source File Reader" daemon [_thread_blocked, id=10496, stack(0x000000817ac00000,0x000000817ad00000) (1024K)]
  0x0000019af2d40bf0 JavaThread "Compiler Source File Reader" daemon [_thread_blocked, id=16712, stack(0x000000817ad00000,0x000000817ae00000) (1024K)]
  0x0000019af0590d60 JavaThread "Compiler Source File Reader" daemon [_thread_blocked, id=2332, stack(0x000000817ae00000,0x000000817af00000) (1024K)]
  0x0000019af0590040 JavaThread "Compiler Source File Reader" daemon [_thread_blocked, id=21076, stack(0x000000817af00000,0x000000817b000000) (1024K)]
  0x0000019af058df70 JavaThread "Compiler Source File Reader" daemon [_thread_blocked, id=8764, stack(0x000000817b000000,0x000000817b100000) (1024K)]
  0x0000019af058f9b0 JavaThread "Compiler Source File Reader" daemon [_thread_blocked, id=22948, stack(0x000000817b100000,0x000000817b200000) (1024K)]
  0x0000019af058e600 JavaThread "Compiler Source File Reader" daemon [_thread_blocked, id=20712, stack(0x000000817b200000,0x000000817b300000) (1024K)]
  0x0000019af05906d0 JavaThread "Compiler Processing Task"   daemon [_thread_in_Java, id=21044, stack(0x0000008177d00000,0x0000008177e00000) (1024K)]
  0x0000019af058ec90 JavaThread "Compiler Class File Writer" daemon [_thread_blocked, id=3872, stack(0x000000817b300000,0x000000817b400000) (1024K)]
  0x0000019af058f320 JavaThread "Compiler Class File Writer" daemon [_thread_blocked, id=14960, stack(0x000000817b400000,0x000000817b500000) (1024K)]
  0x0000019af05941e0 JavaThread "Compiler Class File Writer" daemon [_thread_blocked, id=10432, stack(0x000000817b500000,0x000000817b600000) (1024K)]
  0x0000019af0594f00 JavaThread "Compiler Class File Writer" daemon [_thread_blocked, id=16720, stack(0x000000817b600000,0x000000817b700000) (1024K)]
  0x0000019af0594870 JavaThread "Compiler Class File Writer" daemon [_thread_blocked, id=22864, stack(0x000000817b700000,0x000000817b800000) (1024K)]
  0x0000019af05927a0 JavaThread "Compiler Class File Writer" daemon [_thread_blocked, id=2964, stack(0x000000817b800000,0x000000817b900000) (1024K)]
  0x0000019af05934c0 JavaThread "Compiler Class File Writer" daemon [_thread_blocked, id=23000, stack(0x000000817b900000,0x000000817ba00000) (1024K)]
  0x0000019af0593b50 JavaThread "Compiler Class File Writer" daemon [_thread_blocked, id=15704, stack(0x000000817ba00000,0x000000817bb00000) (1024K)]
  0x0000019aef676df0 JavaThread "Compiler Class File Writer" daemon [_thread_blocked, id=19496, stack(0x000000817bb00000,0x000000817bc00000) (1024K)]
  0x0000019ac6023f90 JavaThread "Compiler Class File Writer" daemon [_thread_blocked, id=6724, stack(0x000000817bc00000,0x000000817bd00000) (1024K)]
Total: 79

Other Threads:
  0x0000019ad25a40b0 VMThread "VM Thread"                           [id=22000, stack(0x0000008176300000,0x0000008176400000) (1024K)]
  0x0000019ad249ca00 WatcherThread "VM Periodic Task Thread"        [id=18888, stack(0x0000008176200000,0x0000008176300000) (1024K)]
  0x0000019ad262be30 WorkerThread "GC Thread#0"                     [id=376, stack(0x0000008176100000,0x0000008176200000) (1024K)]
  0x0000019aef9564d0 WorkerThread "GC Thread#1"                     [id=5396, stack(0x0000008177000000,0x0000008177100000) (1024K)]
  0x0000019aef7ce4e0 WorkerThread "GC Thread#2"                     [id=11560, stack(0x0000008177100000,0x0000008177200000) (1024K)]
  0x0000019aef956870 WorkerThread "GC Thread#3"                     [id=21104, stack(0x0000008177200000,0x0000008177300000) (1024K)]
  0x0000019aef3d8480 WorkerThread "GC Thread#4"                     [id=360, stack(0x0000008177300000,0x0000008177400000) (1024K)]
  0x0000019aef3d8820 WorkerThread "GC Thread#5"                     [id=18232, stack(0x0000008177400000,0x0000008177500000) (1024K)]
  0x0000019aef95bca0 WorkerThread "GC Thread#6"                     [id=900, stack(0x0000008177500000,0x0000008177600000) (1024K)]
  0x0000019aef461bd0 WorkerThread "GC Thread#7"                     [id=9196, stack(0x0000008176d00000,0x0000008176e00000) (1024K)]
  0x0000019aef1b2b50 WorkerThread "GC Thread#8"                     [id=21600, stack(0x0000008177900000,0x0000008177a00000) (1024K)]
  0x0000019aef1b3290 WorkerThread "GC Thread#9"                     [id=10276, stack(0x0000008177a00000,0x0000008177b00000) (1024K)]
Total: 12

Threads with active compile tasks:
C2 CompilerThread0  34190 9505       4       org.eclipse.jdt.internal.compiler.lookup.BinaryTypeBinding::createMethod (1666 bytes)
C1 CompilerThread0  34190 10057       3       java.nio.file.Files$2::next (5 bytes)
C2 CompilerThread1  34190 9754       4       lombok.eclipse.EclipseNode::traverse (800 bytes)
C2 CompilerThread2  34190 8073       4       lombok.eclipse.handlers.EclipseHandlerUtil::setGeneratedBy (10 bytes)
Total: 4

VM state: not at safepoint (normal execution)

VM Mutex/Monitor currently owned by a thread: None

Heap address: 0x0000000080000000, size: 2048 MB, Compressed Oops mode: 32-bit

CDS archive(s) mapped at: [0x0000019a80000000-0x0000019a80ba0000-0x0000019a80ba0000), size 12189696, SharedBaseAddress: 0x0000019a80000000, ArchiveRelocationMode: 1.
Compressed class space mapped at: 0x0000019a81000000-0x0000019ac1000000, reserved size: 1073741824
Narrow klass base: 0x0000019a80000000, Narrow klass shift: 0, Narrow klass range: 0x100000000

GC Precious Log:
 CardTable entry size: 512
 CPUs: 12 total, 12 available
 Memory: 23916M
 Large Page Support: Disabled
 NUMA Support: Disabled
 Compressed Oops: Enabled (32-bit)
 Alignments: Space 512K, Generation 512K, Heap 2M
 Heap Min Capacity: 100M
 Heap Initial Capacity: 100M
 Heap Max Capacity: 2G
 Pre-touch: Disabled
 Parallel Workers: 10

Heap:
 PSYoungGen      total 24064K, used 8961K [0x00000000d5580000, 0x00000000d7180000, 0x0000000100000000)
  eden space 20992K, 42% used [0x00000000d5580000,0x00000000d5e40418,0x00000000d6a00000)
  from space 3072K, 0% used [0x00000000d6e80000,0x00000000d6e80000,0x00000000d7180000)
  to   space 3584K, 0% used [0x00000000d6a80000,0x00000000d6a80000,0x00000000d6e00000)
 ParOldGen       total 68608K, used 55406K [0x0000000080000000, 0x0000000084300000, 0x00000000d5580000)
  object space 68608K, 80% used [0x0000000080000000,0x000000008361b8a0,0x0000000084300000)
 Metaspace       used 58621K, committed 59968K, reserved 1114112K
  class space    used 6160K, committed 6784K, reserved 1048576K

Card table byte_map: [0x0000019ad1fb0000,0x0000019ad23c0000] _byte_map_base: 0x0000019ad1bb0000

Marking Bits: (ParMarkBitMap*) 0x00007ffd0d2ca340
 Begin Bits: [0x0000019ae4ab0000, 0x0000019ae6ab0000)
 End Bits:   [0x0000019ae6ab0000, 0x0000019ae8ab0000)

Polling page: 0x0000019ad0380000

Metaspace:

Usage:
  Non-class:     51.23 MB used.
      Class:      6.02 MB used.
       Both:     57.25 MB used.

Virtual space:
  Non-class space:       64.00 MB reserved,      52.00 MB ( 81%) committed,  1 nodes.
      Class space:        1.00 GB reserved,       6.62 MB ( <1%) committed,  1 nodes.
             Both:        1.06 GB reserved,      58.62 MB (  5%) committed. 

Chunk freelists:
   Non-Class:  11.98 MB
       Class:  9.42 MB
        Both:  21.40 MB

MaxMetaspaceSize: unlimited
CompressedClassSpaceSize: 1.00 GB
Initial GC threshold: 21.00 MB
Current GC threshold: 97.31 MB
CDS: on
 - commit_granule_bytes: 65536.
 - commit_granule_words: 8192.
 - virtual_space_node_default_size: 8388608.
 - enlarge_chunks_in_place: 1.
 - use_allocation_guard: 0.


Internal statistics:

num_allocs_failed_limit: 9.
num_arena_births: 1026.
num_arena_deaths: 14.
num_vsnodes_births: 2.
num_vsnodes_deaths: 0.
num_space_committed: 938.
num_space_uncommitted: 0.
num_chunks_returned_to_freelist: 23.
num_chunks_taken_from_freelist: 3833.
num_chunk_merges: 13.
num_chunk_splits: 2309.
num_chunks_enlarged: 1286.
num_inconsistent_stats: 0.

CodeHeap 'non-profiled nmethods': size=120000Kb used=5190Kb max_used=5282Kb free=114809Kb
 bounds [0x0000019add2d0000, 0x0000019add810000, 0x0000019ae4800000]
CodeHeap 'profiled nmethods': size=120000Kb used=20675Kb max_used=20824Kb free=99324Kb
 bounds [0x0000019ad5800000, 0x0000019ad6c70000, 0x0000019adcd30000]
CodeHeap 'non-nmethods': size=5760Kb used=1414Kb max_used=1540Kb free=4345Kb
 bounds [0x0000019adcd30000, 0x0000019adcfa0000, 0x0000019add2d0000]
CodeCache: size=245760Kb, used=27279Kb, max_used=27646Kb, free=218478Kb
 total_blobs=9911, nmethods=9188, adapters=628, full_count=0
Compilation: enabled, stopped_count=0, restarted_count=0

Compilation events (20 events):
Event: 33.150 Thread 0x0000019aef02ae90 nmethod 10014 0x0000019ad6011f10 code [0x0000019ad60120e0, 0x0000019ad6012328]
Event: 33.150 Thread 0x0000019aef02ae90 10015       3       org.eclipse.jdt.internal.compiler.codegen.VerificationTypeInfo::equals (54 bytes)
Event: 33.150 Thread 0x0000019aef02ae90 nmethod 10015 0x0000019ad5f35810 code [0x0000019ad5f35a20, 0x0000019ad5f36140]
Event: 33.150 Thread 0x0000019aef02ae90 9998       3       java.util.stream.MatchOps$MatchOp::evaluateSequential (7 bytes)
Event: 33.151 Thread 0x0000019aef02ae90 nmethod 9998 0x0000019ad59cd710 code [0x0000019ad59cd900, 0x0000019ad59cdf70]
Event: 33.151 Thread 0x0000019aef02ae90 10000   !   3       java.nio.file.Files::list (70 bytes)
Event: 33.151 Thread 0x0000019aef02ae90 nmethod 10000 0x0000019ad6055490 code [0x0000019ad6055780, 0x0000019ad6056880]
Event: 33.152 Thread 0x0000019aef02ae90 10019       3       org.eclipse.jdt.internal.compiler.codegen.ConstantPool::literalIndexForType (183 bytes)
Event: 33.152 Thread 0x0000019aef02ae90 nmethod 10019 0x0000019ad5e21b90 code [0x0000019ad5e21e20, 0x0000019ad5e229f0]
Event: 33.152 Thread 0x0000019aef02ae90 10018       3       org.eclipse.jdt.internal.compiler.codegen.StackMapFrame::addStackItem (97 bytes)
Event: 33.153 Thread 0x0000019aef02ae90 nmethod 10018 0x0000019ad6025190 code [0x0000019ad6025380, 0x0000019ad6025b08]
Event: 33.153 Thread 0x0000019aef02ae90 10013       2       org.eclipse.jdt.internal.compiler.codegen.StackMapFrame::getNumberOfLocals (97 bytes)
Event: 33.153 Thread 0x0000019aef02ae90 nmethod 10013 0x0000019ad602c610 code [0x0000019ad602c7c0, 0x0000019ad602ca00]
Event: 33.153 Thread 0x0000019aef02ae90 10009       2       org.eclipse.jdt.internal.compiler.codegen.StackMapFrameCodeStream::addDefinitelyAssignedVariables (86 bytes)
Event: 33.153 Thread 0x0000019aef02ae90 nmethod 10009 0x0000019ad5ff2f10 code [0x0000019ad5ff30e0, 0x0000019ad5ff3388]
Event: 33.153 Thread 0x0000019aef02ae90 9983       2       org.eclipse.jdt.internal.compiler.codegen.CodeStream::getConstantPoolDeclaringClass (158 bytes)
Event: 33.154 Thread 0x0000019aef02ae90 nmethod 9983 0x0000019ad5b99510 code [0x0000019ad5b99740, 0x0000019ad5b99c88]
Event: 33.154 Thread 0x0000019aef02ae90 9990       2       org.eclipse.jdt.internal.compiler.lookup.Scope::namedMethodScope (32 bytes)
Event: 33.154 Thread 0x0000019aef02ae90 nmethod 9990 0x0000019ad6100590 code [0x0000019ad6100760, 0x0000019ad61009e0]
Event: 33.154 Thread 0x0000019aef02ae90 10010       2       org.eclipse.jdt.internal.compiler.codegen.BranchLabel::trackStackDepth (315 bytes)

GC Heap History (20 events):
Event: 27.309 GC heap before
{Heap before GC invocations=30 (full 2):
 PSYoungGen      total 22528K, used 22516K [0x00000000d5580000, 0x00000000d7000000, 0x0000000100000000)
  eden space 20992K, 100% used [0x00000000d5580000,0x00000000d6a00000,0x00000000d6a00000)
  from space 1536K, 99% used [0x00000000d6a80000,0x00000000d6bfd1e8,0x00000000d6c00000)
  to   space 3072K, 0% used [0x00000000d6d00000,0x00000000d6d00000,0x00000000d7000000)
 ParOldGen       total 68608K, used 40412K [0x0000000080000000, 0x0000000084300000, 0x00000000d5580000)
  object space 68608K, 58% used [0x0000000080000000,0x00000000827770e0,0x0000000084300000)
 Metaspace       used 52773K, committed 54144K, reserved 1114112K
  class space    used 5691K, committed 6272K, reserved 1048576K
}
Event: 27.309 GC heap after
{Heap after GC invocations=30 (full 2):
 PSYoungGen      total 21504K, used 288K [0x00000000d5580000, 0x00000000d6d80000, 0x0000000100000000)
  eden space 20992K, 0% used [0x00000000d5580000,0x00000000d5580000,0x00000000d6a00000)
  from space 512K, 56% used [0x00000000d6d00000,0x00000000d6d48000,0x00000000d6d80000)
  to   space 1536K, 0% used [0x00000000d6a80000,0x00000000d6a80000,0x00000000d6c00000)
 ParOldGen       total 68608K, used 40604K [0x0000000080000000, 0x0000000084300000, 0x00000000d5580000)
  object space 68608K, 59% used [0x0000000080000000,0x00000000827a70e0,0x0000000084300000)
 Metaspace       used 52773K, committed 54144K, reserved 1114112K
  class space    used 5691K, committed 6272K, reserved 1048576K
}
Event: 27.654 GC heap before
{Heap before GC invocations=31 (full 2):
 PSYoungGen      total 21504K, used 21241K [0x00000000d5580000, 0x00000000d6d80000, 0x0000000100000000)
  eden space 20992K, 99% used [0x00000000d5580000,0x00000000d69f6730,0x00000000d6a00000)
  from space 512K, 56% used [0x00000000d6d00000,0x00000000d6d48000,0x00000000d6d80000)
  to   space 1536K, 0% used [0x00000000d6a80000,0x00000000d6a80000,0x00000000d6c00000)
 ParOldGen       total 68608K, used 40604K [0x0000000080000000, 0x0000000084300000, 0x00000000d5580000)
  object space 68608K, 59% used [0x0000000080000000,0x00000000827a70e0,0x0000000084300000)
 Metaspace       used 54159K, committed 55552K, reserved 1114112K
  class space    used 5817K, committed 6400K, reserved 1048576K
}
Event: 27.659 GC heap after
{Heap after GC invocations=31 (full 2):
 PSYoungGen      total 22528K, used 1517K [0x00000000d5580000, 0x00000000d7300000, 0x0000000100000000)
  eden space 20992K, 0% used [0x00000000d5580000,0x00000000d5580000,0x00000000d6a00000)
  from space 1536K, 98% used [0x00000000d6a80000,0x00000000d6bfb590,0x00000000d6c00000)
  to   space 4608K, 0% used [0x00000000d6e80000,0x00000000d6e80000,0x00000000d7300000)
 ParOldGen       total 68608K, used 42643K [0x0000000080000000, 0x0000000084300000, 0x00000000d5580000)
  object space 68608K, 62% used [0x0000000080000000,0x00000000829a4d88,0x0000000084300000)
 Metaspace       used 54159K, committed 55552K, reserved 1114112K
  class space    used 5817K, committed 6400K, reserved 1048576K
}
Event: 28.138 GC heap before
{Heap before GC invocations=32 (full 2):
 PSYoungGen      total 22528K, used 22509K [0x00000000d5580000, 0x00000000d7300000, 0x0000000100000000)
  eden space 20992K, 100% used [0x00000000d5580000,0x00000000d6a00000,0x00000000d6a00000)
  from space 1536K, 98% used [0x00000000d6a80000,0x00000000d6bfb590,0x00000000d6c00000)
  to   space 4608K, 0% used [0x00000000d6e80000,0x00000000d6e80000,0x00000000d7300000)
 ParOldGen       total 68608K, used 42643K [0x0000000080000000, 0x0000000084300000, 0x00000000d5580000)
  object space 68608K, 62% used [0x0000000080000000,0x00000000829a4d88,0x0000000084300000)
 Metaspace       used 54944K, committed 56320K, reserved 1114112K
  class space    used 5894K, committed 6464K, reserved 1048576K
}
Event: 28.140 GC heap after
{Heap after GC invocations=32 (full 2):
 PSYoungGen      total 25600K, used 4105K [0x00000000d5580000, 0x00000000d7300000, 0x0000000100000000)
  eden space 20992K, 0% used [0x00000000d5580000,0x00000000d5580000,0x00000000d6a00000)
  from space 4608K, 89% used [0x00000000d6e80000,0x00000000d72826a8,0x00000000d7300000)
  to   space 4608K, 0% used [0x00000000d6a00000,0x00000000d6a00000,0x00000000d6e80000)
 ParOldGen       total 68608K, used 44185K [0x0000000080000000, 0x0000000084300000, 0x00000000d5580000)
  object space 68608K, 64% used [0x0000000080000000,0x0000000082b26588,0x0000000084300000)
 Metaspace       used 54944K, committed 56320K, reserved 1114112K
  class space    used 5894K, committed 6464K, reserved 1048576K
}
Event: 28.353 GC heap before
{Heap before GC invocations=33 (full 2):
 PSYoungGen      total 25600K, used 25097K [0x00000000d5580000, 0x00000000d7300000, 0x0000000100000000)
  eden space 20992K, 100% used [0x00000000d5580000,0x00000000d6a00000,0x00000000d6a00000)
  from space 4608K, 89% used [0x00000000d6e80000,0x00000000d72826a8,0x00000000d7300000)
  to   space 4608K, 0% used [0x00000000d6a00000,0x00000000d6a00000,0x00000000d6e80000)
 ParOldGen       total 68608K, used 44185K [0x0000000080000000, 0x0000000084300000, 0x00000000d5580000)
  object space 68608K, 64% used [0x0000000080000000,0x0000000082b26588,0x0000000084300000)
 Metaspace       used 55175K, committed 56512K, reserved 1114112K
  class space    used 5913K, committed 6464K, reserved 1048576K
}
Event: 28.356 GC heap after
{Heap after GC invocations=33 (full 2):
 PSYoungGen      total 22528K, used 1456K [0x00000000d5580000, 0x00000000d6f00000, 0x0000000100000000)
  eden space 20992K, 0% used [0x00000000d5580000,0x00000000d5580000,0x00000000d6a00000)
  from space 1536K, 94% used [0x00000000d6a00000,0x00000000d6b6c030,0x00000000d6b80000)
  to   space 2560K, 0% used [0x00000000d6c80000,0x00000000d6c80000,0x00000000d6f00000)
 ParOldGen       total 68608K, used 48063K [0x0000000080000000, 0x0000000084300000, 0x00000000d5580000)
  object space 68608K, 70% used [0x0000000080000000,0x0000000082eefd30,0x0000000084300000)
 Metaspace       used 55175K, committed 56512K, reserved 1114112K
  class space    used 5913K, committed 6464K, reserved 1048576K
}
Event: 28.471 GC heap before
{Heap before GC invocations=34 (full 2):
 PSYoungGen      total 22528K, used 22445K [0x00000000d5580000, 0x00000000d6f00000, 0x0000000100000000)
  eden space 20992K, 99% used [0x00000000d5580000,0x00000000d69ff4a8,0x00000000d6a00000)
  from space 1536K, 94% used [0x00000000d6a00000,0x00000000d6b6c030,0x00000000d6b80000)
  to   space 2560K, 0% used [0x00000000d6c80000,0x00000000d6c80000,0x00000000d6f00000)
 ParOldGen       total 68608K, used 48063K [0x0000000080000000, 0x0000000084300000, 0x00000000d5580000)
  object space 68608K, 70% used [0x0000000080000000,0x0000000082eefd30,0x0000000084300000)
 Metaspace       used 55275K, committed 56640K, reserved 1114112K
  class space    used 5917K, committed 6528K, reserved 1048576K
}
Event: 28.473 GC heap after
{Heap after GC invocations=34 (full 2):
 PSYoungGen      total 23040K, used 1568K [0x00000000d5580000, 0x00000000d6e80000, 0x0000000100000000)
  eden space 20992K, 0% used [0x00000000d5580000,0x00000000d5580000,0x00000000d6a00000)
  from space 2048K, 76% used [0x00000000d6c80000,0x00000000d6e08080,0x00000000d6e80000)
  to   space 2048K, 0% used [0x00000000d6a80000,0x00000000d6a80000,0x00000000d6c80000)
 ParOldGen       total 68608K, used 49475K [0x0000000080000000, 0x0000000084300000, 0x00000000d5580000)
  object space 68608K, 72% used [0x0000000080000000,0x0000000083050e00,0x0000000084300000)
 Metaspace       used 55275K, committed 56640K, reserved 1114112K
  class space    used 5917K, committed 6528K, reserved 1048576K
}
Event: 28.863 GC heap before
{Heap before GC invocations=35 (full 2):
 PSYoungGen      total 23040K, used 22560K [0x00000000d5580000, 0x00000000d6e80000, 0x0000000100000000)
  eden space 20992K, 100% used [0x00000000d5580000,0x00000000d6a00000,0x00000000d6a00000)
  from space 2048K, 76% used [0x00000000d6c80000,0x00000000d6e08080,0x00000000d6e80000)
  to   space 2048K, 0% used [0x00000000d6a80000,0x00000000d6a80000,0x00000000d6c80000)
 ParOldGen       total 68608K, used 49475K [0x0000000080000000, 0x0000000084300000, 0x00000000d5580000)
  object space 68608K, 72% used [0x0000000080000000,0x0000000083050e00,0x0000000084300000)
 Metaspace       used 56333K, committed 57728K, reserved 1114112K
  class space    used 6006K, committed 6592K, reserved 1048576K
}
Event: 28.866 GC heap after
{Heap after GC invocations=35 (full 2):
 PSYoungGen      total 23040K, used 2032K [0x00000000d5580000, 0x00000000d7300000, 0x0000000100000000)
  eden space 20992K, 0% used [0x00000000d5580000,0x00000000d5580000,0x00000000d6a00000)
  from space 2048K, 99% used [0x00000000d6a80000,0x00000000d6c7c3b0,0x00000000d6c80000)
  to   space 4608K, 0% used [0x00000000d6e80000,0x00000000d6e80000,0x00000000d7300000)
 ParOldGen       total 68608K, used 51557K [0x0000000080000000, 0x0000000084300000, 0x00000000d5580000)
  object space 68608K, 75% used [0x0000000080000000,0x00000000832596e0,0x0000000084300000)
 Metaspace       used 56333K, committed 57728K, reserved 1114112K
  class space    used 6006K, committed 6592K, reserved 1048576K
}
Event: 29.094 GC heap before
{Heap before GC invocations=36 (full 2):
 PSYoungGen      total 23040K, used 23024K [0x00000000d5580000, 0x00000000d7300000, 0x0000000100000000)
  eden space 20992K, 100% used [0x00000000d5580000,0x00000000d6a00000,0x00000000d6a00000)
  from space 2048K, 99% used [0x00000000d6a80000,0x00000000d6c7c3b0,0x00000000d6c80000)
  to   space 4608K, 0% used [0x00000000d6e80000,0x00000000d6e80000,0x00000000d7300000)
 ParOldGen       total 68608K, used 51557K [0x0000000080000000, 0x0000000084300000, 0x00000000d5580000)
  object space 68608K, 75% used [0x0000000080000000,0x00000000832596e0,0x0000000084300000)
 Metaspace       used 56696K, committed 58048K, reserved 1114112K
  class space    used 6007K, committed 6592K, reserved 1048576K
}
Event: 29.096 GC heap after
{Heap after GC invocations=36 (full 2):
 PSYoungGen      total 22528K, used 1265K [0x00000000d5580000, 0x00000000d7000000, 0x0000000100000000)
  eden space 20992K, 0% used [0x00000000d5580000,0x00000000d5580000,0x00000000d6a00000)
  from space 1536K, 82% used [0x00000000d6e80000,0x00000000d6fbc6d8,0x00000000d7000000)
  to   space 2560K, 0% used [0x00000000d6b00000,0x00000000d6b00000,0x00000000d6d80000)
 ParOldGen       total 68608K, used 53570K [0x0000000080000000, 0x0000000084300000, 0x00000000d5580000)
  object space 68608K, 78% used [0x0000000080000000,0x00000000834508b8,0x0000000084300000)
 Metaspace       used 56696K, committed 58048K, reserved 1114112K
  class space    used 6007K, committed 6592K, reserved 1048576K
}
Event: 31.566 GC heap before
{Heap before GC invocations=37 (full 2):
 PSYoungGen      total 22528K, used 22256K [0x00000000d5580000, 0x00000000d7000000, 0x0000000100000000)
  eden space 20992K, 99% used [0x00000000d5580000,0x00000000d69ffb50,0x00000000d6a00000)
  from space 1536K, 82% used [0x00000000d6e80000,0x00000000d6fbc6d8,0x00000000d7000000)
  to   space 2560K, 0% used [0x00000000d6b00000,0x00000000d6b00000,0x00000000d6d80000)
 ParOldGen       total 68608K, used 53570K [0x0000000080000000, 0x0000000084300000, 0x00000000d5580000)
  object space 68608K, 78% used [0x0000000080000000,0x00000000834508b8,0x0000000084300000)
 Metaspace       used 57589K, committed 58880K, reserved 1114112K
  class space    used 6126K, committed 6720K, reserved 1048576K
}
Event: 31.569 GC heap after
{Heap after GC invocations=37 (full 2):
 PSYoungGen      total 23552K, used 2556K [0x00000000d5580000, 0x00000000d7300000, 0x0000000100000000)
  eden space 20992K, 0% used [0x00000000d5580000,0x00000000d5580000,0x00000000d6a00000)
  from space 2560K, 99% used [0x00000000d6b00000,0x00000000d6d7f018,0x00000000d6d80000)
  to   space 4608K, 0% used [0x00000000d6e80000,0x00000000d6e80000,0x00000000d7300000)
 ParOldGen       total 68608K, used 54705K [0x0000000080000000, 0x0000000084300000, 0x00000000d5580000)
  object space 68608K, 79% used [0x0000000080000000,0x000000008356c5b0,0x0000000084300000)
 Metaspace       used 57589K, committed 58880K, reserved 1114112K
  class space    used 6126K, committed 6720K, reserved 1048576K
}
Event: 33.005 GC heap before
{Heap before GC invocations=38 (full 2):
 PSYoungGen      total 23552K, used 18766K [0x00000000d5580000, 0x00000000d7300000, 0x0000000100000000)
  eden space 20992K, 77% used [0x00000000d5580000,0x00000000d6554ad0,0x00000000d6a00000)
  from space 2560K, 99% used [0x00000000d6b00000,0x00000000d6d7f018,0x00000000d6d80000)
  to   space 4608K, 0% used [0x00000000d6e80000,0x00000000d6e80000,0x00000000d7300000)
 ParOldGen       total 68608K, used 54705K [0x0000000080000000, 0x0000000084300000, 0x00000000d5580000)
  object space 68608K, 79% used [0x0000000080000000,0x000000008356c5b0,0x0000000084300000)
 Metaspace       used 58416K, committed 59776K, reserved 1114112K
  class space    used 6160K, committed 6784K, reserved 1048576K
}
Event: 33.008 GC heap after
{Heap after GC invocations=38 (full 2):
 PSYoungGen      total 24064K, used 2745K [0x00000000d5580000, 0x00000000d7180000, 0x0000000100000000)
  eden space 20992K, 0% used [0x00000000d5580000,0x00000000d5580000,0x00000000d6a00000)
  from space 3072K, 89% used [0x00000000d6e80000,0x00000000d712e6c0,0x00000000d7180000)
  to   space 3584K, 0% used [0x00000000d6a80000,0x00000000d6a80000,0x00000000d6e00000)
 ParOldGen       total 68608K, used 56744K [0x0000000080000000, 0x0000000084300000, 0x00000000d5580000)
  object space 68608K, 82% used [0x0000000080000000,0x000000008376a1c8,0x0000000084300000)
 Metaspace       used 58416K, committed 59776K, reserved 1114112K
  class space    used 6160K, committed 6784K, reserved 1048576K
}
Event: 33.008 GC heap before
{Heap before GC invocations=39 (full 3):
 PSYoungGen      total 24064K, used 2745K [0x00000000d5580000, 0x00000000d7180000, 0x0000000100000000)
  eden space 20992K, 0% used [0x00000000d5580000,0x00000000d5580000,0x00000000d6a00000)
  from space 3072K, 89% used [0x00000000d6e80000,0x00000000d712e6c0,0x00000000d7180000)
  to   space 3584K, 0% used [0x00000000d6a80000,0x00000000d6a80000,0x00000000d6e00000)
 ParOldGen       total 68608K, used 56744K [0x0000000080000000, 0x0000000084300000, 0x00000000d5580000)
  object space 68608K, 82% used [0x0000000080000000,0x000000008376a1c8,0x0000000084300000)
 Metaspace       used 58416K, committed 59776K, reserved 1114112K
  class space    used 6160K, committed 6784K, reserved 1048576K
}
Event: 33.071 GC heap after
{Heap after GC invocations=39 (full 3):
 PSYoungGen      total 24064K, used 0K [0x00000000d5580000, 0x00000000d7180000, 0x0000000100000000)
  eden space 20992K, 0% used [0x00000000d5580000,0x00000000d5580000,0x00000000d6a00000)
  from space 3072K, 0% used [0x00000000d6e80000,0x00000000d6e80000,0x00000000d7180000)
  to   space 3584K, 0% used [0x00000000d6a80000,0x00000000d6a80000,0x00000000d6e00000)
 ParOldGen       total 68608K, used 55406K [0x0000000080000000, 0x0000000084300000, 0x00000000d5580000)
  object space 68608K, 80% used [0x0000000080000000,0x000000008361b8a0,0x0000000084300000)
 Metaspace       used 58416K, committed 59776K, reserved 1114112K
  class space    used 6160K, committed 6784K, reserved 1048576K
}

Dll operation events (10 events):
Event: 0.029 Loaded shared library c:\Users\nguye\.vscode\extensions\redhat.java-1.45.0-win32-x64\jre\21.0.8-win32-x86_64\bin\java.dll
Event: 0.079 Loaded shared library c:\Users\nguye\.vscode\extensions\redhat.java-1.45.0-win32-x64\jre\21.0.8-win32-x86_64\bin\zip.dll
Event: 0.099 Loaded shared library C:\Users\nguye\.vscode\extensions\redhat.java-1.45.0-win32-x64\jre\21.0.8-win32-x86_64\bin\instrument.dll
Event: 0.103 Loaded shared library C:\Users\nguye\.vscode\extensions\redhat.java-1.45.0-win32-x64\jre\21.0.8-win32-x86_64\bin\net.dll
Event: 0.105 Loaded shared library C:\Users\nguye\.vscode\extensions\redhat.java-1.45.0-win32-x64\jre\21.0.8-win32-x86_64\bin\nio.dll
Event: 0.107 Loaded shared library C:\Users\nguye\.vscode\extensions\redhat.java-1.45.0-win32-x64\jre\21.0.8-win32-x86_64\bin\zip.dll
Event: 0.120 Loaded shared library C:\Users\nguye\.vscode\extensions\redhat.java-1.45.0-win32-x64\jre\21.0.8-win32-x86_64\bin\jimage.dll
Event: 0.173 Loaded shared library c:\Users\nguye\.vscode\extensions\redhat.java-1.45.0-win32-x64\jre\21.0.8-win32-x86_64\bin\verify.dll
Event: 10.934 Loaded shared library C:\Users\nguye\AppData\Roaming\Code\User\globalStorage\redhat.java\1.45.0\config_win\org.eclipse.equinox.launcher\org.eclipse.equinox.launcher.win32.win32.x86_64_1.2.1400.v20250801-0854\eclipse_11916.dll
Event: 23.329 Loaded shared library C:\Users\nguye\AppData\Local\Temp\jna-104772072\jna13940102680556729054.dll

Deoptimization events (20 events):
Event: 32.926 Thread 0x0000019af05906d0 DEOPT PACKING pc=0x0000019add7da3ec sp=0x0000008177dfe740
Event: 32.926 Thread 0x0000019af05906d0 DEOPT UNPACKING pc=0x0000019adcd83aa2 sp=0x0000008177dfe6d8 mode 2
Event: 32.926 Thread 0x0000019af05906d0 Uncommon trap: trap_request=0xffffffde fr.pc=0x0000019add7da3ec relative=0x0000000000000cac
Event: 32.926 Thread 0x0000019af05906d0 Uncommon trap: reason=class_check action=maybe_recompile pc=0x0000019add7da3ec method=lombok.eclipse.EclipseNode.traverse(Llombok/eclipse/EclipseASTVisitor;)V @ 357 c2
Event: 32.926 Thread 0x0000019af05906d0 DEOPT PACKING pc=0x0000019add7da3ec sp=0x0000008177dfe860
Event: 32.926 Thread 0x0000019af05906d0 DEOPT UNPACKING pc=0x0000019adcd83aa2 sp=0x0000008177dfe7f8 mode 2
Event: 32.931 Thread 0x0000019af05906d0 DEOPT PACKING pc=0x0000019ad6ad17ab sp=0x0000008177dfec50
Event: 32.931 Thread 0x0000019af05906d0 DEOPT UNPACKING pc=0x0000019adcd84242 sp=0x0000008177dfe0e8 mode 0
Event: 32.978 Thread 0x0000019af05906d0 Uncommon trap: trap_request=0xffffff45 fr.pc=0x0000019add361228 relative=0x00000000000004a8
Event: 32.978 Thread 0x0000019af05906d0 Uncommon trap: reason=unstable_if action=reinterpret pc=0x0000019add361228 method=java.lang.AbstractStringBuilder.inflateIfNeededFor(Ljava/lang/String;)V @ 14 c2
Event: 32.978 Thread 0x0000019af05906d0 DEOPT PACKING pc=0x0000019add361228 sp=0x0000008177dfe7c0
Event: 32.978 Thread 0x0000019af05906d0 DEOPT UNPACKING pc=0x0000019adcd83aa2 sp=0x0000008177dfe670 mode 2
Event: 32.978 Thread 0x0000019af05906d0 Uncommon trap: trap_request=0xffffff45 fr.pc=0x0000019add384b28 relative=0x0000000000000468
Event: 32.978 Thread 0x0000019af05906d0 Uncommon trap: reason=unstable_if action=reinterpret pc=0x0000019add384b28 method=java.lang.AbstractStringBuilder.isLatin1()Z @ 10 c2
Event: 32.978 Thread 0x0000019af05906d0 DEOPT PACKING pc=0x0000019add384b28 sp=0x0000008177dfe7d0
Event: 32.978 Thread 0x0000019af05906d0 DEOPT UNPACKING pc=0x0000019adcd83aa2 sp=0x0000008177dfe668 mode 2
Event: 33.125 Thread 0x0000019af2af0530 DEOPT PACKING pc=0x0000019ad6b623f9 sp=0x0000008178bfe430
Event: 33.125 Thread 0x0000019af2af0530 DEOPT UNPACKING pc=0x0000019adcd84242 sp=0x0000008178bfd8e8 mode 0
Event: 33.130 Thread 0x0000019af05906d0 DEOPT PACKING pc=0x0000019ad6b7b69f sp=0x0000008177dfe920
Event: 33.130 Thread 0x0000019af05906d0 DEOPT UNPACKING pc=0x0000019adcd84242 sp=0x0000008177dfded0 mode 0

Classes loaded (20 events):
Event: 29.292 Loading class sun/nio/ch/ChannelOutputStream
Event: 29.292 Loading class sun/nio/ch/ChannelOutputStream done
Event: 31.502 Loading class java/io/DataOutputStream
Event: 31.503 Loading class java/io/DataOutputStream done
Event: 31.744 Loading class sun/nio/cs/ISO_8859_1$Encoder
Event: 31.744 Loading class sun/nio/cs/ISO_8859_1$Encoder done
Event: 31.744 Loading class sun/nio/cs/Surrogate$Parser
Event: 31.744 Loading class sun/nio/cs/Surrogate$Parser done
Event: 31.744 Loading class sun/nio/cs/Surrogate
Event: 31.744 Loading class sun/nio/cs/Surrogate done
Event: 32.823 Loading class java/util/stream/ReferencePipeline$4
Event: 32.823 Loading class java/util/stream/ReferencePipeline$4 done
Event: 32.823 Loading class java/util/stream/Nodes$IntFixedNodeBuilder
Event: 32.824 Loading class java/util/stream/Node$Builder$OfInt
Event: 32.824 Loading class java/util/stream/Node$Builder$OfInt done
Event: 32.824 Loading class java/util/stream/Nodes$IntArrayNode
Event: 32.824 Loading class java/util/stream/Nodes$IntArrayNode done
Event: 32.824 Loading class java/util/stream/Nodes$IntFixedNodeBuilder done
Event: 32.824 Loading class java/util/stream/ReferencePipeline$4$1
Event: 32.824 Loading class java/util/stream/ReferencePipeline$4$1 done

Classes unloaded (7 events):
Event: 23.711 Thread 0x0000019ad25a40b0 Unloading class 0x0000019a811ab000 'java/lang/invoke/LambdaForm$MH+0x0000019a811ab000'
Event: 23.711 Thread 0x0000019ad25a40b0 Unloading class 0x0000019a811aac00 'java/lang/invoke/LambdaForm$MH+0x0000019a811aac00'
Event: 23.711 Thread 0x0000019ad25a40b0 Unloading class 0x0000019a811aa800 'java/lang/invoke/LambdaForm$MH+0x0000019a811aa800'
Event: 23.711 Thread 0x0000019ad25a40b0 Unloading class 0x0000019a811aa400 'java/lang/invoke/LambdaForm$MH+0x0000019a811aa400'
Event: 23.711 Thread 0x0000019ad25a40b0 Unloading class 0x0000019a811aa000 'java/lang/invoke/LambdaForm$BMH+0x0000019a811aa000'
Event: 23.711 Thread 0x0000019ad25a40b0 Unloading class 0x0000019a811a9c00 'java/lang/invoke/LambdaForm$DMH+0x0000019a811a9c00'
Event: 23.711 Thread 0x0000019ad25a40b0 Unloading class 0x0000019a811a8800 'java/lang/invoke/LambdaForm$DMH+0x0000019a811a8800'

Classes redefined (0 events):
No events

Internal exceptions (20 events):
Event: 26.311 Thread 0x0000019af2af0530 Exception <a 'sun/nio/fs/WindowsException'{0x00000000d582c930}> (0x00000000d582c930) 
thrown [s\src\hotspot\share\prims\jni.cpp, line 520]
Event: 26.315 Thread 0x0000019af2af0530 Exception <a 'sun/nio/fs/WindowsException'{0x00000000d5854b40}> (0x00000000d5854b40) 
thrown [s\src\hotspot\share\prims\jni.cpp, line 520]
Event: 26.316 Thread 0x0000019af2af1250 Exception <a 'java/lang/NoClassDefFoundError'{0x00000000d58b7788}: com/google/inject/servlet/ServletModuleTargetVisitor> (0x00000000d58b7788) 
thrown [s\src\hotspot\share\classfile\systemDictionary.cpp, line 301]
Event: 26.780 Thread 0x0000019aef678ec0 Exception <a 'sun/nio/fs/WindowsException'{0x00000000d5c63248}> (0x00000000d5c63248) 
thrown [s\src\hotspot\share\prims\jni.cpp, line 520]
Event: 26.780 Thread 0x0000019aef678ec0 Exception <a 'sun/nio/fs/WindowsException'{0x00000000d5c63b28}> (0x00000000d5c63b28) 
thrown [s\src\hotspot\share\prims\jni.cpp, line 520]
Event: 26.909 Thread 0x0000019aef678ec0 Exception <a 'sun/nio/fs/WindowsException'{0x00000000d60e7e58}> (0x00000000d60e7e58) 
thrown [s\src\hotspot\share\prims\jni.cpp, line 520]
Event: 26.923 Thread 0x0000019aef678ec0 Exception <a 'java/io/FileNotFoundException'{0x00000000d61bcef8}> (0x00000000d61bcef8) 
thrown [s\src\hotspot\share\prims\jni.cpp, line 520]
Event: 26.923 Thread 0x0000019aef678ec0 Exception <a 'java/io/FileNotFoundException'{0x00000000d61bdef8}> (0x00000000d61bdef8) 
thrown [s\src\hotspot\share\prims\jni.cpp, line 520]
Event: 26.923 Thread 0x0000019aef678ec0 Exception <a 'java/io/FileNotFoundException'{0x00000000d61bec50}> (0x00000000d61bec50) 
thrown [s\src\hotspot\share\prims\jni.cpp, line 520]
Event: 28.125 Thread 0x0000019af2af0530 Exception <a 'java/lang/NoSuchMethodError'{0x00000000d6911d48}: 'java.lang.Object java.lang.invoke.DirectMethodHandle$Holder.invokeStatic(java.lang.Object, java.lang.Object, int, int)'> (0x00000000d6911d48) 
thrown [s\src\hotspot\share\interpreter\linkResolver.cpp, line 773]
Event: 28.125 Thread 0x0000019af2af0530 Exception <a 'java/lang/NoSuchMethodError'{0x00000000d6916148}: 'java.lang.Object java.lang.invoke.DirectMethodHandle$Holder.invokeSpecial(java.lang.Object, java.lang.Object, java.lang.Object, int, int)'> (0x00000000d6916148) 
thrown [s\src\hotspot\share\interpreter\linkResolver.cpp, line 773]
Event: 28.280 Thread 0x0000019af2af0530 Exception <a 'java/lang/NoSuchMethodError'{0x00000000d61dbf88}: 'void java.lang.invoke.DelegatingMethodHandle$Holder.reinvoke_L(java.lang.Object, java.lang.Object, java.lang.Object, int, java.lang.Object, int, int)'> (0x00000000d61dbf88) 
thrown [s\src\hotspot\share\interpreter\linkResolver.cpp, line 773]
Event: 28.564 Thread 0x0000019af2af0530 Exception <a 'java/lang/NoSuchMethodError'{0x00000000d5aa5c68}: 'int java.lang.invoke.DirectMethodHandle$Holder.invokeSpecialIFC(java.lang.Object, java.lang.Object, java.lang.Object)'> (0x00000000d5aa5c68) 
thrown [s\src\hotspot\share\interpreter\linkResolver.cpp, line 773]
Event: 28.591 Thread 0x0000019af2af0530 Implicit null exception at 0x0000019add6c8dc6 to 0x0000019add6c8e12
Event: 29.256 Thread 0x0000019af05906d0 Exception <a 'java/lang/NoSuchMethodError'{0x00000000d6058588}: 'void java.lang.invoke.DirectMethodHandle$Holder.invokeStatic(java.lang.Object, int, java.lang.Object)'> (0x00000000d6058588) 
thrown [s\src\hotspot\share\interpreter\linkResolver.cpp, line 773]
Event: 29.289 Thread 0x0000019af2af0530 Exception <a 'java/lang/NoSuchMethodError'{0x00000000d5d6aac8}: 'java.lang.Object java.lang.invoke.DirectMethodHandle$Holder.newInvokeSpecial(java.lang.Object, java.lang.Object, int, int, java.lang.Object)'> (0x00000000d5d6aac8) 
thrown [s\src\hotspot\share\interpreter\linkResolver.cpp, line 773]
Event: 29.362 Thread 0x0000019af05906d0 Implicit null exception at 0x0000019add72b6c7 to 0x0000019add72bd80
Event: 30.487 Thread 0x0000019af05906d0 Exception <a 'java/lang/NoSuchMethodError'{0x00000000d66dc570}: 'java.lang.Object java.lang.invoke.DirectMethodHandle$Holder.invokeStatic(java.lang.Object, java.lang.Object, int, java.lang.Object, java.lang.Object)'> (0x00000000d66dc570) 
thrown [s\src\hotspot\share\interpreter\linkResolver.cpp, line 773]
Event: 32.874 Thread 0x0000019af05906d0 Exception <a 'java/lang/NoSuchMethodError'{0x00000000d5edfd08}: 'java.lang.Object java.lang.invoke.DirectMethodHandle$Holder.invokeStatic(java.lang.Object, java.lang.Object, int, java.lang.Object)'> (0x00000000d5edfd08) 
thrown [s\src\hotspot\share\interpreter\linkResolver.cpp, line 773]
Event: 32.875 Thread 0x0000019af05906d0 Exception <a 'java/lang/NoSuchMethodError'{0x00000000d5ee6758}: 'java.lang.Object java.lang.invoke.DirectMethodHandle$Holder.newInvokeSpecial(java.lang.Object, java.lang.Object, int)'> (0x00000000d5ee6758) 
thrown [s\src\hotspot\share\interpreter\linkResolver.cpp, line 773]

ZGC Phase Switch (0 events):
No events

VM Operations (20 events):
Event: 31.501 Executing VM operation: Cleanup done
Event: 31.566 Executing VM operation: ParallelGCFailedAllocation (Allocation Failure)
Event: 31.569 Executing VM operation: ParallelGCFailedAllocation (Allocation Failure) done
Event: 32.582 Executing VM operation: Cleanup
Event: 32.817 Executing VM operation: Cleanup done
Event: 32.907 Executing VM operation: ICBufferFull
Event: 32.907 Executing VM operation: ICBufferFull done
Event: 32.946 Executing VM operation: HandshakeAllThreads (Deoptimize)
Event: 32.947 Executing VM operation: HandshakeAllThreads (Deoptimize) done
Event: 32.950 Executing VM operation: HandshakeAllThreads (Deoptimize)
Event: 32.950 Executing VM operation: HandshakeAllThreads (Deoptimize) done
Event: 32.961 Executing VM operation: HandshakeAllThreads (Deoptimize)
Event: 32.961 Executing VM operation: HandshakeAllThreads (Deoptimize) done
Event: 32.985 Executing VM operation: HandshakeAllThreads (Deoptimize)
Event: 32.986 Executing VM operation: HandshakeAllThreads (Deoptimize) done
Event: 33.005 Executing VM operation: CollectForMetadataAllocation (Metadata GC Threshold)
Event: 33.071 Executing VM operation: CollectForMetadataAllocation (Metadata GC Threshold) done
Event: 33.130 Executing VM operation: HandshakeAllThreads (Deoptimize)
Event: 33.130 Executing VM operation: HandshakeAllThreads (Deoptimize) done
Event: 34.138 Executing VM operation: Cleanup

Memory protections (0 events):
No events

Nmethod flushes (20 events):
Event: 33.032 Thread 0x0000019ad25a40b0 flushing  nmethod 0x0000019ad60f3b90
Event: 33.032 Thread 0x0000019ad25a40b0 flushing  nmethod 0x0000019ad60feb10
Event: 33.032 Thread 0x0000019ad25a40b0 flushing  nmethod 0x0000019ad60ff110
Event: 33.032 Thread 0x0000019ad25a40b0 flushing  nmethod 0x0000019ad60ffa90
Event: 33.032 Thread 0x0000019ad25a40b0 flushing  nmethod 0x0000019ad6100590
Event: 33.032 Thread 0x0000019ad25a40b0 flushing osr nmethod 0x0000019ad6105f10
Event: 33.032 Thread 0x0000019ad25a40b0 flushing  nmethod 0x0000019ad6114f10
Event: 33.032 Thread 0x0000019ad25a40b0 flushing  nmethod 0x0000019ad614c490
Event: 33.032 Thread 0x0000019ad25a40b0 flushing  nmethod 0x0000019ad614fc10
Event: 33.032 Thread 0x0000019ad25a40b0 flushing  nmethod 0x0000019ad6150090
Event: 33.032 Thread 0x0000019ad25a40b0 flushing  nmethod 0x0000019ad6151190
Event: 33.032 Thread 0x0000019ad25a40b0 flushing  nmethod 0x0000019ad6151790
Event: 33.032 Thread 0x0000019ad25a40b0 flushing  nmethod 0x0000019ad6154c90
Event: 33.032 Thread 0x0000019ad25a40b0 flushing  nmethod 0x0000019ad6155790
Event: 33.032 Thread 0x0000019ad25a40b0 flushing  nmethod 0x0000019ad6156110
Event: 33.032 Thread 0x0000019ad25a40b0 flushing  nmethod 0x0000019ad6159f90
Event: 33.032 Thread 0x0000019ad25a40b0 flushing  nmethod 0x0000019ad6173590
Event: 33.032 Thread 0x0000019ad25a40b0 flushing  nmethod 0x0000019ad6173b10
Event: 33.032 Thread 0x0000019ad25a40b0 flushing  nmethod 0x0000019ad6174210
Event: 33.032 Thread 0x0000019ad25a40b0 flushing  nmethod 0x0000019ad61cb110

Events (20 events):
Event: 26.355 Thread 0x0000019af2af0530 Thread added: 0x0000019af2d3fed0
Event: 26.355 Thread 0x0000019af2af0530 Thread added: 0x0000019af2d40560
Event: 26.355 Thread 0x0000019af2d3f840 Thread added: 0x0000019af2d40bf0
Event: 26.355 Thread 0x0000019af2d40560 Thread added: 0x0000019af0590d60
Event: 26.355 Thread 0x0000019af2d3fed0 Thread added: 0x0000019af0590040
Event: 26.355 Thread 0x0000019af0590d60 Thread added: 0x0000019af058df70
Event: 26.355 Thread 0x0000019af2af0530 Thread added: 0x0000019af058f9b0
Event: 26.355 Thread 0x0000019af2af0530 Thread added: 0x0000019af058e600
Event: 28.738 Thread 0x0000019aef676df0 Thread exited: 0x0000019aef676df0
Event: 29.196 Thread 0x0000019af2af0530 Thread added: 0x0000019af05906d0
Event: 29.290 Thread 0x0000019af2af0530 Thread added: 0x0000019af058ec90
Event: 29.327 Thread 0x0000019af2af0530 Thread added: 0x0000019af058f320
Event: 29.333 Thread 0x0000019af2af0530 Thread added: 0x0000019af05941e0
Event: 29.353 Thread 0x0000019af2af0530 Thread added: 0x0000019af0594f00
Event: 31.749 Thread 0x0000019af2af0530 Thread added: 0x0000019af0594870
Event: 31.757 Thread 0x0000019af2af0530 Thread added: 0x0000019af05927a0
Event: 31.763 Thread 0x0000019af2af0530 Thread added: 0x0000019af05934c0
Event: 32.822 Thread 0x0000019af2af0530 Thread added: 0x0000019af0593b50
Event: 32.844 Thread 0x0000019af2af0530 Thread added: 0x0000019aef676df0
Event: 32.885 Thread 0x0000019af2af0530 Thread added: 0x0000019ac6023f90


Dynamic libraries:
0x00007ff7ca240000 - 0x00007ff7ca24e000 	c:\Users\nguye\.vscode\extensions\redhat.java-1.45.0-win32-x64\jre\21.0.8-win32-x86_64\bin\java.exe
0x00007ffd714a0000 - 0x00007ffd71703000 	C:\WINDOWS\SYSTEM32\ntdll.dll
0x00007ffd704b0000 - 0x00007ffd70577000 	C:\WINDOWS\System32\KERNEL32.DLL
0x00007ffd6e8b0000 - 0x00007ffd6ec51000 	C:\WINDOWS\System32\KERNELBASE.dll
0x00007ffd6f1d0000 - 0x00007ffd6f31b000 	C:\WINDOWS\System32\ucrtbase.dll
0x00007ffd13500000 - 0x00007ffd1351e000 	c:\Users\nguye\.vscode\extensions\redhat.java-1.45.0-win32-x64\jre\21.0.8-win32-x86_64\bin\VCRUNTIME140.dll
0x00007ffd45e60000 - 0x00007ffd45e78000 	c:\Users\nguye\.vscode\extensions\redhat.java-1.45.0-win32-x64\jre\21.0.8-win32-x86_64\bin\jli.dll
0x00007ffd6f360000 - 0x00007ffd6f523000 	C:\WINDOWS\System32\USER32.dll
0x00007ffd6ec60000 - 0x00007ffd6ec87000 	C:\WINDOWS\System32\win32u.dll
0x00007ffd6f930000 - 0x00007ffd6f95a000 	C:\WINDOWS\System32\GDI32.dll
0x00007ffd6f0a0000 - 0x00007ffd6f1c1000 	C:\WINDOWS\System32\gdi32full.dll
0x00007ffd5dad0000 - 0x00007ffd5dd60000 	C:\WINDOWS\WinSxS\amd64_microsoft.windows.common-controls_6595b64144ccf1df_6.0.26100.1591_none_3e0fac18e32dc903\COMCTL32.dll
0x00007ffd6ed10000 - 0x00007ffd6edb3000 	C:\WINDOWS\System32\msvcp_win.dll
0x00007ffd6f530000 - 0x00007ffd6f5d9000 	C:\WINDOWS\System32\msvcrt.dll
0x00007ffd6f320000 - 0x00007ffd6f34f000 	C:\WINDOWS\System32\IMM32.DLL
0x00007ffd58c70000 - 0x00007ffd58c7c000 	c:\Users\nguye\.vscode\extensions\redhat.java-1.45.0-win32-x64\jre\21.0.8-win32-x86_64\bin\vcruntime140_1.dll
0x00007ffd0d3b0000 - 0x00007ffd0d43d000 	c:\Users\nguye\.vscode\extensions\redhat.java-1.45.0-win32-x64\jre\21.0.8-win32-x86_64\bin\msvcp140.dll
0x00007ffd0c610000 - 0x00007ffd0d3a7000 	c:\Users\nguye\.vscode\extensions\redhat.java-1.45.0-win32-x64\jre\21.0.8-win32-x86_64\bin\server\jvm.dll
0x00007ffd703f0000 - 0x00007ffd704a2000 	C:\WINDOWS\System32\ADVAPI32.dll
0x00007ffd712d0000 - 0x00007ffd71377000 	C:\WINDOWS\System32\sechost.dll
0x00007ffd706e0000 - 0x00007ffd707f6000 	C:\WINDOWS\System32\RPCRT4.dll
0x00007ffd708e0000 - 0x00007ffd70954000 	C:\WINDOWS\System32\WS2_32.dll
0x00007ffd6e770000 - 0x00007ffd6e7be000 	C:\WINDOWS\SYSTEM32\POWRPROF.dll
0x00007ffd60480000 - 0x00007ffd604b6000 	C:\WINDOWS\SYSTEM32\WINMM.dll
0x00007ffd66a10000 - 0x00007ffd66a1b000 	C:\WINDOWS\SYSTEM32\VERSION.dll
0x00007ffd6e730000 - 0x00007ffd6e744000 	C:\WINDOWS\SYSTEM32\UMPDC.dll
0x00007ffd6d6d0000 - 0x00007ffd6d6ea000 	C:\WINDOWS\SYSTEM32\kernel.appcore.dll
0x00007ffd49ba0000 - 0x00007ffd49baa000 	c:\Users\nguye\.vscode\extensions\redhat.java-1.45.0-win32-x64\jre\21.0.8-win32-x86_64\bin\jimage.dll
0x00007ffd65c60000 - 0x00007ffd65ea1000 	C:\WINDOWS\SYSTEM32\DBGHELP.DLL
0x00007ffd70ab0000 - 0x00007ffd70e2c000 	C:\WINDOWS\System32\combase.dll
0x00007ffd71380000 - 0x00007ffd71456000 	C:\WINDOWS\System32\OLEAUT32.dll
0x00007ffd5cf50000 - 0x00007ffd5cf89000 	C:\WINDOWS\SYSTEM32\dbgcore.DLL
0x00007ffd6edc0000 - 0x00007ffd6ee59000 	C:\WINDOWS\System32\bcryptPrimitives.dll
0x00007ffd48cf0000 - 0x00007ffd48cff000 	c:\Users\nguye\.vscode\extensions\redhat.java-1.45.0-win32-x64\jre\21.0.8-win32-x86_64\bin\instrument.dll
0x00007ffd0c5f0000 - 0x00007ffd0c60f000 	c:\Users\nguye\.vscode\extensions\redhat.java-1.45.0-win32-x64\jre\21.0.8-win32-x86_64\bin\java.dll
0x00007ffd6fa70000 - 0x00007ffd70166000 	C:\WINDOWS\System32\SHELL32.dll
0x00007ffd6c640000 - 0x00007ffd6ce6a000 	C:\WINDOWS\SYSTEM32\windows.storage.dll
0x00007ffd6f990000 - 0x00007ffd6fa63000 	C:\WINDOWS\System32\SHCORE.dll
0x00007ffd70880000 - 0x00007ffd708dd000 	C:\WINDOWS\System32\shlwapi.dll
0x00007ffd6e7d0000 - 0x00007ffd6e7f9000 	C:\WINDOWS\SYSTEM32\profapi.dll
0x00007ffd0c5d0000 - 0x00007ffd0c5e8000 	c:\Users\nguye\.vscode\extensions\redhat.java-1.45.0-win32-x64\jre\21.0.8-win32-x86_64\bin\zip.dll
0x00007ffd49760000 - 0x00007ffd49770000 	C:\Users\nguye\.vscode\extensions\redhat.java-1.45.0-win32-x64\jre\21.0.8-win32-x86_64\bin\net.dll
0x00007ffd695f0000 - 0x00007ffd69716000 	C:\WINDOWS\SYSTEM32\WINHTTP.dll
0x00007ffd6dbb0000 - 0x00007ffd6dc18000 	C:\WINDOWS\system32\mswsock.dll
0x00007ffd0c5b0000 - 0x00007ffd0c5c6000 	C:\Users\nguye\.vscode\extensions\redhat.java-1.45.0-win32-x64\jre\21.0.8-win32-x86_64\bin\nio.dll
0x00007ffd48790000 - 0x00007ffd487a0000 	c:\Users\nguye\.vscode\extensions\redhat.java-1.45.0-win32-x64\jre\21.0.8-win32-x86_64\bin\verify.dll
0x00007ffd135a0000 - 0x00007ffd135e4000 	C:\Users\nguye\AppData\Roaming\Code\User\globalStorage\redhat.java\1.45.0\config_win\org.eclipse.equinox.launcher\org.eclipse.equinox.launcher.win32.win32.x86_64_1.2.1400.v20250801-0854\eclipse_11916.dll
0x00007ffd70170000 - 0x00007ffd70309000 	C:\WINDOWS\System32\ole32.dll
0x00007ffd6df70000 - 0x00007ffd6df8c000 	C:\WINDOWS\SYSTEM32\CRYPTSP.dll
0x00007ffd6d630000 - 0x00007ffd6d668000 	C:\WINDOWS\system32\rsaenh.dll
0x00007ffd6dc50000 - 0x00007ffd6dc7b000 	C:\WINDOWS\SYSTEM32\USERENV.dll
0x00007ffd6e100000 - 0x00007ffd6e126000 	C:\WINDOWS\SYSTEM32\bcrypt.dll
0x00007ffd6dde0000 - 0x00007ffd6ddec000 	C:\WINDOWS\SYSTEM32\CRYPTBASE.dll
0x00007ffd6d140000 - 0x00007ffd6d172000 	C:\WINDOWS\SYSTEM32\IPHLPAPI.DLL
0x00007ffd70360000 - 0x00007ffd7036a000 	C:\WINDOWS\System32\NSI.dll
0x00007ffd44d10000 - 0x00007ffd44d59000 	C:\Users\nguye\AppData\Local\Temp\jna-104772072\jna13940102680556729054.dll
0x00007ffd70e30000 - 0x00007ffd70e38000 	C:\WINDOWS\System32\PSAPI.DLL
0x00007ffd69580000 - 0x00007ffd6959f000 	C:\WINDOWS\SYSTEM32\dhcpcsvc6.DLL
0x00007ffd69550000 - 0x00007ffd69575000 	C:\WINDOWS\SYSTEM32\dhcpcsvc.DLL

JVMTI agents:
c:\Users\nguye\.vscode\extensions\redhat.java-1.45.0-win32-x64\lombok\lombok-1.18.39-4050.jar path:c:\Users\nguye\.vscode\extensions\redhat.java-1.45.0-win32-x64\jre\21.0.8-win32-x86_64\bin\instrument.dll, loaded, initialized, instrumentlib options:none

dbghelp: loaded successfully - version: 4.0.5 - missing functions: none
symbol engine: initialized successfully - sym options: 0x614 - pdb path: .;c:\Users\nguye\.vscode\extensions\redhat.java-1.45.0-win32-x64\jre\21.0.8-win32-x86_64\bin;C:\WINDOWS\SYSTEM32;C:\WINDOWS\WinSxS\amd64_microsoft.windows.common-controls_6595b64144ccf1df_6.0.26100.1591_none_3e0fac18e32dc903;c:\Users\nguye\.vscode\extensions\redhat.java-1.45.0-win32-x64\jre\21.0.8-win32-x86_64\bin\server;C:\Users\nguye\AppData\Roaming\Code\User\globalStorage\redhat.java\1.45.0\config_win\org.eclipse.equinox.launcher\org.eclipse.equinox.launcher.win32.win32.x86_64_1.2.1400.v20250801-0854;C:\Users\nguye\AppData\Local\Temp\jna-104772072

VM Arguments:
jvm_args: --add-modules=ALL-SYSTEM --add-opens=java.base/java.util=ALL-UNNAMED --add-opens=java.base/java.lang=ALL-UNNAMED --add-opens=java.base/sun.nio.fs=ALL-UNNAMED -Declipse.application=org.eclipse.jdt.ls.core.id1 -Dosgi.bundles.defaultStartLevel=4 -Declipse.product=org.eclipse.jdt.ls.core.product -Djava.import.generatesMetadataFilesAtProjectRoot=false -DDetectVMInstallationsJob.disabled=true -Dfile.encoding=utf8 -XX:+UseParallelGC -XX:GCTimeRatio=4 -XX:AdaptiveSizePolicyWeight=90 -Dsun.zip.disableMemoryMapping=true -Xmx2G -Xms100m -Xlog:disable -javaagent:c:\Users\nguye\.vscode\extensions\redhat.java-1.45.0-win32-x64\lombok\lombok-1.18.39-4050.jar -XX:+HeapDumpOnOutOfMemoryError -XX:HeapDumpPath=c:\Users\nguye\AppData\Roaming\Code\User\workspaceStorage\11c61106e31d4dec7f53613e41bec7bf\redhat.java -Daether.dependencyCollector.impl=bf 
java_command: c:\Users\nguye\.vscode\extensions\redhat.java-1.45.0-win32-x64\server\plugins\org.eclipse.equinox.launcher_1.7.0.v20250519-0528.jar -configuration c:\Users\nguye\AppData\Roaming\Code\User\globalStorage\redhat.java\1.45.0\config_win -data c:\Users\nguye\AppData\Roaming\Code\User\workspaceStorage\11c61106e31d4dec7f53613e41bec7bf\redhat.java\jdt_ws --pipe=\\.\pipe\lsp-1ffdade9f26d86539889489ace2cae4f-sock
java_class_path (initial): c:\Users\nguye\.vscode\extensions\redhat.java-1.45.0-win32-x64\server\plugins\org.eclipse.equinox.launcher_1.7.0.v20250519-0528.jar
Launcher Type: SUN_STANDARD

[Global flags]
    uintx AdaptiveSizePolicyWeight                 = 90                                        {product} {command line}
     intx CICompilerCount                          = 4                                         {product} {ergonomic}
    uintx GCTimeRatio                              = 4                                         {product} {command line}
     bool HeapDumpOnOutOfMemoryError               = true                                   {manageable} {command line}
    ccstr HeapDumpPath                             = c:\Users\nguye\AppData\Roaming\Code\User\workspaceStorage\11c61106e31d4dec7f53613e41bec7bf\redhat.java         {manageable} {command line}
   size_t InitialHeapSize                          = 104857600                                 {product} {command line}
   size_t MaxHeapSize                              = 2147483648                                {product} {command line}
   size_t MaxNewSize                               = 715653120                                 {product} {ergonomic}
   size_t MinHeapDeltaBytes                        = 524288                                    {product} {ergonomic}
   size_t MinHeapSize                              = 104857600                                 {product} {command line}
   size_t NewSize                                  = 34603008                                  {product} {ergonomic}
    uintx NonNMethodCodeHeapSize                   = 5839372                                {pd product} {ergonomic}
    uintx NonProfiledCodeHeapSize                  = 122909434                              {pd product} {ergonomic}
   size_t OldSize                                  = 70254592                                  {product} {ergonomic}
    uintx ProfiledCodeHeapSize                     = 122909434                              {pd product} {ergonomic}
    uintx ReservedCodeCacheSize                    = 251658240                              {pd product} {ergonomic}
     bool SegmentedCodeCache                       = true                                      {product} {ergonomic}
   size_t SoftMaxHeapSize                          = 2147483648                             {manageable} {ergonomic}
     bool UseCompressedOops                        = true                           {product lp64_product} {ergonomic}
     bool UseLargePagesIndividualAllocation        = false                                  {pd product} {ergonomic}
     bool UseParallelGC                            = true                                      {product} {command line}

Logging:
Log output configuration:
 #0: stdout all=off uptime,level,tags foldmultilines=false
 #1: stderr all=off uptime,level,tags foldmultilines=false

Environment Variables:
PATH=C:\Program Files\Common Files\Oracle\Java\javapath;C:\Python313\Scripts\;C:\Python313\;C:\xampp\php;C:\Program Files\Python312\Scripts\;C:\Program Files\Python312\;C:\Windows\system32;C:\Windows;C:\Windows\System32\Wbem;C:\Windows\System32\WindowsPowerShell\v1.0\;C:\Windows\System32\OpenSSH\;C:\Program Files (x86)\NVIDIA Corporation\PhysX\Common;C:\Program Files\NVIDIA Corporation\NVIDIA NvDLISR;C:\WINDOWS\system32;C:\WINDOWS;C:\WINDOWS\System32\Wbem;C:\WINDOWS\System32\WindowsPowerShell\v1.0\;C:\WINDOWS\System32\OpenSSH\;C:\MinGW\bin;C:\Program Files\Git\cmd;C:\Program Files (x86)\Microsoft SQL Server\160\Tools\Binn\;C:\Program Files\Microsoft SQL Server\160\Tools\Binn\;C:\Program Files\Microsoft SQL Server\Client SDK\ODBC\170\Tools\Binn\;C:\Program Files\Microsoft SQL Server\160\DTS\Binn\;C:\Program Files (x86)\Microsoft SQL Server\160\DTS\Binn\;C:\Program Files\Microsoft SQL Server\150\Tools\Binn\;C:\Program Files\Java\apache-maven-3.6.0\bin;C:\Program Files\Docker\Docker\resources\bin;C:\Gradle\bin;C:\ProgramData\chocolatey\bin;C:\Program Files\Java\jdk-17\bin;C:\Tools;C:\Program Files\nodejs\;C:\Program Files\MySQL\MySQL Shell 8.0\bin\;C:\Users\nguye\AppData\Local\Programs\Python\Launcher\;C:\Users\nguye\AppData\Local\Microsoft\WindowsApps;D:\Microsoft VS Code\bin;C:\Users\nguye\AppData\Roaming\Composer\vendor\bin;C:\Users\nguye\AppData\Local\Programs\cursor\resources\app\bin;C:\dart-sdk\bin;C:\flutter\bin;C:\Program Files\Java\jdk-17\bin;C:\Tools;C:\Users\nguye\AppData\Roaming\npm
USERNAME=nguye
OS=Windows_NT
PROCESSOR_IDENTIFIER=AMD64 Family 25 Model 80 Stepping 0, AuthenticAMD
TMP=C:\Users\nguye\AppData\Local\Temp
TEMP=C:\Users\nguye\AppData\Local\Temp




Periodic native trim disabled

---------------  S Y S T E M  ---------------

OS:
 Windows 11 , 64 bit Build 26100 (10.0.26100.1591)
OS uptime: 0 days 7:58 hours
Hyper-V role detected

CPU: total 12 (initial active 12) (12 cores per cpu, 2 threads per core) family 25 model 80 stepping 0 microcode 0xa50000c, cx8, cmov, fxsr, ht, mmx, 3dnowpref, sse, sse2, sse3, ssse3, sse4a, sse4.1, sse4.2, popcnt, lzcnt, tsc, tscinvbit, avx, avx2, aes, erms, clmul, bmi1, bmi2, adx, sha, fma, vzeroupper, clflush, clflushopt, hv, rdtscp, rdpid, fsrm, f16c, cet_ss
Processor Information for processor 0
  Max Mhz: 3301, Current Mhz: 3301, Mhz Limit: 3301
Processor Information for processor 1
  Max Mhz: 3301, Current Mhz: 3301, Mhz Limit: 3301
Processor Information for processor 2
  Max Mhz: 3301, Current Mhz: 3301, Mhz Limit: 3301
Processor Information for processor 3
  Max Mhz: 3301, Current Mhz: 3301, Mhz Limit: 3301
Processor Information for processor 4
  Max Mhz: 3301, Current Mhz: 3301, Mhz Limit: 3301
Processor Information for processor 5
  Max Mhz: 3301, Current Mhz: 3301, Mhz Limit: 3301
Processor Information for processor 6
  Max Mhz: 3301, Current Mhz: 3301, Mhz Limit: 3301
Processor Information for processor 7
  Max Mhz: 3301, Current Mhz: 3301, Mhz Limit: 3301
Processor Information for processor 8
  Max Mhz: 3301, Current Mhz: 2011, Mhz Limit: 3301
Processor Information for processor 9
  Max Mhz: 3301, Current Mhz: 3301, Mhz Limit: 3301
Processor Information for processor 10
  Max Mhz: 3301, Current Mhz: 3301, Mhz Limit: 3301
Processor Information for processor 11
  Max Mhz: 3301, Current Mhz: 3301, Mhz Limit: 3301

Memory: 4k page, system-wide physical 23916M (8841M free)
TotalPageFile size 23916M (AvailPageFile size 24M)
current process WorkingSet (physical memory assigned to process): 461M, peak: 465M
current process commit charge ("private bytes"): 553M, peak: 560M

vm_info: OpenJDK 64-Bit Server VM (21.0.8+9-LTS) for windows-amd64 JRE (21.0.8+9-LTS), built on 2025-07-15T00:00:00Z by "admin" with MS VC++ 17.7 (VS2022)

END.
